-- Found ament_cmake: 1.3.11 (/opt/ros/humble/share/ament_cmake/cmake)
-- Found rclcpp: 16.0.12 (/opt/ros/humble/share/rclcpp/cmake)
-- Found rosidl_generator_c: 3.1.6 (/opt/ros/humble/share/rosidl_generator_c/cmake)
-- Found rosidl_adapter: 3.1.6 (/opt/ros/humble/share/rosidl_adapter/cmake)
-- Found rosidl_generator_cpp: 3.1.6 (/opt/ros/humble/share/rosidl_generator_cpp/cmake)
-- Using all available rosidl_typesupport_c: rosidl_typesupport_fastrtps_c;rosidl_typesupport_introspection_c
-- Using all available rosidl_typesupport_cpp: rosidl_typesupport_fastrtps_cpp;rosidl_typesupport_introspection_cpp
-- Found rmw_implementation_cmake: 6.1.2 (/opt/ros/humble/share/rmw_implementation_cmake/cmake)
-- Found rmw_fastrtps_cpp: 6.2.7 (/opt/ros/humble/share/rmw_fastrtps_cpp/cmake)
-- Using RMW implementation 'rmw_fastrtps_cpp' as default
-- Found ament_lint_auto: 0.12.12 (/opt/ros/humble/share/ament_lint_auto/cmake)
-- Added test 'cppcheck' to perform static code analysis on C / C++ code
-- Configured cppcheck include dirs: 
-- Configured cppcheck exclude dirs and/or files: 
-- Added test 'lint_cmake' to check CMake code style
-- Added test 'uncrustify' to check C / C++ code style
-- Configured uncrustify additional arguments: 
-- Added test 'xmllint' to check XML markup files
-- Configuring done
-- Generating done
-- Build files have been written to: /home/uadmin/learning/learn3/learn3_ws/build/demo_cpp_nodes
[35m[1mConsolidate compiler generated dependencies of target cpp_node[0m
[ 25%] [32mBuilding CXX object CMakeFiles/motor_node.dir/src/motor_node.cpp.o[0m
[ 75%] Built target cpp_node
[01m[K/home/uadmin/learning/learn3/learn3_ws/src/demo_cpp_nodes/src/motor_node.cpp:[m[K In member function ‘[01m[Kvoid MotorNode::torque_set(float)[m[K’:
[01m[K/home/uadmin/learning/learn3/learn3_ws/src/demo_cpp_nodes/src/motor_node.cpp:18:34:[m[K [01;35m[Kwarning: [m[Kunused parameter ‘[01m[Ktorque[m[K’ [[01;35m[K]8;;https://gcc.gnu.org/onlinedocs/gcc/Warning-Options.html#index-Wunused-parameter-Wunused-parameter]8;;[m[K]
   18 | void MotorNode::torque_set([01;35m[Kfloat torque[m[K)
      |                            [01;35m[K~~~~~~^~~~~~[m[K
[100%] [32m[1mLinking CXX executable motor_node[0m
[100%] Built target motor_node
-- Install configuration: ""
-- Up-to-date: /home/uadmin/learning/learn3/learn3_ws/install/demo_cpp_nodes/lib/demo_cpp_nodes/cpp_node
-- Installing: /home/uadmin/learning/learn3/learn3_ws/install/demo_cpp_nodes/lib/demo_cpp_nodes/motor_node
-- Set runtime path of "/home/uadmin/learning/learn3/learn3_ws/install/demo_cpp_nodes/lib/demo_cpp_nodes/motor_node" to ""
-- Up-to-date: /home/uadmin/learning/learn3/learn3_ws/install/demo_cpp_nodes/share/ament_index/resource_index/package_run_dependencies/demo_cpp_nodes
-- Installing: /home/uadmin/learning/learn3/learn3_ws/install/demo_cpp_nodes/share/ament_index/resource_index/parent_prefix_path/demo_cpp_nodes
-- Up-to-date: /home/uadmin/learning/learn3/learn3_ws/install/demo_cpp_nodes/share/demo_cpp_nodes/environment/ament_prefix_path.sh
-- Installing: /home/uadmin/learning/learn3/learn3_ws/install/demo_cpp_nodes/share/demo_cpp_nodes/environment/ament_prefix_path.dsv
-- Up-to-date: /home/uadmin/learning/learn3/learn3_ws/install/demo_cpp_nodes/share/demo_cpp_nodes/environment/path.sh
-- Installing: /home/uadmin/learning/learn3/learn3_ws/install/demo_cpp_nodes/share/demo_cpp_nodes/environment/path.dsv
-- Up-to-date: /home/uadmin/learning/learn3/learn3_ws/install/demo_cpp_nodes/share/demo_cpp_nodes/local_setup.bash
-- Up-to-date: /home/uadmin/learning/learn3/learn3_ws/install/demo_cpp_nodes/share/demo_cpp_nodes/local_setup.sh
-- Up-to-date: /home/uadmin/learning/learn3/learn3_ws/install/demo_cpp_nodes/share/demo_cpp_nodes/local_setup.zsh
-- Installing: /home/uadmin/learning/learn3/learn3_ws/install/demo_cpp_nodes/share/demo_cpp_nodes/local_setup.dsv
-- Installing: /home/uadmin/learning/learn3/learn3_ws/install/demo_cpp_nodes/share/demo_cpp_nodes/package.dsv
-- Up-to-date: /home/uadmin/learning/learn3/learn3_ws/install/demo_cpp_nodes/share/ament_index/resource_index/packages/demo_cpp_nodes
-- Up-to-date: /home/uadmin/learning/learn3/learn3_ws/install/demo_cpp_nodes/share/demo_cpp_nodes/cmake/demo_cpp_nodesConfig.cmake
-- Up-to-date: /home/uadmin/learning/learn3/learn3_ws/install/demo_cpp_nodes/share/demo_cpp_nodes/cmake/demo_cpp_nodesConfig-version.cmake
-- Up-to-date: /home/uadmin/learning/learn3/learn3_ws/install/demo_cpp_nodes/share/demo_cpp_nodes/package.xml
