[0.086s] DEBUG:colcon:Command line arguments: ['/usr/bin/colcon', 'build']
[0.086s] DEBUG:colcon:Parsed command line arguments: Namespace(log_base=None, log_level=None, verb_name='build', build_base='build', install_base='install', merge_install=False, symlink_install=False, test_result_base=None, continue_on_error=False, executor='parallel', parallel_workers=2, event_handlers=None, ignore_user_meta=False, metas=['./colcon.meta'], base_paths=['.'], packages_ignore=None, packages_ignore_regex=None, paths=None, packages_up_to=None, packages_up_to_regex=None, packages_above=None, packages_above_and_dependencies=None, packages_above_depth=None, packages_select_by_dep=None, packages_skip_by_dep=None, packages_skip_up_to=None, packages_select_build_failed=False, packages_skip_build_finished=False, packages_select_test_failures=False, packages_skip_test_passed=False, packages_select=None, packages_skip=None, packages_select_regex=None, packages_skip_regex=None, packages_start=None, packages_end=None, allow_overriding=[], cmake_args=None, cmake_target=None, cmake_target_skip_unavailable=False, cmake_clean_cache=False, cmake_clean_first=False, cmake_force_configure=False, ament_cmake_args=None, catkin_cmake_args=None, catkin_skip_building_tests=False, verb_parser=<colcon_defaults.argument_parser.defaults.DefaultArgumentsDecorator object at 0x771b7c52bcd0>, verb_extension=<colcon_core.verb.build.BuildVerb object at 0x771b7c52b730>, main=<bound method BuildVerb.main of <colcon_core.verb.build.BuildVerb object at 0x771b7c52b730>>)
[0.204s] Level 1:colcon.colcon_core.package_discovery:discover_packages(colcon_meta) check parameters
[0.204s] Level 1:colcon.colcon_core.package_discovery:discover_packages(recursive) check parameters
[0.204s] Level 1:colcon.colcon_core.package_discovery:discover_packages(ignore) check parameters
[0.204s] Level 1:colcon.colcon_core.package_discovery:discover_packages(path) check parameters
[0.204s] Level 1:colcon.colcon_core.package_discovery:discover_packages(colcon_meta) discover
[0.204s] Level 1:colcon.colcon_core.package_discovery:discover_packages(recursive) discover
[0.204s] INFO:colcon.colcon_core.package_discovery:Crawling recursively for packages in '/home/uadmin/learning/learn5/learn5_ws'
[0.204s] Level 1:colcon.colcon_core.package_identification:_identify(.) by extensions ['ignore', 'ignore_ament_install']
[0.204s] Level 1:colcon.colcon_core.package_identification:_identify(.) by extension 'ignore'
[0.204s] Level 1:colcon.colcon_core.package_identification:_identify(.) by extension 'ignore_ament_install'
[0.204s] Level 1:colcon.colcon_core.package_identification:_identify(.) by extensions ['colcon_pkg']
[0.204s] Level 1:colcon.colcon_core.package_identification:_identify(.) by extension 'colcon_pkg'
[0.204s] Level 1:colcon.colcon_core.package_identification:_identify(.) by extensions ['colcon_meta']
[0.205s] Level 1:colcon.colcon_core.package_identification:_identify(.) by extension 'colcon_meta'
[0.205s] Level 1:colcon.colcon_core.package_identification:_identify(.) by extensions ['ros']
[0.205s] Level 1:colcon.colcon_core.package_identification:_identify(.) by extension 'ros'
[0.213s] Level 1:colcon.colcon_core.package_identification:_identify(.) by extensions ['cmake', 'python']
[0.213s] Level 1:colcon.colcon_core.package_identification:_identify(.) by extension 'cmake'
[0.213s] Level 1:colcon.colcon_core.package_identification:_identify(.) by extension 'python'
[0.213s] Level 1:colcon.colcon_core.package_identification:_identify(.) by extensions ['python_setup_py']
[0.213s] Level 1:colcon.colcon_core.package_identification:_identify(.) by extension 'python_setup_py'
[0.213s] Level 1:colcon.colcon_core.package_identification:_identify(build) by extensions ['ignore', 'ignore_ament_install']
[0.213s] Level 1:colcon.colcon_core.package_identification:_identify(build) by extension 'ignore'
[0.213s] Level 1:colcon.colcon_core.package_identification:_identify(build) ignored
[0.213s] Level 1:colcon.colcon_core.package_identification:_identify(install) by extensions ['ignore', 'ignore_ament_install']
[0.213s] Level 1:colcon.colcon_core.package_identification:_identify(install) by extension 'ignore'
[0.213s] Level 1:colcon.colcon_core.package_identification:_identify(install) ignored
[0.213s] Level 1:colcon.colcon_core.package_identification:_identify(log) by extensions ['ignore', 'ignore_ament_install']
[0.213s] Level 1:colcon.colcon_core.package_identification:_identify(log) by extension 'ignore'
[0.213s] Level 1:colcon.colcon_core.package_identification:_identify(log) ignored
[0.214s] Level 1:colcon.colcon_core.package_identification:_identify(src) by extensions ['ignore', 'ignore_ament_install']
[0.214s] Level 1:colcon.colcon_core.package_identification:_identify(src) by extension 'ignore'
[0.214s] Level 1:colcon.colcon_core.package_identification:_identify(src) by extension 'ignore_ament_install'
[0.214s] Level 1:colcon.colcon_core.package_identification:_identify(src) by extensions ['colcon_pkg']
[0.214s] Level 1:colcon.colcon_core.package_identification:_identify(src) by extension 'colcon_pkg'
[0.214s] Level 1:colcon.colcon_core.package_identification:_identify(src) by extensions ['colcon_meta']
[0.214s] Level 1:colcon.colcon_core.package_identification:_identify(src) by extension 'colcon_meta'
[0.214s] Level 1:colcon.colcon_core.package_identification:_identify(src) by extensions ['ros']
[0.214s] Level 1:colcon.colcon_core.package_identification:_identify(src) by extension 'ros'
[0.214s] Level 1:colcon.colcon_core.package_identification:_identify(src) by extensions ['cmake', 'python']
[0.214s] Level 1:colcon.colcon_core.package_identification:_identify(src) by extension 'cmake'
[0.214s] Level 1:colcon.colcon_core.package_identification:_identify(src) by extension 'python'
[0.214s] Level 1:colcon.colcon_core.package_identification:_identify(src) by extensions ['python_setup_py']
[0.214s] Level 1:colcon.colcon_core.package_identification:_identify(src) by extension 'python_setup_py'
[0.214s] Level 1:colcon.colcon_core.package_identification:_identify(src/learn5_interface) by extensions ['ignore', 'ignore_ament_install']
[0.214s] Level 1:colcon.colcon_core.package_identification:_identify(src/learn5_interface) by extension 'ignore'
[0.214s] Level 1:colcon.colcon_core.package_identification:_identify(src/learn5_interface) by extension 'ignore_ament_install'
[0.214s] Level 1:colcon.colcon_core.package_identification:_identify(src/learn5_interface) by extensions ['colcon_pkg']
[0.214s] Level 1:colcon.colcon_core.package_identification:_identify(src/learn5_interface) by extension 'colcon_pkg'
[0.214s] Level 1:colcon.colcon_core.package_identification:_identify(src/learn5_interface) by extensions ['colcon_meta']
[0.214s] Level 1:colcon.colcon_core.package_identification:_identify(src/learn5_interface) by extension 'colcon_meta'
[0.214s] Level 1:colcon.colcon_core.package_identification:_identify(src/learn5_interface) by extensions ['ros']
[0.214s] Level 1:colcon.colcon_core.package_identification:_identify(src/learn5_interface) by extension 'ros'
[0.216s] DEBUG:colcon.colcon_core.package_identification:Package 'src/learn5_interface' with type 'ros.ament_cmake' and name 'learn5_interface'
[0.216s] Level 1:colcon.colcon_core.package_identification:_identify(src/learn5_service) by extensions ['ignore', 'ignore_ament_install']
[0.216s] Level 1:colcon.colcon_core.package_identification:_identify(src/learn5_service) by extension 'ignore'
[0.216s] Level 1:colcon.colcon_core.package_identification:_identify(src/learn5_service) by extension 'ignore_ament_install'
[0.216s] Level 1:colcon.colcon_core.package_identification:_identify(src/learn5_service) by extensions ['colcon_pkg']
[0.216s] Level 1:colcon.colcon_core.package_identification:_identify(src/learn5_service) by extension 'colcon_pkg'
[0.217s] Level 1:colcon.colcon_core.package_identification:_identify(src/learn5_service) by extensions ['colcon_meta']
[0.217s] Level 1:colcon.colcon_core.package_identification:_identify(src/learn5_service) by extension 'colcon_meta'
[0.217s] Level 1:colcon.colcon_core.package_identification:_identify(src/learn5_service) by extensions ['ros']
[0.217s] Level 1:colcon.colcon_core.package_identification:_identify(src/learn5_service) by extension 'ros'
[0.217s] DEBUG:colcon.colcon_core.package_identification:Package 'src/learn5_service' with type 'ros.ament_python' and name 'learn5_service'
[0.217s] Level 1:colcon.colcon_core.package_discovery:discover_packages(recursive) using defaults
[0.217s] Level 1:colcon.colcon_core.package_discovery:discover_packages(ignore) discover
[0.217s] Level 1:colcon.colcon_core.package_discovery:discover_packages(ignore) using defaults
[0.217s] Level 1:colcon.colcon_core.package_discovery:discover_packages(path) discover
[0.217s] Level 1:colcon.colcon_core.package_discovery:discover_packages(path) using defaults
[0.231s] Level 1:colcon.colcon_core.package_discovery:discover_packages(prefix_path) check parameters
[0.231s] Level 1:colcon.colcon_core.package_discovery:discover_packages(prefix_path) discover
[0.233s] DEBUG:colcon.colcon_installed_package_information.package_discovery:Found 2 installed packages in /home/uadmin/learning/learn5/learn5_ws/install
[0.234s] DEBUG:colcon.colcon_installed_package_information.package_discovery:Found 310 installed packages in /opt/ros/humble
[0.241s] Level 1:colcon.colcon_core.package_discovery:discover_packages(prefix_path) using defaults
[0.269s] Level 5:colcon.colcon_core.verb:set package 'learn5_interface' build argument 'cmake_args' from command line to 'None'
[0.270s] Level 5:colcon.colcon_core.verb:set package 'learn5_interface' build argument 'cmake_target' from command line to 'None'
[0.270s] Level 5:colcon.colcon_core.verb:set package 'learn5_interface' build argument 'cmake_target_skip_unavailable' from command line to 'False'
[0.270s] Level 5:colcon.colcon_core.verb:set package 'learn5_interface' build argument 'cmake_clean_cache' from command line to 'False'
[0.270s] Level 5:colcon.colcon_core.verb:set package 'learn5_interface' build argument 'cmake_clean_first' from command line to 'False'
[0.270s] Level 5:colcon.colcon_core.verb:set package 'learn5_interface' build argument 'cmake_force_configure' from command line to 'False'
[0.270s] Level 5:colcon.colcon_core.verb:set package 'learn5_interface' build argument 'ament_cmake_args' from command line to 'None'
[0.270s] Level 5:colcon.colcon_core.verb:set package 'learn5_interface' build argument 'catkin_cmake_args' from command line to 'None'
[0.270s] Level 5:colcon.colcon_core.verb:set package 'learn5_interface' build argument 'catkin_skip_building_tests' from command line to 'False'
[0.270s] DEBUG:colcon.colcon_core.verb:Building package 'learn5_interface' with the following arguments: {'ament_cmake_args': None, 'build_base': '/home/uadmin/learning/learn5/learn5_ws/build/learn5_interface', 'catkin_cmake_args': None, 'catkin_skip_building_tests': False, 'cmake_args': None, 'cmake_clean_cache': False, 'cmake_clean_first': False, 'cmake_force_configure': False, 'cmake_target': None, 'cmake_target_skip_unavailable': False, 'install_base': '/home/uadmin/learning/learn5/learn5_ws/install/learn5_interface', 'merge_install': False, 'path': '/home/uadmin/learning/learn5/learn5_ws/src/learn5_interface', 'symlink_install': False, 'test_result_base': None}
[0.270s] Level 5:colcon.colcon_core.verb:set package 'learn5_service' build argument 'cmake_args' from command line to 'None'
[0.270s] Level 5:colcon.colcon_core.verb:set package 'learn5_service' build argument 'cmake_target' from command line to 'None'
[0.270s] Level 5:colcon.colcon_core.verb:set package 'learn5_service' build argument 'cmake_target_skip_unavailable' from command line to 'False'
[0.270s] Level 5:colcon.colcon_core.verb:set package 'learn5_service' build argument 'cmake_clean_cache' from command line to 'False'
[0.270s] Level 5:colcon.colcon_core.verb:set package 'learn5_service' build argument 'cmake_clean_first' from command line to 'False'
[0.270s] Level 5:colcon.colcon_core.verb:set package 'learn5_service' build argument 'cmake_force_configure' from command line to 'False'
[0.270s] Level 5:colcon.colcon_core.verb:set package 'learn5_service' build argument 'ament_cmake_args' from command line to 'None'
[0.270s] Level 5:colcon.colcon_core.verb:set package 'learn5_service' build argument 'catkin_cmake_args' from command line to 'None'
[0.270s] Level 5:colcon.colcon_core.verb:set package 'learn5_service' build argument 'catkin_skip_building_tests' from command line to 'False'
[0.270s] DEBUG:colcon.colcon_core.verb:Building package 'learn5_service' with the following arguments: {'ament_cmake_args': None, 'build_base': '/home/uadmin/learning/learn5/learn5_ws/build/learn5_service', 'catkin_cmake_args': None, 'catkin_skip_building_tests': False, 'cmake_args': None, 'cmake_clean_cache': False, 'cmake_clean_first': False, 'cmake_force_configure': False, 'cmake_target': None, 'cmake_target_skip_unavailable': False, 'install_base': '/home/uadmin/learning/learn5/learn5_ws/install/learn5_service', 'merge_install': False, 'path': '/home/uadmin/learning/learn5/learn5_ws/src/learn5_service', 'symlink_install': False, 'test_result_base': None}
[0.270s] INFO:colcon.colcon_core.executor:Executing jobs using 'parallel' executor
[0.271s] DEBUG:colcon.colcon_parallel_executor.executor.parallel:run_until_complete
[0.272s] INFO:colcon.colcon_ros.task.ament_cmake.build:Building ROS package in '/home/uadmin/learning/learn5/learn5_ws/src/learn5_interface' with build type 'ament_cmake'
[0.272s] INFO:colcon.colcon_cmake.task.cmake.build:Building CMake package in '/home/uadmin/learning/learn5/learn5_ws/src/learn5_interface'
[0.273s] INFO:colcon.colcon_core.plugin_system:Skipping extension 'colcon_core.shell.bat': Not used on non-Windows systems
[0.274s] INFO:colcon.colcon_core.shell:Skip shell extension 'powershell' for command environment: Not usable outside of PowerShell
[0.274s] DEBUG:colcon.colcon_core.shell:Skip shell extension 'dsv' for command environment
[0.284s] DEBUG:colcon.colcon_core.event_handler.log_command:Invoking command in '/home/uadmin/learning/learn5/learn5_ws/build/learn5_interface': CMAKE_PREFIX_PATH=${CMAKE_PREFIX_PATH}:/home/uadmin/learning/learn5/learn5_ws/install/learn5_service:/opt/ros/humble /usr/bin/cmake --build /home/uadmin/learning/learn5/learn5_ws/build/learn5_interface -- -j2 -l2
[0.666s] DEBUG:colcon.colcon_core.event_handler.log_command:Invoked command in '/home/uadmin/learning/learn5/learn5_ws/build/learn5_interface' returned '0': CMAKE_PREFIX_PATH=${CMAKE_PREFIX_PATH}:/home/uadmin/learning/learn5/learn5_ws/install/learn5_service:/opt/ros/humble /usr/bin/cmake --build /home/uadmin/learning/learn5/learn5_ws/build/learn5_interface -- -j2 -l2
[0.673s] DEBUG:colcon.colcon_core.event_handler.log_command:Invoking command in '/home/uadmin/learning/learn5/learn5_ws/build/learn5_interface': CMAKE_PREFIX_PATH=${CMAKE_PREFIX_PATH}:/home/uadmin/learning/learn5/learn5_ws/install/learn5_service:/opt/ros/humble /usr/bin/cmake --install /home/uadmin/learning/learn5/learn5_ws/build/learn5_interface
[0.727s] Level 1:colcon.colcon_core.environment:create_environment_scripts_only(learn5_interface)
[0.728s] DEBUG:colcon.colcon_core.event_handler.log_command:Invoked command in '/home/uadmin/learning/learn5/learn5_ws/build/learn5_interface' returned '0': CMAKE_PREFIX_PATH=${CMAKE_PREFIX_PATH}:/home/uadmin/learning/learn5/learn5_ws/install/learn5_service:/opt/ros/humble /usr/bin/cmake --install /home/uadmin/learning/learn5/learn5_ws/build/learn5_interface
[0.732s] Level 1:colcon.colcon_core.environment:checking '/home/uadmin/learning/learn5/learn5_ws/install/learn5_interface' for CMake module files
[0.733s] Level 1:colcon.colcon_core.environment:checking '/home/uadmin/learning/learn5/learn5_ws/install/learn5_interface' for CMake config files
[0.733s] Level 1:colcon.colcon_core.shell:create_environment_hook('learn5_interface', 'cmake_prefix_path')
[0.733s] INFO:colcon.colcon_core.shell:Creating environment hook '/home/uadmin/learning/learn5/learn5_ws/install/learn5_interface/share/learn5_interface/hook/cmake_prefix_path.ps1'
[0.734s] INFO:colcon.colcon_core.shell:Creating environment descriptor '/home/uadmin/learning/learn5/learn5_ws/install/learn5_interface/share/learn5_interface/hook/cmake_prefix_path.dsv'
[0.735s] INFO:colcon.colcon_core.shell:Creating environment hook '/home/uadmin/learning/learn5/learn5_ws/install/learn5_interface/share/learn5_interface/hook/cmake_prefix_path.sh'
[0.735s] Level 1:colcon.colcon_core.environment:checking '/home/uadmin/learning/learn5/learn5_ws/install/learn5_interface/lib'
[0.735s] Level 1:colcon.colcon_core.shell:create_environment_hook('learn5_interface', 'ld_library_path_lib')
[0.736s] INFO:colcon.colcon_core.shell:Creating environment hook '/home/uadmin/learning/learn5/learn5_ws/install/learn5_interface/share/learn5_interface/hook/ld_library_path_lib.ps1'
[0.736s] INFO:colcon.colcon_core.shell:Creating environment descriptor '/home/uadmin/learning/learn5/learn5_ws/install/learn5_interface/share/learn5_interface/hook/ld_library_path_lib.dsv'
[0.736s] INFO:colcon.colcon_core.shell:Creating environment hook '/home/uadmin/learning/learn5/learn5_ws/install/learn5_interface/share/learn5_interface/hook/ld_library_path_lib.sh'
[0.739s] Level 1:colcon.colcon_core.environment:checking '/home/uadmin/learning/learn5/learn5_ws/install/learn5_interface/bin'
[0.739s] Level 1:colcon.colcon_core.environment:checking '/home/uadmin/learning/learn5/learn5_ws/install/learn5_interface/lib/pkgconfig/learn5_interface.pc'
[0.739s] Level 1:colcon.colcon_core.environment:checking '/home/uadmin/learning/learn5/learn5_ws/install/learn5_interface/lib/python3.10/site-packages'
[0.739s] Level 1:colcon.colcon_core.environment:checking '/home/uadmin/learning/learn5/learn5_ws/install/learn5_interface/bin'
[0.739s] INFO:colcon.colcon_core.shell:Creating package script '/home/uadmin/learning/learn5/learn5_ws/install/learn5_interface/share/learn5_interface/package.ps1'
[0.740s] INFO:colcon.colcon_core.shell:Creating package descriptor '/home/uadmin/learning/learn5/learn5_ws/install/learn5_interface/share/learn5_interface/package.dsv'
[0.740s] INFO:colcon.colcon_core.shell:Creating package script '/home/uadmin/learning/learn5/learn5_ws/install/learn5_interface/share/learn5_interface/package.sh'
[0.741s] INFO:colcon.colcon_core.shell:Creating package script '/home/uadmin/learning/learn5/learn5_ws/install/learn5_interface/share/learn5_interface/package.bash'
[0.742s] INFO:colcon.colcon_core.shell:Creating package script '/home/uadmin/learning/learn5/learn5_ws/install/learn5_interface/share/learn5_interface/package.zsh'
[0.743s] Level 1:colcon.colcon_core.environment:create_file_with_runtime_dependencies(/home/uadmin/learning/learn5/learn5_ws/install/learn5_interface/share/colcon-core/packages/learn5_interface)
[0.744s] Level 1:colcon.colcon_core.environment:create_environment_scripts_only(learn5_interface)
[0.744s] Level 1:colcon.colcon_core.environment:checking '/home/uadmin/learning/learn5/learn5_ws/install/learn5_interface' for CMake module files
[0.747s] Level 1:colcon.colcon_core.environment:checking '/home/uadmin/learning/learn5/learn5_ws/install/learn5_interface' for CMake config files
[0.747s] Level 1:colcon.colcon_core.shell:create_environment_hook('learn5_interface', 'cmake_prefix_path')
[0.747s] INFO:colcon.colcon_core.shell:Creating environment hook '/home/uadmin/learning/learn5/learn5_ws/install/learn5_interface/share/learn5_interface/hook/cmake_prefix_path.ps1'
[0.748s] INFO:colcon.colcon_core.shell:Creating environment descriptor '/home/uadmin/learning/learn5/learn5_ws/install/learn5_interface/share/learn5_interface/hook/cmake_prefix_path.dsv'
[0.748s] INFO:colcon.colcon_core.shell:Creating environment hook '/home/uadmin/learning/learn5/learn5_ws/install/learn5_interface/share/learn5_interface/hook/cmake_prefix_path.sh'
[0.749s] Level 1:colcon.colcon_core.environment:checking '/home/uadmin/learning/learn5/learn5_ws/install/learn5_interface/lib'
[0.749s] Level 1:colcon.colcon_core.shell:create_environment_hook('learn5_interface', 'ld_library_path_lib')
[0.749s] INFO:colcon.colcon_core.shell:Creating environment hook '/home/uadmin/learning/learn5/learn5_ws/install/learn5_interface/share/learn5_interface/hook/ld_library_path_lib.ps1'
[0.749s] INFO:colcon.colcon_core.shell:Creating environment descriptor '/home/uadmin/learning/learn5/learn5_ws/install/learn5_interface/share/learn5_interface/hook/ld_library_path_lib.dsv'
[0.749s] INFO:colcon.colcon_core.shell:Creating environment hook '/home/uadmin/learning/learn5/learn5_ws/install/learn5_interface/share/learn5_interface/hook/ld_library_path_lib.sh'
[0.750s] Level 1:colcon.colcon_core.environment:checking '/home/uadmin/learning/learn5/learn5_ws/install/learn5_interface/bin'
[0.750s] Level 1:colcon.colcon_core.environment:checking '/home/uadmin/learning/learn5/learn5_ws/install/learn5_interface/lib/pkgconfig/learn5_interface.pc'
[0.750s] Level 1:colcon.colcon_core.environment:checking '/home/uadmin/learning/learn5/learn5_ws/install/learn5_interface/lib/python3.10/site-packages'
[0.750s] Level 1:colcon.colcon_core.environment:checking '/home/uadmin/learning/learn5/learn5_ws/install/learn5_interface/bin'
[0.750s] INFO:colcon.colcon_core.shell:Creating package script '/home/uadmin/learning/learn5/learn5_ws/install/learn5_interface/share/learn5_interface/package.ps1'
[0.751s] INFO:colcon.colcon_core.shell:Creating package descriptor '/home/uadmin/learning/learn5/learn5_ws/install/learn5_interface/share/learn5_interface/package.dsv'
[0.751s] INFO:colcon.colcon_core.shell:Creating package script '/home/uadmin/learning/learn5/learn5_ws/install/learn5_interface/share/learn5_interface/package.sh'
[0.752s] INFO:colcon.colcon_core.shell:Creating package script '/home/uadmin/learning/learn5/learn5_ws/install/learn5_interface/share/learn5_interface/package.bash'
[0.752s] INFO:colcon.colcon_core.shell:Creating package script '/home/uadmin/learning/learn5/learn5_ws/install/learn5_interface/share/learn5_interface/package.zsh'
[0.753s] Level 1:colcon.colcon_core.environment:create_file_with_runtime_dependencies(/home/uadmin/learning/learn5/learn5_ws/install/learn5_interface/share/colcon-core/packages/learn5_interface)
[0.753s] INFO:colcon.colcon_ros.task.ament_python.build:Building ROS package in '/home/uadmin/learning/learn5/learn5_ws/src/learn5_service' with build type 'ament_python'
[0.753s] Level 1:colcon.colcon_core.shell:create_environment_hook('learn5_service', 'ament_prefix_path')
[0.754s] INFO:colcon.colcon_core.shell:Creating environment hook '/home/uadmin/learning/learn5/learn5_ws/install/learn5_service/share/learn5_service/hook/ament_prefix_path.ps1'
[0.754s] INFO:colcon.colcon_core.shell:Creating environment descriptor '/home/uadmin/learning/learn5/learn5_ws/install/learn5_service/share/learn5_service/hook/ament_prefix_path.dsv'
[0.754s] INFO:colcon.colcon_core.shell:Creating environment hook '/home/uadmin/learning/learn5/learn5_ws/install/learn5_service/share/learn5_service/hook/ament_prefix_path.sh'
[0.755s] INFO:colcon.colcon_core.shell:Skip shell extension 'powershell' for command environment: Not usable outside of PowerShell
[0.755s] DEBUG:colcon.colcon_core.shell:Skip shell extension 'dsv' for command environment
[0.971s] INFO:colcon.colcon_core.task.python.build:Building Python package in '/home/uadmin/learning/learn5/learn5_ws/src/learn5_service'
[0.971s] INFO:colcon.colcon_core.shell:Skip shell extension 'powershell' for command environment: Not usable outside of PowerShell
[0.971s] DEBUG:colcon.colcon_core.shell:Skip shell extension 'dsv' for command environment
[1.220s] DEBUG:colcon.colcon_core.event_handler.log_command:Invoking command in '/home/uadmin/learning/learn5/learn5_ws/src/learn5_service': PYTHONPATH=/home/uadmin/learning/learn5/learn5_ws/build/learn5_service/prefix_override:/usr/lib/python3/dist-packages/colcon_core/task/python/colcon_distutils_commands:/home/uadmin/learning/learn5/learn5_ws/install/learn5_service/lib/python3.10/site-packages:${PYTHONPATH} /usr/bin/python3 -W ignore:setup.py install is deprecated -W ignore:easy_install command is deprecated setup.py egg_info --egg-base ../../build/learn5_service build --build-base /home/uadmin/learning/learn5/learn5_ws/build/learn5_service/build install --record /home/uadmin/learning/learn5/learn5_ws/build/learn5_service/install.log --single-version-externally-managed install_data
[1.444s] Level 1:colcon.colcon_core.environment:checking '/home/uadmin/learning/learn5/learn5_ws/install/learn5_service' for CMake module files
[1.444s] DEBUG:colcon.colcon_core.event_handler.log_command:Invoked command in '/home/uadmin/learning/learn5/learn5_ws/src/learn5_service' returned '0': PYTHONPATH=/home/uadmin/learning/learn5/learn5_ws/build/learn5_service/prefix_override:/usr/lib/python3/dist-packages/colcon_core/task/python/colcon_distutils_commands:/home/uadmin/learning/learn5/learn5_ws/install/learn5_service/lib/python3.10/site-packages:${PYTHONPATH} /usr/bin/python3 -W ignore:setup.py install is deprecated -W ignore:easy_install command is deprecated setup.py egg_info --egg-base ../../build/learn5_service build --build-base /home/uadmin/learning/learn5/learn5_ws/build/learn5_service/build install --record /home/uadmin/learning/learn5/learn5_ws/build/learn5_service/install.log --single-version-externally-managed install_data
[1.444s] Level 1:colcon.colcon_core.environment:checking '/home/uadmin/learning/learn5/learn5_ws/install/learn5_service' for CMake config files
[1.445s] Level 1:colcon.colcon_core.environment:checking '/home/uadmin/learning/learn5/learn5_ws/install/learn5_service/lib'
[1.445s] Level 1:colcon.colcon_core.environment:checking '/home/uadmin/learning/learn5/learn5_ws/install/learn5_service/bin'
[1.445s] Level 1:colcon.colcon_core.environment:checking '/home/uadmin/learning/learn5/learn5_ws/install/learn5_service/lib/pkgconfig/learn5_service.pc'
[1.445s] Level 1:colcon.colcon_core.environment:checking '/home/uadmin/learning/learn5/learn5_ws/install/learn5_service/lib/python3.10/site-packages'
[1.445s] Level 1:colcon.colcon_core.shell:create_environment_hook('learn5_service', 'pythonpath')
[1.445s] INFO:colcon.colcon_core.shell:Creating environment hook '/home/uadmin/learning/learn5/learn5_ws/install/learn5_service/share/learn5_service/hook/pythonpath.ps1'
[1.446s] INFO:colcon.colcon_core.shell:Creating environment descriptor '/home/uadmin/learning/learn5/learn5_ws/install/learn5_service/share/learn5_service/hook/pythonpath.dsv'
[1.446s] INFO:colcon.colcon_core.shell:Creating environment hook '/home/uadmin/learning/learn5/learn5_ws/install/learn5_service/share/learn5_service/hook/pythonpath.sh'
[1.447s] Level 1:colcon.colcon_core.environment:checking '/home/uadmin/learning/learn5/learn5_ws/install/learn5_service/bin'
[1.447s] Level 1:colcon.colcon_core.environment:create_environment_scripts_only(learn5_service)
[1.447s] INFO:colcon.colcon_core.shell:Creating package script '/home/uadmin/learning/learn5/learn5_ws/install/learn5_service/share/learn5_service/package.ps1'
[1.447s] INFO:colcon.colcon_core.shell:Creating package descriptor '/home/uadmin/learning/learn5/learn5_ws/install/learn5_service/share/learn5_service/package.dsv'
[1.448s] INFO:colcon.colcon_core.shell:Creating package script '/home/uadmin/learning/learn5/learn5_ws/install/learn5_service/share/learn5_service/package.sh'
[1.448s] INFO:colcon.colcon_core.shell:Creating package script '/home/uadmin/learning/learn5/learn5_ws/install/learn5_service/share/learn5_service/package.bash'
[1.448s] INFO:colcon.colcon_core.shell:Creating package script '/home/uadmin/learning/learn5/learn5_ws/install/learn5_service/share/learn5_service/package.zsh'
[1.449s] Level 1:colcon.colcon_core.environment:create_file_with_runtime_dependencies(/home/uadmin/learning/learn5/learn5_ws/install/learn5_service/share/colcon-core/packages/learn5_service)
[1.449s] DEBUG:colcon.colcon_parallel_executor.executor.parallel:closing loop
[1.449s] DEBUG:colcon.colcon_parallel_executor.executor.parallel:loop closed
[1.449s] DEBUG:colcon.colcon_parallel_executor.executor.parallel:run_until_complete finished with '0'
[1.449s] DEBUG:colcon.colcon_core.event_reactor:joining thread
[1.453s] INFO:colcon.colcon_core.plugin_system:Skipping extension 'colcon_notification.desktop_notification.terminal_notifier': Not used on non-Darwin systems
[1.453s] INFO:colcon.colcon_core.plugin_system:Skipping extension 'colcon_notification.desktop_notification.win32': Not used on non-Windows systems
[1.453s] INFO:colcon.colcon_notification.desktop_notification:Sending desktop notification using 'notify2'
[1.465s] DEBUG:colcon.colcon_core.event_reactor:joined thread
[1.465s] INFO:colcon.colcon_core.shell:Creating prefix script '/home/uadmin/learning/learn5/learn5_ws/install/local_setup.ps1'
[1.466s] INFO:colcon.colcon_core.shell:Creating prefix util module '/home/uadmin/learning/learn5/learn5_ws/install/_local_setup_util_ps1.py'
[1.469s] INFO:colcon.colcon_core.shell:Creating prefix chain script '/home/uadmin/learning/learn5/learn5_ws/install/setup.ps1'
[1.470s] INFO:colcon.colcon_core.shell:Creating prefix script '/home/uadmin/learning/learn5/learn5_ws/install/local_setup.sh'
[1.471s] INFO:colcon.colcon_core.shell:Creating prefix util module '/home/uadmin/learning/learn5/learn5_ws/install/_local_setup_util_sh.py'
[1.471s] INFO:colcon.colcon_core.shell:Creating prefix chain script '/home/uadmin/learning/learn5/learn5_ws/install/setup.sh'
[1.473s] INFO:colcon.colcon_core.shell:Creating prefix script '/home/uadmin/learning/learn5/learn5_ws/install/local_setup.bash'
[1.474s] INFO:colcon.colcon_core.shell:Creating prefix chain script '/home/uadmin/learning/learn5/learn5_ws/install/setup.bash'
[1.475s] INFO:colcon.colcon_core.shell:Creating prefix script '/home/uadmin/learning/learn5/learn5_ws/install/local_setup.zsh'
[1.475s] INFO:colcon.colcon_core.shell:Creating prefix chain script '/home/uadmin/learning/learn5/learn5_ws/install/setup.zsh'
