[0.019s] Invoking command in '/home/uadmin/learning/learn4/learn4_topics_ws/build/status_interfaces': CMAKE_PREFIX_PATH=${CMAKE_PREFIX_PATH}:/opt/ros/humble /usr/bin/cmake /home/uadmin/learning/learn4/learn4_topics_ws/src/status_interfaces -DCMAKE_INSTALL_PREFIX=/home/uadmin/learning/learn4/learn4_topics_ws/install/status_interfaces
[0.098s] -- The C compiler identification is GNU 11.4.0
[0.152s] -- The CXX compiler identification is GNU 11.4.0
[0.158s] -- Detecting C compiler ABI info
[0.231s] -- Detecting C compiler ABI info - done
[0.236s] -- Check for working C compiler: /usr/bin/cc - skipped
[0.236s] -- Detecting C compile features
[0.237s] -- Detecting C compile features - done
[0.240s] -- Detecting CXX compiler ABI info
[0.313s] -- Detecting CXX compiler ABI info - done
[0.318s] -- Check for working CXX compiler: /usr/bin/c++ - skipped
[0.318s] -- Detecting CXX compile features
[0.319s] -- Detecting CXX compile features - done
[0.320s] -- Found ament_cmake: 1.3.11 (/opt/ros/humble/share/ament_cmake/cmake)
[0.448s] -- Found Python3: /usr/bin/python3 (found version "3.10.12") found components: Interpreter 
[0.589s] -- Found ament_lint_auto: 0.12.12 (/opt/ros/humble/share/ament_lint_auto/cmake)
[0.669s] -- Added test 'lint_cmake' to check CMake code style
[0.670s] -- Added test 'xmllint' to check XML markup files
[0.671s] -- Configuring done
[0.673s] -- Generating done
[0.677s] -- Build files have been written to: /home/uadmin/learning/learn4/learn4_topics_ws/build/status_interfaces
[0.680s] Invoked command in '/home/uadmin/learning/learn4/learn4_topics_ws/build/status_interfaces' returned '0': CMAKE_PREFIX_PATH=${CMAKE_PREFIX_PATH}:/opt/ros/humble /usr/bin/cmake /home/uadmin/learning/learn4/learn4_topics_ws/src/status_interfaces -DCMAKE_INSTALL_PREFIX=/home/uadmin/learning/learn4/learn4_topics_ws/install/status_interfaces
[0.684s] Invoking command in '/home/uadmin/learning/learn4/learn4_topics_ws/build/status_interfaces': CMAKE_PREFIX_PATH=${CMAKE_PREFIX_PATH}:/opt/ros/humble /usr/bin/cmake --build /home/uadmin/learning/learn4/learn4_topics_ws/build/status_interfaces -- -j2 -l2
[0.719s] Invoked command in '/home/uadmin/learning/learn4/learn4_topics_ws/build/status_interfaces' returned '0': CMAKE_PREFIX_PATH=${CMAKE_PREFIX_PATH}:/opt/ros/humble /usr/bin/cmake --build /home/uadmin/learning/learn4/learn4_topics_ws/build/status_interfaces -- -j2 -l2
[0.737s] Invoking command in '/home/uadmin/learning/learn4/learn4_topics_ws/build/status_interfaces': CMAKE_PREFIX_PATH=${CMAKE_PREFIX_PATH}:/opt/ros/humble /usr/bin/cmake --install /home/uadmin/learning/learn4/learn4_topics_ws/build/status_interfaces
[0.743s] -- Install configuration: ""
[0.743s] -- Installing: /home/uadmin/learning/learn4/learn4_topics_ws/install/status_interfaces/share/ament_index/resource_index/package_run_dependencies/status_interfaces
[0.744s] -- Installing: /home/uadmin/learning/learn4/learn4_topics_ws/install/status_interfaces/share/ament_index/resource_index/parent_prefix_path/status_interfaces
[0.745s] -- Installing: /home/uadmin/learning/learn4/learn4_topics_ws/install/status_interfaces/share/status_interfaces/environment/ament_prefix_path.sh
[0.745s] -- Installing: /home/uadmin/learning/learn4/learn4_topics_ws/install/status_interfaces/share/status_interfaces/environment/ament_prefix_path.dsv
[0.745s] -- Installing: /home/uadmin/learning/learn4/learn4_topics_ws/install/status_interfaces/share/status_interfaces/environment/path.sh
[0.745s] -- Installing: /home/uadmin/learning/learn4/learn4_topics_ws/install/status_interfaces/share/status_interfaces/environment/path.dsv
[0.747s] -- Installing: /home/uadmin/learning/learn4/learn4_topics_ws/install/status_interfaces/share/status_interfaces/local_setup.bash
[0.747s] -- Installing: /home/uadmin/learning/learn4/learn4_topics_ws/install/status_interfaces/share/status_interfaces/local_setup.sh
[0.747s] -- Installing: /home/uadmin/learning/learn4/learn4_topics_ws/install/status_interfaces/share/status_interfaces/local_setup.zsh
[0.747s] -- Installing: /home/uadmin/learning/learn4/learn4_topics_ws/install/status_interfaces/share/status_interfaces/local_setup.dsv
[0.747s] -- Installing: /home/uadmin/learning/learn4/learn4_topics_ws/install/status_interfaces/share/status_interfaces/package.dsv
[0.748s] -- Installing: /home/uadmin/learning/learn4/learn4_topics_ws/install/status_interfaces/share/ament_index/resource_index/packages/status_interfaces
[0.748s] -- Installing: /home/uadmin/learning/learn4/learn4_topics_ws/install/status_interfaces/share/status_interfaces/cmake/status_interfacesConfig.cmake
[0.749s] -- Installing: /home/uadmin/learning/learn4/learn4_topics_ws/install/status_interfaces/share/status_interfaces/cmake/status_interfacesConfig-version.cmake
[0.749s] -- Installing: /home/uadmin/learning/learn4/learn4_topics_ws/install/status_interfaces/share/status_interfaces/package.xml
[0.751s] Invoked command in '/home/uadmin/learning/learn4/learn4_topics_ws/build/status_interfaces' returned '0': CMAKE_PREFIX_PATH=${CMAKE_PREFIX_PATH}:/opt/ros/humble /usr/bin/cmake --install /home/uadmin/learning/learn4/learn4_topics_ws/build/status_interfaces
