[0.021s] Invoking command in '/home/uadmin/learning/learn5/learn5_ws/build/learn5_interface': CMAKE_PREFIX_PATH=/opt/ros/humble /usr/bin/cmake /home/uadmin/learning/learn5/learn5_ws/src/learn5_interface -DCMAKE_INSTALL_PREFIX=/home/uadmin/learning/learn5/learn5_ws/install/learn5_interface
[0.268s] -- The C compiler identification is GNU 11.4.0
[0.330s] -- The CXX compiler identification is GNU 11.4.0
[0.357s] -- Detecting C compiler ABI info
[0.457s] -- Detecting C compiler ABI info - done
[0.464s] -- Check for working C compiler: /usr/bin/cc - skipped
[0.466s] -- Detecting C compile features
[0.469s] -- Detecting C compile features - done
[0.472s] -- Detecting CXX compiler ABI info
[0.565s] -- Detecting CXX compiler ABI info - done
[0.571s] -- Check for working CXX compiler: /usr/bin/c++ - skipped
[0.571s] -- Detecting CXX compile features
[0.572s] -- Detecting CXX compile features - done
[0.577s] -- Found ament_cmake: 1.3.11 (/opt/ros/humble/share/ament_cmake/cmake)
[0.728s] -- Found Python3: /usr/bin/python3 (found version "3.10.12") found components: Interpreter 
[0.851s] -- Found sensor_msgs: 4.8.0 (/opt/ros/humble/share/sensor_msgs/cmake)
[0.903s] -- Found rosidl_generator_c: 3.1.6 (/opt/ros/humble/share/rosidl_generator_c/cmake)
[0.913s] -- Found rosidl_adapter: 3.1.6 (/opt/ros/humble/share/rosidl_adapter/cmake)
[0.926s] -- Found rosidl_generator_cpp: 3.1.6 (/opt/ros/humble/share/rosidl_generator_cpp/cmake)
[0.946s] -- Using all available rosidl_typesupport_c: rosidl_typesupport_fastrtps_c;rosidl_typesupport_introspection_c
[0.967s] -- Using all available rosidl_typesupport_cpp: rosidl_typesupport_fastrtps_cpp;rosidl_typesupport_introspection_cpp
[1.049s] -- Found rosidl_default_generators: 1.2.0 (/opt/ros/humble/share/rosidl_default_generators/cmake)
[1.061s] [31mCMake Error at /opt/ros/humble/share/rosidl_cmake/cmake/rosidl_generate_interfaces.cmake:93 (message):
[1.061s]   rosidl_generate_interfaces() the passed file 'srv/FaceInfo.srv' doesn't
[1.061s]   exist relative to the CMAKE_CURRENT_SOURCE_DIR
[1.061s]   '/home/uadmin/learning/learn5/learn5_ws/src/learn5_interface'
[1.061s] Call Stack (most recent call first):
[1.061s]   CMakeLists.txt:15 (rosidl_generate_interfaces)
[1.061s] 
[1.061s] [0m
[1.063s] -- Configuring incomplete, errors occurred!
[1.063s] See also "/home/uadmin/learning/learn5/learn5_ws/build/learn5_interface/CMakeFiles/CMakeOutput.log".
[1.067s] Invoked command in '/home/uadmin/learning/learn5/learn5_ws/build/learn5_interface' returned '1': CMAKE_PREFIX_PATH=/opt/ros/humble /usr/bin/cmake /home/uadmin/learning/learn5/learn5_ws/src/learn5_interface -DCMAKE_INSTALL_PREFIX=/home/uadmin/learning/learn5/learn5_ws/install/learn5_interface
