[0.018s] Invoking command in '/home/uadmin/learning/learn4/learn4_topics_ws/build/status_interfaces': CMAKE_PREFIX_PATH=/opt/ros/humble /usr/bin/cmake --build /home/uadmin/learning/learn4/learn4_topics_ws/build/status_interfaces -- -j2 -l2
[0.130s] [  9%] Built target status_interfaces__rosidl_generator_c
[0.130s] [ 12%] Built target status_interfaces__cpp
[0.192s] [ 12%] Built target ament_cmake_python_copy_status_interfaces
[0.217s] [ 22%] Built target status_interfaces__rosidl_typesupport_cpp
[0.253s] [ 32%] Built target status_interfaces__rosidl_typesupport_fastrtps_c
[0.284s] [ 41%] Built target status_interfaces__rosidl_typesupport_fastrtps_cpp
[0.326s] [ 51%] Built target status_interfaces__rosidl_typesupport_introspection_c
[0.353s] [ 61%] Built target status_interfaces__rosidl_typesupport_c
[0.369s] [ 70%] Built target status_interfaces__rosidl_typesupport_introspection_cpp
[0.412s] [ 70%] Built target status_interfaces
[0.467s] [ 74%] Built target status_interfaces__py
[0.532s] [ 80%] Built target status_interfaces__rosidl_generator_py
[0.582s] [ 87%] Built target status_interfaces__rosidl_typesupport_fastrtps_c__pyext
[0.631s] [ 93%] Built target status_interfaces__rosidl_typesupport_introspection_c__pyext
[0.691s] [100%] Built target status_interfaces__rosidl_typesupport_c__pyext
[0.745s] running egg_info
[0.746s] writing status_interfaces.egg-info/PKG-INFO
[0.746s] writing dependency_links to status_interfaces.egg-info/dependency_links.txt
[0.746s] writing top-level names to status_interfaces.egg-info/top_level.txt
[0.749s] reading manifest file 'status_interfaces.egg-info/SOURCES.txt'
[0.749s] writing manifest file 'status_interfaces.egg-info/SOURCES.txt'
[0.802s] [100%] Built target ament_cmake_python_build_status_interfaces_egg
[0.817s] Invoked command in '/home/uadmin/learning/learn4/learn4_topics_ws/build/status_interfaces' returned '0': CMAKE_PREFIX_PATH=/opt/ros/humble /usr/bin/cmake --build /home/uadmin/learning/learn4/learn4_topics_ws/build/status_interfaces -- -j2 -l2
[0.829s] Invoking command in '/home/uadmin/learning/learn4/learn4_topics_ws/build/status_interfaces': CMAKE_PREFIX_PATH=/opt/ros/humble /usr/bin/cmake --install /home/uadmin/learning/learn4/learn4_topics_ws/build/status_interfaces
[0.838s] -- Install configuration: ""
[0.838s] -- Up-to-date: /home/uadmin/learning/learn4/learn4_topics_ws/install/status_interfaces/share/ament_index/resource_index/rosidl_interfaces/status_interfaces
[0.838s] -- Up-to-date: /home/uadmin/learning/learn4/learn4_topics_ws/install/status_interfaces/include/status_interfaces/status_interfaces
[0.839s] -- Up-to-date: /home/uadmin/learning/learn4/learn4_topics_ws/install/status_interfaces/include/status_interfaces/status_interfaces/msg
[0.839s] -- Up-to-date: /home/uadmin/learning/learn4/learn4_topics_ws/install/status_interfaces/include/status_interfaces/status_interfaces/msg/system_status.h
[0.839s] -- Up-to-date: /home/uadmin/learning/learn4/learn4_topics_ws/install/status_interfaces/include/status_interfaces/status_interfaces/msg/detail
[0.839s] -- Up-to-date: /home/uadmin/learning/learn4/learn4_topics_ws/install/status_interfaces/include/status_interfaces/status_interfaces/msg/detail/system_status__functions.h
[0.839s] -- Up-to-date: /home/uadmin/learning/learn4/learn4_topics_ws/install/status_interfaces/include/status_interfaces/status_interfaces/msg/detail/system_status__type_support.h
[0.839s] -- Up-to-date: /home/uadmin/learning/learn4/learn4_topics_ws/install/status_interfaces/include/status_interfaces/status_interfaces/msg/detail/system_status__functions.c
[0.839s] -- Up-to-date: /home/uadmin/learning/learn4/learn4_topics_ws/install/status_interfaces/include/status_interfaces/status_interfaces/msg/detail/system_status__struct.h
[0.840s] -- Up-to-date: /home/uadmin/learning/learn4/learn4_topics_ws/install/status_interfaces/include/status_interfaces/status_interfaces/msg/rosidl_generator_c__visibility_control.h
[0.840s] -- Up-to-date: /home/uadmin/learning/learn4/learn4_topics_ws/install/status_interfaces/share/status_interfaces/environment/library_path.sh
[0.840s] -- Up-to-date: /home/uadmin/learning/learn4/learn4_topics_ws/install/status_interfaces/share/status_interfaces/environment/library_path.dsv
[0.841s] -- Up-to-date: /home/uadmin/learning/learn4/learn4_topics_ws/install/status_interfaces/lib/libstatus_interfaces__rosidl_generator_c.so
[0.841s] -- Up-to-date: /home/uadmin/learning/learn4/learn4_topics_ws/install/status_interfaces/include/status_interfaces/status_interfaces
[0.841s] -- Up-to-date: /home/uadmin/learning/learn4/learn4_topics_ws/install/status_interfaces/include/status_interfaces/status_interfaces/msg
[0.841s] -- Up-to-date: /home/uadmin/learning/learn4/learn4_topics_ws/install/status_interfaces/include/status_interfaces/status_interfaces/msg/rosidl_typesupport_fastrtps_c__visibility_control.h
[0.841s] -- Up-to-date: /home/uadmin/learning/learn4/learn4_topics_ws/install/status_interfaces/include/status_interfaces/status_interfaces/msg/detail
[0.841s] -- Up-to-date: /home/uadmin/learning/learn4/learn4_topics_ws/install/status_interfaces/include/status_interfaces/status_interfaces/msg/detail/system_status__rosidl_typesupport_fastrtps_c.h
[0.842s] -- Up-to-date: /home/uadmin/learning/learn4/learn4_topics_ws/install/status_interfaces/lib/libstatus_interfaces__rosidl_typesupport_fastrtps_c.so
[0.843s] -- Up-to-date: /home/uadmin/learning/learn4/learn4_topics_ws/install/status_interfaces/include/status_interfaces/status_interfaces
[0.843s] -- Up-to-date: /home/uadmin/learning/learn4/learn4_topics_ws/install/status_interfaces/include/status_interfaces/status_interfaces/msg
[0.843s] -- Up-to-date: /home/uadmin/learning/learn4/learn4_topics_ws/install/status_interfaces/include/status_interfaces/status_interfaces/msg/system_status.hpp
[0.843s] -- Up-to-date: /home/uadmin/learning/learn4/learn4_topics_ws/install/status_interfaces/include/status_interfaces/status_interfaces/msg/detail
[0.843s] -- Up-to-date: /home/uadmin/learning/learn4/learn4_topics_ws/install/status_interfaces/include/status_interfaces/status_interfaces/msg/detail/system_status__struct.hpp
[0.844s] -- Up-to-date: /home/uadmin/learning/learn4/learn4_topics_ws/install/status_interfaces/include/status_interfaces/status_interfaces/msg/detail/system_status__builder.hpp
[0.844s] -- Up-to-date: /home/uadmin/learning/learn4/learn4_topics_ws/install/status_interfaces/include/status_interfaces/status_interfaces/msg/detail/system_status__type_support.hpp
[0.844s] -- Up-to-date: /home/uadmin/learning/learn4/learn4_topics_ws/install/status_interfaces/include/status_interfaces/status_interfaces/msg/detail/system_status__traits.hpp
[0.844s] -- Up-to-date: /home/uadmin/learning/learn4/learn4_topics_ws/install/status_interfaces/include/status_interfaces/status_interfaces/msg/rosidl_generator_cpp__visibility_control.hpp
[0.844s] -- Up-to-date: /home/uadmin/learning/learn4/learn4_topics_ws/install/status_interfaces/include/status_interfaces/status_interfaces
[0.844s] -- Up-to-date: /home/uadmin/learning/learn4/learn4_topics_ws/install/status_interfaces/include/status_interfaces/status_interfaces/msg
[0.844s] -- Up-to-date: /home/uadmin/learning/learn4/learn4_topics_ws/install/status_interfaces/include/status_interfaces/status_interfaces/msg/rosidl_typesupport_fastrtps_cpp__visibility_control.h
[0.845s] -- Up-to-date: /home/uadmin/learning/learn4/learn4_topics_ws/install/status_interfaces/include/status_interfaces/status_interfaces/msg/detail
[0.845s] -- Up-to-date: /home/uadmin/learning/learn4/learn4_topics_ws/install/status_interfaces/include/status_interfaces/status_interfaces/msg/detail/dds_fastrtps
[0.845s] -- Up-to-date: /home/uadmin/learning/learn4/learn4_topics_ws/install/status_interfaces/include/status_interfaces/status_interfaces/msg/detail/system_status__rosidl_typesupport_fastrtps_cpp.hpp
[0.845s] -- Up-to-date: /home/uadmin/learning/learn4/learn4_topics_ws/install/status_interfaces/lib/libstatus_interfaces__rosidl_typesupport_fastrtps_cpp.so
[0.845s] -- Up-to-date: /home/uadmin/learning/learn4/learn4_topics_ws/install/status_interfaces/include/status_interfaces/status_interfaces
[0.846s] -- Up-to-date: /home/uadmin/learning/learn4/learn4_topics_ws/install/status_interfaces/include/status_interfaces/status_interfaces/msg
[0.846s] -- Up-to-date: /home/uadmin/learning/learn4/learn4_topics_ws/install/status_interfaces/include/status_interfaces/status_interfaces/msg/detail
[0.847s] -- Up-to-date: /home/uadmin/learning/learn4/learn4_topics_ws/install/status_interfaces/include/status_interfaces/status_interfaces/msg/detail/system_status__rosidl_typesupport_introspection_c.h
[0.847s] -- Up-to-date: /home/uadmin/learning/learn4/learn4_topics_ws/install/status_interfaces/include/status_interfaces/status_interfaces/msg/detail/system_status__type_support.c
[0.847s] -- Up-to-date: /home/uadmin/learning/learn4/learn4_topics_ws/install/status_interfaces/include/status_interfaces/status_interfaces/msg/rosidl_typesupport_introspection_c__visibility_control.h
[0.847s] -- Up-to-date: /home/uadmin/learning/learn4/learn4_topics_ws/install/status_interfaces/lib/libstatus_interfaces__rosidl_typesupport_introspection_c.so
[0.848s] -- Up-to-date: /home/uadmin/learning/learn4/learn4_topics_ws/install/status_interfaces/lib/libstatus_interfaces__rosidl_typesupport_c.so
[0.848s] -- Up-to-date: /home/uadmin/learning/learn4/learn4_topics_ws/install/status_interfaces/include/status_interfaces/status_interfaces
[0.848s] -- Up-to-date: /home/uadmin/learning/learn4/learn4_topics_ws/install/status_interfaces/include/status_interfaces/status_interfaces/msg
[0.848s] -- Up-to-date: /home/uadmin/learning/learn4/learn4_topics_ws/install/status_interfaces/include/status_interfaces/status_interfaces/msg/detail
[0.849s] -- Up-to-date: /home/uadmin/learning/learn4/learn4_topics_ws/install/status_interfaces/include/status_interfaces/status_interfaces/msg/detail/system_status__rosidl_typesupport_introspection_cpp.hpp
[0.849s] -- Up-to-date: /home/uadmin/learning/learn4/learn4_topics_ws/install/status_interfaces/include/status_interfaces/status_interfaces/msg/detail/system_status__type_support.cpp
[0.849s] -- Up-to-date: /home/uadmin/learning/learn4/learn4_topics_ws/install/status_interfaces/lib/libstatus_interfaces__rosidl_typesupport_introspection_cpp.so
[0.851s] -- Up-to-date: /home/uadmin/learning/learn4/learn4_topics_ws/install/status_interfaces/lib/libstatus_interfaces__rosidl_typesupport_cpp.so
[0.852s] -- Up-to-date: /home/uadmin/learning/learn4/learn4_topics_ws/install/status_interfaces/share/status_interfaces/environment/pythonpath.sh
[0.852s] -- Up-to-date: /home/uadmin/learning/learn4/learn4_topics_ws/install/status_interfaces/share/status_interfaces/environment/pythonpath.dsv
[0.852s] -- Up-to-date: /home/uadmin/learning/learn4/learn4_topics_ws/install/status_interfaces/local/lib/python3.10/dist-packages/status_interfaces-0.0.0-py3.10.egg-info
[0.852s] -- Installing: /home/uadmin/learning/learn4/learn4_topics_ws/install/status_interfaces/local/lib/python3.10/dist-packages/status_interfaces-0.0.0-py3.10.egg-info/PKG-INFO
[0.852s] -- Installing: /home/uadmin/learning/learn4/learn4_topics_ws/install/status_interfaces/local/lib/python3.10/dist-packages/status_interfaces-0.0.0-py3.10.egg-info/top_level.txt
[0.853s] -- Installing: /home/uadmin/learning/learn4/learn4_topics_ws/install/status_interfaces/local/lib/python3.10/dist-packages/status_interfaces-0.0.0-py3.10.egg-info/SOURCES.txt
[0.853s] -- Installing: /home/uadmin/learning/learn4/learn4_topics_ws/install/status_interfaces/local/lib/python3.10/dist-packages/status_interfaces-0.0.0-py3.10.egg-info/dependency_links.txt
[0.853s] -- Up-to-date: /home/uadmin/learning/learn4/learn4_topics_ws/install/status_interfaces/local/lib/python3.10/dist-packages/status_interfaces
[0.853s] -- Up-to-date: /home/uadmin/learning/learn4/learn4_topics_ws/install/status_interfaces/local/lib/python3.10/dist-packages/status_interfaces/status_interfaces_s__rosidl_typesupport_introspection_c.cpython-310-x86_64-linux-gnu.so
[0.853s] -- Up-to-date: /home/uadmin/learning/learn4/learn4_topics_ws/install/status_interfaces/local/lib/python3.10/dist-packages/status_interfaces/_status_interfaces_s.ep.rosidl_typesupport_fastrtps_c.c
[0.854s] -- Up-to-date: /home/uadmin/learning/learn4/learn4_topics_ws/install/status_interfaces/local/lib/python3.10/dist-packages/status_interfaces/_status_interfaces_s.ep.rosidl_typesupport_introspection_c.c
[0.854s] -- Up-to-date: /home/uadmin/learning/learn4/learn4_topics_ws/install/status_interfaces/local/lib/python3.10/dist-packages/status_interfaces/libstatus_interfaces__rosidl_generator_py.so
[0.854s] -- Up-to-date: /home/uadmin/learning/learn4/learn4_topics_ws/install/status_interfaces/local/lib/python3.10/dist-packages/status_interfaces/status_interfaces_s__rosidl_typesupport_fastrtps_c.cpython-310-x86_64-linux-gnu.so
[0.854s] -- Up-to-date: /home/uadmin/learning/learn4/learn4_topics_ws/install/status_interfaces/local/lib/python3.10/dist-packages/status_interfaces/_status_interfaces_s.ep.rosidl_typesupport_c.c
[0.854s] -- Up-to-date: /home/uadmin/learning/learn4/learn4_topics_ws/install/status_interfaces/local/lib/python3.10/dist-packages/status_interfaces/status_interfaces_s__rosidl_typesupport_c.cpython-310-x86_64-linux-gnu.so
[0.854s] -- Up-to-date: /home/uadmin/learning/learn4/learn4_topics_ws/install/status_interfaces/local/lib/python3.10/dist-packages/status_interfaces/__init__.py
[0.854s] -- Up-to-date: /home/uadmin/learning/learn4/learn4_topics_ws/install/status_interfaces/local/lib/python3.10/dist-packages/status_interfaces/msg
[0.855s] -- Up-to-date: /home/uadmin/learning/learn4/learn4_topics_ws/install/status_interfaces/local/lib/python3.10/dist-packages/status_interfaces/msg/_system_status_s.c
[0.855s] -- Up-to-date: /home/uadmin/learning/learn4/learn4_topics_ws/install/status_interfaces/local/lib/python3.10/dist-packages/status_interfaces/msg/_system_status.py
[0.855s] -- Up-to-date: /home/uadmin/learning/learn4/learn4_topics_ws/install/status_interfaces/local/lib/python3.10/dist-packages/status_interfaces/msg/__init__.py
[0.912s] Listing '/home/uadmin/learning/learn4/learn4_topics_ws/install/status_interfaces/local/lib/python3.10/dist-packages/status_interfaces'...
[0.912s] Listing '/home/uadmin/learning/learn4/learn4_topics_ws/install/status_interfaces/local/lib/python3.10/dist-packages/status_interfaces/msg'...
[0.917s] -- Up-to-date: /home/uadmin/learning/learn4/learn4_topics_ws/install/status_interfaces/local/lib/python3.10/dist-packages/status_interfaces/status_interfaces_s__rosidl_typesupport_fastrtps_c.cpython-310-x86_64-linux-gnu.so
[0.918s] -- Up-to-date: /home/uadmin/learning/learn4/learn4_topics_ws/install/status_interfaces/local/lib/python3.10/dist-packages/status_interfaces/status_interfaces_s__rosidl_typesupport_introspection_c.cpython-310-x86_64-linux-gnu.so
[0.919s] -- Up-to-date: /home/uadmin/learning/learn4/learn4_topics_ws/install/status_interfaces/local/lib/python3.10/dist-packages/status_interfaces/status_interfaces_s__rosidl_typesupport_c.cpython-310-x86_64-linux-gnu.so
[0.920s] -- Up-to-date: /home/uadmin/learning/learn4/learn4_topics_ws/install/status_interfaces/lib/libstatus_interfaces__rosidl_generator_py.so
[0.920s] -- Up-to-date: /home/uadmin/learning/learn4/learn4_topics_ws/install/status_interfaces/share/status_interfaces/msg/SystemStatus.idl
[0.920s] -- Up-to-date: /home/uadmin/learning/learn4/learn4_topics_ws/install/status_interfaces/share/status_interfaces/msg/SystemStatus.msg
[0.920s] -- Up-to-date: /home/uadmin/learning/learn4/learn4_topics_ws/install/status_interfaces/share/ament_index/resource_index/package_run_dependencies/status_interfaces
[0.924s] -- Up-to-date: /home/uadmin/learning/learn4/learn4_topics_ws/install/status_interfaces/share/ament_index/resource_index/parent_prefix_path/status_interfaces
[0.924s] -- Up-to-date: /home/uadmin/learning/learn4/learn4_topics_ws/install/status_interfaces/share/status_interfaces/environment/ament_prefix_path.sh
[0.924s] -- Up-to-date: /home/uadmin/learning/learn4/learn4_topics_ws/install/status_interfaces/share/status_interfaces/environment/ament_prefix_path.dsv
[0.924s] -- Up-to-date: /home/uadmin/learning/learn4/learn4_topics_ws/install/status_interfaces/share/status_interfaces/environment/path.sh
[0.924s] -- Up-to-date: /home/uadmin/learning/learn4/learn4_topics_ws/install/status_interfaces/share/status_interfaces/environment/path.dsv
[0.924s] -- Up-to-date: /home/uadmin/learning/learn4/learn4_topics_ws/install/status_interfaces/share/status_interfaces/local_setup.bash
[0.924s] -- Up-to-date: /home/uadmin/learning/learn4/learn4_topics_ws/install/status_interfaces/share/status_interfaces/local_setup.sh
[0.924s] -- Up-to-date: /home/uadmin/learning/learn4/learn4_topics_ws/install/status_interfaces/share/status_interfaces/local_setup.zsh
[0.924s] -- Up-to-date: /home/uadmin/learning/learn4/learn4_topics_ws/install/status_interfaces/share/status_interfaces/local_setup.dsv
[0.924s] -- Installing: /home/uadmin/learning/learn4/learn4_topics_ws/install/status_interfaces/share/status_interfaces/package.dsv
[0.925s] -- Up-to-date: /home/uadmin/learning/learn4/learn4_topics_ws/install/status_interfaces/share/ament_index/resource_index/packages/status_interfaces
[0.925s] -- Up-to-date: /home/uadmin/learning/learn4/learn4_topics_ws/install/status_interfaces/share/status_interfaces/cmake/export_status_interfaces__rosidl_generator_cExport.cmake
[0.925s] -- Up-to-date: /home/uadmin/learning/learn4/learn4_topics_ws/install/status_interfaces/share/status_interfaces/cmake/export_status_interfaces__rosidl_generator_cExport-noconfig.cmake
[0.925s] -- Up-to-date: /home/uadmin/learning/learn4/learn4_topics_ws/install/status_interfaces/share/status_interfaces/cmake/export_status_interfaces__rosidl_typesupport_fastrtps_cExport.cmake
[0.925s] -- Up-to-date: /home/uadmin/learning/learn4/learn4_topics_ws/install/status_interfaces/share/status_interfaces/cmake/export_status_interfaces__rosidl_typesupport_fastrtps_cExport-noconfig.cmake
[0.925s] -- Up-to-date: /home/uadmin/learning/learn4/learn4_topics_ws/install/status_interfaces/share/status_interfaces/cmake/export_status_interfaces__rosidl_generator_cppExport.cmake
[0.925s] -- Up-to-date: /home/uadmin/learning/learn4/learn4_topics_ws/install/status_interfaces/share/status_interfaces/cmake/export_status_interfaces__rosidl_typesupport_fastrtps_cppExport.cmake
[0.925s] -- Up-to-date: /home/uadmin/learning/learn4/learn4_topics_ws/install/status_interfaces/share/status_interfaces/cmake/export_status_interfaces__rosidl_typesupport_fastrtps_cppExport-noconfig.cmake
[0.925s] -- Up-to-date: /home/uadmin/learning/learn4/learn4_topics_ws/install/status_interfaces/share/status_interfaces/cmake/status_interfaces__rosidl_typesupport_introspection_cExport.cmake
[0.925s] -- Up-to-date: /home/uadmin/learning/learn4/learn4_topics_ws/install/status_interfaces/share/status_interfaces/cmake/status_interfaces__rosidl_typesupport_introspection_cExport-noconfig.cmake
[0.927s] -- Up-to-date: /home/uadmin/learning/learn4/learn4_topics_ws/install/status_interfaces/share/status_interfaces/cmake/status_interfaces__rosidl_typesupport_cExport.cmake
[0.927s] -- Up-to-date: /home/uadmin/learning/learn4/learn4_topics_ws/install/status_interfaces/share/status_interfaces/cmake/status_interfaces__rosidl_typesupport_cExport-noconfig.cmake
[0.927s] -- Up-to-date: /home/uadmin/learning/learn4/learn4_topics_ws/install/status_interfaces/share/status_interfaces/cmake/status_interfaces__rosidl_typesupport_introspection_cppExport.cmake
[0.927s] -- Up-to-date: /home/uadmin/learning/learn4/learn4_topics_ws/install/status_interfaces/share/status_interfaces/cmake/status_interfaces__rosidl_typesupport_introspection_cppExport-noconfig.cmake
[0.927s] -- Up-to-date: /home/uadmin/learning/learn4/learn4_topics_ws/install/status_interfaces/share/status_interfaces/cmake/status_interfaces__rosidl_typesupport_cppExport.cmake
[0.927s] -- Up-to-date: /home/uadmin/learning/learn4/learn4_topics_ws/install/status_interfaces/share/status_interfaces/cmake/status_interfaces__rosidl_typesupport_cppExport-noconfig.cmake
[0.928s] -- Up-to-date: /home/uadmin/learning/learn4/learn4_topics_ws/install/status_interfaces/share/status_interfaces/cmake/export_status_interfaces__rosidl_generator_pyExport.cmake
[0.928s] -- Up-to-date: /home/uadmin/learning/learn4/learn4_topics_ws/install/status_interfaces/share/status_interfaces/cmake/export_status_interfaces__rosidl_generator_pyExport-noconfig.cmake
[0.928s] -- Up-to-date: /home/uadmin/learning/learn4/learn4_topics_ws/install/status_interfaces/share/status_interfaces/cmake/rosidl_cmake-extras.cmake
[0.928s] -- Up-to-date: /home/uadmin/learning/learn4/learn4_topics_ws/install/status_interfaces/share/status_interfaces/cmake/ament_cmake_export_dependencies-extras.cmake
[0.928s] -- Up-to-date: /home/uadmin/learning/learn4/learn4_topics_ws/install/status_interfaces/share/status_interfaces/cmake/ament_cmake_export_include_directories-extras.cmake
[0.928s] -- Up-to-date: /home/uadmin/learning/learn4/learn4_topics_ws/install/status_interfaces/share/status_interfaces/cmake/ament_cmake_export_libraries-extras.cmake
[0.928s] -- Up-to-date: /home/uadmin/learning/learn4/learn4_topics_ws/install/status_interfaces/share/status_interfaces/cmake/ament_cmake_export_targets-extras.cmake
[0.928s] -- Up-to-date: /home/uadmin/learning/learn4/learn4_topics_ws/install/status_interfaces/share/status_interfaces/cmake/rosidl_cmake_export_typesupport_targets-extras.cmake
[0.928s] -- Up-to-date: /home/uadmin/learning/learn4/learn4_topics_ws/install/status_interfaces/share/status_interfaces/cmake/rosidl_cmake_export_typesupport_libraries-extras.cmake
[0.928s] -- Up-to-date: /home/uadmin/learning/learn4/learn4_topics_ws/install/status_interfaces/share/status_interfaces/cmake/status_interfacesConfig.cmake
[0.928s] -- Up-to-date: /home/uadmin/learning/learn4/learn4_topics_ws/install/status_interfaces/share/status_interfaces/cmake/status_interfacesConfig-version.cmake
[0.928s] -- Up-to-date: /home/uadmin/learning/learn4/learn4_topics_ws/install/status_interfaces/share/status_interfaces/package.xml
[0.938s] Invoked command in '/home/uadmin/learning/learn4/learn4_topics_ws/build/status_interfaces' returned '0': CMAKE_PREFIX_PATH=/opt/ros/humble /usr/bin/cmake --install /home/uadmin/learning/learn4/learn4_topics_ws/build/status_interfaces
