running egg_info
creating ../build/demo_py_pkg_2/demo_py_pkg_2.egg-info
writing ../build/demo_py_pkg_2/demo_py_pkg_2.egg-info/PKG-INFO
writing dependency_links to ../build/demo_py_pkg_2/demo_py_pkg_2.egg-info/dependency_links.txt
writing entry points to ../build/demo_py_pkg_2/demo_py_pkg_2.egg-info/entry_points.txt
writing requirements to ../build/demo_py_pkg_2/demo_py_pkg_2.egg-info/requires.txt
writing top-level names to ../build/demo_py_pkg_2/demo_py_pkg_2.egg-info/top_level.txt
writing manifest file '../build/demo_py_pkg_2/demo_py_pkg_2.egg-info/SOURCES.txt'
reading manifest file '../build/demo_py_pkg_2/demo_py_pkg_2.egg-info/SOURCES.txt'
adding license file 'LICENSE'
writing manifest file '../build/demo_py_pkg_2/demo_py_pkg_2.egg-info/SOURCES.txt'
running build
running build_py
creating /home/uadmin/learning/learn3/learn3.1/build/demo_py_pkg_2/build
creating /home/uadmin/learning/learn3/learn3.1/build/demo_py_pkg_2/build/lib
creating /home/uadmin/learning/learn3/learn3.1/build/demo_py_pkg_2/build/lib/demo_py_pkg_2
copying demo_py_pkg_2/py_node.py -> /home/uadmin/learning/learn3/learn3.1/build/demo_py_pkg_2/build/lib/demo_py_pkg_2
copying demo_py_pkg_2/__init__.py -> /home/uadmin/learning/learn3/learn3.1/build/demo_py_pkg_2/build/lib/demo_py_pkg_2
running install
running install_lib
creating /home/uadmin/learning/learn3/learn3.1/install/demo_py_pkg_2/lib/python3.10/site-packages/demo_py_pkg_2
copying /home/uadmin/learning/learn3/learn3.1/build/demo_py_pkg_2/build/lib/demo_py_pkg_2/py_node.py -> /home/uadmin/learning/learn3/learn3.1/install/demo_py_pkg_2/lib/python3.10/site-packages/demo_py_pkg_2
copying /home/uadmin/learning/learn3/learn3.1/build/demo_py_pkg_2/build/lib/demo_py_pkg_2/__init__.py -> /home/uadmin/learning/learn3/learn3.1/install/demo_py_pkg_2/lib/python3.10/site-packages/demo_py_pkg_2
byte-compiling /home/uadmin/learning/learn3/learn3.1/install/demo_py_pkg_2/lib/python3.10/site-packages/demo_py_pkg_2/py_node.py to py_node.cpython-310.pyc
byte-compiling /home/uadmin/learning/learn3/learn3.1/install/demo_py_pkg_2/lib/python3.10/site-packages/demo_py_pkg_2/__init__.py to __init__.cpython-310.pyc
running install_data
creating /home/uadmin/learning/learn3/learn3.1/install/demo_py_pkg_2/share/ament_index
creating /home/uadmin/learning/learn3/learn3.1/install/demo_py_pkg_2/share/ament_index/resource_index
creating /home/uadmin/learning/learn3/learn3.1/install/demo_py_pkg_2/share/ament_index/resource_index/packages
copying resource/demo_py_pkg_2 -> /home/uadmin/learning/learn3/learn3.1/install/demo_py_pkg_2/share/ament_index/resource_index/packages
copying package.xml -> /home/uadmin/learning/learn3/learn3.1/install/demo_py_pkg_2/share/demo_py_pkg_2
running install_egg_info
Copying ../build/demo_py_pkg_2/demo_py_pkg_2.egg-info to /home/uadmin/learning/learn3/learn3.1/install/demo_py_pkg_2/lib/python3.10/site-packages/demo_py_pkg_2-0.0.0-py3.10.egg-info
running install_scripts
Installing py_node_3 script to /home/uadmin/learning/learn3/learn3.1/install/demo_py_pkg_2/lib/demo_py_pkg_2
writing list of installed files to '/home/uadmin/learning/learn3/learn3.1/build/demo_py_pkg_2/install.log'
