[0.429s] Invoking command in '/home/uadmin/learning/learn3/learn3.1/demo_py_pkg_2': PYTHONPATH=/home/uadmin/learning/learn3/learn3.1/build/demo_py_pkg_2/prefix_override:/usr/lib/python3/dist-packages/colcon_core/task/python/colcon_distutils_commands:/home/uadmin/learning/learn3/learn3.1/install/demo_py_pkg_2/lib/python3.10/site-packages:${PYTHONPATH} /usr/bin/python3 -W ignore:setup.py install is deprecated -W ignore:easy_install command is deprecated setup.py egg_info --egg-base ../build/demo_py_pkg_2 build --build-base /home/uadmin/learning/learn3/learn3.1/build/demo_py_pkg_2/build install --record /home/uadmin/learning/learn3/learn3.1/build/demo_py_pkg_2/install.log --single-version-externally-managed install_data
[0.602s] running egg_info
[0.603s] creating ../build/demo_py_pkg_2/demo_py_pkg_2.egg-info
[0.603s] writing ../build/demo_py_pkg_2/demo_py_pkg_2.egg-info/PKG-INFO
[0.603s] writing dependency_links to ../build/demo_py_pkg_2/demo_py_pkg_2.egg-info/dependency_links.txt
[0.603s] writing entry points to ../build/demo_py_pkg_2/demo_py_pkg_2.egg-info/entry_points.txt
[0.603s] writing requirements to ../build/demo_py_pkg_2/demo_py_pkg_2.egg-info/requires.txt
[0.603s] writing top-level names to ../build/demo_py_pkg_2/demo_py_pkg_2.egg-info/top_level.txt
[0.603s] writing manifest file '../build/demo_py_pkg_2/demo_py_pkg_2.egg-info/SOURCES.txt'
[0.603s] reading manifest file '../build/demo_py_pkg_2/demo_py_pkg_2.egg-info/SOURCES.txt'
[0.603s] adding license file 'LICENSE'
[0.604s] writing manifest file '../build/demo_py_pkg_2/demo_py_pkg_2.egg-info/SOURCES.txt'
[0.605s] running build
[0.605s] running build_py
[0.605s] creating /home/uadmin/learning/learn3/learn3.1/build/demo_py_pkg_2/build
[0.605s] creating /home/uadmin/learning/learn3/learn3.1/build/demo_py_pkg_2/build/lib
[0.605s] creating /home/uadmin/learning/learn3/learn3.1/build/demo_py_pkg_2/build/lib/demo_py_pkg_2
[0.605s] copying demo_py_pkg_2/py_node.py -> /home/uadmin/learning/learn3/learn3.1/build/demo_py_pkg_2/build/lib/demo_py_pkg_2
[0.605s] copying demo_py_pkg_2/__init__.py -> /home/uadmin/learning/learn3/learn3.1/build/demo_py_pkg_2/build/lib/demo_py_pkg_2
[0.605s] running install
[0.605s] running install_lib
[0.606s] creating /home/uadmin/learning/learn3/learn3.1/install/demo_py_pkg_2/lib/python3.10/site-packages/demo_py_pkg_2
[0.606s] copying /home/uadmin/learning/learn3/learn3.1/build/demo_py_pkg_2/build/lib/demo_py_pkg_2/py_node.py -> /home/uadmin/learning/learn3/learn3.1/install/demo_py_pkg_2/lib/python3.10/site-packages/demo_py_pkg_2
[0.606s] copying /home/uadmin/learning/learn3/learn3.1/build/demo_py_pkg_2/build/lib/demo_py_pkg_2/__init__.py -> /home/uadmin/learning/learn3/learn3.1/install/demo_py_pkg_2/lib/python3.10/site-packages/demo_py_pkg_2
[0.607s] byte-compiling /home/uadmin/learning/learn3/learn3.1/install/demo_py_pkg_2/lib/python3.10/site-packages/demo_py_pkg_2/py_node.py to py_node.cpython-310.pyc
[0.607s] byte-compiling /home/uadmin/learning/learn3/learn3.1/install/demo_py_pkg_2/lib/python3.10/site-packages/demo_py_pkg_2/__init__.py to __init__.cpython-310.pyc
[0.607s] running install_data
[0.607s] creating /home/uadmin/learning/learn3/learn3.1/install/demo_py_pkg_2/share/ament_index
[0.607s] creating /home/uadmin/learning/learn3/learn3.1/install/demo_py_pkg_2/share/ament_index/resource_index
[0.607s] creating /home/uadmin/learning/learn3/learn3.1/install/demo_py_pkg_2/share/ament_index/resource_index/packages
[0.608s] copying resource/demo_py_pkg_2 -> /home/uadmin/learning/learn3/learn3.1/install/demo_py_pkg_2/share/ament_index/resource_index/packages
[0.608s] copying package.xml -> /home/uadmin/learning/learn3/learn3.1/install/demo_py_pkg_2/share/demo_py_pkg_2
[0.608s] running install_egg_info
[0.609s] Copying ../build/demo_py_pkg_2/demo_py_pkg_2.egg-info to /home/uadmin/learning/learn3/learn3.1/install/demo_py_pkg_2/lib/python3.10/site-packages/demo_py_pkg_2-0.0.0-py3.10.egg-info
[0.609s] running install_scripts
[0.624s] Installing py_node_3 script to /home/uadmin/learning/learn3/learn3.1/install/demo_py_pkg_2/lib/demo_py_pkg_2
[0.624s] writing list of installed files to '/home/uadmin/learning/learn3/learn3.1/build/demo_py_pkg_2/install.log'
[0.639s] Invoked command in '/home/uadmin/learning/learn3/learn3.1/demo_py_pkg_2' returned '0': PYTHONPATH=/home/uadmin/learning/learn3/learn3.1/build/demo_py_pkg_2/prefix_override:/usr/lib/python3/dist-packages/colcon_core/task/python/colcon_distutils_commands:/home/uadmin/learning/learn3/learn3.1/install/demo_py_pkg_2/lib/python3.10/site-packages:${PYTHONPATH} /usr/bin/python3 -W ignore:setup.py install is deprecated -W ignore:easy_install command is deprecated setup.py egg_info --egg-base ../build/demo_py_pkg_2 build --build-base /home/uadmin/learning/learn3/learn3.1/build/demo_py_pkg_2/build install --record /home/uadmin/learning/learn3/learn3.1/build/demo_py_pkg_2/install.log --single-version-externally-managed install_data
