[0.017s] Invoking command in '/home/uadmin/learning/learn4/learn4_ws/build/learn4_cpp_pkg': CMAKE_PREFIX_PATH=/opt/ros/humble /usr/bin/cmake --build /home/uadmin/learning/learn4/learn4_ws/build/learn4_cpp_pkg -- -j2 -l2
[0.066s] -- Found ament_cmake: 1.3.11 (/opt/ros/humble/share/ament_cmake/cmake)
[0.186s] -- Found rclcpp: 16.0.12 (/opt/ros/humble/share/rclcpp/cmake)
[0.219s] -- Found rosidl_generator_c: 3.1.6 (/opt/ros/humble/share/rosidl_generator_c/cmake)
[0.227s] -- Found rosidl_adapter: 3.1.6 (/opt/ros/humble/share/rosidl_adapter/cmake)
[0.234s] -- Found rosidl_generator_cpp: 3.1.6 (/opt/ros/humble/share/rosidl_generator_cpp/cmake)
[0.243s] -- Using all available rosidl_typesupport_c: rosidl_typesupport_fastrtps_c;rosidl_typesupport_introspection_c
[0.260s] -- Using all available rosidl_typesupport_cpp: rosidl_typesupport_fastrtps_cpp;rosidl_typesupport_introspection_cpp
[0.286s] -- Found rmw_implementation_cmake: 6.1.2 (/opt/ros/humble/share/rmw_implementation_cmake/cmake)
[0.287s] -- Found rmw_fastrtps_cpp: 6.2.7 (/opt/ros/humble/share/rmw_fastrtps_cpp/cmake)
[0.380s] -- Using RMW implementation 'rmw_fastrtps_cpp' as default
[0.445s] -- Found geometry_msgs: 4.8.0 (/opt/ros/humble/share/geometry_msgs/cmake)
[0.456s] -- Found ament_lint_auto: 0.12.12 (/opt/ros/humble/share/ament_lint_auto/cmake)
[0.537s] -- Added test 'cppcheck' to perform static code analysis on C / C++ code
[0.538s] -- Configured cppcheck include dirs: 
[0.539s] -- Configured cppcheck exclude dirs and/or files: 
[0.540s] -- Added test 'lint_cmake' to check CMake code style
[0.542s] -- Added test 'uncrustify' to check C / C++ code style
[0.543s] -- Configured uncrustify additional arguments: 
[0.543s] -- Added test 'xmllint' to check XML markup files
[0.546s] -- Configuring done
[0.565s] -- Generating done
[0.573s] -- Build files have been written to: /home/uadmin/learning/learn4/learn4_ws/build/learn4_cpp_pkg
[0.606s] [ 50%] [32mBuilding CXX object CMakeFiles/turtle_cmd_node.dir/src/turtle_cmd_node.cpp.o[0m
[3.997s] [100%] [32m[1mLinking CXX executable turtle_cmd_node[0m
[4.207s] [100%] Built target turtle_cmd_node
[4.217s] Invoked command in '/home/uadmin/learning/learn4/learn4_ws/build/learn4_cpp_pkg' returned '0': CMAKE_PREFIX_PATH=/opt/ros/humble /usr/bin/cmake --build /home/uadmin/learning/learn4/learn4_ws/build/learn4_cpp_pkg -- -j2 -l2
[4.223s] Invoking command in '/home/uadmin/learning/learn4/learn4_ws/build/learn4_cpp_pkg': CMAKE_PREFIX_PATH=/opt/ros/humble /usr/bin/cmake --install /home/uadmin/learning/learn4/learn4_ws/build/learn4_cpp_pkg
[4.229s] -- Install configuration: ""
[4.229s] -- Installing: /home/uadmin/learning/learn4/learn4_ws/install/learn4_cpp_pkg/lib/learn4_cpp_pkg/turtle_cmd_node
[4.231s] -- Set runtime path of "/home/uadmin/learning/learn4/learn4_ws/install/learn4_cpp_pkg/lib/learn4_cpp_pkg/turtle_cmd_node" to ""
[4.231s] -- Installing: /home/uadmin/learning/learn4/learn4_ws/install/learn4_cpp_pkg/share/ament_index/resource_index/package_run_dependencies/learn4_cpp_pkg
[4.231s] -- Up-to-date: /home/uadmin/learning/learn4/learn4_ws/install/learn4_cpp_pkg/share/ament_index/resource_index/parent_prefix_path/learn4_cpp_pkg
[4.231s] -- Up-to-date: /home/uadmin/learning/learn4/learn4_ws/install/learn4_cpp_pkg/share/learn4_cpp_pkg/environment/ament_prefix_path.sh
[4.231s] -- Installing: /home/uadmin/learning/learn4/learn4_ws/install/learn4_cpp_pkg/share/learn4_cpp_pkg/environment/ament_prefix_path.dsv
[4.231s] -- Up-to-date: /home/uadmin/learning/learn4/learn4_ws/install/learn4_cpp_pkg/share/learn4_cpp_pkg/environment/path.sh
[4.232s] -- Installing: /home/uadmin/learning/learn4/learn4_ws/install/learn4_cpp_pkg/share/learn4_cpp_pkg/environment/path.dsv
[4.232s] -- Up-to-date: /home/uadmin/learning/learn4/learn4_ws/install/learn4_cpp_pkg/share/learn4_cpp_pkg/local_setup.bash
[4.233s] -- Up-to-date: /home/uadmin/learning/learn4/learn4_ws/install/learn4_cpp_pkg/share/learn4_cpp_pkg/local_setup.sh
[4.233s] -- Up-to-date: /home/uadmin/learning/learn4/learn4_ws/install/learn4_cpp_pkg/share/learn4_cpp_pkg/local_setup.zsh
[4.233s] -- Installing: /home/uadmin/learning/learn4/learn4_ws/install/learn4_cpp_pkg/share/learn4_cpp_pkg/local_setup.dsv
[4.233s] -- Installing: /home/uadmin/learning/learn4/learn4_ws/install/learn4_cpp_pkg/share/learn4_cpp_pkg/package.dsv
[4.233s] -- Up-to-date: /home/uadmin/learning/learn4/learn4_ws/install/learn4_cpp_pkg/share/ament_index/resource_index/packages/learn4_cpp_pkg
[4.233s] -- Up-to-date: /home/uadmin/learning/learn4/learn4_ws/install/learn4_cpp_pkg/share/learn4_cpp_pkg/cmake/learn4_cpp_pkgConfig.cmake
[4.233s] -- Up-to-date: /home/uadmin/learning/learn4/learn4_ws/install/learn4_cpp_pkg/share/learn4_cpp_pkg/cmake/learn4_cpp_pkgConfig-version.cmake
[4.234s] -- Installing: /home/uadmin/learning/learn4/learn4_ws/install/learn4_cpp_pkg/share/learn4_cpp_pkg/package.xml
[4.237s] Invoked command in '/home/uadmin/learning/learn4/learn4_ws/build/learn4_cpp_pkg' returned '0': CMAKE_PREFIX_PATH=/opt/ros/humble /usr/bin/cmake --install /home/uadmin/learning/learn4/learn4_ws/build/learn4_cpp_pkg
