[0.175s] DEBUG:colcon:Command line arguments: ['/usr/bin/colcon', 'build']
[0.175s] DEBUG:colcon:Parsed command line arguments: Namespace(log_base=None, log_level=None, verb_name='build', build_base='build', install_base='install', merge_install=False, symlink_install=False, test_result_base=None, continue_on_error=False, executor='parallel', parallel_workers=2, event_handlers=None, ignore_user_meta=False, metas=['./colcon.meta'], base_paths=['.'], packages_ignore=None, packages_ignore_regex=None, paths=None, packages_up_to=None, packages_up_to_regex=None, packages_above=None, packages_above_and_dependencies=None, packages_above_depth=None, packages_select_by_dep=None, packages_skip_by_dep=None, packages_skip_up_to=None, packages_select_build_failed=False, packages_skip_build_finished=False, packages_select_test_failures=False, packages_skip_test_passed=False, packages_select=None, packages_skip=None, packages_select_regex=None, packages_skip_regex=None, packages_start=None, packages_end=None, allow_overriding=[], cmake_args=None, cmake_target=None, cmake_target_skip_unavailable=False, cmake_clean_cache=False, cmake_clean_first=False, cmake_force_configure=False, ament_cmake_args=None, catkin_cmake_args=None, catkin_skip_building_tests=False, verb_parser=<colcon_defaults.argument_parser.defaults.DefaultArgumentsDecorator object at 0x70063b82b820>, verb_extension=<colcon_core.verb.build.BuildVerb object at 0x70063b82b280>, main=<bound method BuildVerb.main of <colcon_core.verb.build.BuildVerb object at 0x70063b82b280>>)
[0.361s] Level 1:colcon.colcon_core.package_discovery:discover_packages(colcon_meta) check parameters
[0.361s] Level 1:colcon.colcon_core.package_discovery:discover_packages(recursive) check parameters
[0.361s] Level 1:colcon.colcon_core.package_discovery:discover_packages(ignore) check parameters
[0.361s] Level 1:colcon.colcon_core.package_discovery:discover_packages(path) check parameters
[0.361s] Level 1:colcon.colcon_core.package_discovery:discover_packages(colcon_meta) discover
[0.361s] Level 1:colcon.colcon_core.package_discovery:discover_packages(recursive) discover
[0.361s] INFO:colcon.colcon_core.package_discovery:Crawling recursively for packages in '/home/uadmin/learning/learn5/learn5_cpp_ws'
[0.361s] Level 1:colcon.colcon_core.package_identification:_identify(.) by extensions ['ignore', 'ignore_ament_install']
[0.361s] Level 1:colcon.colcon_core.package_identification:_identify(.) by extension 'ignore'
[0.361s] Level 1:colcon.colcon_core.package_identification:_identify(.) by extension 'ignore_ament_install'
[0.361s] Level 1:colcon.colcon_core.package_identification:_identify(.) by extensions ['colcon_pkg']
[0.361s] Level 1:colcon.colcon_core.package_identification:_identify(.) by extension 'colcon_pkg'
[0.361s] Level 1:colcon.colcon_core.package_identification:_identify(.) by extensions ['colcon_meta']
[0.361s] Level 1:colcon.colcon_core.package_identification:_identify(.) by extension 'colcon_meta'
[0.361s] Level 1:colcon.colcon_core.package_identification:_identify(.) by extensions ['ros']
[0.361s] Level 1:colcon.colcon_core.package_identification:_identify(.) by extension 'ros'
[0.372s] Level 1:colcon.colcon_core.package_identification:_identify(.) by extensions ['cmake', 'python']
[0.372s] Level 1:colcon.colcon_core.package_identification:_identify(.) by extension 'cmake'
[0.372s] Level 1:colcon.colcon_core.package_identification:_identify(.) by extension 'python'
[0.372s] Level 1:colcon.colcon_core.package_identification:_identify(.) by extensions ['python_setup_py']
[0.372s] Level 1:colcon.colcon_core.package_identification:_identify(.) by extension 'python_setup_py'
[0.372s] Level 1:colcon.colcon_core.package_identification:_identify(build) by extensions ['ignore', 'ignore_ament_install']
[0.372s] Level 1:colcon.colcon_core.package_identification:_identify(build) by extension 'ignore'
[0.372s] Level 1:colcon.colcon_core.package_identification:_identify(build) ignored
[0.372s] Level 1:colcon.colcon_core.package_identification:_identify(install) by extensions ['ignore', 'ignore_ament_install']
[0.372s] Level 1:colcon.colcon_core.package_identification:_identify(install) by extension 'ignore'
[0.372s] Level 1:colcon.colcon_core.package_identification:_identify(install) ignored
[0.372s] Level 1:colcon.colcon_core.package_identification:_identify(log) by extensions ['ignore', 'ignore_ament_install']
[0.372s] Level 1:colcon.colcon_core.package_identification:_identify(log) by extension 'ignore'
[0.373s] Level 1:colcon.colcon_core.package_identification:_identify(log) ignored
[0.373s] Level 1:colcon.colcon_core.package_identification:_identify(src) by extensions ['ignore', 'ignore_ament_install']
[0.373s] Level 1:colcon.colcon_core.package_identification:_identify(src) by extension 'ignore'
[0.373s] Level 1:colcon.colcon_core.package_identification:_identify(src) by extension 'ignore_ament_install'
[0.373s] Level 1:colcon.colcon_core.package_identification:_identify(src) by extensions ['colcon_pkg']
[0.373s] Level 1:colcon.colcon_core.package_identification:_identify(src) by extension 'colcon_pkg'
[0.373s] Level 1:colcon.colcon_core.package_identification:_identify(src) by extensions ['colcon_meta']
[0.373s] Level 1:colcon.colcon_core.package_identification:_identify(src) by extension 'colcon_meta'
[0.373s] Level 1:colcon.colcon_core.package_identification:_identify(src) by extensions ['ros']
[0.373s] Level 1:colcon.colcon_core.package_identification:_identify(src) by extension 'ros'
[0.373s] Level 1:colcon.colcon_core.package_identification:_identify(src) by extensions ['cmake', 'python']
[0.373s] Level 1:colcon.colcon_core.package_identification:_identify(src) by extension 'cmake'
[0.373s] Level 1:colcon.colcon_core.package_identification:_identify(src) by extension 'python'
[0.373s] Level 1:colcon.colcon_core.package_identification:_identify(src) by extensions ['python_setup_py']
[0.373s] Level 1:colcon.colcon_core.package_identification:_identify(src) by extension 'python_setup_py'
[0.373s] Level 1:colcon.colcon_core.package_identification:_identify(src/learn5_cpp_client) by extensions ['ignore', 'ignore_ament_install']
[0.373s] Level 1:colcon.colcon_core.package_identification:_identify(src/learn5_cpp_client) by extension 'ignore'
[0.373s] Level 1:colcon.colcon_core.package_identification:_identify(src/learn5_cpp_client) by extension 'ignore_ament_install'
[0.373s] Level 1:colcon.colcon_core.package_identification:_identify(src/learn5_cpp_client) by extensions ['colcon_pkg']
[0.373s] Level 1:colcon.colcon_core.package_identification:_identify(src/learn5_cpp_client) by extension 'colcon_pkg'
[0.373s] Level 1:colcon.colcon_core.package_identification:_identify(src/learn5_cpp_client) by extensions ['colcon_meta']
[0.373s] Level 1:colcon.colcon_core.package_identification:_identify(src/learn5_cpp_client) by extension 'colcon_meta'
[0.373s] Level 1:colcon.colcon_core.package_identification:_identify(src/learn5_cpp_client) by extensions ['ros']
[0.374s] Level 1:colcon.colcon_core.package_identification:_identify(src/learn5_cpp_client) by extension 'ros'
[0.376s] DEBUG:colcon.colcon_core.package_identification:Package 'src/learn5_cpp_client' with type 'ros.ament_cmake' and name 'learn5_cpp_client'
[0.376s] Level 1:colcon.colcon_core.package_identification:_identify(src/learn5_cpp_interface) by extensions ['ignore', 'ignore_ament_install']
[0.376s] Level 1:colcon.colcon_core.package_identification:_identify(src/learn5_cpp_interface) by extension 'ignore'
[0.376s] Level 1:colcon.colcon_core.package_identification:_identify(src/learn5_cpp_interface) by extension 'ignore_ament_install'
[0.376s] Level 1:colcon.colcon_core.package_identification:_identify(src/learn5_cpp_interface) by extensions ['colcon_pkg']
[0.377s] Level 1:colcon.colcon_core.package_identification:_identify(src/learn5_cpp_interface) by extension 'colcon_pkg'
[0.377s] Level 1:colcon.colcon_core.package_identification:_identify(src/learn5_cpp_interface) by extensions ['colcon_meta']
[0.377s] Level 1:colcon.colcon_core.package_identification:_identify(src/learn5_cpp_interface) by extension 'colcon_meta'
[0.377s] Level 1:colcon.colcon_core.package_identification:_identify(src/learn5_cpp_interface) by extensions ['ros']
[0.377s] Level 1:colcon.colcon_core.package_identification:_identify(src/learn5_cpp_interface) by extension 'ros'
[0.377s] DEBUG:colcon.colcon_core.package_identification:Package 'src/learn5_cpp_interface' with type 'ros.ament_cmake' and name 'learn5_cpp_interface'
[0.377s] Level 1:colcon.colcon_core.package_identification:_identify(src/learn5_cpp_server) by extensions ['ignore', 'ignore_ament_install']
[0.377s] Level 1:colcon.colcon_core.package_identification:_identify(src/learn5_cpp_server) by extension 'ignore'
[0.377s] Level 1:colcon.colcon_core.package_identification:_identify(src/learn5_cpp_server) by extension 'ignore_ament_install'
[0.378s] Level 1:colcon.colcon_core.package_identification:_identify(src/learn5_cpp_server) by extensions ['colcon_pkg']
[0.378s] Level 1:colcon.colcon_core.package_identification:_identify(src/learn5_cpp_server) by extension 'colcon_pkg'
[0.378s] Level 1:colcon.colcon_core.package_identification:_identify(src/learn5_cpp_server) by extensions ['colcon_meta']
[0.378s] Level 1:colcon.colcon_core.package_identification:_identify(src/learn5_cpp_server) by extension 'colcon_meta'
[0.378s] Level 1:colcon.colcon_core.package_identification:_identify(src/learn5_cpp_server) by extensions ['ros']
[0.378s] Level 1:colcon.colcon_core.package_identification:_identify(src/learn5_cpp_server) by extension 'ros'
[0.378s] DEBUG:colcon.colcon_core.package_identification:Package 'src/learn5_cpp_server' with type 'ros.ament_cmake' and name 'learn5_cpp_server'
[0.378s] Level 1:colcon.colcon_core.package_discovery:discover_packages(recursive) using defaults
[0.378s] Level 1:colcon.colcon_core.package_discovery:discover_packages(ignore) discover
[0.378s] Level 1:colcon.colcon_core.package_discovery:discover_packages(ignore) using defaults
[0.378s] Level 1:colcon.colcon_core.package_discovery:discover_packages(path) discover
[0.378s] Level 1:colcon.colcon_core.package_discovery:discover_packages(path) using defaults
[0.401s] Level 1:colcon.colcon_core.package_discovery:discover_packages(prefix_path) check parameters
[0.401s] Level 1:colcon.colcon_core.package_discovery:discover_packages(prefix_path) discover
[0.406s] DEBUG:colcon.colcon_installed_package_information.package_discovery:Found 310 installed packages in /opt/ros/humble
[0.414s] Level 1:colcon.colcon_core.package_discovery:discover_packages(prefix_path) using defaults
[0.478s] Level 5:colcon.colcon_core.verb:set package 'learn5_cpp_interface' build argument 'cmake_args' from command line to 'None'
[0.478s] Level 5:colcon.colcon_core.verb:set package 'learn5_cpp_interface' build argument 'cmake_target' from command line to 'None'
[0.478s] Level 5:colcon.colcon_core.verb:set package 'learn5_cpp_interface' build argument 'cmake_target_skip_unavailable' from command line to 'False'
[0.478s] Level 5:colcon.colcon_core.verb:set package 'learn5_cpp_interface' build argument 'cmake_clean_cache' from command line to 'False'
[0.478s] Level 5:colcon.colcon_core.verb:set package 'learn5_cpp_interface' build argument 'cmake_clean_first' from command line to 'False'
[0.478s] Level 5:colcon.colcon_core.verb:set package 'learn5_cpp_interface' build argument 'cmake_force_configure' from command line to 'False'
[0.478s] Level 5:colcon.colcon_core.verb:set package 'learn5_cpp_interface' build argument 'ament_cmake_args' from command line to 'None'
[0.478s] Level 5:colcon.colcon_core.verb:set package 'learn5_cpp_interface' build argument 'catkin_cmake_args' from command line to 'None'
[0.478s] Level 5:colcon.colcon_core.verb:set package 'learn5_cpp_interface' build argument 'catkin_skip_building_tests' from command line to 'False'
[0.478s] DEBUG:colcon.colcon_core.verb:Building package 'learn5_cpp_interface' with the following arguments: {'ament_cmake_args': None, 'build_base': '/home/uadmin/learning/learn5/learn5_cpp_ws/build/learn5_cpp_interface', 'catkin_cmake_args': None, 'catkin_skip_building_tests': False, 'cmake_args': None, 'cmake_clean_cache': False, 'cmake_clean_first': False, 'cmake_force_configure': False, 'cmake_target': None, 'cmake_target_skip_unavailable': False, 'install_base': '/home/uadmin/learning/learn5/learn5_cpp_ws/install/learn5_cpp_interface', 'merge_install': False, 'path': '/home/uadmin/learning/learn5/learn5_cpp_ws/src/learn5_cpp_interface', 'symlink_install': False, 'test_result_base': None}
[0.479s] Level 5:colcon.colcon_core.verb:set package 'learn5_cpp_client' build argument 'cmake_args' from command line to 'None'
[0.479s] Level 5:colcon.colcon_core.verb:set package 'learn5_cpp_client' build argument 'cmake_target' from command line to 'None'
[0.479s] Level 5:colcon.colcon_core.verb:set package 'learn5_cpp_client' build argument 'cmake_target_skip_unavailable' from command line to 'False'
[0.479s] Level 5:colcon.colcon_core.verb:set package 'learn5_cpp_client' build argument 'cmake_clean_cache' from command line to 'False'
[0.479s] Level 5:colcon.colcon_core.verb:set package 'learn5_cpp_client' build argument 'cmake_clean_first' from command line to 'False'
[0.479s] Level 5:colcon.colcon_core.verb:set package 'learn5_cpp_client' build argument 'cmake_force_configure' from command line to 'False'
[0.479s] Level 5:colcon.colcon_core.verb:set package 'learn5_cpp_client' build argument 'ament_cmake_args' from command line to 'None'
[0.479s] Level 5:colcon.colcon_core.verb:set package 'learn5_cpp_client' build argument 'catkin_cmake_args' from command line to 'None'
[0.479s] Level 5:colcon.colcon_core.verb:set package 'learn5_cpp_client' build argument 'catkin_skip_building_tests' from command line to 'False'
[0.479s] DEBUG:colcon.colcon_core.verb:Building package 'learn5_cpp_client' with the following arguments: {'ament_cmake_args': None, 'build_base': '/home/uadmin/learning/learn5/learn5_cpp_ws/build/learn5_cpp_client', 'catkin_cmake_args': None, 'catkin_skip_building_tests': False, 'cmake_args': None, 'cmake_clean_cache': False, 'cmake_clean_first': False, 'cmake_force_configure': False, 'cmake_target': None, 'cmake_target_skip_unavailable': False, 'install_base': '/home/uadmin/learning/learn5/learn5_cpp_ws/install/learn5_cpp_client', 'merge_install': False, 'path': '/home/uadmin/learning/learn5/learn5_cpp_ws/src/learn5_cpp_client', 'symlink_install': False, 'test_result_base': None}
[0.479s] Level 5:colcon.colcon_core.verb:set package 'learn5_cpp_server' build argument 'cmake_args' from command line to 'None'
[0.479s] Level 5:colcon.colcon_core.verb:set package 'learn5_cpp_server' build argument 'cmake_target' from command line to 'None'
[0.479s] Level 5:colcon.colcon_core.verb:set package 'learn5_cpp_server' build argument 'cmake_target_skip_unavailable' from command line to 'False'
[0.479s] Level 5:colcon.colcon_core.verb:set package 'learn5_cpp_server' build argument 'cmake_clean_cache' from command line to 'False'
[0.479s] Level 5:colcon.colcon_core.verb:set package 'learn5_cpp_server' build argument 'cmake_clean_first' from command line to 'False'
[0.479s] Level 5:colcon.colcon_core.verb:set package 'learn5_cpp_server' build argument 'cmake_force_configure' from command line to 'False'
[0.479s] Level 5:colcon.colcon_core.verb:set package 'learn5_cpp_server' build argument 'ament_cmake_args' from command line to 'None'
[0.479s] Level 5:colcon.colcon_core.verb:set package 'learn5_cpp_server' build argument 'catkin_cmake_args' from command line to 'None'
[0.479s] Level 5:colcon.colcon_core.verb:set package 'learn5_cpp_server' build argument 'catkin_skip_building_tests' from command line to 'False'
[0.479s] DEBUG:colcon.colcon_core.verb:Building package 'learn5_cpp_server' with the following arguments: {'ament_cmake_args': None, 'build_base': '/home/uadmin/learning/learn5/learn5_cpp_ws/build/learn5_cpp_server', 'catkin_cmake_args': None, 'catkin_skip_building_tests': False, 'cmake_args': None, 'cmake_clean_cache': False, 'cmake_clean_first': False, 'cmake_force_configure': False, 'cmake_target': None, 'cmake_target_skip_unavailable': False, 'install_base': '/home/uadmin/learning/learn5/learn5_cpp_ws/install/learn5_cpp_server', 'merge_install': False, 'path': '/home/uadmin/learning/learn5/learn5_cpp_ws/src/learn5_cpp_server', 'symlink_install': False, 'test_result_base': None}
[0.479s] INFO:colcon.colcon_core.executor:Executing jobs using 'parallel' executor
[0.480s] DEBUG:colcon.colcon_parallel_executor.executor.parallel:run_until_complete
[0.480s] INFO:colcon.colcon_ros.task.ament_cmake.build:Building ROS package in '/home/uadmin/learning/learn5/learn5_cpp_ws/src/learn5_cpp_interface' with build type 'ament_cmake'
[0.481s] INFO:colcon.colcon_cmake.task.cmake.build:Building CMake package in '/home/uadmin/learning/learn5/learn5_cpp_ws/src/learn5_cpp_interface'
[0.486s] INFO:colcon.colcon_core.plugin_system:Skipping extension 'colcon_core.shell.bat': Not used on non-Windows systems
[0.486s] INFO:colcon.colcon_core.shell:Skip shell extension 'powershell' for command environment: Not usable outside of PowerShell
[0.487s] DEBUG:colcon.colcon_core.shell:Skip shell extension 'dsv' for command environment
[0.497s] DEBUG:colcon.colcon_core.event_handler.log_command:Invoking command in '/home/uadmin/learning/learn5/learn5_cpp_ws/build/learn5_cpp_interface': CMAKE_PREFIX_PATH=/opt/ros/humble /usr/bin/cmake --build /home/uadmin/learning/learn5/learn5_cpp_ws/build/learn5_cpp_interface -- -j2 -l2
[1.234s] DEBUG:colcon.colcon_core.event_handler.log_command:Invoked command in '/home/uadmin/learning/learn5/learn5_cpp_ws/build/learn5_cpp_interface' returned '0': CMAKE_PREFIX_PATH=/opt/ros/humble /usr/bin/cmake --build /home/uadmin/learning/learn5/learn5_cpp_ws/build/learn5_cpp_interface -- -j2 -l2
[1.246s] DEBUG:colcon.colcon_core.event_handler.log_command:Invoking command in '/home/uadmin/learning/learn5/learn5_cpp_ws/build/learn5_cpp_interface': CMAKE_PREFIX_PATH=/opt/ros/humble /usr/bin/cmake --install /home/uadmin/learning/learn5/learn5_cpp_ws/build/learn5_cpp_interface
[1.370s] Level 1:colcon.colcon_core.environment:create_environment_scripts_only(learn5_cpp_interface)
[1.371s] DEBUG:colcon.colcon_core.event_handler.log_command:Invoked command in '/home/uadmin/learning/learn5/learn5_cpp_ws/build/learn5_cpp_interface' returned '0': CMAKE_PREFIX_PATH=/opt/ros/humble /usr/bin/cmake --install /home/uadmin/learning/learn5/learn5_cpp_ws/build/learn5_cpp_interface
[1.376s] Level 1:colcon.colcon_core.environment:checking '/home/uadmin/learning/learn5/learn5_cpp_ws/install/learn5_cpp_interface' for CMake module files
[1.377s] Level 1:colcon.colcon_core.environment:checking '/home/uadmin/learning/learn5/learn5_cpp_ws/install/learn5_cpp_interface' for CMake config files
[1.377s] Level 1:colcon.colcon_core.shell:create_environment_hook('learn5_cpp_interface', 'cmake_prefix_path')
[1.377s] INFO:colcon.colcon_core.shell:Creating environment hook '/home/uadmin/learning/learn5/learn5_cpp_ws/install/learn5_cpp_interface/share/learn5_cpp_interface/hook/cmake_prefix_path.ps1'
[1.378s] INFO:colcon.colcon_core.shell:Creating environment descriptor '/home/uadmin/learning/learn5/learn5_cpp_ws/install/learn5_cpp_interface/share/learn5_cpp_interface/hook/cmake_prefix_path.dsv'
[1.381s] INFO:colcon.colcon_core.shell:Creating environment hook '/home/uadmin/learning/learn5/learn5_cpp_ws/install/learn5_cpp_interface/share/learn5_cpp_interface/hook/cmake_prefix_path.sh'
[1.382s] Level 1:colcon.colcon_core.environment:checking '/home/uadmin/learning/learn5/learn5_cpp_ws/install/learn5_cpp_interface/lib'
[1.382s] Level 1:colcon.colcon_core.shell:create_environment_hook('learn5_cpp_interface', 'ld_library_path_lib')
[1.382s] INFO:colcon.colcon_core.shell:Creating environment hook '/home/uadmin/learning/learn5/learn5_cpp_ws/install/learn5_cpp_interface/share/learn5_cpp_interface/hook/ld_library_path_lib.ps1'
[1.383s] INFO:colcon.colcon_core.shell:Creating environment descriptor '/home/uadmin/learning/learn5/learn5_cpp_ws/install/learn5_cpp_interface/share/learn5_cpp_interface/hook/ld_library_path_lib.dsv'
[1.383s] INFO:colcon.colcon_core.shell:Creating environment hook '/home/uadmin/learning/learn5/learn5_cpp_ws/install/learn5_cpp_interface/share/learn5_cpp_interface/hook/ld_library_path_lib.sh'
[1.383s] Level 1:colcon.colcon_core.environment:checking '/home/uadmin/learning/learn5/learn5_cpp_ws/install/learn5_cpp_interface/bin'
[1.383s] Level 1:colcon.colcon_core.environment:checking '/home/uadmin/learning/learn5/learn5_cpp_ws/install/learn5_cpp_interface/lib/pkgconfig/learn5_cpp_interface.pc'
[1.384s] Level 1:colcon.colcon_core.environment:checking '/home/uadmin/learning/learn5/learn5_cpp_ws/install/learn5_cpp_interface/lib/python3.10/site-packages'
[1.384s] Level 1:colcon.colcon_core.environment:checking '/home/uadmin/learning/learn5/learn5_cpp_ws/install/learn5_cpp_interface/bin'
[1.384s] INFO:colcon.colcon_core.shell:Creating package script '/home/uadmin/learning/learn5/learn5_cpp_ws/install/learn5_cpp_interface/share/learn5_cpp_interface/package.ps1'
[1.385s] INFO:colcon.colcon_core.shell:Creating package descriptor '/home/uadmin/learning/learn5/learn5_cpp_ws/install/learn5_cpp_interface/share/learn5_cpp_interface/package.dsv'
[1.385s] INFO:colcon.colcon_core.shell:Creating package script '/home/uadmin/learning/learn5/learn5_cpp_ws/install/learn5_cpp_interface/share/learn5_cpp_interface/package.sh'
[1.386s] INFO:colcon.colcon_core.shell:Creating package script '/home/uadmin/learning/learn5/learn5_cpp_ws/install/learn5_cpp_interface/share/learn5_cpp_interface/package.bash'
[1.388s] INFO:colcon.colcon_core.shell:Creating package script '/home/uadmin/learning/learn5/learn5_cpp_ws/install/learn5_cpp_interface/share/learn5_cpp_interface/package.zsh'
[1.390s] Level 1:colcon.colcon_core.environment:create_file_with_runtime_dependencies(/home/uadmin/learning/learn5/learn5_cpp_ws/install/learn5_cpp_interface/share/colcon-core/packages/learn5_cpp_interface)
[1.390s] Level 1:colcon.colcon_core.environment:create_environment_scripts_only(learn5_cpp_interface)
[1.390s] Level 1:colcon.colcon_core.environment:checking '/home/uadmin/learning/learn5/learn5_cpp_ws/install/learn5_cpp_interface' for CMake module files
[1.391s] Level 1:colcon.colcon_core.environment:checking '/home/uadmin/learning/learn5/learn5_cpp_ws/install/learn5_cpp_interface' for CMake config files
[1.391s] Level 1:colcon.colcon_core.shell:create_environment_hook('learn5_cpp_interface', 'cmake_prefix_path')
[1.391s] INFO:colcon.colcon_core.shell:Creating environment hook '/home/uadmin/learning/learn5/learn5_cpp_ws/install/learn5_cpp_interface/share/learn5_cpp_interface/hook/cmake_prefix_path.ps1'
[1.392s] INFO:colcon.colcon_core.shell:Creating environment descriptor '/home/uadmin/learning/learn5/learn5_cpp_ws/install/learn5_cpp_interface/share/learn5_cpp_interface/hook/cmake_prefix_path.dsv'
[1.392s] INFO:colcon.colcon_core.shell:Creating environment hook '/home/uadmin/learning/learn5/learn5_cpp_ws/install/learn5_cpp_interface/share/learn5_cpp_interface/hook/cmake_prefix_path.sh'
[1.392s] Level 1:colcon.colcon_core.environment:checking '/home/uadmin/learning/learn5/learn5_cpp_ws/install/learn5_cpp_interface/lib'
[1.392s] Level 1:colcon.colcon_core.shell:create_environment_hook('learn5_cpp_interface', 'ld_library_path_lib')
[1.392s] INFO:colcon.colcon_core.shell:Creating environment hook '/home/uadmin/learning/learn5/learn5_cpp_ws/install/learn5_cpp_interface/share/learn5_cpp_interface/hook/ld_library_path_lib.ps1'
[1.394s] INFO:colcon.colcon_core.shell:Creating environment descriptor '/home/uadmin/learning/learn5/learn5_cpp_ws/install/learn5_cpp_interface/share/learn5_cpp_interface/hook/ld_library_path_lib.dsv'
[1.394s] INFO:colcon.colcon_core.shell:Creating environment hook '/home/uadmin/learning/learn5/learn5_cpp_ws/install/learn5_cpp_interface/share/learn5_cpp_interface/hook/ld_library_path_lib.sh'
[1.395s] Level 1:colcon.colcon_core.environment:checking '/home/uadmin/learning/learn5/learn5_cpp_ws/install/learn5_cpp_interface/bin'
[1.395s] Level 1:colcon.colcon_core.environment:checking '/home/uadmin/learning/learn5/learn5_cpp_ws/install/learn5_cpp_interface/lib/pkgconfig/learn5_cpp_interface.pc'
[1.395s] Level 1:colcon.colcon_core.environment:checking '/home/uadmin/learning/learn5/learn5_cpp_ws/install/learn5_cpp_interface/lib/python3.10/site-packages'
[1.395s] Level 1:colcon.colcon_core.environment:checking '/home/uadmin/learning/learn5/learn5_cpp_ws/install/learn5_cpp_interface/bin'
[1.395s] INFO:colcon.colcon_core.shell:Creating package script '/home/uadmin/learning/learn5/learn5_cpp_ws/install/learn5_cpp_interface/share/learn5_cpp_interface/package.ps1'
[1.396s] INFO:colcon.colcon_core.shell:Creating package descriptor '/home/uadmin/learning/learn5/learn5_cpp_ws/install/learn5_cpp_interface/share/learn5_cpp_interface/package.dsv'
[1.397s] INFO:colcon.colcon_core.shell:Creating package script '/home/uadmin/learning/learn5/learn5_cpp_ws/install/learn5_cpp_interface/share/learn5_cpp_interface/package.sh'
[1.397s] INFO:colcon.colcon_core.shell:Creating package script '/home/uadmin/learning/learn5/learn5_cpp_ws/install/learn5_cpp_interface/share/learn5_cpp_interface/package.bash'
[1.397s] INFO:colcon.colcon_core.shell:Creating package script '/home/uadmin/learning/learn5/learn5_cpp_ws/install/learn5_cpp_interface/share/learn5_cpp_interface/package.zsh'
[1.398s] Level 1:colcon.colcon_core.environment:create_file_with_runtime_dependencies(/home/uadmin/learning/learn5/learn5_cpp_ws/install/learn5_cpp_interface/share/colcon-core/packages/learn5_cpp_interface)
[1.399s] INFO:colcon.colcon_ros.task.ament_cmake.build:Building ROS package in '/home/uadmin/learning/learn5/learn5_cpp_ws/src/learn5_cpp_client' with build type 'ament_cmake'
[1.399s] INFO:colcon.colcon_cmake.task.cmake.build:Building CMake package in '/home/uadmin/learning/learn5/learn5_cpp_ws/src/learn5_cpp_client'
[1.399s] INFO:colcon.colcon_core.shell:Skip shell extension 'powershell' for command environment: Not usable outside of PowerShell
[1.399s] DEBUG:colcon.colcon_core.shell:Skip shell extension 'dsv' for command environment
[1.404s] INFO:colcon.colcon_ros.task.ament_cmake.build:Building ROS package in '/home/uadmin/learning/learn5/learn5_cpp_ws/src/learn5_cpp_server' with build type 'ament_cmake'
[1.404s] INFO:colcon.colcon_cmake.task.cmake.build:Building CMake package in '/home/uadmin/learning/learn5/learn5_cpp_ws/src/learn5_cpp_server'
[1.404s] INFO:colcon.colcon_core.shell:Skip shell extension 'powershell' for command environment: Not usable outside of PowerShell
[1.404s] DEBUG:colcon.colcon_core.shell:Skip shell extension 'dsv' for command environment
[1.417s] DEBUG:colcon.colcon_core.event_handler.log_command:Invoking command in '/home/uadmin/learning/learn5/learn5_cpp_ws/build/learn5_cpp_client': AMENT_PREFIX_PATH=/home/uadmin/learning/learn5/learn5_cpp_ws/install/learn5_cpp_interface:${AMENT_PREFIX_PATH} CMAKE_PREFIX_PATH=/home/uadmin/learning/learn5/learn5_cpp_ws/install/learn5_cpp_interface:/opt/ros/humble LD_LIBRARY_PATH=/home/uadmin/learning/learn5/learn5_cpp_ws/install/learn5_cpp_interface/lib:${LD_LIBRARY_PATH} PYTHONPATH=/home/uadmin/learning/learn5/learn5_cpp_ws/install/learn5_cpp_interface/local/lib/python3.10/dist-packages:${PYTHONPATH} /usr/bin/cmake /home/uadmin/learning/learn5/learn5_cpp_ws/src/learn5_cpp_client -DCMAKE_INSTALL_PREFIX=/home/uadmin/learning/learn5/learn5_cpp_ws/install/learn5_cpp_client
[1.428s] DEBUG:colcon.colcon_core.event_handler.log_command:Invoking command in '/home/uadmin/learning/learn5/learn5_cpp_ws/build/learn5_cpp_server': AMENT_PREFIX_PATH=/home/uadmin/learning/learn5/learn5_cpp_ws/install/learn5_cpp_interface:${AMENT_PREFIX_PATH} CMAKE_PREFIX_PATH=/home/uadmin/learning/learn5/learn5_cpp_ws/install/learn5_cpp_interface:/opt/ros/humble LD_LIBRARY_PATH=/home/uadmin/learning/learn5/learn5_cpp_ws/install/learn5_cpp_interface/lib:${LD_LIBRARY_PATH} PYTHONPATH=/home/uadmin/learning/learn5/learn5_cpp_ws/install/learn5_cpp_interface/local/lib/python3.10/dist-packages:${PYTHONPATH} /usr/bin/cmake --build /home/uadmin/learning/learn5/learn5_cpp_ws/build/learn5_cpp_server -- -j2 -l2
[4.065s] DEBUG:colcon.colcon_core.event_handler.log_command:Invoked command in '/home/uadmin/learning/learn5/learn5_cpp_ws/build/learn5_cpp_client' returned '0': AMENT_PREFIX_PATH=/home/uadmin/learning/learn5/learn5_cpp_ws/install/learn5_cpp_interface:${AMENT_PREFIX_PATH} CMAKE_PREFIX_PATH=/home/uadmin/learning/learn5/learn5_cpp_ws/install/learn5_cpp_interface:/opt/ros/humble LD_LIBRARY_PATH=/home/uadmin/learning/learn5/learn5_cpp_ws/install/learn5_cpp_interface/lib:${LD_LIBRARY_PATH} PYTHONPATH=/home/uadmin/learning/learn5/learn5_cpp_ws/install/learn5_cpp_interface/local/lib/python3.10/dist-packages:${PYTHONPATH} /usr/bin/cmake /home/uadmin/learning/learn5/learn5_cpp_ws/src/learn5_cpp_client -DCMAKE_INSTALL_PREFIX=/home/uadmin/learning/learn5/learn5_cpp_ws/install/learn5_cpp_client
[4.066s] DEBUG:colcon.colcon_core.event_handler.log_command:Invoking command in '/home/uadmin/learning/learn5/learn5_cpp_ws/build/learn5_cpp_client': AMENT_PREFIX_PATH=/home/uadmin/learning/learn5/learn5_cpp_ws/install/learn5_cpp_interface:${AMENT_PREFIX_PATH} CMAKE_PREFIX_PATH=/home/uadmin/learning/learn5/learn5_cpp_ws/install/learn5_cpp_interface:/opt/ros/humble LD_LIBRARY_PATH=/home/uadmin/learning/learn5/learn5_cpp_ws/install/learn5_cpp_interface/lib:${LD_LIBRARY_PATH} PYTHONPATH=/home/uadmin/learning/learn5/learn5_cpp_ws/install/learn5_cpp_interface/local/lib/python3.10/dist-packages:${PYTHONPATH} /usr/bin/cmake --build /home/uadmin/learning/learn5/learn5_cpp_ws/build/learn5_cpp_client -- -j2 -l2
[7.357s] DEBUG:colcon.colcon_core.event_handler.log_command:Invoked command in '/home/uadmin/learning/learn5/learn5_cpp_ws/build/learn5_cpp_server' returned '0': AMENT_PREFIX_PATH=/home/uadmin/learning/learn5/learn5_cpp_ws/install/learn5_cpp_interface:${AMENT_PREFIX_PATH} CMAKE_PREFIX_PATH=/home/uadmin/learning/learn5/learn5_cpp_ws/install/learn5_cpp_interface:/opt/ros/humble LD_LIBRARY_PATH=/home/uadmin/learning/learn5/learn5_cpp_ws/install/learn5_cpp_interface/lib:${LD_LIBRARY_PATH} PYTHONPATH=/home/uadmin/learning/learn5/learn5_cpp_ws/install/learn5_cpp_interface/local/lib/python3.10/dist-packages:${PYTHONPATH} /usr/bin/cmake --build /home/uadmin/learning/learn5/learn5_cpp_ws/build/learn5_cpp_server -- -j2 -l2
[7.363s] DEBUG:colcon.colcon_core.event_handler.log_command:Invoking command in '/home/uadmin/learning/learn5/learn5_cpp_ws/build/learn5_cpp_server': AMENT_PREFIX_PATH=/home/uadmin/learning/learn5/learn5_cpp_ws/install/learn5_cpp_interface:${AMENT_PREFIX_PATH} CMAKE_PREFIX_PATH=/home/uadmin/learning/learn5/learn5_cpp_ws/install/learn5_cpp_interface:/opt/ros/humble LD_LIBRARY_PATH=/home/uadmin/learning/learn5/learn5_cpp_ws/install/learn5_cpp_interface/lib:${LD_LIBRARY_PATH} PYTHONPATH=/home/uadmin/learning/learn5/learn5_cpp_ws/install/learn5_cpp_interface/local/lib/python3.10/dist-packages:${PYTHONPATH} /usr/bin/cmake --install /home/uadmin/learning/learn5/learn5_cpp_ws/build/learn5_cpp_server
[7.387s] Level 1:colcon.colcon_core.environment:create_environment_scripts_only(learn5_cpp_server)
[7.387s] Level 1:colcon.colcon_core.environment:checking '/home/uadmin/learning/learn5/learn5_cpp_ws/install/learn5_cpp_server' for CMake module files
[7.388s] DEBUG:colcon.colcon_core.event_handler.log_command:Invoked command in '/home/uadmin/learning/learn5/learn5_cpp_ws/build/learn5_cpp_server' returned '0': AMENT_PREFIX_PATH=/home/uadmin/learning/learn5/learn5_cpp_ws/install/learn5_cpp_interface:${AMENT_PREFIX_PATH} CMAKE_PREFIX_PATH=/home/uadmin/learning/learn5/learn5_cpp_ws/install/learn5_cpp_interface:/opt/ros/humble LD_LIBRARY_PATH=/home/uadmin/learning/learn5/learn5_cpp_ws/install/learn5_cpp_interface/lib:${LD_LIBRARY_PATH} PYTHONPATH=/home/uadmin/learning/learn5/learn5_cpp_ws/install/learn5_cpp_interface/local/lib/python3.10/dist-packages:${PYTHONPATH} /usr/bin/cmake --install /home/uadmin/learning/learn5/learn5_cpp_ws/build/learn5_cpp_server
[7.388s] Level 1:colcon.colcon_core.environment:checking '/home/uadmin/learning/learn5/learn5_cpp_ws/install/learn5_cpp_server' for CMake config files
[7.391s] Level 1:colcon.colcon_core.shell:create_environment_hook('learn5_cpp_server', 'cmake_prefix_path')
[7.391s] INFO:colcon.colcon_core.shell:Creating environment hook '/home/uadmin/learning/learn5/learn5_cpp_ws/install/learn5_cpp_server/share/learn5_cpp_server/hook/cmake_prefix_path.ps1'
[7.392s] INFO:colcon.colcon_core.shell:Creating environment descriptor '/home/uadmin/learning/learn5/learn5_cpp_ws/install/learn5_cpp_server/share/learn5_cpp_server/hook/cmake_prefix_path.dsv'
[7.392s] INFO:colcon.colcon_core.shell:Creating environment hook '/home/uadmin/learning/learn5/learn5_cpp_ws/install/learn5_cpp_server/share/learn5_cpp_server/hook/cmake_prefix_path.sh'
[7.393s] Level 1:colcon.colcon_core.environment:checking '/home/uadmin/learning/learn5/learn5_cpp_ws/install/learn5_cpp_server/lib'
[7.393s] Level 1:colcon.colcon_core.environment:checking '/home/uadmin/learning/learn5/learn5_cpp_ws/install/learn5_cpp_server/bin'
[7.393s] Level 1:colcon.colcon_core.environment:checking '/home/uadmin/learning/learn5/learn5_cpp_ws/install/learn5_cpp_server/lib/pkgconfig/learn5_cpp_server.pc'
[7.397s] Level 1:colcon.colcon_core.environment:checking '/home/uadmin/learning/learn5/learn5_cpp_ws/install/learn5_cpp_server/lib/python3.10/site-packages'
[7.397s] Level 1:colcon.colcon_core.environment:checking '/home/uadmin/learning/learn5/learn5_cpp_ws/install/learn5_cpp_server/bin'
[7.397s] INFO:colcon.colcon_core.shell:Creating package script '/home/uadmin/learning/learn5/learn5_cpp_ws/install/learn5_cpp_server/share/learn5_cpp_server/package.ps1'
[7.398s] INFO:colcon.colcon_core.shell:Creating package descriptor '/home/uadmin/learning/learn5/learn5_cpp_ws/install/learn5_cpp_server/share/learn5_cpp_server/package.dsv'
[7.398s] INFO:colcon.colcon_core.shell:Creating package script '/home/uadmin/learning/learn5/learn5_cpp_ws/install/learn5_cpp_server/share/learn5_cpp_server/package.sh'
[7.399s] INFO:colcon.colcon_core.shell:Creating package script '/home/uadmin/learning/learn5/learn5_cpp_ws/install/learn5_cpp_server/share/learn5_cpp_server/package.bash'
[7.399s] INFO:colcon.colcon_core.shell:Creating package script '/home/uadmin/learning/learn5/learn5_cpp_ws/install/learn5_cpp_server/share/learn5_cpp_server/package.zsh'
[7.404s] Level 1:colcon.colcon_core.environment:create_file_with_runtime_dependencies(/home/uadmin/learning/learn5/learn5_cpp_ws/install/learn5_cpp_server/share/colcon-core/packages/learn5_cpp_server)
[7.405s] Level 1:colcon.colcon_core.environment:create_environment_scripts_only(learn5_cpp_server)
[7.405s] Level 1:colcon.colcon_core.environment:checking '/home/uadmin/learning/learn5/learn5_cpp_ws/install/learn5_cpp_server' for CMake module files
[7.405s] Level 1:colcon.colcon_core.environment:checking '/home/uadmin/learning/learn5/learn5_cpp_ws/install/learn5_cpp_server' for CMake config files
[7.406s] Level 1:colcon.colcon_core.shell:create_environment_hook('learn5_cpp_server', 'cmake_prefix_path')
[7.406s] INFO:colcon.colcon_core.shell:Creating environment hook '/home/uadmin/learning/learn5/learn5_cpp_ws/install/learn5_cpp_server/share/learn5_cpp_server/hook/cmake_prefix_path.ps1'
[7.408s] INFO:colcon.colcon_core.shell:Creating environment descriptor '/home/uadmin/learning/learn5/learn5_cpp_ws/install/learn5_cpp_server/share/learn5_cpp_server/hook/cmake_prefix_path.dsv'
[7.409s] INFO:colcon.colcon_core.shell:Creating environment hook '/home/uadmin/learning/learn5/learn5_cpp_ws/install/learn5_cpp_server/share/learn5_cpp_server/hook/cmake_prefix_path.sh'
[7.409s] Level 1:colcon.colcon_core.environment:checking '/home/uadmin/learning/learn5/learn5_cpp_ws/install/learn5_cpp_server/lib'
[7.409s] Level 1:colcon.colcon_core.environment:checking '/home/uadmin/learning/learn5/learn5_cpp_ws/install/learn5_cpp_server/bin'
[7.409s] Level 1:colcon.colcon_core.environment:checking '/home/uadmin/learning/learn5/learn5_cpp_ws/install/learn5_cpp_server/lib/pkgconfig/learn5_cpp_server.pc'
[7.410s] Level 1:colcon.colcon_core.environment:checking '/home/uadmin/learning/learn5/learn5_cpp_ws/install/learn5_cpp_server/lib/python3.10/site-packages'
[7.410s] Level 1:colcon.colcon_core.environment:checking '/home/uadmin/learning/learn5/learn5_cpp_ws/install/learn5_cpp_server/bin'
[7.410s] INFO:colcon.colcon_core.shell:Creating package script '/home/uadmin/learning/learn5/learn5_cpp_ws/install/learn5_cpp_server/share/learn5_cpp_server/package.ps1'
[7.411s] INFO:colcon.colcon_core.shell:Creating package descriptor '/home/uadmin/learning/learn5/learn5_cpp_ws/install/learn5_cpp_server/share/learn5_cpp_server/package.dsv'
[7.413s] INFO:colcon.colcon_core.shell:Creating package script '/home/uadmin/learning/learn5/learn5_cpp_ws/install/learn5_cpp_server/share/learn5_cpp_server/package.sh'
[7.413s] INFO:colcon.colcon_core.shell:Creating package script '/home/uadmin/learning/learn5/learn5_cpp_ws/install/learn5_cpp_server/share/learn5_cpp_server/package.bash'
[7.415s] INFO:colcon.colcon_core.shell:Creating package script '/home/uadmin/learning/learn5/learn5_cpp_ws/install/learn5_cpp_server/share/learn5_cpp_server/package.zsh'
[7.416s] Level 1:colcon.colcon_core.environment:create_file_with_runtime_dependencies(/home/uadmin/learning/learn5/learn5_cpp_ws/install/learn5_cpp_server/share/colcon-core/packages/learn5_cpp_server)
[8.898s] DEBUG:colcon.colcon_core.event_handler.log_command:Invoked command in '/home/uadmin/learning/learn5/learn5_cpp_ws/build/learn5_cpp_client' returned '0': AMENT_PREFIX_PATH=/home/uadmin/learning/learn5/learn5_cpp_ws/install/learn5_cpp_interface:${AMENT_PREFIX_PATH} CMAKE_PREFIX_PATH=/home/uadmin/learning/learn5/learn5_cpp_ws/install/learn5_cpp_interface:/opt/ros/humble LD_LIBRARY_PATH=/home/uadmin/learning/learn5/learn5_cpp_ws/install/learn5_cpp_interface/lib:${LD_LIBRARY_PATH} PYTHONPATH=/home/uadmin/learning/learn5/learn5_cpp_ws/install/learn5_cpp_interface/local/lib/python3.10/dist-packages:${PYTHONPATH} /usr/bin/cmake --build /home/uadmin/learning/learn5/learn5_cpp_ws/build/learn5_cpp_client -- -j2 -l2
[8.899s] DEBUG:colcon.colcon_core.event_handler.log_command:Invoking command in '/home/uadmin/learning/learn5/learn5_cpp_ws/build/learn5_cpp_client': AMENT_PREFIX_PATH=/home/uadmin/learning/learn5/learn5_cpp_ws/install/learn5_cpp_interface:${AMENT_PREFIX_PATH} CMAKE_PREFIX_PATH=/home/uadmin/learning/learn5/learn5_cpp_ws/install/learn5_cpp_interface:/opt/ros/humble LD_LIBRARY_PATH=/home/uadmin/learning/learn5/learn5_cpp_ws/install/learn5_cpp_interface/lib:${LD_LIBRARY_PATH} PYTHONPATH=/home/uadmin/learning/learn5/learn5_cpp_ws/install/learn5_cpp_interface/local/lib/python3.10/dist-packages:${PYTHONPATH} /usr/bin/cmake --install /home/uadmin/learning/learn5/learn5_cpp_ws/build/learn5_cpp_client
[8.926s] Level 1:colcon.colcon_core.environment:create_environment_scripts_only(learn5_cpp_client)
[8.926s] Level 1:colcon.colcon_core.environment:checking '/home/uadmin/learning/learn5/learn5_cpp_ws/install/learn5_cpp_client' for CMake module files
[8.927s] Level 1:colcon.colcon_core.environment:checking '/home/uadmin/learning/learn5/learn5_cpp_ws/install/learn5_cpp_client' for CMake config files
[8.927s] Level 1:colcon.colcon_core.shell:create_environment_hook('learn5_cpp_client', 'cmake_prefix_path')
[8.927s] INFO:colcon.colcon_core.shell:Creating environment hook '/home/uadmin/learning/learn5/learn5_cpp_ws/install/learn5_cpp_client/share/learn5_cpp_client/hook/cmake_prefix_path.ps1'
[8.928s] INFO:colcon.colcon_core.shell:Creating environment descriptor '/home/uadmin/learning/learn5/learn5_cpp_ws/install/learn5_cpp_client/share/learn5_cpp_client/hook/cmake_prefix_path.dsv'
[8.929s] DEBUG:colcon.colcon_core.event_handler.log_command:Invoked command in '/home/uadmin/learning/learn5/learn5_cpp_ws/build/learn5_cpp_client' returned '0': AMENT_PREFIX_PATH=/home/uadmin/learning/learn5/learn5_cpp_ws/install/learn5_cpp_interface:${AMENT_PREFIX_PATH} CMAKE_PREFIX_PATH=/home/uadmin/learning/learn5/learn5_cpp_ws/install/learn5_cpp_interface:/opt/ros/humble LD_LIBRARY_PATH=/home/uadmin/learning/learn5/learn5_cpp_ws/install/learn5_cpp_interface/lib:${LD_LIBRARY_PATH} PYTHONPATH=/home/uadmin/learning/learn5/learn5_cpp_ws/install/learn5_cpp_interface/local/lib/python3.10/dist-packages:${PYTHONPATH} /usr/bin/cmake --install /home/uadmin/learning/learn5/learn5_cpp_ws/build/learn5_cpp_client
[8.930s] INFO:colcon.colcon_core.shell:Creating environment hook '/home/uadmin/learning/learn5/learn5_cpp_ws/install/learn5_cpp_client/share/learn5_cpp_client/hook/cmake_prefix_path.sh'
[8.930s] Level 1:colcon.colcon_core.environment:checking '/home/uadmin/learning/learn5/learn5_cpp_ws/install/learn5_cpp_client/lib'
[8.930s] Level 1:colcon.colcon_core.environment:checking '/home/uadmin/learning/learn5/learn5_cpp_ws/install/learn5_cpp_client/bin'
[8.930s] Level 1:colcon.colcon_core.environment:checking '/home/uadmin/learning/learn5/learn5_cpp_ws/install/learn5_cpp_client/lib/pkgconfig/learn5_cpp_client.pc'
[8.931s] Level 1:colcon.colcon_core.environment:checking '/home/uadmin/learning/learn5/learn5_cpp_ws/install/learn5_cpp_client/lib/python3.10/site-packages'
[8.931s] Level 1:colcon.colcon_core.environment:checking '/home/uadmin/learning/learn5/learn5_cpp_ws/install/learn5_cpp_client/bin'
[8.932s] INFO:colcon.colcon_core.shell:Creating package script '/home/uadmin/learning/learn5/learn5_cpp_ws/install/learn5_cpp_client/share/learn5_cpp_client/package.ps1'
[8.932s] INFO:colcon.colcon_core.shell:Creating package descriptor '/home/uadmin/learning/learn5/learn5_cpp_ws/install/learn5_cpp_client/share/learn5_cpp_client/package.dsv'
[8.933s] INFO:colcon.colcon_core.shell:Creating package script '/home/uadmin/learning/learn5/learn5_cpp_ws/install/learn5_cpp_client/share/learn5_cpp_client/package.sh'
[8.934s] INFO:colcon.colcon_core.shell:Creating package script '/home/uadmin/learning/learn5/learn5_cpp_ws/install/learn5_cpp_client/share/learn5_cpp_client/package.bash'
[8.934s] INFO:colcon.colcon_core.shell:Creating package script '/home/uadmin/learning/learn5/learn5_cpp_ws/install/learn5_cpp_client/share/learn5_cpp_client/package.zsh'
[8.934s] Level 1:colcon.colcon_core.environment:create_file_with_runtime_dependencies(/home/uadmin/learning/learn5/learn5_cpp_ws/install/learn5_cpp_client/share/colcon-core/packages/learn5_cpp_client)
[8.935s] Level 1:colcon.colcon_core.environment:create_environment_scripts_only(learn5_cpp_client)
[8.936s] Level 1:colcon.colcon_core.environment:checking '/home/uadmin/learning/learn5/learn5_cpp_ws/install/learn5_cpp_client' for CMake module files
[8.937s] Level 1:colcon.colcon_core.environment:checking '/home/uadmin/learning/learn5/learn5_cpp_ws/install/learn5_cpp_client' for CMake config files
[8.937s] Level 1:colcon.colcon_core.shell:create_environment_hook('learn5_cpp_client', 'cmake_prefix_path')
[8.937s] INFO:colcon.colcon_core.shell:Creating environment hook '/home/uadmin/learning/learn5/learn5_cpp_ws/install/learn5_cpp_client/share/learn5_cpp_client/hook/cmake_prefix_path.ps1'
[8.937s] INFO:colcon.colcon_core.shell:Creating environment descriptor '/home/uadmin/learning/learn5/learn5_cpp_ws/install/learn5_cpp_client/share/learn5_cpp_client/hook/cmake_prefix_path.dsv'
[8.939s] INFO:colcon.colcon_core.shell:Creating environment hook '/home/uadmin/learning/learn5/learn5_cpp_ws/install/learn5_cpp_client/share/learn5_cpp_client/hook/cmake_prefix_path.sh'
[8.940s] Level 1:colcon.colcon_core.environment:checking '/home/uadmin/learning/learn5/learn5_cpp_ws/install/learn5_cpp_client/lib'
[8.940s] Level 1:colcon.colcon_core.environment:checking '/home/uadmin/learning/learn5/learn5_cpp_ws/install/learn5_cpp_client/bin'
[8.940s] Level 1:colcon.colcon_core.environment:checking '/home/uadmin/learning/learn5/learn5_cpp_ws/install/learn5_cpp_client/lib/pkgconfig/learn5_cpp_client.pc'
[8.940s] Level 1:colcon.colcon_core.environment:checking '/home/uadmin/learning/learn5/learn5_cpp_ws/install/learn5_cpp_client/lib/python3.10/site-packages'
[8.940s] Level 1:colcon.colcon_core.environment:checking '/home/uadmin/learning/learn5/learn5_cpp_ws/install/learn5_cpp_client/bin'
[8.941s] INFO:colcon.colcon_core.shell:Creating package script '/home/uadmin/learning/learn5/learn5_cpp_ws/install/learn5_cpp_client/share/learn5_cpp_client/package.ps1'
[8.942s] INFO:colcon.colcon_core.shell:Creating package descriptor '/home/uadmin/learning/learn5/learn5_cpp_ws/install/learn5_cpp_client/share/learn5_cpp_client/package.dsv'
[8.942s] INFO:colcon.colcon_core.shell:Creating package script '/home/uadmin/learning/learn5/learn5_cpp_ws/install/learn5_cpp_client/share/learn5_cpp_client/package.sh'
[8.943s] INFO:colcon.colcon_core.shell:Creating package script '/home/uadmin/learning/learn5/learn5_cpp_ws/install/learn5_cpp_client/share/learn5_cpp_client/package.bash'
[8.944s] INFO:colcon.colcon_core.shell:Creating package script '/home/uadmin/learning/learn5/learn5_cpp_ws/install/learn5_cpp_client/share/learn5_cpp_client/package.zsh'
[8.945s] Level 1:colcon.colcon_core.environment:create_file_with_runtime_dependencies(/home/uadmin/learning/learn5/learn5_cpp_ws/install/learn5_cpp_client/share/colcon-core/packages/learn5_cpp_client)
[8.946s] DEBUG:colcon.colcon_parallel_executor.executor.parallel:closing loop
[8.946s] DEBUG:colcon.colcon_parallel_executor.executor.parallel:loop closed
[8.946s] DEBUG:colcon.colcon_parallel_executor.executor.parallel:run_until_complete finished with '0'
[8.946s] DEBUG:colcon.colcon_core.event_reactor:joining thread
[8.958s] INFO:colcon.colcon_core.plugin_system:Skipping extension 'colcon_notification.desktop_notification.terminal_notifier': Not used on non-Darwin systems
[8.958s] INFO:colcon.colcon_core.plugin_system:Skipping extension 'colcon_notification.desktop_notification.win32': Not used on non-Windows systems
[8.958s] INFO:colcon.colcon_notification.desktop_notification:Sending desktop notification using 'notify2'
[9.237s] DEBUG:colcon.colcon_core.event_reactor:joined thread
[9.238s] INFO:colcon.colcon_core.shell:Creating prefix script '/home/uadmin/learning/learn5/learn5_cpp_ws/install/local_setup.ps1'
[9.239s] INFO:colcon.colcon_core.shell:Creating prefix util module '/home/uadmin/learning/learn5/learn5_cpp_ws/install/_local_setup_util_ps1.py'
[9.241s] INFO:colcon.colcon_core.shell:Creating prefix chain script '/home/uadmin/learning/learn5/learn5_cpp_ws/install/setup.ps1'
[9.243s] INFO:colcon.colcon_core.shell:Creating prefix script '/home/uadmin/learning/learn5/learn5_cpp_ws/install/local_setup.sh'
[9.243s] INFO:colcon.colcon_core.shell:Creating prefix util module '/home/uadmin/learning/learn5/learn5_cpp_ws/install/_local_setup_util_sh.py'
[9.244s] INFO:colcon.colcon_core.shell:Creating prefix chain script '/home/uadmin/learning/learn5/learn5_cpp_ws/install/setup.sh'
[9.246s] INFO:colcon.colcon_core.shell:Creating prefix script '/home/uadmin/learning/learn5/learn5_cpp_ws/install/local_setup.bash'
[9.246s] INFO:colcon.colcon_core.shell:Creating prefix chain script '/home/uadmin/learning/learn5/learn5_cpp_ws/install/setup.bash'
[9.247s] INFO:colcon.colcon_core.shell:Creating prefix script '/home/uadmin/learning/learn5/learn5_cpp_ws/install/local_setup.zsh'
[9.248s] INFO:colcon.colcon_core.shell:Creating prefix chain script '/home/uadmin/learning/learn5/learn5_cpp_ws/install/setup.zsh'
