[0.022s] Invoking command in '/home/uadmin/learning/learn4/learn4_topics_ws/build/status_display': CMAKE_PREFIX_PATH=${CMAKE_PREFIX_PATH}:/home/uadmin/learning/learn4/learn4_topics_ws/install/status_pub:/opt/ros/humble /usr/bin/cmake --build /home/uadmin/learning/learn4/learn4_topics_ws/build/status_display -- -j2 -l2
[0.106s] [35m[1mConsolidate compiler generated dependencies of target qt_hello[0m
[0.145s] [ 50%] [32mBuilding CXX object CMakeFiles/qt_hello.dir/src/qt_hello.cpp.o[0m
[2.825s] [01m[K/home/uadmin/learning/learn4/learn4_topics_ws/src/status_display/src/qt_hello.cpp:[m[K In member function ‘[01m[Kvoid QtDisplayNode::status_rec_callback(status_interfaces::msg::SystemStatus)[m[K’:
[2.825s] [01m[K/home/uadmin/learning/learn4/learn4_topics_ws/src/status_display/src/qt_hello.cpp:21:84:[m[K [01;35m[Kwarning: [m[Kunused parameter ‘[01m[Ksys_status[m[K’ [[01;35m[K]8;;https://gcc.gnu.org/onlinedocs/gcc/Warning-Options.html#index-Wunused-parameter-Wunused-parameter]8;;[m[K]
[2.825s]    21 | void QtDisplayNode::status_rec_callback([01;35m[Kconst status_interfaces::msg::SystemStatus sys_status[m[K)
[2.825s]       |                                         [01;35m[K~~~~~~~~~~~~~~~~~~~~~~~~~~~~~~~~~~~~~~~~~~~^~~~~~~~~~[m[K
[7.298s] [100%] [32m[1mLinking CXX executable qt_hello[0m
[7.793s] [100%] Built target qt_hello
[7.803s] Invoked command in '/home/uadmin/learning/learn4/learn4_topics_ws/build/status_display' returned '0': CMAKE_PREFIX_PATH=${CMAKE_PREFIX_PATH}:/home/uadmin/learning/learn4/learn4_topics_ws/install/status_pub:/opt/ros/humble /usr/bin/cmake --build /home/uadmin/learning/learn4/learn4_topics_ws/build/status_display -- -j2 -l2
[7.804s] Invoking command in '/home/uadmin/learning/learn4/learn4_topics_ws/build/status_display': CMAKE_PREFIX_PATH=${CMAKE_PREFIX_PATH}:/home/uadmin/learning/learn4/learn4_topics_ws/install/status_pub:/opt/ros/humble /usr/bin/cmake --install /home/uadmin/learning/learn4/learn4_topics_ws/build/status_display
[7.812s] -- Install configuration: ""
[7.813s] -- Installing: /home/uadmin/learning/learn4/learn4_topics_ws/install/status_display/lib/status_display/qt_hello
[7.816s] -- Set runtime path of "/home/uadmin/learning/learn4/learn4_topics_ws/install/status_display/lib/status_display/qt_hello" to ""
[7.816s] -- Installing: /home/uadmin/learning/learn4/learn4_topics_ws/install/status_display/share/ament_index/resource_index/package_run_dependencies/status_display
[7.817s] -- Installing: /home/uadmin/learning/learn4/learn4_topics_ws/install/status_display/share/ament_index/resource_index/parent_prefix_path/status_display
[7.817s] -- Up-to-date: /home/uadmin/learning/learn4/learn4_topics_ws/install/status_display/share/status_display/environment/ament_prefix_path.sh
[7.817s] -- Installing: /home/uadmin/learning/learn4/learn4_topics_ws/install/status_display/share/status_display/environment/ament_prefix_path.dsv
[7.817s] -- Up-to-date: /home/uadmin/learning/learn4/learn4_topics_ws/install/status_display/share/status_display/environment/path.sh
[7.818s] -- Installing: /home/uadmin/learning/learn4/learn4_topics_ws/install/status_display/share/status_display/environment/path.dsv
[7.818s] -- Up-to-date: /home/uadmin/learning/learn4/learn4_topics_ws/install/status_display/share/status_display/local_setup.bash
[7.818s] -- Up-to-date: /home/uadmin/learning/learn4/learn4_topics_ws/install/status_display/share/status_display/local_setup.sh
[7.818s] -- Up-to-date: /home/uadmin/learning/learn4/learn4_topics_ws/install/status_display/share/status_display/local_setup.zsh
[7.818s] -- Installing: /home/uadmin/learning/learn4/learn4_topics_ws/install/status_display/share/status_display/local_setup.dsv
[7.819s] -- Installing: /home/uadmin/learning/learn4/learn4_topics_ws/install/status_display/share/status_display/package.dsv
[7.819s] -- Up-to-date: /home/uadmin/learning/learn4/learn4_topics_ws/install/status_display/share/ament_index/resource_index/packages/status_display
[7.819s] -- Up-to-date: /home/uadmin/learning/learn4/learn4_topics_ws/install/status_display/share/status_display/cmake/status_displayConfig.cmake
[7.821s] -- Up-to-date: /home/uadmin/learning/learn4/learn4_topics_ws/install/status_display/share/status_display/cmake/status_displayConfig-version.cmake
[7.821s] -- Installing: /home/uadmin/learning/learn4/learn4_topics_ws/install/status_display/share/status_display/package.xml
[7.822s] Invoked command in '/home/uadmin/learning/learn4/learn4_topics_ws/build/status_display' returned '0': CMAKE_PREFIX_PATH=${CMAKE_PREFIX_PATH}:/home/uadmin/learning/learn4/learn4_topics_ws/install/status_pub:/opt/ros/humble /usr/bin/cmake --install /home/uadmin/learning/learn4/learn4_topics_ws/build/status_display
