[0.437s] Invoking command in '/home/uadmin/learning/learn3/learn3_ws/src/demo_py_pkg_2': AMENT_PREFIX_PATH=/home/uadmin/learning/learn3/learn3_ws/install/demo_cpp_nodes:${AMENT_PREFIX_PATH} CMAKE_PREFIX_PATH=/home/uadmin/learning/learn3/learn3_ws/install/demo_cpp_nodes PYTHONPATH=/home/uadmin/learning/learn3/learn3_ws/build/demo_py_pkg_2/prefix_override:/usr/lib/python3/dist-packages/colcon_core/task/python/colcon_distutils_commands:/home/uadmin/learning/learn3/learn3_ws/install/demo_py_pkg_2/lib/python3.10/site-packages:${PYTHONPATH} /usr/bin/python3 -W ignore:setup.py install is deprecated -W ignore:easy_install command is deprecated setup.py egg_info --egg-base ../../build/demo_py_pkg_2 build --build-base /home/uadmin/learning/learn3/learn3_ws/build/demo_py_pkg_2/build install --record /home/uadmin/learning/learn3/learn3_ws/build/demo_py_pkg_2/install.log --single-version-externally-managed install_data
[0.609s] running egg_info
[0.610s] creating ../../build/demo_py_pkg_2/demo_py_pkg_2.egg-info
[0.610s] writing ../../build/demo_py_pkg_2/demo_py_pkg_2.egg-info/PKG-INFO
[0.611s] writing dependency_links to ../../build/demo_py_pkg_2/demo_py_pkg_2.egg-info/dependency_links.txt
[0.611s] writing entry points to ../../build/demo_py_pkg_2/demo_py_pkg_2.egg-info/entry_points.txt
[0.611s] writing requirements to ../../build/demo_py_pkg_2/demo_py_pkg_2.egg-info/requires.txt
[0.611s] writing top-level names to ../../build/demo_py_pkg_2/demo_py_pkg_2.egg-info/top_level.txt
[0.612s] writing manifest file '../../build/demo_py_pkg_2/demo_py_pkg_2.egg-info/SOURCES.txt'
[0.613s] reading manifest file '../../build/demo_py_pkg_2/demo_py_pkg_2.egg-info/SOURCES.txt'
[0.613s] adding license file 'LICENSE'
[0.614s] writing manifest file '../../build/demo_py_pkg_2/demo_py_pkg_2.egg-info/SOURCES.txt'
[0.614s] running build
[0.614s] running build_py
[0.614s] creating /home/uadmin/learning/learn3/learn3_ws/build/demo_py_pkg_2/build
[0.615s] creating /home/uadmin/learning/learn3/learn3_ws/build/demo_py_pkg_2/build/lib
[0.615s] creating /home/uadmin/learning/learn3/learn3_ws/build/demo_py_pkg_2/build/lib/demo_py_pkg_2
[0.615s] copying demo_py_pkg_2/py_node.py -> /home/uadmin/learning/learn3/learn3_ws/build/demo_py_pkg_2/build/lib/demo_py_pkg_2
[0.615s] copying demo_py_pkg_2/__init__.py -> /home/uadmin/learning/learn3/learn3_ws/build/demo_py_pkg_2/build/lib/demo_py_pkg_2
[0.615s] running install
[0.615s] running install_lib
[0.616s] creating /home/uadmin/learning/learn3/learn3_ws/install/demo_py_pkg_2/lib/python3.10/site-packages/demo_py_pkg_2
[0.616s] copying /home/uadmin/learning/learn3/learn3_ws/build/demo_py_pkg_2/build/lib/demo_py_pkg_2/py_node.py -> /home/uadmin/learning/learn3/learn3_ws/install/demo_py_pkg_2/lib/python3.10/site-packages/demo_py_pkg_2
[0.616s] copying /home/uadmin/learning/learn3/learn3_ws/build/demo_py_pkg_2/build/lib/demo_py_pkg_2/__init__.py -> /home/uadmin/learning/learn3/learn3_ws/install/demo_py_pkg_2/lib/python3.10/site-packages/demo_py_pkg_2
[0.616s] byte-compiling /home/uadmin/learning/learn3/learn3_ws/install/demo_py_pkg_2/lib/python3.10/site-packages/demo_py_pkg_2/py_node.py to py_node.cpython-310.pyc
[0.616s] byte-compiling /home/uadmin/learning/learn3/learn3_ws/install/demo_py_pkg_2/lib/python3.10/site-packages/demo_py_pkg_2/__init__.py to __init__.cpython-310.pyc
[0.617s] running install_data
[0.617s] creating /home/uadmin/learning/learn3/learn3_ws/install/demo_py_pkg_2/share/ament_index
[0.617s] creating /home/uadmin/learning/learn3/learn3_ws/install/demo_py_pkg_2/share/ament_index/resource_index
[0.617s] creating /home/uadmin/learning/learn3/learn3_ws/install/demo_py_pkg_2/share/ament_index/resource_index/packages
[0.617s] copying resource/demo_py_pkg_2 -> /home/uadmin/learning/learn3/learn3_ws/install/demo_py_pkg_2/share/ament_index/resource_index/packages
[0.617s] copying package.xml -> /home/uadmin/learning/learn3/learn3_ws/install/demo_py_pkg_2/share/demo_py_pkg_2
[0.617s] running install_egg_info
[0.618s] Copying ../../build/demo_py_pkg_2/demo_py_pkg_2.egg-info to /home/uadmin/learning/learn3/learn3_ws/install/demo_py_pkg_2/lib/python3.10/site-packages/demo_py_pkg_2-0.0.0-py3.10.egg-info
[0.619s] running install_scripts
[0.634s] Installing py_node_3 script to /home/uadmin/learning/learn3/learn3_ws/install/demo_py_pkg_2/lib/demo_py_pkg_2
[0.635s] writing list of installed files to '/home/uadmin/learning/learn3/learn3_ws/build/demo_py_pkg_2/install.log'
[0.652s] Invoked command in '/home/uadmin/learning/learn3/learn3_ws/src/demo_py_pkg_2' returned '0': AMENT_PREFIX_PATH=/home/uadmin/learning/learn3/learn3_ws/install/demo_cpp_nodes:${AMENT_PREFIX_PATH} CMAKE_PREFIX_PATH=/home/uadmin/learning/learn3/learn3_ws/install/demo_cpp_nodes PYTHONPATH=/home/uadmin/learning/learn3/learn3_ws/build/demo_py_pkg_2/prefix_override:/usr/lib/python3/dist-packages/colcon_core/task/python/colcon_distutils_commands:/home/uadmin/learning/learn3/learn3_ws/install/demo_py_pkg_2/lib/python3.10/site-packages:${PYTHONPATH} /usr/bin/python3 -W ignore:setup.py install is deprecated -W ignore:easy_install command is deprecated setup.py egg_info --egg-base ../../build/demo_py_pkg_2 build --build-base /home/uadmin/learning/learn3/learn3_ws/build/demo_py_pkg_2/build install --record /home/uadmin/learning/learn3/learn3_ws/build/demo_py_pkg_2/install.log --single-version-externally-managed install_data
