[0.766s] Invoking command in '/home/uadmin/learning/learn3/learn3.1/demo_py_pkg_2': PYTHONPATH=/home/uadmin/learning/learn3/learn3.1/build/demo_py_pkg_2/prefix_override:/usr/lib/python3/dist-packages/colcon_core/task/python/colcon_distutils_commands:/home/uadmin/learning/learn3/learn3.1/install/demo_py_pkg_2/lib/python3.10/site-packages:${PYTHONPATH} /usr/bin/python3 -W ignore:setup.py install is deprecated -W ignore:easy_install command is deprecated setup.py egg_info --egg-base ../build/demo_py_pkg_2 build --build-base /home/uadmin/learning/learn3/learn3.1/build/demo_py_pkg_2/build install --record /home/uadmin/learning/learn3/learn3.1/build/demo_py_pkg_2/install.log --single-version-externally-managed install_data
[1.031s] running egg_info
[1.032s] writing ../build/demo_py_pkg_2/demo_py_pkg_2.egg-info/PKG-INFO
[1.033s] writing dependency_links to ../build/demo_py_pkg_2/demo_py_pkg_2.egg-info/dependency_links.txt
[1.034s] writing entry points to ../build/demo_py_pkg_2/demo_py_pkg_2.egg-info/entry_points.txt
[1.035s] writing requirements to ../build/demo_py_pkg_2/demo_py_pkg_2.egg-info/requires.txt
[1.035s] writing top-level names to ../build/demo_py_pkg_2/demo_py_pkg_2.egg-info/top_level.txt
[1.038s] reading manifest file '../build/demo_py_pkg_2/demo_py_pkg_2.egg-info/SOURCES.txt'
[1.038s] adding license file 'LICENSE'
[1.038s] writing manifest file '../build/demo_py_pkg_2/demo_py_pkg_2.egg-info/SOURCES.txt'
[1.038s] running build
[1.038s] running build_py
[1.039s] copying demo_py_pkg_2/py_node.py -> /home/uadmin/learning/learn3/learn3.1/build/demo_py_pkg_2/build/lib/demo_py_pkg_2
[1.039s] running install
[1.039s] running install_lib
[1.044s] copying /home/uadmin/learning/learn3/learn3.1/build/demo_py_pkg_2/build/lib/demo_py_pkg_2/py_node.py -> /home/uadmin/learning/learn3/learn3.1/install/demo_py_pkg_2/lib/python3.10/site-packages/demo_py_pkg_2
[1.044s] byte-compiling /home/uadmin/learning/learn3/learn3.1/install/demo_py_pkg_2/lib/python3.10/site-packages/demo_py_pkg_2/py_node.py to py_node.cpython-310.pyc
[1.044s] running install_data
[1.044s] running install_egg_info
[1.047s] removing '/home/uadmin/learning/learn3/learn3.1/install/demo_py_pkg_2/lib/python3.10/site-packages/demo_py_pkg_2-0.0.0-py3.10.egg-info' (and everything under it)
[1.047s] Copying ../build/demo_py_pkg_2/demo_py_pkg_2.egg-info to /home/uadmin/learning/learn3/learn3.1/install/demo_py_pkg_2/lib/python3.10/site-packages/demo_py_pkg_2-0.0.0-py3.10.egg-info
[1.050s] running install_scripts
[1.076s] Installing py_node_3 script to /home/uadmin/learning/learn3/learn3.1/install/demo_py_pkg_2/lib/demo_py_pkg_2
[1.077s] writing list of installed files to '/home/uadmin/learning/learn3/learn3.1/build/demo_py_pkg_2/install.log'
[1.098s] Invoked command in '/home/uadmin/learning/learn3/learn3.1/demo_py_pkg_2' returned '0': PYTHONPATH=/home/uadmin/learning/learn3/learn3.1/build/demo_py_pkg_2/prefix_override:/usr/lib/python3/dist-packages/colcon_core/task/python/colcon_distutils_commands:/home/uadmin/learning/learn3/learn3.1/install/demo_py_pkg_2/lib/python3.10/site-packages:${PYTHONPATH} /usr/bin/python3 -W ignore:setup.py install is deprecated -W ignore:easy_install command is deprecated setup.py egg_info --egg-base ../build/demo_py_pkg_2 build --build-base /home/uadmin/learning/learn3/learn3.1/build/demo_py_pkg_2/build install --record /home/uadmin/learning/learn3/learn3.1/build/demo_py_pkg_2/install.log --single-version-externally-managed install_data
