[0.608s] Invoking command in '/home/uadmin/learning/learn4/learn4_topics_ws/src/status_pub': AMENT_PREFIX_PATH=/home/uadmin/learning/learn4/learn4_topics_ws/install/status_interfaces:${AMENT_PREFIX_PATH} CMAKE_PREFIX_PATH=/home/uadmin/learning/learn4/learn4_topics_ws/install/status_interfaces LD_LIBRARY_PATH=/home/uadmin/learning/learn4/learn4_topics_ws/install/status_interfaces/lib:${LD_LIBRARY_PATH} PYTHONPATH=/home/uadmin/learning/learn4/learn4_topics_ws/build/status_pub/prefix_override:/usr/lib/python3/dist-packages/colcon_core/task/python/colcon_distutils_commands:/home/uadmin/learning/learn4/learn4_topics_ws/install/status_pub/lib/python3.10/site-packages:/home/uadmin/learning/learn4/learn4_topics_ws/install/status_interfaces/local/lib/python3.10/dist-packages:${PYTHONPATH} /usr/bin/python3 -W ignore:setup.py install is deprecated -W ignore:easy_install command is deprecated setup.py egg_info --egg-base ../../build/status_pub build --build-base /home/uadmin/learning/learn4/learn4_topics_ws/build/status_pub/build install --record /home/uadmin/learning/learn4/learn4_topics_ws/build/status_pub/install.log --single-version-externally-managed install_data
[0.822s] running egg_info
[0.823s] writing ../../build/status_pub/status_pub.egg-info/PKG-INFO
[0.824s] writing dependency_links to ../../build/status_pub/status_pub.egg-info/dependency_links.txt
[0.824s] writing entry points to ../../build/status_pub/status_pub.egg-info/entry_points.txt
[0.824s] writing requirements to ../../build/status_pub/status_pub.egg-info/requires.txt
[0.824s] writing top-level names to ../../build/status_pub/status_pub.egg-info/top_level.txt
[0.826s] reading manifest file '../../build/status_pub/status_pub.egg-info/SOURCES.txt'
[0.827s] adding license file 'LICENSE'
[0.828s] writing manifest file '../../build/status_pub/status_pub.egg-info/SOURCES.txt'
[0.828s] running build
[0.828s] running build_py
[0.829s] running install
[0.831s] running install_lib
[0.831s] running install_data
[0.831s] running install_egg_info
[0.835s] removing '/home/uadmin/learning/learn4/learn4_topics_ws/install/status_pub/lib/python3.10/site-packages/status_pub-0.0.0-py3.10.egg-info' (and everything under it)
[0.835s] Copying ../../build/status_pub/status_pub.egg-info to /home/uadmin/learning/learn4/learn4_topics_ws/install/status_pub/lib/python3.10/site-packages/status_pub-0.0.0-py3.10.egg-info
[0.837s] running install_scripts
[0.853s] Installing status_pub_node script to /home/uadmin/learning/learn4/learn4_topics_ws/install/status_pub/lib/status_pub
[0.854s] writing list of installed files to '/home/uadmin/learning/learn4/learn4_topics_ws/build/status_pub/install.log'
