[0.762s] Invoking command in '/home/uadmin/learning/learn5/learn5_ws/src/learn5_service': PYTHONPATH=/home/uadmin/learning/learn5/learn5_ws/build/learn5_service/prefix_override:/usr/lib/python3/dist-packages/colcon_core/task/python/colcon_distutils_commands:/home/uadmin/learning/learn5/learn5_ws/install/learn5_service/lib/python3.10/site-packages:${PYTHONPATH} /usr/bin/python3 -W ignore:setup.py install is deprecated -W ignore:easy_install command is deprecated setup.py egg_info --egg-base ../../build/learn5_service build --build-base /home/uadmin/learning/learn5/learn5_ws/build/learn5_service/build install --record /home/uadmin/learning/learn5/learn5_ws/build/learn5_service/install.log --single-version-externally-managed install_data
[0.985s] running egg_info
[0.985s] writing ../../build/learn5_service/learn5_service.egg-info/PKG-INFO
[0.986s] writing dependency_links to ../../build/learn5_service/learn5_service.egg-info/dependency_links.txt
[0.986s] writing entry points to ../../build/learn5_service/learn5_service.egg-info/entry_points.txt
[0.986s] writing requirements to ../../build/learn5_service/learn5_service.egg-info/requires.txt
[0.986s] writing top-level names to ../../build/learn5_service/learn5_service.egg-info/top_level.txt
[0.989s] reading manifest file '../../build/learn5_service/learn5_service.egg-info/SOURCES.txt'
[0.989s] adding license file 'LICENSE'
[0.989s] writing manifest file '../../build/learn5_service/learn5_service.egg-info/SOURCES.txt'
[0.989s] running build
[0.989s] running build_py
[0.989s] running install
[0.989s] running install_lib
[0.995s] running install_data
[0.995s] running install_egg_info
[0.995s] removing '/home/uadmin/learning/learn5/learn5_ws/install/learn5_service/lib/python3.10/site-packages/learn5_service-0.0.0-py3.10.egg-info' (and everything under it)
[0.995s] Copying ../../build/learn5_service/learn5_service.egg-info to /home/uadmin/learning/learn5/learn5_ws/install/learn5_service/lib/python3.10/site-packages/learn5_service-0.0.0-py3.10.egg-info
[0.995s] running install_scripts
[1.013s] Installing face_recog_node script to /home/uadmin/learning/learn5/learn5_ws/install/learn5_service/lib/learn5_service
[1.013s] writing list of installed files to '/home/uadmin/learning/learn5/learn5_ws/build/learn5_service/install.log'
[1.033s] Invoked command in '/home/uadmin/learning/learn5/learn5_ws/src/learn5_service' returned '0': PYTHONPATH=/home/uadmin/learning/learn5/learn5_ws/build/learn5_service/prefix_override:/usr/lib/python3/dist-packages/colcon_core/task/python/colcon_distutils_commands:/home/uadmin/learning/learn5/learn5_ws/install/learn5_service/lib/python3.10/site-packages:${PYTHONPATH} /usr/bin/python3 -W ignore:setup.py install is deprecated -W ignore:easy_install command is deprecated setup.py egg_info --egg-base ../../build/learn5_service build --build-base /home/uadmin/learning/learn5/learn5_ws/build/learn5_service/build install --record /home/uadmin/learning/learn5/learn5_ws/build/learn5_service/install.log --single-version-externally-managed install_data
