[0.482s] Invoking command in '/home/uadmin/learning/learn5/learn5_ws/src/learn5_service': PYTHONPATH=/home/uadmin/learning/learn5/learn5_ws/build/learn5_service/prefix_override:/usr/lib/python3/dist-packages/colcon_core/task/python/colcon_distutils_commands:/home/uadmin/learning/learn5/learn5_ws/install/learn5_service/lib/python3.10/site-packages:${PYTHONPATH} /usr/bin/python3 -W ignore:setup.py install is deprecated -W ignore:easy_install command is deprecated setup.py egg_info --egg-base ../../build/learn5_service build --build-base /home/uadmin/learning/learn5/learn5_ws/build/learn5_service/build install --record /home/uadmin/learning/learn5/learn5_ws/build/learn5_service/install.log --single-version-externally-managed install_data
[0.659s] running egg_info
[0.660s] writing ../../build/learn5_service/learn5_service.egg-info/PKG-INFO
[0.660s] writing dependency_links to ../../build/learn5_service/learn5_service.egg-info/dependency_links.txt
[0.660s] writing entry points to ../../build/learn5_service/learn5_service.egg-info/entry_points.txt
[0.660s] writing requirements to ../../build/learn5_service/learn5_service.egg-info/requires.txt
[0.660s] writing top-level names to ../../build/learn5_service/learn5_service.egg-info/top_level.txt
[0.661s] reading manifest file '../../build/learn5_service/learn5_service.egg-info/SOURCES.txt'
[0.662s] adding license file 'LICENSE'
[0.662s] writing manifest file '../../build/learn5_service/learn5_service.egg-info/SOURCES.txt'
[0.662s] running build
[0.662s] running build_py
[0.662s] copying learn5_service/face_recog_node.py -> /home/uadmin/learning/learn5/learn5_ws/build/learn5_service/build/lib/learn5_service
[0.663s] running install
[0.664s] running install_lib
[0.664s] copying /home/uadmin/learning/learn5/learn5_ws/build/learn5_service/build/lib/learn5_service/face_recog_node.py -> /home/uadmin/learning/learn5/learn5_ws/install/learn5_service/lib/python3.10/site-packages/learn5_service
[0.664s] byte-compiling /home/uadmin/learning/learn5/learn5_ws/install/learn5_service/lib/python3.10/site-packages/learn5_service/face_recog_node.py to face_recog_node.cpython-310.pyc
[0.664s] running install_data
[0.664s] running install_egg_info
[0.665s] removing '/home/uadmin/learning/learn5/learn5_ws/install/learn5_service/lib/python3.10/site-packages/learn5_service-0.0.0-py3.10.egg-info' (and everything under it)
[0.667s] Copying ../../build/learn5_service/learn5_service.egg-info to /home/uadmin/learning/learn5/learn5_ws/install/learn5_service/lib/python3.10/site-packages/learn5_service-0.0.0-py3.10.egg-info
[0.669s] running install_scripts
[0.684s] Installing face_recog_node script to /home/uadmin/learning/learn5/learn5_ws/install/learn5_service/lib/learn5_service
[0.684s] writing list of installed files to '/home/uadmin/learning/learn5/learn5_ws/build/learn5_service/install.log'
[0.704s] Invoked command in '/home/uadmin/learning/learn5/learn5_ws/src/learn5_service' returned '0': PYTHONPATH=/home/uadmin/learning/learn5/learn5_ws/build/learn5_service/prefix_override:/usr/lib/python3/dist-packages/colcon_core/task/python/colcon_distutils_commands:/home/uadmin/learning/learn5/learn5_ws/install/learn5_service/lib/python3.10/site-packages:${PYTHONPATH} /usr/bin/python3 -W ignore:setup.py install is deprecated -W ignore:easy_install command is deprecated setup.py egg_info --egg-base ../../build/learn5_service build --build-base /home/uadmin/learning/learn5/learn5_ws/build/learn5_service/build install --record /home/uadmin/learning/learn5/learn5_ws/build/learn5_service/install.log --single-version-externally-managed install_data
