-- Found ament_cmake: 1.3.11 (/opt/ros/humble/share/ament_cmake/cmake)
-- Found sensor_msgs: 4.8.0 (/opt/ros/humble/share/sensor_msgs/cmake)
-- Found rosidl_generator_c: 3.1.6 (/opt/ros/humble/share/rosidl_generator_c/cmake)
-- Found rosidl_adapter: 3.1.6 (/opt/ros/humble/share/rosidl_adapter/cmake)
-- Found rosidl_generator_cpp: 3.1.6 (/opt/ros/humble/share/rosidl_generator_cpp/cmake)
-- Using all available rosidl_typesupport_c: rosidl_typesupport_fastrtps_c;rosidl_typesupport_introspection_c
-- Using all available rosidl_typesupport_cpp: rosidl_typesupport_fastrtps_cpp;rosidl_typesupport_introspection_cpp
-- Found rosidl_default_generators: 1.2.0 (/opt/ros/humble/share/rosidl_default_generators/cmake)
-- Found ament_cmake_ros: 0.10.0 (/opt/ros/humble/share/ament_cmake_ros/cmake)
-- Using all available rosidl_typesupport_c: rosidl_typesupport_fastrtps_c;rosidl_typesupport_introspection_c
-- Using all available rosidl_typesupport_cpp: rosidl_typesupport_fastrtps_cpp;rosidl_typesupport_introspection_cpp
-- Found PythonInterp: /usr/bin/python3 (found suitable version "3.10.12", minimum required is "3.6") 
-- Found python_cmake_module: 0.10.0 (/opt/ros/humble/share/python_cmake_module/cmake)
-- Found PythonLibs: /usr/lib/x86_64-linux-gnu/libpython3.10.so (found suitable version "3.10.12", minimum required is "3.5") 
-- Using PYTHON_EXECUTABLE: /usr/bin/python3
-- Using PYTHON_INCLUDE_DIRS: /usr/include/python3.10
-- Using PYTHON_LIBRARIES: /usr/lib/x86_64-linux-gnu/libpython3.10.so
-- Found PythonExtra: .so  
-- Found ament_lint_auto: 0.12.12 (/opt/ros/humble/share/ament_lint_auto/cmake)
-- Added test 'lint_cmake' to check CMake code style
-- Added test 'xmllint' to check XML markup files
-- Configuring done
-- Generating done
-- Build files have been written to: /home/uadmin/learning/learn5/learn5_ws/build/learn5_interface
[  3%] [34m[1mGenerating C code for ROS interfaces[0m
[  6%] [34m[1mGenerating C++ code for ROS interfaces[0m
[  6%] Built target learn5_interface__cpp
[  6%] Built target ament_cmake_python_copy_learn5_interface
[  9%] [34m[1mGenerating C++ type support dispatch for ROS interfaces[0m
[ 12%] [32mBuilding C object CMakeFiles/learn5_interface__rosidl_generator_c.dir/rosidl_generator_c/learn5_interface/srv/detail/face_info__functions.c.o[0m
[ 16%] [32m[1mLinking C shared library liblearn5_interface__rosidl_generator_c.so[0m
[ 16%] Built target learn5_interface__rosidl_generator_c
[ 19%] [34m[1mGenerating C++ type support for eProsima Fast-RTPS[0m
[ 22%] [32mBuilding CXX object CMakeFiles/learn5_interface__rosidl_typesupport_cpp.dir/rosidl_typesupport_cpp/learn5_interface/srv/face_info__type_support.cpp.o[0m
[ 25%] [32mBuilding CXX object CMakeFiles/learn5_interface__rosidl_typesupport_fastrtps_cpp.dir/rosidl_typesupport_fastrtps_cpp/learn5_interface/srv/detail/dds_fastrtps/face_info__type_support.cpp.o[0m
[ 29%] [32m[1mLinking CXX shared library liblearn5_interface__rosidl_typesupport_cpp.so[0m
[ 29%] Built target learn5_interface__rosidl_typesupport_cpp
[ 32%] [34m[1mGenerating C introspection for ROS interfaces[0m
[ 35%] [32mBuilding C object CMakeFiles/learn5_interface__rosidl_typesupport_introspection_c.dir/rosidl_typesupport_introspection_c/learn5_interface/srv/detail/face_info__type_support.c.o[0m
[ 38%] [32m[1mLinking CXX shared library liblearn5_interface__rosidl_typesupport_fastrtps_cpp.so[0m
[ 41%] [32m[1mLinking C shared library liblearn5_interface__rosidl_typesupport_introspection_c.so[0m
[ 41%] Built target learn5_interface__rosidl_typesupport_fastrtps_cpp
[ 45%] [34m[1mGenerating C type support dispatch for ROS interfaces[0m
[ 45%] Built target learn5_interface__rosidl_typesupport_introspection_c
[ 48%] [34m[1mGenerating C++ introspection for ROS interfaces[0m
[ 51%] [32mBuilding CXX object CMakeFiles/learn5_interface__rosidl_typesupport_introspection_cpp.dir/rosidl_typesupport_introspection_cpp/learn5_interface/srv/detail/face_info__type_support.cpp.o[0m
[ 54%] [32mBuilding CXX object CMakeFiles/learn5_interface__rosidl_typesupport_c.dir/rosidl_typesupport_c/learn5_interface/srv/face_info__type_support.cpp.o[0m
[ 58%] [32m[1mLinking CXX shared library liblearn5_interface__rosidl_typesupport_c.so[0m
[ 58%] Built target learn5_interface__rosidl_typesupport_c
running egg_info
creating learn5_interface.egg-info
writing learn5_interface.egg-info/PKG-INFO
writing dependency_links to learn5_interface.egg-info/dependency_links.txt
writing top-level names to learn5_interface.egg-info/top_level.txt
writing manifest file 'learn5_interface.egg-info/SOURCES.txt'
reading manifest file 'learn5_interface.egg-info/SOURCES.txt'
writing manifest file 'learn5_interface.egg-info/SOURCES.txt'
[ 58%] Built target ament_cmake_python_build_learn5_interface_egg
[ 61%] [34m[1mGenerating C type support for eProsima Fast-RTPS[0m
[ 64%] [32m[1mLinking CXX shared library liblearn5_interface__rosidl_typesupport_introspection_cpp.so[0m
[ 64%] Built target learn5_interface__rosidl_typesupport_introspection_cpp
[ 67%] [32mBuilding CXX object CMakeFiles/learn5_interface__rosidl_typesupport_fastrtps_c.dir/rosidl_typesupport_fastrtps_c/learn5_interface/srv/detail/face_info__type_support_c.cpp.o[0m
[ 70%] [32m[1mLinking CXX shared library liblearn5_interface__rosidl_typesupport_fastrtps_c.so[0m
[ 70%] Built target learn5_interface__rosidl_typesupport_fastrtps_c
[ 70%] Built target learn5_interface
[ 74%] [34m[1mGenerating Python code for ROS interfaces[0m
[ 74%] Built target learn5_interface__py
[ 77%] [32mBuilding C object CMakeFiles/learn5_interface__rosidl_generator_py.dir/rosidl_generator_py/learn5_interface/srv/_face_info_s.c.o[0m
[ 80%] [32m[1mLinking C shared library rosidl_generator_py/learn5_interface/liblearn5_interface__rosidl_generator_py.so[0m
[ 80%] Built target learn5_interface__rosidl_generator_py
[ 83%] [32mBuilding C object CMakeFiles/learn5_interface__rosidl_typesupport_introspection_c__pyext.dir/rosidl_generator_py/learn5_interface/_learn5_interface_s.ep.rosidl_typesupport_introspection_c.c.o[0m
[ 87%] [32mBuilding C object CMakeFiles/learn5_interface__rosidl_typesupport_fastrtps_c__pyext.dir/rosidl_generator_py/learn5_interface/_learn5_interface_s.ep.rosidl_typesupport_fastrtps_c.c.o[0m
[ 90%] [32m[1mLinking C shared library rosidl_generator_py/learn5_interface/learn5_interface_s__rosidl_typesupport_introspection_c.cpython-310-x86_64-linux-gnu.so[0m
[ 93%] [32m[1mLinking C shared library rosidl_generator_py/learn5_interface/learn5_interface_s__rosidl_typesupport_fastrtps_c.cpython-310-x86_64-linux-gnu.so[0m
[ 93%] Built target learn5_interface__rosidl_typesupport_introspection_c__pyext
[ 96%] [32mBuilding C object CMakeFiles/learn5_interface__rosidl_typesupport_c__pyext.dir/rosidl_generator_py/learn5_interface/_learn5_interface_s.ep.rosidl_typesupport_c.c.o[0m
[ 96%] Built target learn5_interface__rosidl_typesupport_fastrtps_c__pyext
[100%] [32m[1mLinking C shared library rosidl_generator_py/learn5_interface/learn5_interface_s__rosidl_typesupport_c.cpython-310-x86_64-linux-gnu.so[0m
[100%] Built target learn5_interface__rosidl_typesupport_c__pyext
-- Install configuration: ""
-- Installing: /home/uadmin/learning/learn5/learn5_ws/install/learn5_interface/share/ament_index/resource_index/rosidl_interfaces/learn5_interface
-- Installing: /home/uadmin/learning/learn5/learn5_ws/install/learn5_interface/include/learn5_interface/learn5_interface
-- Installing: /home/uadmin/learning/learn5/learn5_ws/install/learn5_interface/include/learn5_interface/learn5_interface/srv
-- Installing: /home/uadmin/learning/learn5/learn5_ws/install/learn5_interface/include/learn5_interface/learn5_interface/srv/face_info.h
-- Installing: /home/uadmin/learning/learn5/learn5_ws/install/learn5_interface/include/learn5_interface/learn5_interface/srv/detail
-- Installing: /home/uadmin/learning/learn5/learn5_ws/install/learn5_interface/include/learn5_interface/learn5_interface/srv/detail/face_info__functions.h
-- Installing: /home/uadmin/learning/learn5/learn5_ws/install/learn5_interface/include/learn5_interface/learn5_interface/srv/detail/face_info__type_support.h
-- Installing: /home/uadmin/learning/learn5/learn5_ws/install/learn5_interface/include/learn5_interface/learn5_interface/srv/detail/face_info__functions.c
-- Installing: /home/uadmin/learning/learn5/learn5_ws/install/learn5_interface/include/learn5_interface/learn5_interface/srv/detail/face_info__struct.h
-- Installing: /home/uadmin/learning/learn5/learn5_ws/install/learn5_interface/include/learn5_interface/learn5_interface/msg
-- Installing: /home/uadmin/learning/learn5/learn5_ws/install/learn5_interface/include/learn5_interface/learn5_interface/msg/rosidl_generator_c__visibility_control.h
-- Installing: /home/uadmin/learning/learn5/learn5_ws/install/learn5_interface/share/learn5_interface/environment/library_path.sh
-- Installing: /home/uadmin/learning/learn5/learn5_ws/install/learn5_interface/share/learn5_interface/environment/library_path.dsv
-- Installing: /home/uadmin/learning/learn5/learn5_ws/install/learn5_interface/lib/liblearn5_interface__rosidl_generator_c.so
-- Set runtime path of "/home/uadmin/learning/learn5/learn5_ws/install/learn5_interface/lib/liblearn5_interface__rosidl_generator_c.so" to ""
-- Up-to-date: /home/uadmin/learning/learn5/learn5_ws/install/learn5_interface/include/learn5_interface/learn5_interface
-- Up-to-date: /home/uadmin/learning/learn5/learn5_ws/install/learn5_interface/include/learn5_interface/learn5_interface/srv
-- Up-to-date: /home/uadmin/learning/learn5/learn5_ws/install/learn5_interface/include/learn5_interface/learn5_interface/srv/detail
-- Installing: /home/uadmin/learning/learn5/learn5_ws/install/learn5_interface/include/learn5_interface/learn5_interface/srv/detail/face_info__rosidl_typesupport_fastrtps_c.h
-- Up-to-date: /home/uadmin/learning/learn5/learn5_ws/install/learn5_interface/include/learn5_interface/learn5_interface/msg
-- Installing: /home/uadmin/learning/learn5/learn5_ws/install/learn5_interface/include/learn5_interface/learn5_interface/msg/rosidl_typesupport_fastrtps_c__visibility_control.h
-- Installing: /home/uadmin/learning/learn5/learn5_ws/install/learn5_interface/lib/liblearn5_interface__rosidl_typesupport_fastrtps_c.so
-- Set runtime path of "/home/uadmin/learning/learn5/learn5_ws/install/learn5_interface/lib/liblearn5_interface__rosidl_typesupport_fastrtps_c.so" to ""
-- Up-to-date: /home/uadmin/learning/learn5/learn5_ws/install/learn5_interface/include/learn5_interface/learn5_interface
-- Up-to-date: /home/uadmin/learning/learn5/learn5_ws/install/learn5_interface/include/learn5_interface/learn5_interface/srv
-- Installing: /home/uadmin/learning/learn5/learn5_ws/install/learn5_interface/include/learn5_interface/learn5_interface/srv/face_info.hpp
-- Up-to-date: /home/uadmin/learning/learn5/learn5_ws/install/learn5_interface/include/learn5_interface/learn5_interface/srv/detail
-- Installing: /home/uadmin/learning/learn5/learn5_ws/install/learn5_interface/include/learn5_interface/learn5_interface/srv/detail/face_info__struct.hpp
-- Installing: /home/uadmin/learning/learn5/learn5_ws/install/learn5_interface/include/learn5_interface/learn5_interface/srv/detail/face_info__builder.hpp
-- Installing: /home/uadmin/learning/learn5/learn5_ws/install/learn5_interface/include/learn5_interface/learn5_interface/srv/detail/face_info__traits.hpp
-- Installing: /home/uadmin/learning/learn5/learn5_ws/install/learn5_interface/include/learn5_interface/learn5_interface/srv/detail/face_info__type_support.hpp
-- Up-to-date: /home/uadmin/learning/learn5/learn5_ws/install/learn5_interface/include/learn5_interface/learn5_interface/msg
-- Installing: /home/uadmin/learning/learn5/learn5_ws/install/learn5_interface/include/learn5_interface/learn5_interface/msg/rosidl_generator_cpp__visibility_control.hpp
-- Up-to-date: /home/uadmin/learning/learn5/learn5_ws/install/learn5_interface/include/learn5_interface/learn5_interface
-- Up-to-date: /home/uadmin/learning/learn5/learn5_ws/install/learn5_interface/include/learn5_interface/learn5_interface/srv
-- Up-to-date: /home/uadmin/learning/learn5/learn5_ws/install/learn5_interface/include/learn5_interface/learn5_interface/srv/detail
-- Installing: /home/uadmin/learning/learn5/learn5_ws/install/learn5_interface/include/learn5_interface/learn5_interface/srv/detail/dds_fastrtps
-- Installing: /home/uadmin/learning/learn5/learn5_ws/install/learn5_interface/include/learn5_interface/learn5_interface/srv/detail/face_info__rosidl_typesupport_fastrtps_cpp.hpp
-- Up-to-date: /home/uadmin/learning/learn5/learn5_ws/install/learn5_interface/include/learn5_interface/learn5_interface/msg
-- Installing: /home/uadmin/learning/learn5/learn5_ws/install/learn5_interface/include/learn5_interface/learn5_interface/msg/rosidl_typesupport_fastrtps_cpp__visibility_control.h
-- Installing: /home/uadmin/learning/learn5/learn5_ws/install/learn5_interface/lib/liblearn5_interface__rosidl_typesupport_fastrtps_cpp.so
-- Set runtime path of "/home/uadmin/learning/learn5/learn5_ws/install/learn5_interface/lib/liblearn5_interface__rosidl_typesupport_fastrtps_cpp.so" to ""
-- Up-to-date: /home/uadmin/learning/learn5/learn5_ws/install/learn5_interface/include/learn5_interface/learn5_interface
-- Up-to-date: /home/uadmin/learning/learn5/learn5_ws/install/learn5_interface/include/learn5_interface/learn5_interface/srv
-- Up-to-date: /home/uadmin/learning/learn5/learn5_ws/install/learn5_interface/include/learn5_interface/learn5_interface/srv/detail
-- Installing: /home/uadmin/learning/learn5/learn5_ws/install/learn5_interface/include/learn5_interface/learn5_interface/srv/detail/face_info__type_support.c
-- Installing: /home/uadmin/learning/learn5/learn5_ws/install/learn5_interface/include/learn5_interface/learn5_interface/srv/detail/face_info__rosidl_typesupport_introspection_c.h
-- Up-to-date: /home/uadmin/learning/learn5/learn5_ws/install/learn5_interface/include/learn5_interface/learn5_interface/msg
-- Installing: /home/uadmin/learning/learn5/learn5_ws/install/learn5_interface/include/learn5_interface/learn5_interface/msg/rosidl_typesupport_introspection_c__visibility_control.h
-- Installing: /home/uadmin/learning/learn5/learn5_ws/install/learn5_interface/lib/liblearn5_interface__rosidl_typesupport_introspection_c.so
-- Set runtime path of "/home/uadmin/learning/learn5/learn5_ws/install/learn5_interface/lib/liblearn5_interface__rosidl_typesupport_introspection_c.so" to ""
-- Installing: /home/uadmin/learning/learn5/learn5_ws/install/learn5_interface/lib/liblearn5_interface__rosidl_typesupport_c.so
-- Set runtime path of "/home/uadmin/learning/learn5/learn5_ws/install/learn5_interface/lib/liblearn5_interface__rosidl_typesupport_c.so" to ""
-- Up-to-date: /home/uadmin/learning/learn5/learn5_ws/install/learn5_interface/include/learn5_interface/learn5_interface
-- Up-to-date: /home/uadmin/learning/learn5/learn5_ws/install/learn5_interface/include/learn5_interface/learn5_interface/srv
-- Up-to-date: /home/uadmin/learning/learn5/learn5_ws/install/learn5_interface/include/learn5_interface/learn5_interface/srv/detail
-- Installing: /home/uadmin/learning/learn5/learn5_ws/install/learn5_interface/include/learn5_interface/learn5_interface/srv/detail/face_info__rosidl_typesupport_introspection_cpp.hpp
-- Installing: /home/uadmin/learning/learn5/learn5_ws/install/learn5_interface/include/learn5_interface/learn5_interface/srv/detail/face_info__type_support.cpp
-- Installing: /home/uadmin/learning/learn5/learn5_ws/install/learn5_interface/lib/liblearn5_interface__rosidl_typesupport_introspection_cpp.so
-- Set runtime path of "/home/uadmin/learning/learn5/learn5_ws/install/learn5_interface/lib/liblearn5_interface__rosidl_typesupport_introspection_cpp.so" to ""
-- Installing: /home/uadmin/learning/learn5/learn5_ws/install/learn5_interface/lib/liblearn5_interface__rosidl_typesupport_cpp.so
-- Set runtime path of "/home/uadmin/learning/learn5/learn5_ws/install/learn5_interface/lib/liblearn5_interface__rosidl_typesupport_cpp.so" to ""
-- Installing: /home/uadmin/learning/learn5/learn5_ws/install/learn5_interface/share/learn5_interface/environment/pythonpath.sh
-- Installing: /home/uadmin/learning/learn5/learn5_ws/install/learn5_interface/share/learn5_interface/environment/pythonpath.dsv
-- Installing: /home/uadmin/learning/learn5/learn5_ws/install/learn5_interface/local/lib/python3.10/dist-packages/learn5_interface-0.0.0-py3.10.egg-info
-- Installing: /home/uadmin/learning/learn5/learn5_ws/install/learn5_interface/local/lib/python3.10/dist-packages/learn5_interface-0.0.0-py3.10.egg-info/PKG-INFO
-- Installing: /home/uadmin/learning/learn5/learn5_ws/install/learn5_interface/local/lib/python3.10/dist-packages/learn5_interface-0.0.0-py3.10.egg-info/top_level.txt
-- Installing: /home/uadmin/learning/learn5/learn5_ws/install/learn5_interface/local/lib/python3.10/dist-packages/learn5_interface-0.0.0-py3.10.egg-info/SOURCES.txt
-- Installing: /home/uadmin/learning/learn5/learn5_ws/install/learn5_interface/local/lib/python3.10/dist-packages/learn5_interface-0.0.0-py3.10.egg-info/dependency_links.txt
-- Installing: /home/uadmin/learning/learn5/learn5_ws/install/learn5_interface/local/lib/python3.10/dist-packages/learn5_interface
-- Installing: /home/uadmin/learning/learn5/learn5_ws/install/learn5_interface/local/lib/python3.10/dist-packages/learn5_interface/learn5_interface_s__rosidl_typesupport_fastrtps_c.cpython-310-x86_64-linux-gnu.so
-- Installing: /home/uadmin/learning/learn5/learn5_ws/install/learn5_interface/local/lib/python3.10/dist-packages/learn5_interface/_learn5_interface_s.ep.rosidl_typesupport_c.c
-- Installing: /home/uadmin/learning/learn5/learn5_ws/install/learn5_interface/local/lib/python3.10/dist-packages/learn5_interface/srv
-- Installing: /home/uadmin/learning/learn5/learn5_ws/install/learn5_interface/local/lib/python3.10/dist-packages/learn5_interface/srv/_face_info.py
-- Installing: /home/uadmin/learning/learn5/learn5_ws/install/learn5_interface/local/lib/python3.10/dist-packages/learn5_interface/srv/_face_info_s.c
-- Installing: /home/uadmin/learning/learn5/learn5_ws/install/learn5_interface/local/lib/python3.10/dist-packages/learn5_interface/srv/__init__.py
-- Installing: /home/uadmin/learning/learn5/learn5_ws/install/learn5_interface/local/lib/python3.10/dist-packages/learn5_interface/_learn5_interface_s.ep.rosidl_typesupport_introspection_c.c
-- Installing: /home/uadmin/learning/learn5/learn5_ws/install/learn5_interface/local/lib/python3.10/dist-packages/learn5_interface/liblearn5_interface__rosidl_generator_py.so
-- Installing: /home/uadmin/learning/learn5/learn5_ws/install/learn5_interface/local/lib/python3.10/dist-packages/learn5_interface/_learn5_interface_s.ep.rosidl_typesupport_fastrtps_c.c
-- Installing: /home/uadmin/learning/learn5/learn5_ws/install/learn5_interface/local/lib/python3.10/dist-packages/learn5_interface/learn5_interface_s__rosidl_typesupport_c.cpython-310-x86_64-linux-gnu.so
-- Installing: /home/uadmin/learning/learn5/learn5_ws/install/learn5_interface/local/lib/python3.10/dist-packages/learn5_interface/__init__.py
-- Installing: /home/uadmin/learning/learn5/learn5_ws/install/learn5_interface/local/lib/python3.10/dist-packages/learn5_interface/learn5_interface_s__rosidl_typesupport_introspection_c.cpython-310-x86_64-linux-gnu.so
Listing '/home/uadmin/learning/learn5/learn5_ws/install/learn5_interface/local/lib/python3.10/dist-packages/learn5_interface'...
Compiling '/home/uadmin/learning/learn5/learn5_ws/install/learn5_interface/local/lib/python3.10/dist-packages/learn5_interface/__init__.py'...
Listing '/home/uadmin/learning/learn5/learn5_ws/install/learn5_interface/local/lib/python3.10/dist-packages/learn5_interface/srv'...
Compiling '/home/uadmin/learning/learn5/learn5_ws/install/learn5_interface/local/lib/python3.10/dist-packages/learn5_interface/srv/__init__.py'...
Compiling '/home/uadmin/learning/learn5/learn5_ws/install/learn5_interface/local/lib/python3.10/dist-packages/learn5_interface/srv/_face_info.py'...
-- Installing: /home/uadmin/learning/learn5/learn5_ws/install/learn5_interface/local/lib/python3.10/dist-packages/learn5_interface/learn5_interface_s__rosidl_typesupport_fastrtps_c.cpython-310-x86_64-linux-gnu.so
-- Set runtime path of "/home/uadmin/learning/learn5/learn5_ws/install/learn5_interface/local/lib/python3.10/dist-packages/learn5_interface/learn5_interface_s__rosidl_typesupport_fastrtps_c.cpython-310-x86_64-linux-gnu.so" to ""
-- Installing: /home/uadmin/learning/learn5/learn5_ws/install/learn5_interface/local/lib/python3.10/dist-packages/learn5_interface/learn5_interface_s__rosidl_typesupport_introspection_c.cpython-310-x86_64-linux-gnu.so
-- Set runtime path of "/home/uadmin/learning/learn5/learn5_ws/install/learn5_interface/local/lib/python3.10/dist-packages/learn5_interface/learn5_interface_s__rosidl_typesupport_introspection_c.cpython-310-x86_64-linux-gnu.so" to ""
-- Installing: /home/uadmin/learning/learn5/learn5_ws/install/learn5_interface/local/lib/python3.10/dist-packages/learn5_interface/learn5_interface_s__rosidl_typesupport_c.cpython-310-x86_64-linux-gnu.so
-- Set runtime path of "/home/uadmin/learning/learn5/learn5_ws/install/learn5_interface/local/lib/python3.10/dist-packages/learn5_interface/learn5_interface_s__rosidl_typesupport_c.cpython-310-x86_64-linux-gnu.so" to ""
-- Installing: /home/uadmin/learning/learn5/learn5_ws/install/learn5_interface/lib/liblearn5_interface__rosidl_generator_py.so
-- Set runtime path of "/home/uadmin/learning/learn5/learn5_ws/install/learn5_interface/lib/liblearn5_interface__rosidl_generator_py.so" to ""
-- Installing: /home/uadmin/learning/learn5/learn5_ws/install/learn5_interface/share/learn5_interface/srv/FaceInfo.idl
-- Installing: /home/uadmin/learning/learn5/learn5_ws/install/learn5_interface/share/learn5_interface/srv/FaceInfo.srv
-- Installing: /home/uadmin/learning/learn5/learn5_ws/install/learn5_interface/share/learn5_interface/srv/FaceInfo_Request.msg
-- Installing: /home/uadmin/learning/learn5/learn5_ws/install/learn5_interface/share/learn5_interface/srv/FaceInfo_Response.msg
-- Installing: /home/uadmin/learning/learn5/learn5_ws/install/learn5_interface/share/ament_index/resource_index/package_run_dependencies/learn5_interface
-- Installing: /home/uadmin/learning/learn5/learn5_ws/install/learn5_interface/share/ament_index/resource_index/parent_prefix_path/learn5_interface
-- Installing: /home/uadmin/learning/learn5/learn5_ws/install/learn5_interface/share/learn5_interface/environment/ament_prefix_path.sh
-- Installing: /home/uadmin/learning/learn5/learn5_ws/install/learn5_interface/share/learn5_interface/environment/ament_prefix_path.dsv
-- Installing: /home/uadmin/learning/learn5/learn5_ws/install/learn5_interface/share/learn5_interface/environment/path.sh
-- Installing: /home/uadmin/learning/learn5/learn5_ws/install/learn5_interface/share/learn5_interface/environment/path.dsv
-- Installing: /home/uadmin/learning/learn5/learn5_ws/install/learn5_interface/share/learn5_interface/local_setup.bash
-- Installing: /home/uadmin/learning/learn5/learn5_ws/install/learn5_interface/share/learn5_interface/local_setup.sh
-- Installing: /home/uadmin/learning/learn5/learn5_ws/install/learn5_interface/share/learn5_interface/local_setup.zsh
-- Installing: /home/uadmin/learning/learn5/learn5_ws/install/learn5_interface/share/learn5_interface/local_setup.dsv
-- Installing: /home/uadmin/learning/learn5/learn5_ws/install/learn5_interface/share/learn5_interface/package.dsv
-- Installing: /home/uadmin/learning/learn5/learn5_ws/install/learn5_interface/share/ament_index/resource_index/packages/learn5_interface
-- Installing: /home/uadmin/learning/learn5/learn5_ws/install/learn5_interface/share/learn5_interface/cmake/export_learn5_interface__rosidl_generator_cExport.cmake
-- Installing: /home/uadmin/learning/learn5/learn5_ws/install/learn5_interface/share/learn5_interface/cmake/export_learn5_interface__rosidl_generator_cExport-noconfig.cmake
-- Installing: /home/uadmin/learning/learn5/learn5_ws/install/learn5_interface/share/learn5_interface/cmake/export_learn5_interface__rosidl_typesupport_fastrtps_cExport.cmake
-- Installing: /home/uadmin/learning/learn5/learn5_ws/install/learn5_interface/share/learn5_interface/cmake/export_learn5_interface__rosidl_typesupport_fastrtps_cExport-noconfig.cmake
-- Installing: /home/uadmin/learning/learn5/learn5_ws/install/learn5_interface/share/learn5_interface/cmake/export_learn5_interface__rosidl_generator_cppExport.cmake
-- Installing: /home/uadmin/learning/learn5/learn5_ws/install/learn5_interface/share/learn5_interface/cmake/export_learn5_interface__rosidl_typesupport_fastrtps_cppExport.cmake
-- Installing: /home/uadmin/learning/learn5/learn5_ws/install/learn5_interface/share/learn5_interface/cmake/export_learn5_interface__rosidl_typesupport_fastrtps_cppExport-noconfig.cmake
-- Installing: /home/uadmin/learning/learn5/learn5_ws/install/learn5_interface/share/learn5_interface/cmake/learn5_interface__rosidl_typesupport_introspection_cExport.cmake
-- Installing: /home/uadmin/learning/learn5/learn5_ws/install/learn5_interface/share/learn5_interface/cmake/learn5_interface__rosidl_typesupport_introspection_cExport-noconfig.cmake
-- Installing: /home/uadmin/learning/learn5/learn5_ws/install/learn5_interface/share/learn5_interface/cmake/learn5_interface__rosidl_typesupport_cExport.cmake
-- Installing: /home/uadmin/learning/learn5/learn5_ws/install/learn5_interface/share/learn5_interface/cmake/learn5_interface__rosidl_typesupport_cExport-noconfig.cmake
-- Installing: /home/uadmin/learning/learn5/learn5_ws/install/learn5_interface/share/learn5_interface/cmake/learn5_interface__rosidl_typesupport_introspection_cppExport.cmake
-- Installing: /home/uadmin/learning/learn5/learn5_ws/install/learn5_interface/share/learn5_interface/cmake/learn5_interface__rosidl_typesupport_introspection_cppExport-noconfig.cmake
-- Installing: /home/uadmin/learning/learn5/learn5_ws/install/learn5_interface/share/learn5_interface/cmake/learn5_interface__rosidl_typesupport_cppExport.cmake
-- Installing: /home/uadmin/learning/learn5/learn5_ws/install/learn5_interface/share/learn5_interface/cmake/learn5_interface__rosidl_typesupport_cppExport-noconfig.cmake
-- Installing: /home/uadmin/learning/learn5/learn5_ws/install/learn5_interface/share/learn5_interface/cmake/export_learn5_interface__rosidl_generator_pyExport.cmake
-- Installing: /home/uadmin/learning/learn5/learn5_ws/install/learn5_interface/share/learn5_interface/cmake/export_learn5_interface__rosidl_generator_pyExport-noconfig.cmake
-- Installing: /home/uadmin/learning/learn5/learn5_ws/install/learn5_interface/share/learn5_interface/cmake/rosidl_cmake-extras.cmake
-- Installing: /home/uadmin/learning/learn5/learn5_ws/install/learn5_interface/share/learn5_interface/cmake/ament_cmake_export_dependencies-extras.cmake
-- Installing: /home/uadmin/learning/learn5/learn5_ws/install/learn5_interface/share/learn5_interface/cmake/ament_cmake_export_include_directories-extras.cmake
-- Installing: /home/uadmin/learning/learn5/learn5_ws/install/learn5_interface/share/learn5_interface/cmake/ament_cmake_export_libraries-extras.cmake
-- Installing: /home/uadmin/learning/learn5/learn5_ws/install/learn5_interface/share/learn5_interface/cmake/ament_cmake_export_targets-extras.cmake
-- Installing: /home/uadmin/learning/learn5/learn5_ws/install/learn5_interface/share/learn5_interface/cmake/rosidl_cmake_export_typesupport_targets-extras.cmake
-- Installing: /home/uadmin/learning/learn5/learn5_ws/install/learn5_interface/share/learn5_interface/cmake/rosidl_cmake_export_typesupport_libraries-extras.cmake
-- Installing: /home/uadmin/learning/learn5/learn5_ws/install/learn5_interface/share/learn5_interface/cmake/learn5_interfaceConfig.cmake
-- Installing: /home/uadmin/learning/learn5/learn5_ws/install/learn5_interface/share/learn5_interface/cmake/learn5_interfaceConfig-version.cmake
-- Installing: /home/uadmin/learning/learn5/learn5_ws/install/learn5_interface/share/learn5_interface/package.xml
