[0.014s] Invoking command in '/home/uadmin/learning/learn5/learn5_cpp_ws/build/learn5_cpp_interface': CMAKE_PREFIX_PATH=${CMAKE_PREFIX_PATH}:/opt/ros/humble /usr/bin/cmake --build /home/uadmin/learning/learn5/learn5_cpp_ws/build/learn5_cpp_interface -- -j2 -l2
[0.079s] [  3%] Built target learn5_cpp_interface__cpp
[0.082s] [ 12%] Built target learn5_cpp_interface__rosidl_generator_c
[0.118s] [ 12%] Built target ament_cmake_python_copy_learn5_cpp_interface
[0.118s] [ 22%] Built target learn5_cpp_interface__rosidl_typesupport_cpp
[0.149s] [ 32%] Built target learn5_cpp_interface__rosidl_typesupport_fastrtps_c
[0.162s] [ 41%] Built target learn5_cpp_interface__rosidl_typesupport_introspection_c
[0.176s] [ 51%] Built target learn5_cpp_interface__rosidl_typesupport_c
[0.185s] [ 61%] Built target learn5_cpp_interface__rosidl_typesupport_fastrtps_cpp
[0.198s] [ 70%] Built target learn5_cpp_interface__rosidl_typesupport_introspection_cpp
[0.228s] [ 70%] Built target learn5_cpp_interface
[0.254s] [ 74%] Built target learn5_cpp_interface__py
[0.273s] [ 80%] Built target learn5_cpp_interface__rosidl_generator_py
[0.293s] [ 87%] Built target learn5_cpp_interface__rosidl_typesupport_fastrtps_c__pyext
[0.318s] [ 93%] Built target learn5_cpp_interface__rosidl_typesupport_introspection_c__pyext
[0.337s] [100%] Built target learn5_cpp_interface__rosidl_typesupport_c__pyext
[0.407s] running egg_info
[0.409s] writing learn5_cpp_interface.egg-info/PKG-INFO
[0.409s] writing dependency_links to learn5_cpp_interface.egg-info/dependency_links.txt
[0.409s] writing top-level names to learn5_cpp_interface.egg-info/top_level.txt
[0.411s] reading manifest file 'learn5_cpp_interface.egg-info/SOURCES.txt'
[0.411s] writing manifest file 'learn5_cpp_interface.egg-info/SOURCES.txt'
[0.435s] [100%] Built target ament_cmake_python_build_learn5_cpp_interface_egg
[0.455s] Invoked command in '/home/uadmin/learning/learn5/learn5_cpp_ws/build/learn5_cpp_interface' returned '0': CMAKE_PREFIX_PATH=${CMAKE_PREFIX_PATH}:/opt/ros/humble /usr/bin/cmake --build /home/uadmin/learning/learn5/learn5_cpp_ws/build/learn5_cpp_interface -- -j2 -l2
[0.476s] Invoking command in '/home/uadmin/learning/learn5/learn5_cpp_ws/build/learn5_cpp_interface': CMAKE_PREFIX_PATH=${CMAKE_PREFIX_PATH}:/opt/ros/humble /usr/bin/cmake --install /home/uadmin/learning/learn5/learn5_cpp_ws/build/learn5_cpp_interface
[0.491s] -- Install configuration: ""
[0.491s] -- Up-to-date: /home/uadmin/learning/learn5/learn5_cpp_ws/install/learn5_cpp_interface/share/ament_index/resource_index/rosidl_interfaces/learn5_cpp_interface
[0.491s] -- Up-to-date: /home/uadmin/learning/learn5/learn5_cpp_ws/install/learn5_cpp_interface/include/learn5_cpp_interface/learn5_cpp_interface
[0.491s] -- Up-to-date: /home/uadmin/learning/learn5/learn5_cpp_ws/install/learn5_cpp_interface/include/learn5_cpp_interface/learn5_cpp_interface/srv
[0.491s] -- Up-to-date: /home/uadmin/learning/learn5/learn5_cpp_ws/install/learn5_cpp_interface/include/learn5_cpp_interface/learn5_cpp_interface/srv/learn_interface.h
[0.491s] -- Up-to-date: /home/uadmin/learning/learn5/learn5_cpp_ws/install/learn5_cpp_interface/include/learn5_cpp_interface/learn5_cpp_interface/srv/detail
[0.491s] -- Up-to-date: /home/uadmin/learning/learn5/learn5_cpp_ws/install/learn5_cpp_interface/include/learn5_cpp_interface/learn5_cpp_interface/srv/detail/learn_interface__functions.c
[0.491s] -- Up-to-date: /home/uadmin/learning/learn5/learn5_cpp_ws/install/learn5_cpp_interface/include/learn5_cpp_interface/learn5_cpp_interface/srv/detail/learn_interface__functions.h
[0.491s] -- Up-to-date: /home/uadmin/learning/learn5/learn5_cpp_ws/install/learn5_cpp_interface/include/learn5_cpp_interface/learn5_cpp_interface/srv/detail/learn_interface__struct.h
[0.491s] -- Up-to-date: /home/uadmin/learning/learn5/learn5_cpp_ws/install/learn5_cpp_interface/include/learn5_cpp_interface/learn5_cpp_interface/srv/detail/learn_interface__type_support.h
[0.491s] -- Up-to-date: /home/uadmin/learning/learn5/learn5_cpp_ws/install/learn5_cpp_interface/include/learn5_cpp_interface/learn5_cpp_interface/msg
[0.491s] -- Up-to-date: /home/uadmin/learning/learn5/learn5_cpp_ws/install/learn5_cpp_interface/include/learn5_cpp_interface/learn5_cpp_interface/msg/rosidl_generator_c__visibility_control.h
[0.491s] -- Up-to-date: /home/uadmin/learning/learn5/learn5_cpp_ws/install/learn5_cpp_interface/share/learn5_cpp_interface/environment/library_path.sh
[0.491s] -- Up-to-date: /home/uadmin/learning/learn5/learn5_cpp_ws/install/learn5_cpp_interface/share/learn5_cpp_interface/environment/library_path.dsv
[0.491s] -- Up-to-date: /home/uadmin/learning/learn5/learn5_cpp_ws/install/learn5_cpp_interface/lib/liblearn5_cpp_interface__rosidl_generator_c.so
[0.491s] -- Up-to-date: /home/uadmin/learning/learn5/learn5_cpp_ws/install/learn5_cpp_interface/include/learn5_cpp_interface/learn5_cpp_interface
[0.492s] -- Up-to-date: /home/uadmin/learning/learn5/learn5_cpp_ws/install/learn5_cpp_interface/include/learn5_cpp_interface/learn5_cpp_interface/srv
[0.492s] -- Up-to-date: /home/uadmin/learning/learn5/learn5_cpp_ws/install/learn5_cpp_interface/include/learn5_cpp_interface/learn5_cpp_interface/srv/detail
[0.492s] -- Up-to-date: /home/uadmin/learning/learn5/learn5_cpp_ws/install/learn5_cpp_interface/include/learn5_cpp_interface/learn5_cpp_interface/srv/detail/learn_interface__rosidl_typesupport_fastrtps_c.h
[0.492s] -- Up-to-date: /home/uadmin/learning/learn5/learn5_cpp_ws/install/learn5_cpp_interface/include/learn5_cpp_interface/learn5_cpp_interface/msg
[0.492s] -- Up-to-date: /home/uadmin/learning/learn5/learn5_cpp_ws/install/learn5_cpp_interface/include/learn5_cpp_interface/learn5_cpp_interface/msg/rosidl_typesupport_fastrtps_c__visibility_control.h
[0.493s] -- Up-to-date: /home/uadmin/learning/learn5/learn5_cpp_ws/install/learn5_cpp_interface/lib/liblearn5_cpp_interface__rosidl_typesupport_fastrtps_c.so
[0.493s] -- Up-to-date: /home/uadmin/learning/learn5/learn5_cpp_ws/install/learn5_cpp_interface/include/learn5_cpp_interface/learn5_cpp_interface
[0.494s] -- Up-to-date: /home/uadmin/learning/learn5/learn5_cpp_ws/install/learn5_cpp_interface/include/learn5_cpp_interface/learn5_cpp_interface/srv
[0.494s] -- Up-to-date: /home/uadmin/learning/learn5/learn5_cpp_ws/install/learn5_cpp_interface/include/learn5_cpp_interface/learn5_cpp_interface/srv/detail
[0.494s] -- Up-to-date: /home/uadmin/learning/learn5/learn5_cpp_ws/install/learn5_cpp_interface/include/learn5_cpp_interface/learn5_cpp_interface/srv/detail/learn_interface__type_support.c
[0.495s] -- Up-to-date: /home/uadmin/learning/learn5/learn5_cpp_ws/install/learn5_cpp_interface/include/learn5_cpp_interface/learn5_cpp_interface/srv/detail/learn_interface__rosidl_typesupport_introspection_c.h
[0.496s] -- Up-to-date: /home/uadmin/learning/learn5/learn5_cpp_ws/install/learn5_cpp_interface/include/learn5_cpp_interface/learn5_cpp_interface/msg
[0.496s] -- Up-to-date: /home/uadmin/learning/learn5/learn5_cpp_ws/install/learn5_cpp_interface/include/learn5_cpp_interface/learn5_cpp_interface/msg/rosidl_typesupport_introspection_c__visibility_control.h
[0.496s] -- Up-to-date: /home/uadmin/learning/learn5/learn5_cpp_ws/install/learn5_cpp_interface/lib/liblearn5_cpp_interface__rosidl_typesupport_introspection_c.so
[0.496s] -- Up-to-date: /home/uadmin/learning/learn5/learn5_cpp_ws/install/learn5_cpp_interface/lib/liblearn5_cpp_interface__rosidl_typesupport_c.so
[0.496s] -- Up-to-date: /home/uadmin/learning/learn5/learn5_cpp_ws/install/learn5_cpp_interface/include/learn5_cpp_interface/learn5_cpp_interface
[0.496s] -- Up-to-date: /home/uadmin/learning/learn5/learn5_cpp_ws/install/learn5_cpp_interface/include/learn5_cpp_interface/learn5_cpp_interface/srv
[0.496s] -- Up-to-date: /home/uadmin/learning/learn5/learn5_cpp_ws/install/learn5_cpp_interface/include/learn5_cpp_interface/learn5_cpp_interface/srv/learn_interface.hpp
[0.496s] -- Up-to-date: /home/uadmin/learning/learn5/learn5_cpp_ws/install/learn5_cpp_interface/include/learn5_cpp_interface/learn5_cpp_interface/srv/detail
[0.496s] -- Up-to-date: /home/uadmin/learning/learn5/learn5_cpp_ws/install/learn5_cpp_interface/include/learn5_cpp_interface/learn5_cpp_interface/srv/detail/learn_interface__struct.hpp
[0.496s] -- Up-to-date: /home/uadmin/learning/learn5/learn5_cpp_ws/install/learn5_cpp_interface/include/learn5_cpp_interface/learn5_cpp_interface/srv/detail/learn_interface__traits.hpp
[0.496s] -- Up-to-date: /home/uadmin/learning/learn5/learn5_cpp_ws/install/learn5_cpp_interface/include/learn5_cpp_interface/learn5_cpp_interface/srv/detail/learn_interface__builder.hpp
[0.496s] -- Up-to-date: /home/uadmin/learning/learn5/learn5_cpp_ws/install/learn5_cpp_interface/include/learn5_cpp_interface/learn5_cpp_interface/srv/detail/learn_interface__type_support.hpp
[0.496s] -- Up-to-date: /home/uadmin/learning/learn5/learn5_cpp_ws/install/learn5_cpp_interface/include/learn5_cpp_interface/learn5_cpp_interface/msg
[0.496s] -- Up-to-date: /home/uadmin/learning/learn5/learn5_cpp_ws/install/learn5_cpp_interface/include/learn5_cpp_interface/learn5_cpp_interface/msg/rosidl_generator_cpp__visibility_control.hpp
[0.496s] -- Up-to-date: /home/uadmin/learning/learn5/learn5_cpp_ws/install/learn5_cpp_interface/include/learn5_cpp_interface/learn5_cpp_interface
[0.496s] -- Up-to-date: /home/uadmin/learning/learn5/learn5_cpp_ws/install/learn5_cpp_interface/include/learn5_cpp_interface/learn5_cpp_interface/srv
[0.496s] -- Up-to-date: /home/uadmin/learning/learn5/learn5_cpp_ws/install/learn5_cpp_interface/include/learn5_cpp_interface/learn5_cpp_interface/srv/detail
[0.496s] -- Up-to-date: /home/uadmin/learning/learn5/learn5_cpp_ws/install/learn5_cpp_interface/include/learn5_cpp_interface/learn5_cpp_interface/srv/detail/dds_fastrtps
[0.496s] -- Up-to-date: /home/uadmin/learning/learn5/learn5_cpp_ws/install/learn5_cpp_interface/include/learn5_cpp_interface/learn5_cpp_interface/srv/detail/learn_interface__rosidl_typesupport_fastrtps_cpp.hpp
[0.496s] -- Up-to-date: /home/uadmin/learning/learn5/learn5_cpp_ws/install/learn5_cpp_interface/include/learn5_cpp_interface/learn5_cpp_interface/msg
[0.497s] -- Up-to-date: /home/uadmin/learning/learn5/learn5_cpp_ws/install/learn5_cpp_interface/include/learn5_cpp_interface/learn5_cpp_interface/msg/rosidl_typesupport_fastrtps_cpp__visibility_control.h
[0.497s] -- Up-to-date: /home/uadmin/learning/learn5/learn5_cpp_ws/install/learn5_cpp_interface/lib/liblearn5_cpp_interface__rosidl_typesupport_fastrtps_cpp.so
[0.497s] -- Up-to-date: /home/uadmin/learning/learn5/learn5_cpp_ws/install/learn5_cpp_interface/include/learn5_cpp_interface/learn5_cpp_interface
[0.497s] -- Up-to-date: /home/uadmin/learning/learn5/learn5_cpp_ws/install/learn5_cpp_interface/include/learn5_cpp_interface/learn5_cpp_interface/srv
[0.498s] -- Up-to-date: /home/uadmin/learning/learn5/learn5_cpp_ws/install/learn5_cpp_interface/include/learn5_cpp_interface/learn5_cpp_interface/srv/detail
[0.499s] -- Up-to-date: /home/uadmin/learning/learn5/learn5_cpp_ws/install/learn5_cpp_interface/include/learn5_cpp_interface/learn5_cpp_interface/srv/detail/learn_interface__rosidl_typesupport_introspection_cpp.hpp
[0.499s] -- Up-to-date: /home/uadmin/learning/learn5/learn5_cpp_ws/install/learn5_cpp_interface/include/learn5_cpp_interface/learn5_cpp_interface/srv/detail/learn_interface__type_support.cpp
[0.499s] -- Up-to-date: /home/uadmin/learning/learn5/learn5_cpp_ws/install/learn5_cpp_interface/lib/liblearn5_cpp_interface__rosidl_typesupport_introspection_cpp.so
[0.499s] -- Up-to-date: /home/uadmin/learning/learn5/learn5_cpp_ws/install/learn5_cpp_interface/lib/liblearn5_cpp_interface__rosidl_typesupport_cpp.so
[0.499s] -- Up-to-date: /home/uadmin/learning/learn5/learn5_cpp_ws/install/learn5_cpp_interface/share/learn5_cpp_interface/environment/pythonpath.sh
[0.499s] -- Up-to-date: /home/uadmin/learning/learn5/learn5_cpp_ws/install/learn5_cpp_interface/share/learn5_cpp_interface/environment/pythonpath.dsv
[0.499s] -- Up-to-date: /home/uadmin/learning/learn5/learn5_cpp_ws/install/learn5_cpp_interface/local/lib/python3.10/dist-packages/learn5_cpp_interface-0.0.0-py3.10.egg-info
[0.499s] -- Installing: /home/uadmin/learning/learn5/learn5_cpp_ws/install/learn5_cpp_interface/local/lib/python3.10/dist-packages/learn5_cpp_interface-0.0.0-py3.10.egg-info/PKG-INFO
[0.499s] -- Installing: /home/uadmin/learning/learn5/learn5_cpp_ws/install/learn5_cpp_interface/local/lib/python3.10/dist-packages/learn5_cpp_interface-0.0.0-py3.10.egg-info/top_level.txt
[0.499s] -- Installing: /home/uadmin/learning/learn5/learn5_cpp_ws/install/learn5_cpp_interface/local/lib/python3.10/dist-packages/learn5_cpp_interface-0.0.0-py3.10.egg-info/SOURCES.txt
[0.499s] -- Installing: /home/uadmin/learning/learn5/learn5_cpp_ws/install/learn5_cpp_interface/local/lib/python3.10/dist-packages/learn5_cpp_interface-0.0.0-py3.10.egg-info/dependency_links.txt
[0.499s] -- Up-to-date: /home/uadmin/learning/learn5/learn5_cpp_ws/install/learn5_cpp_interface/local/lib/python3.10/dist-packages/learn5_cpp_interface
[0.499s] -- Up-to-date: /home/uadmin/learning/learn5/learn5_cpp_ws/install/learn5_cpp_interface/local/lib/python3.10/dist-packages/learn5_cpp_interface/_learn5_cpp_interface_s.ep.rosidl_typesupport_fastrtps_c.c
[0.499s] -- Up-to-date: /home/uadmin/learning/learn5/learn5_cpp_ws/install/learn5_cpp_interface/local/lib/python3.10/dist-packages/learn5_cpp_interface/learn5_cpp_interface_s__rosidl_typesupport_c.cpython-310-x86_64-linux-gnu.so
[0.499s] -- Up-to-date: /home/uadmin/learning/learn5/learn5_cpp_ws/install/learn5_cpp_interface/local/lib/python3.10/dist-packages/learn5_cpp_interface/_learn5_cpp_interface_s.ep.rosidl_typesupport_introspection_c.c
[0.499s] -- Up-to-date: /home/uadmin/learning/learn5/learn5_cpp_ws/install/learn5_cpp_interface/local/lib/python3.10/dist-packages/learn5_cpp_interface/srv
[0.501s] -- Up-to-date: /home/uadmin/learning/learn5/learn5_cpp_ws/install/learn5_cpp_interface/local/lib/python3.10/dist-packages/learn5_cpp_interface/srv/_learn_interface_s.c
[0.501s] -- Up-to-date: /home/uadmin/learning/learn5/learn5_cpp_ws/install/learn5_cpp_interface/local/lib/python3.10/dist-packages/learn5_cpp_interface/srv/__init__.py
[0.501s] -- Up-to-date: /home/uadmin/learning/learn5/learn5_cpp_ws/install/learn5_cpp_interface/local/lib/python3.10/dist-packages/learn5_cpp_interface/srv/_learn_interface.py
[0.501s] -- Up-to-date: /home/uadmin/learning/learn5/learn5_cpp_ws/install/learn5_cpp_interface/local/lib/python3.10/dist-packages/learn5_cpp_interface/learn5_cpp_interface_s__rosidl_typesupport_introspection_c.cpython-310-x86_64-linux-gnu.so
[0.501s] -- Up-to-date: /home/uadmin/learning/learn5/learn5_cpp_ws/install/learn5_cpp_interface/local/lib/python3.10/dist-packages/learn5_cpp_interface/_learn5_cpp_interface_s.ep.rosidl_typesupport_c.c
[0.501s] -- Up-to-date: /home/uadmin/learning/learn5/learn5_cpp_ws/install/learn5_cpp_interface/local/lib/python3.10/dist-packages/learn5_cpp_interface/learn5_cpp_interface_s__rosidl_typesupport_fastrtps_c.cpython-310-x86_64-linux-gnu.so
[0.501s] -- Up-to-date: /home/uadmin/learning/learn5/learn5_cpp_ws/install/learn5_cpp_interface/local/lib/python3.10/dist-packages/learn5_cpp_interface/liblearn5_cpp_interface__rosidl_generator_py.so
[0.501s] -- Up-to-date: /home/uadmin/learning/learn5/learn5_cpp_ws/install/learn5_cpp_interface/local/lib/python3.10/dist-packages/learn5_cpp_interface/__init__.py
[0.542s] Listing '/home/uadmin/learning/learn5/learn5_cpp_ws/install/learn5_cpp_interface/local/lib/python3.10/dist-packages/learn5_cpp_interface'...
[0.542s] Listing '/home/uadmin/learning/learn5/learn5_cpp_ws/install/learn5_cpp_interface/local/lib/python3.10/dist-packages/learn5_cpp_interface/srv'...
[0.547s] -- Up-to-date: /home/uadmin/learning/learn5/learn5_cpp_ws/install/learn5_cpp_interface/local/lib/python3.10/dist-packages/learn5_cpp_interface/learn5_cpp_interface_s__rosidl_typesupport_fastrtps_c.cpython-310-x86_64-linux-gnu.so
[0.548s] -- Up-to-date: /home/uadmin/learning/learn5/learn5_cpp_ws/install/learn5_cpp_interface/local/lib/python3.10/dist-packages/learn5_cpp_interface/learn5_cpp_interface_s__rosidl_typesupport_introspection_c.cpython-310-x86_64-linux-gnu.so
[0.548s] -- Up-to-date: /home/uadmin/learning/learn5/learn5_cpp_ws/install/learn5_cpp_interface/local/lib/python3.10/dist-packages/learn5_cpp_interface/learn5_cpp_interface_s__rosidl_typesupport_c.cpython-310-x86_64-linux-gnu.so
[0.549s] -- Up-to-date: /home/uadmin/learning/learn5/learn5_cpp_ws/install/learn5_cpp_interface/lib/liblearn5_cpp_interface__rosidl_generator_py.so
[0.549s] -- Up-to-date: /home/uadmin/learning/learn5/learn5_cpp_ws/install/learn5_cpp_interface/share/learn5_cpp_interface/srv/LearnInterface.idl
[0.549s] -- Up-to-date: /home/uadmin/learning/learn5/learn5_cpp_ws/install/learn5_cpp_interface/share/learn5_cpp_interface/srv/LearnInterface.srv
[0.549s] -- Up-to-date: /home/uadmin/learning/learn5/learn5_cpp_ws/install/learn5_cpp_interface/share/learn5_cpp_interface/srv/LearnInterface_Request.msg
[0.549s] -- Up-to-date: /home/uadmin/learning/learn5/learn5_cpp_ws/install/learn5_cpp_interface/share/learn5_cpp_interface/srv/LearnInterface_Response.msg
[0.550s] -- Up-to-date: /home/uadmin/learning/learn5/learn5_cpp_ws/install/learn5_cpp_interface/share/ament_index/resource_index/package_run_dependencies/learn5_cpp_interface
[0.550s] -- Up-to-date: /home/uadmin/learning/learn5/learn5_cpp_ws/install/learn5_cpp_interface/share/ament_index/resource_index/parent_prefix_path/learn5_cpp_interface
[0.550s] -- Up-to-date: /home/uadmin/learning/learn5/learn5_cpp_ws/install/learn5_cpp_interface/share/learn5_cpp_interface/environment/ament_prefix_path.sh
[0.550s] -- Up-to-date: /home/uadmin/learning/learn5/learn5_cpp_ws/install/learn5_cpp_interface/share/learn5_cpp_interface/environment/ament_prefix_path.dsv
[0.550s] -- Up-to-date: /home/uadmin/learning/learn5/learn5_cpp_ws/install/learn5_cpp_interface/share/learn5_cpp_interface/environment/path.sh
[0.550s] -- Up-to-date: /home/uadmin/learning/learn5/learn5_cpp_ws/install/learn5_cpp_interface/share/learn5_cpp_interface/environment/path.dsv
[0.550s] -- Up-to-date: /home/uadmin/learning/learn5/learn5_cpp_ws/install/learn5_cpp_interface/share/learn5_cpp_interface/local_setup.bash
[0.551s] -- Up-to-date: /home/uadmin/learning/learn5/learn5_cpp_ws/install/learn5_cpp_interface/share/learn5_cpp_interface/local_setup.sh
[0.551s] -- Up-to-date: /home/uadmin/learning/learn5/learn5_cpp_ws/install/learn5_cpp_interface/share/learn5_cpp_interface/local_setup.zsh
[0.551s] -- Up-to-date: /home/uadmin/learning/learn5/learn5_cpp_ws/install/learn5_cpp_interface/share/learn5_cpp_interface/local_setup.dsv
[0.552s] -- Installing: /home/uadmin/learning/learn5/learn5_cpp_ws/install/learn5_cpp_interface/share/learn5_cpp_interface/package.dsv
[0.552s] -- Up-to-date: /home/uadmin/learning/learn5/learn5_cpp_ws/install/learn5_cpp_interface/share/ament_index/resource_index/packages/learn5_cpp_interface
[0.552s] -- Up-to-date: /home/uadmin/learning/learn5/learn5_cpp_ws/install/learn5_cpp_interface/share/learn5_cpp_interface/cmake/export_learn5_cpp_interface__rosidl_generator_cExport.cmake
[0.552s] -- Up-to-date: /home/uadmin/learning/learn5/learn5_cpp_ws/install/learn5_cpp_interface/share/learn5_cpp_interface/cmake/export_learn5_cpp_interface__rosidl_generator_cExport-noconfig.cmake
[0.552s] -- Up-to-date: /home/uadmin/learning/learn5/learn5_cpp_ws/install/learn5_cpp_interface/share/learn5_cpp_interface/cmake/export_learn5_cpp_interface__rosidl_typesupport_fastrtps_cExport.cmake
[0.552s] -- Up-to-date: /home/uadmin/learning/learn5/learn5_cpp_ws/install/learn5_cpp_interface/share/learn5_cpp_interface/cmake/export_learn5_cpp_interface__rosidl_typesupport_fastrtps_cExport-noconfig.cmake
[0.552s] -- Up-to-date: /home/uadmin/learning/learn5/learn5_cpp_ws/install/learn5_cpp_interface/share/learn5_cpp_interface/cmake/learn5_cpp_interface__rosidl_typesupport_introspection_cExport.cmake
[0.552s] -- Up-to-date: /home/uadmin/learning/learn5/learn5_cpp_ws/install/learn5_cpp_interface/share/learn5_cpp_interface/cmake/learn5_cpp_interface__rosidl_typesupport_introspection_cExport-noconfig.cmake
[0.552s] -- Up-to-date: /home/uadmin/learning/learn5/learn5_cpp_ws/install/learn5_cpp_interface/share/learn5_cpp_interface/cmake/learn5_cpp_interface__rosidl_typesupport_cExport.cmake
[0.552s] -- Up-to-date: /home/uadmin/learning/learn5/learn5_cpp_ws/install/learn5_cpp_interface/share/learn5_cpp_interface/cmake/learn5_cpp_interface__rosidl_typesupport_cExport-noconfig.cmake
[0.552s] -- Up-to-date: /home/uadmin/learning/learn5/learn5_cpp_ws/install/learn5_cpp_interface/share/learn5_cpp_interface/cmake/export_learn5_cpp_interface__rosidl_generator_cppExport.cmake
[0.554s] -- Up-to-date: /home/uadmin/learning/learn5/learn5_cpp_ws/install/learn5_cpp_interface/share/learn5_cpp_interface/cmake/export_learn5_cpp_interface__rosidl_typesupport_fastrtps_cppExport.cmake
[0.554s] -- Up-to-date: /home/uadmin/learning/learn5/learn5_cpp_ws/install/learn5_cpp_interface/share/learn5_cpp_interface/cmake/export_learn5_cpp_interface__rosidl_typesupport_fastrtps_cppExport-noconfig.cmake
[0.554s] -- Up-to-date: /home/uadmin/learning/learn5/learn5_cpp_ws/install/learn5_cpp_interface/share/learn5_cpp_interface/cmake/learn5_cpp_interface__rosidl_typesupport_introspection_cppExport.cmake
[0.554s] -- Up-to-date: /home/uadmin/learning/learn5/learn5_cpp_ws/install/learn5_cpp_interface/share/learn5_cpp_interface/cmake/learn5_cpp_interface__rosidl_typesupport_introspection_cppExport-noconfig.cmake
[0.554s] -- Up-to-date: /home/uadmin/learning/learn5/learn5_cpp_ws/install/learn5_cpp_interface/share/learn5_cpp_interface/cmake/learn5_cpp_interface__rosidl_typesupport_cppExport.cmake
[0.554s] -- Up-to-date: /home/uadmin/learning/learn5/learn5_cpp_ws/install/learn5_cpp_interface/share/learn5_cpp_interface/cmake/learn5_cpp_interface__rosidl_typesupport_cppExport-noconfig.cmake
[0.555s] -- Up-to-date: /home/uadmin/learning/learn5/learn5_cpp_ws/install/learn5_cpp_interface/share/learn5_cpp_interface/cmake/export_learn5_cpp_interface__rosidl_generator_pyExport.cmake
[0.555s] -- Up-to-date: /home/uadmin/learning/learn5/learn5_cpp_ws/install/learn5_cpp_interface/share/learn5_cpp_interface/cmake/export_learn5_cpp_interface__rosidl_generator_pyExport-noconfig.cmake
[0.555s] -- Up-to-date: /home/uadmin/learning/learn5/learn5_cpp_ws/install/learn5_cpp_interface/share/learn5_cpp_interface/cmake/rosidl_cmake-extras.cmake
[0.556s] -- Up-to-date: /home/uadmin/learning/learn5/learn5_cpp_ws/install/learn5_cpp_interface/share/learn5_cpp_interface/cmake/ament_cmake_export_include_directories-extras.cmake
[0.556s] -- Up-to-date: /home/uadmin/learning/learn5/learn5_cpp_ws/install/learn5_cpp_interface/share/learn5_cpp_interface/cmake/ament_cmake_export_libraries-extras.cmake
[0.556s] -- Up-to-date: /home/uadmin/learning/learn5/learn5_cpp_ws/install/learn5_cpp_interface/share/learn5_cpp_interface/cmake/ament_cmake_export_targets-extras.cmake
[0.556s] -- Up-to-date: /home/uadmin/learning/learn5/learn5_cpp_ws/install/learn5_cpp_interface/share/learn5_cpp_interface/cmake/rosidl_cmake_export_typesupport_targets-extras.cmake
[0.556s] -- Up-to-date: /home/uadmin/learning/learn5/learn5_cpp_ws/install/learn5_cpp_interface/share/learn5_cpp_interface/cmake/ament_cmake_export_dependencies-extras.cmake
[0.556s] -- Up-to-date: /home/uadmin/learning/learn5/learn5_cpp_ws/install/learn5_cpp_interface/share/learn5_cpp_interface/cmake/rosidl_cmake_export_typesupport_libraries-extras.cmake
[0.556s] -- Up-to-date: /home/uadmin/learning/learn5/learn5_cpp_ws/install/learn5_cpp_interface/share/learn5_cpp_interface/cmake/learn5_cpp_interfaceConfig.cmake
[0.556s] -- Up-to-date: /home/uadmin/learning/learn5/learn5_cpp_ws/install/learn5_cpp_interface/share/learn5_cpp_interface/cmake/learn5_cpp_interfaceConfig-version.cmake
[0.556s] -- Up-to-date: /home/uadmin/learning/learn5/learn5_cpp_ws/install/learn5_cpp_interface/share/learn5_cpp_interface/package.xml
[0.559s] Invoked command in '/home/uadmin/learning/learn5/learn5_cpp_ws/build/learn5_cpp_interface' returned '0': CMAKE_PREFIX_PATH=${CMAKE_PREFIX_PATH}:/opt/ros/humble /usr/bin/cmake --install /home/uadmin/learning/learn5/learn5_cpp_ws/build/learn5_cpp_interface
