running egg_info
writing ../../build/learn5_service/learn5_service.egg-info/PKG-INFO
writing dependency_links to ../../build/learn5_service/learn5_service.egg-info/dependency_links.txt
writing entry points to ../../build/learn5_service/learn5_service.egg-info/entry_points.txt
writing requirements to ../../build/learn5_service/learn5_service.egg-info/requires.txt
writing top-level names to ../../build/learn5_service/learn5_service.egg-info/top_level.txt
reading manifest file '../../build/learn5_service/learn5_service.egg-info/SOURCES.txt'
adding license file 'LICENSE'
writing manifest file '../../build/learn5_service/learn5_service.egg-info/SOURCES.txt'
running build
running build_py
copying learn5_service/face_recog_node.py -> /home/uadmin/learning/learn5/learn5_ws/build/learn5_service/build/lib/learn5_service
running install
running install_lib
copying /home/uadmin/learning/learn5/learn5_ws/build/learn5_service/build/lib/learn5_service/face_recog_node.py -> /home/uadmin/learning/learn5/learn5_ws/install/learn5_service/lib/python3.10/site-packages/learn5_service
byte-compiling /home/uadmin/learning/learn5/learn5_ws/install/learn5_service/lib/python3.10/site-packages/learn5_service/face_recog_node.py to face_recog_node.cpython-310.pyc
running install_data
running install_egg_info
removing '/home/uadmin/learning/learn5/learn5_ws/install/learn5_service/lib/python3.10/site-packages/learn5_service-0.0.0-py3.10.egg-info' (and everything under it)
Copying ../../build/learn5_service/learn5_service.egg-info to /home/uadmin/learning/learn5/learn5_ws/install/learn5_service/lib/python3.10/site-packages/learn5_service-0.0.0-py3.10.egg-info
running install_scripts
Installing face_recog_node script to /home/uadmin/learning/learn5/learn5_ws/install/learn5_service/lib/learn5_service
writing list of installed files to '/home/uadmin/learning/learn5/learn5_ws/build/learn5_service/install.log'
