[0.485s] Invoking command in '/home/uadmin/learning/learn4/learn4_ws/src/learn4_py_pkg/learn4_py_pkg': PYTHONPATH=/home/uadmin/learning/learn4/learn4_ws/build/learn4_py_pkg/prefix_override:/usr/lib/python3/dist-packages/colcon_core/task/python/colcon_distutils_commands:/home/uadmin/learning/learn4/learn4_ws/install/learn4_py_pkg/lib/python3.10/site-packages:${PYTHONPATH} /usr/bin/python3 -W ignore:setup.py install is deprecated -W ignore:easy_install command is deprecated setup.py egg_info --egg-base ../../../build/learn4_py_pkg build --build-base /home/uadmin/learning/learn4/learn4_ws/build/learn4_py_pkg/build install --record /home/uadmin/learning/learn4/learn4_ws/build/learn4_py_pkg/install.log --single-version-externally-managed install_data
[0.687s] running egg_info
[0.689s] writing ../../../build/learn4_py_pkg/learn4_py_pkg.egg-info/PKG-INFO
[0.689s] writing dependency_links to ../../../build/learn4_py_pkg/learn4_py_pkg.egg-info/dependency_links.txt
[0.689s] writing entry points to ../../../build/learn4_py_pkg/learn4_py_pkg.egg-info/entry_points.txt
[0.690s] writing requirements to ../../../build/learn4_py_pkg/learn4_py_pkg.egg-info/requires.txt
[0.690s] writing top-level names to ../../../build/learn4_py_pkg/learn4_py_pkg.egg-info/top_level.txt
[0.690s] reading manifest file '../../../build/learn4_py_pkg/learn4_py_pkg.egg-info/SOURCES.txt'
[0.691s] adding license file 'LICENSE'
[0.691s] writing manifest file '../../../build/learn4_py_pkg/learn4_py_pkg.egg-info/SOURCES.txt'
[0.691s] running build
[0.691s] running build_py
[0.691s] running install
[0.691s] running install_lib
[0.693s] running install_data
[0.693s] running install_egg_info
[0.693s] removing '/home/uadmin/learning/learn4/learn4_ws/install/learn4_py_pkg/lib/python3.10/site-packages/learn4_py_pkg-0.0.0-py3.10.egg-info' (and everything under it)
[0.701s] Copying ../../../build/learn4_py_pkg/learn4_py_pkg.egg-info to /home/uadmin/learning/learn4/learn4_ws/install/learn4_py_pkg/lib/python3.10/site-packages/learn4_py_pkg-0.0.0-py3.10.egg-info
[0.701s] running install_scripts
[0.727s] writing list of installed files to '/home/uadmin/learning/learn4/learn4_ws/build/learn4_py_pkg/install.log'
[0.756s] Invoked command in '/home/uadmin/learning/learn4/learn4_ws/src/learn4_py_pkg/learn4_py_pkg' returned '0': PYTHONPATH=/home/uadmin/learning/learn4/learn4_ws/build/learn4_py_pkg/prefix_override:/usr/lib/python3/dist-packages/colcon_core/task/python/colcon_distutils_commands:/home/uadmin/learning/learn4/learn4_ws/install/learn4_py_pkg/lib/python3.10/site-packages:${PYTHONPATH} /usr/bin/python3 -W ignore:setup.py install is deprecated -W ignore:easy_install command is deprecated setup.py egg_info --egg-base ../../../build/learn4_py_pkg build --build-base /home/uadmin/learning/learn4/learn4_ws/build/learn4_py_pkg/build install --record /home/uadmin/learning/learn4/learn4_ws/build/learn4_py_pkg/install.log --single-version-externally-managed install_data
