[0.014s] Invoking command in '/home/uadmin/learning/learn5/learn5_ws/build/learn5_interface': CMAKE_PREFIX_PATH=${CMAKE_PREFIX_PATH}:/home/uadmin/learning/learn5/learn5_ws/install/learn5_service:/opt/ros/humble /usr/bin/cmake --build /home/uadmin/learning/learn5/learn5_ws/build/learn5_interface -- -j2 -l2
[0.088s] [  3%] Built target learn5_interface__cpp
[0.103s] [ 12%] Built target learn5_interface__rosidl_generator_c
[0.145s] [ 12%] Built target ament_cmake_python_copy_learn5_interface
[0.149s] [ 22%] Built target learn5_interface__rosidl_typesupport_cpp
[0.195s] [ 32%] Built target learn5_interface__rosidl_typesupport_fastrtps_c
[0.211s] [ 41%] Built target learn5_interface__rosidl_typesupport_fastrtps_cpp
[0.250s] [ 51%] Built target learn5_interface__rosidl_typesupport_introspection_c
[0.255s] [ 61%] Built target learn5_interface__rosidl_typesupport_c
[0.285s] [ 70%] Built target learn5_interface__rosidl_typesupport_introspection_cpp
[0.307s] [ 70%] Built target learn5_interface
[0.342s] [ 74%] Built target learn5_interface__py
[0.365s] [ 80%] Built target learn5_interface__rosidl_generator_py
[0.386s] [ 87%] Built target learn5_interface__rosidl_typesupport_fastrtps_c__pyext
[0.414s] [ 93%] Built target learn5_interface__rosidl_typesupport_introspection_c__pyext
[0.434s] [100%] Built target learn5_interface__rosidl_typesupport_c__pyext
[0.501s] running egg_info
[0.502s] writing learn5_interface.egg-info/PKG-INFO
[0.502s] writing dependency_links to learn5_interface.egg-info/dependency_links.txt
[0.503s] writing top-level names to learn5_interface.egg-info/top_level.txt
[0.506s] reading manifest file 'learn5_interface.egg-info/SOURCES.txt'
[0.507s] writing manifest file 'learn5_interface.egg-info/SOURCES.txt'
[0.528s] [100%] Built target ament_cmake_python_build_learn5_interface_egg
[0.544s] Invoked command in '/home/uadmin/learning/learn5/learn5_ws/build/learn5_interface' returned '0': CMAKE_PREFIX_PATH=${CMAKE_PREFIX_PATH}:/home/uadmin/learning/learn5/learn5_ws/install/learn5_service:/opt/ros/humble /usr/bin/cmake --build /home/uadmin/learning/learn5/learn5_ws/build/learn5_interface -- -j2 -l2
[0.554s] Invoking command in '/home/uadmin/learning/learn5/learn5_ws/build/learn5_interface': CMAKE_PREFIX_PATH=${CMAKE_PREFIX_PATH}:/home/uadmin/learning/learn5/learn5_ws/install/learn5_service:/opt/ros/humble /usr/bin/cmake --install /home/uadmin/learning/learn5/learn5_ws/build/learn5_interface
[0.567s] -- Install configuration: ""
[0.567s] -- Up-to-date: /home/uadmin/learning/learn5/learn5_ws/install/learn5_interface/share/ament_index/resource_index/rosidl_interfaces/learn5_interface
[0.567s] -- Up-to-date: /home/uadmin/learning/learn5/learn5_ws/install/learn5_interface/include/learn5_interface/learn5_interface
[0.567s] -- Up-to-date: /home/uadmin/learning/learn5/learn5_ws/install/learn5_interface/include/learn5_interface/learn5_interface/srv
[0.567s] -- Up-to-date: /home/uadmin/learning/learn5/learn5_ws/install/learn5_interface/include/learn5_interface/learn5_interface/srv/face_info.h
[0.567s] -- Up-to-date: /home/uadmin/learning/learn5/learn5_ws/install/learn5_interface/include/learn5_interface/learn5_interface/srv/detail
[0.568s] -- Up-to-date: /home/uadmin/learning/learn5/learn5_ws/install/learn5_interface/include/learn5_interface/learn5_interface/srv/detail/face_info__functions.h
[0.568s] -- Up-to-date: /home/uadmin/learning/learn5/learn5_ws/install/learn5_interface/include/learn5_interface/learn5_interface/srv/detail/face_info__type_support.h
[0.568s] -- Up-to-date: /home/uadmin/learning/learn5/learn5_ws/install/learn5_interface/include/learn5_interface/learn5_interface/srv/detail/face_info__functions.c
[0.568s] -- Up-to-date: /home/uadmin/learning/learn5/learn5_ws/install/learn5_interface/include/learn5_interface/learn5_interface/srv/detail/face_info__struct.h
[0.569s] -- Up-to-date: /home/uadmin/learning/learn5/learn5_ws/install/learn5_interface/include/learn5_interface/learn5_interface/msg
[0.569s] -- Up-to-date: /home/uadmin/learning/learn5/learn5_ws/install/learn5_interface/include/learn5_interface/learn5_interface/msg/rosidl_generator_c__visibility_control.h
[0.569s] -- Up-to-date: /home/uadmin/learning/learn5/learn5_ws/install/learn5_interface/share/learn5_interface/environment/library_path.sh
[0.569s] -- Up-to-date: /home/uadmin/learning/learn5/learn5_ws/install/learn5_interface/share/learn5_interface/environment/library_path.dsv
[0.569s] -- Up-to-date: /home/uadmin/learning/learn5/learn5_ws/install/learn5_interface/lib/liblearn5_interface__rosidl_generator_c.so
[0.570s] -- Up-to-date: /home/uadmin/learning/learn5/learn5_ws/install/learn5_interface/include/learn5_interface/learn5_interface
[0.570s] -- Up-to-date: /home/uadmin/learning/learn5/learn5_ws/install/learn5_interface/include/learn5_interface/learn5_interface/srv
[0.570s] -- Up-to-date: /home/uadmin/learning/learn5/learn5_ws/install/learn5_interface/include/learn5_interface/learn5_interface/srv/detail
[0.570s] -- Up-to-date: /home/uadmin/learning/learn5/learn5_ws/install/learn5_interface/include/learn5_interface/learn5_interface/srv/detail/face_info__rosidl_typesupport_fastrtps_c.h
[0.570s] -- Up-to-date: /home/uadmin/learning/learn5/learn5_ws/install/learn5_interface/include/learn5_interface/learn5_interface/msg
[0.571s] -- Up-to-date: /home/uadmin/learning/learn5/learn5_ws/install/learn5_interface/include/learn5_interface/learn5_interface/msg/rosidl_typesupport_fastrtps_c__visibility_control.h
[0.571s] -- Up-to-date: /home/uadmin/learning/learn5/learn5_ws/install/learn5_interface/lib/liblearn5_interface__rosidl_typesupport_fastrtps_c.so
[0.571s] -- Up-to-date: /home/uadmin/learning/learn5/learn5_ws/install/learn5_interface/include/learn5_interface/learn5_interface
[0.571s] -- Up-to-date: /home/uadmin/learning/learn5/learn5_ws/install/learn5_interface/include/learn5_interface/learn5_interface/srv
[0.571s] -- Up-to-date: /home/uadmin/learning/learn5/learn5_ws/install/learn5_interface/include/learn5_interface/learn5_interface/srv/face_info.hpp
[0.572s] -- Up-to-date: /home/uadmin/learning/learn5/learn5_ws/install/learn5_interface/include/learn5_interface/learn5_interface/srv/detail
[0.572s] -- Up-to-date: /home/uadmin/learning/learn5/learn5_ws/install/learn5_interface/include/learn5_interface/learn5_interface/srv/detail/face_info__struct.hpp
[0.572s] -- Up-to-date: /home/uadmin/learning/learn5/learn5_ws/install/learn5_interface/include/learn5_interface/learn5_interface/srv/detail/face_info__builder.hpp
[0.572s] -- Up-to-date: /home/uadmin/learning/learn5/learn5_ws/install/learn5_interface/include/learn5_interface/learn5_interface/srv/detail/face_info__traits.hpp
[0.572s] -- Up-to-date: /home/uadmin/learning/learn5/learn5_ws/install/learn5_interface/include/learn5_interface/learn5_interface/srv/detail/face_info__type_support.hpp
[0.572s] -- Up-to-date: /home/uadmin/learning/learn5/learn5_ws/install/learn5_interface/include/learn5_interface/learn5_interface/msg
[0.572s] -- Up-to-date: /home/uadmin/learning/learn5/learn5_ws/install/learn5_interface/include/learn5_interface/learn5_interface/msg/rosidl_generator_cpp__visibility_control.hpp
[0.573s] -- Up-to-date: /home/uadmin/learning/learn5/learn5_ws/install/learn5_interface/include/learn5_interface/learn5_interface
[0.573s] -- Up-to-date: /home/uadmin/learning/learn5/learn5_ws/install/learn5_interface/include/learn5_interface/learn5_interface/srv
[0.573s] -- Up-to-date: /home/uadmin/learning/learn5/learn5_ws/install/learn5_interface/include/learn5_interface/learn5_interface/srv/detail
[0.573s] -- Up-to-date: /home/uadmin/learning/learn5/learn5_ws/install/learn5_interface/include/learn5_interface/learn5_interface/srv/detail/dds_fastrtps
[0.573s] -- Up-to-date: /home/uadmin/learning/learn5/learn5_ws/install/learn5_interface/include/learn5_interface/learn5_interface/srv/detail/face_info__rosidl_typesupport_fastrtps_cpp.hpp
[0.573s] -- Up-to-date: /home/uadmin/learning/learn5/learn5_ws/install/learn5_interface/include/learn5_interface/learn5_interface/msg
[0.573s] -- Up-to-date: /home/uadmin/learning/learn5/learn5_ws/install/learn5_interface/include/learn5_interface/learn5_interface/msg/rosidl_typesupport_fastrtps_cpp__visibility_control.h
[0.573s] -- Up-to-date: /home/uadmin/learning/learn5/learn5_ws/install/learn5_interface/lib/liblearn5_interface__rosidl_typesupport_fastrtps_cpp.so
[0.574s] -- Up-to-date: /home/uadmin/learning/learn5/learn5_ws/install/learn5_interface/include/learn5_interface/learn5_interface
[0.574s] -- Up-to-date: /home/uadmin/learning/learn5/learn5_ws/install/learn5_interface/include/learn5_interface/learn5_interface/srv
[0.574s] -- Up-to-date: /home/uadmin/learning/learn5/learn5_ws/install/learn5_interface/include/learn5_interface/learn5_interface/srv/detail
[0.574s] -- Up-to-date: /home/uadmin/learning/learn5/learn5_ws/install/learn5_interface/include/learn5_interface/learn5_interface/srv/detail/face_info__type_support.c
[0.574s] -- Up-to-date: /home/uadmin/learning/learn5/learn5_ws/install/learn5_interface/include/learn5_interface/learn5_interface/srv/detail/face_info__rosidl_typesupport_introspection_c.h
[0.574s] -- Up-to-date: /home/uadmin/learning/learn5/learn5_ws/install/learn5_interface/include/learn5_interface/learn5_interface/msg
[0.575s] -- Up-to-date: /home/uadmin/learning/learn5/learn5_ws/install/learn5_interface/include/learn5_interface/learn5_interface/msg/rosidl_typesupport_introspection_c__visibility_control.h
[0.575s] -- Up-to-date: /home/uadmin/learning/learn5/learn5_ws/install/learn5_interface/lib/liblearn5_interface__rosidl_typesupport_introspection_c.so
[0.575s] -- Up-to-date: /home/uadmin/learning/learn5/learn5_ws/install/learn5_interface/lib/liblearn5_interface__rosidl_typesupport_c.so
[0.576s] -- Up-to-date: /home/uadmin/learning/learn5/learn5_ws/install/learn5_interface/include/learn5_interface/learn5_interface
[0.576s] -- Up-to-date: /home/uadmin/learning/learn5/learn5_ws/install/learn5_interface/include/learn5_interface/learn5_interface/srv
[0.576s] -- Up-to-date: /home/uadmin/learning/learn5/learn5_ws/install/learn5_interface/include/learn5_interface/learn5_interface/srv/detail
[0.576s] -- Up-to-date: /home/uadmin/learning/learn5/learn5_ws/install/learn5_interface/include/learn5_interface/learn5_interface/srv/detail/face_info__rosidl_typesupport_introspection_cpp.hpp
[0.577s] -- Up-to-date: /home/uadmin/learning/learn5/learn5_ws/install/learn5_interface/include/learn5_interface/learn5_interface/srv/detail/face_info__type_support.cpp
[0.577s] -- Up-to-date: /home/uadmin/learning/learn5/learn5_ws/install/learn5_interface/lib/liblearn5_interface__rosidl_typesupport_introspection_cpp.so
[0.577s] -- Up-to-date: /home/uadmin/learning/learn5/learn5_ws/install/learn5_interface/lib/liblearn5_interface__rosidl_typesupport_cpp.so
[0.578s] -- Up-to-date: /home/uadmin/learning/learn5/learn5_ws/install/learn5_interface/share/learn5_interface/environment/pythonpath.sh
[0.578s] -- Up-to-date: /home/uadmin/learning/learn5/learn5_ws/install/learn5_interface/share/learn5_interface/environment/pythonpath.dsv
[0.578s] -- Up-to-date: /home/uadmin/learning/learn5/learn5_ws/install/learn5_interface/local/lib/python3.10/dist-packages/learn5_interface-0.0.0-py3.10.egg-info
[0.578s] -- Installing: /home/uadmin/learning/learn5/learn5_ws/install/learn5_interface/local/lib/python3.10/dist-packages/learn5_interface-0.0.0-py3.10.egg-info/PKG-INFO
[0.579s] -- Installing: /home/uadmin/learning/learn5/learn5_ws/install/learn5_interface/local/lib/python3.10/dist-packages/learn5_interface-0.0.0-py3.10.egg-info/top_level.txt
[0.579s] -- Installing: /home/uadmin/learning/learn5/learn5_ws/install/learn5_interface/local/lib/python3.10/dist-packages/learn5_interface-0.0.0-py3.10.egg-info/SOURCES.txt
[0.579s] -- Installing: /home/uadmin/learning/learn5/learn5_ws/install/learn5_interface/local/lib/python3.10/dist-packages/learn5_interface-0.0.0-py3.10.egg-info/dependency_links.txt
[0.579s] -- Up-to-date: /home/uadmin/learning/learn5/learn5_ws/install/learn5_interface/local/lib/python3.10/dist-packages/learn5_interface
[0.579s] -- Up-to-date: /home/uadmin/learning/learn5/learn5_ws/install/learn5_interface/local/lib/python3.10/dist-packages/learn5_interface/learn5_interface_s__rosidl_typesupport_fastrtps_c.cpython-310-x86_64-linux-gnu.so
[0.580s] -- Up-to-date: /home/uadmin/learning/learn5/learn5_ws/install/learn5_interface/local/lib/python3.10/dist-packages/learn5_interface/_learn5_interface_s.ep.rosidl_typesupport_c.c
[0.580s] -- Up-to-date: /home/uadmin/learning/learn5/learn5_ws/install/learn5_interface/local/lib/python3.10/dist-packages/learn5_interface/srv
[0.580s] -- Up-to-date: /home/uadmin/learning/learn5/learn5_ws/install/learn5_interface/local/lib/python3.10/dist-packages/learn5_interface/srv/_face_info.py
[0.580s] -- Up-to-date: /home/uadmin/learning/learn5/learn5_ws/install/learn5_interface/local/lib/python3.10/dist-packages/learn5_interface/srv/_face_info_s.c
[0.580s] -- Up-to-date: /home/uadmin/learning/learn5/learn5_ws/install/learn5_interface/local/lib/python3.10/dist-packages/learn5_interface/srv/__init__.py
[0.580s] -- Up-to-date: /home/uadmin/learning/learn5/learn5_ws/install/learn5_interface/local/lib/python3.10/dist-packages/learn5_interface/_learn5_interface_s.ep.rosidl_typesupport_introspection_c.c
[0.580s] -- Up-to-date: /home/uadmin/learning/learn5/learn5_ws/install/learn5_interface/local/lib/python3.10/dist-packages/learn5_interface/liblearn5_interface__rosidl_generator_py.so
[0.581s] -- Up-to-date: /home/uadmin/learning/learn5/learn5_ws/install/learn5_interface/local/lib/python3.10/dist-packages/learn5_interface/_learn5_interface_s.ep.rosidl_typesupport_fastrtps_c.c
[0.581s] -- Up-to-date: /home/uadmin/learning/learn5/learn5_ws/install/learn5_interface/local/lib/python3.10/dist-packages/learn5_interface/learn5_interface_s__rosidl_typesupport_c.cpython-310-x86_64-linux-gnu.so
[0.581s] -- Up-to-date: /home/uadmin/learning/learn5/learn5_ws/install/learn5_interface/local/lib/python3.10/dist-packages/learn5_interface/__init__.py
[0.581s] -- Up-to-date: /home/uadmin/learning/learn5/learn5_ws/install/learn5_interface/local/lib/python3.10/dist-packages/learn5_interface/learn5_interface_s__rosidl_typesupport_introspection_c.cpython-310-x86_64-linux-gnu.so
[0.609s] Listing '/home/uadmin/learning/learn5/learn5_ws/install/learn5_interface/local/lib/python3.10/dist-packages/learn5_interface'...
[0.609s] Listing '/home/uadmin/learning/learn5/learn5_ws/install/learn5_interface/local/lib/python3.10/dist-packages/learn5_interface/srv'...
[0.613s] -- Up-to-date: /home/uadmin/learning/learn5/learn5_ws/install/learn5_interface/local/lib/python3.10/dist-packages/learn5_interface/learn5_interface_s__rosidl_typesupport_fastrtps_c.cpython-310-x86_64-linux-gnu.so
[0.613s] -- Up-to-date: /home/uadmin/learning/learn5/learn5_ws/install/learn5_interface/local/lib/python3.10/dist-packages/learn5_interface/learn5_interface_s__rosidl_typesupport_introspection_c.cpython-310-x86_64-linux-gnu.so
[0.614s] -- Up-to-date: /home/uadmin/learning/learn5/learn5_ws/install/learn5_interface/local/lib/python3.10/dist-packages/learn5_interface/learn5_interface_s__rosidl_typesupport_c.cpython-310-x86_64-linux-gnu.so
[0.614s] -- Up-to-date: /home/uadmin/learning/learn5/learn5_ws/install/learn5_interface/lib/liblearn5_interface__rosidl_generator_py.so
[0.615s] -- Up-to-date: /home/uadmin/learning/learn5/learn5_ws/install/learn5_interface/share/learn5_interface/srv/FaceInfo.idl
[0.615s] -- Up-to-date: /home/uadmin/learning/learn5/learn5_ws/install/learn5_interface/share/learn5_interface/srv/FaceInfo.srv
[0.615s] -- Up-to-date: /home/uadmin/learning/learn5/learn5_ws/install/learn5_interface/share/learn5_interface/srv/FaceInfo_Request.msg
[0.615s] -- Up-to-date: /home/uadmin/learning/learn5/learn5_ws/install/learn5_interface/share/learn5_interface/srv/FaceInfo_Response.msg
[0.615s] -- Up-to-date: /home/uadmin/learning/learn5/learn5_ws/install/learn5_interface/share/ament_index/resource_index/package_run_dependencies/learn5_interface
[0.615s] -- Up-to-date: /home/uadmin/learning/learn5/learn5_ws/install/learn5_interface/share/ament_index/resource_index/parent_prefix_path/learn5_interface
[0.616s] -- Up-to-date: /home/uadmin/learning/learn5/learn5_ws/install/learn5_interface/share/learn5_interface/environment/ament_prefix_path.sh
[0.616s] -- Up-to-date: /home/uadmin/learning/learn5/learn5_ws/install/learn5_interface/share/learn5_interface/environment/ament_prefix_path.dsv
[0.616s] -- Up-to-date: /home/uadmin/learning/learn5/learn5_ws/install/learn5_interface/share/learn5_interface/environment/path.sh
[0.616s] -- Up-to-date: /home/uadmin/learning/learn5/learn5_ws/install/learn5_interface/share/learn5_interface/environment/path.dsv
[0.616s] -- Up-to-date: /home/uadmin/learning/learn5/learn5_ws/install/learn5_interface/share/learn5_interface/local_setup.bash
[0.616s] -- Up-to-date: /home/uadmin/learning/learn5/learn5_ws/install/learn5_interface/share/learn5_interface/local_setup.sh
[0.616s] -- Up-to-date: /home/uadmin/learning/learn5/learn5_ws/install/learn5_interface/share/learn5_interface/local_setup.zsh
[0.616s] -- Up-to-date: /home/uadmin/learning/learn5/learn5_ws/install/learn5_interface/share/learn5_interface/local_setup.dsv
[0.617s] -- Installing: /home/uadmin/learning/learn5/learn5_ws/install/learn5_interface/share/learn5_interface/package.dsv
[0.617s] -- Up-to-date: /home/uadmin/learning/learn5/learn5_ws/install/learn5_interface/share/ament_index/resource_index/packages/learn5_interface
[0.617s] -- Up-to-date: /home/uadmin/learning/learn5/learn5_ws/install/learn5_interface/share/learn5_interface/cmake/export_learn5_interface__rosidl_generator_cExport.cmake
[0.617s] -- Up-to-date: /home/uadmin/learning/learn5/learn5_ws/install/learn5_interface/share/learn5_interface/cmake/export_learn5_interface__rosidl_generator_cExport-noconfig.cmake
[0.617s] -- Up-to-date: /home/uadmin/learning/learn5/learn5_ws/install/learn5_interface/share/learn5_interface/cmake/export_learn5_interface__rosidl_typesupport_fastrtps_cExport.cmake
[0.617s] -- Up-to-date: /home/uadmin/learning/learn5/learn5_ws/install/learn5_interface/share/learn5_interface/cmake/export_learn5_interface__rosidl_typesupport_fastrtps_cExport-noconfig.cmake
[0.618s] -- Up-to-date: /home/uadmin/learning/learn5/learn5_ws/install/learn5_interface/share/learn5_interface/cmake/export_learn5_interface__rosidl_generator_cppExport.cmake
[0.618s] -- Up-to-date: /home/uadmin/learning/learn5/learn5_ws/install/learn5_interface/share/learn5_interface/cmake/export_learn5_interface__rosidl_typesupport_fastrtps_cppExport.cmake
[0.618s] -- Up-to-date: /home/uadmin/learning/learn5/learn5_ws/install/learn5_interface/share/learn5_interface/cmake/export_learn5_interface__rosidl_typesupport_fastrtps_cppExport-noconfig.cmake
[0.618s] -- Up-to-date: /home/uadmin/learning/learn5/learn5_ws/install/learn5_interface/share/learn5_interface/cmake/learn5_interface__rosidl_typesupport_introspection_cExport.cmake
[0.618s] -- Up-to-date: /home/uadmin/learning/learn5/learn5_ws/install/learn5_interface/share/learn5_interface/cmake/learn5_interface__rosidl_typesupport_introspection_cExport-noconfig.cmake
[0.618s] -- Up-to-date: /home/uadmin/learning/learn5/learn5_ws/install/learn5_interface/share/learn5_interface/cmake/learn5_interface__rosidl_typesupport_cExport.cmake
[0.619s] -- Up-to-date: /home/uadmin/learning/learn5/learn5_ws/install/learn5_interface/share/learn5_interface/cmake/learn5_interface__rosidl_typesupport_cExport-noconfig.cmake
[0.619s] -- Up-to-date: /home/uadmin/learning/learn5/learn5_ws/install/learn5_interface/share/learn5_interface/cmake/learn5_interface__rosidl_typesupport_introspection_cppExport.cmake
[0.619s] -- Up-to-date: /home/uadmin/learning/learn5/learn5_ws/install/learn5_interface/share/learn5_interface/cmake/learn5_interface__rosidl_typesupport_introspection_cppExport-noconfig.cmake
[0.619s] -- Up-to-date: /home/uadmin/learning/learn5/learn5_ws/install/learn5_interface/share/learn5_interface/cmake/learn5_interface__rosidl_typesupport_cppExport.cmake
[0.619s] -- Up-to-date: /home/uadmin/learning/learn5/learn5_ws/install/learn5_interface/share/learn5_interface/cmake/learn5_interface__rosidl_typesupport_cppExport-noconfig.cmake
[0.619s] -- Up-to-date: /home/uadmin/learning/learn5/learn5_ws/install/learn5_interface/share/learn5_interface/cmake/export_learn5_interface__rosidl_generator_pyExport.cmake
[0.620s] -- Up-to-date: /home/uadmin/learning/learn5/learn5_ws/install/learn5_interface/share/learn5_interface/cmake/export_learn5_interface__rosidl_generator_pyExport-noconfig.cmake
[0.620s] -- Up-to-date: /home/uadmin/learning/learn5/learn5_ws/install/learn5_interface/share/learn5_interface/cmake/rosidl_cmake-extras.cmake
[0.620s] -- Up-to-date: /home/uadmin/learning/learn5/learn5_ws/install/learn5_interface/share/learn5_interface/cmake/ament_cmake_export_dependencies-extras.cmake
[0.620s] -- Up-to-date: /home/uadmin/learning/learn5/learn5_ws/install/learn5_interface/share/learn5_interface/cmake/ament_cmake_export_include_directories-extras.cmake
[0.620s] -- Up-to-date: /home/uadmin/learning/learn5/learn5_ws/install/learn5_interface/share/learn5_interface/cmake/ament_cmake_export_libraries-extras.cmake
[0.620s] -- Up-to-date: /home/uadmin/learning/learn5/learn5_ws/install/learn5_interface/share/learn5_interface/cmake/ament_cmake_export_targets-extras.cmake
[0.620s] -- Up-to-date: /home/uadmin/learning/learn5/learn5_ws/install/learn5_interface/share/learn5_interface/cmake/rosidl_cmake_export_typesupport_targets-extras.cmake
[0.621s] -- Up-to-date: /home/uadmin/learning/learn5/learn5_ws/install/learn5_interface/share/learn5_interface/cmake/rosidl_cmake_export_typesupport_libraries-extras.cmake
[0.621s] -- Up-to-date: /home/uadmin/learning/learn5/learn5_ws/install/learn5_interface/share/learn5_interface/cmake/learn5_interfaceConfig.cmake
[0.621s] -- Up-to-date: /home/uadmin/learning/learn5/learn5_ws/install/learn5_interface/share/learn5_interface/cmake/learn5_interfaceConfig-version.cmake
[0.621s] -- Up-to-date: /home/uadmin/learning/learn5/learn5_ws/install/learn5_interface/share/learn5_interface/package.xml
[0.623s] Invoked command in '/home/uadmin/learning/learn5/learn5_ws/build/learn5_interface' returned '0': CMAKE_PREFIX_PATH=${CMAKE_PREFIX_PATH}:/home/uadmin/learning/learn5/learn5_ws/install/learn5_service:/opt/ros/humble /usr/bin/cmake --install /home/uadmin/learning/learn5/learn5_ws/build/learn5_interface
