running egg_info
creating ../../build/learn5_client/learn5_client.egg-info
writing ../../build/learn5_client/learn5_client.egg-info/PKG-INFO
writing dependency_links to ../../build/learn5_client/learn5_client.egg-info/dependency_links.txt
writing entry points to ../../build/learn5_client/learn5_client.egg-info/entry_points.txt
writing requirements to ../../build/learn5_client/learn5_client.egg-info/requires.txt
writing top-level names to ../../build/learn5_client/learn5_client.egg-info/top_level.txt
writing manifest file '../../build/learn5_client/learn5_client.egg-info/SOURCES.txt'
reading manifest file '../../build/learn5_client/learn5_client.egg-info/SOURCES.txt'
adding license file 'LICENSE'
writing manifest file '../../build/learn5_client/learn5_client.egg-info/SOURCES.txt'
running build
running build_py
creating /home/uadmin/learning/learn5/learn5_ws/build/learn5_client/build
creating /home/uadmin/learning/learn5/learn5_ws/build/learn5_client/build/lib
creating /home/uadmin/learning/learn5/learn5_ws/build/learn5_client/build/lib/learn5_client
copying learn5_client/face_supply_node.py -> /home/uadmin/learning/learn5/learn5_ws/build/learn5_client/build/lib/learn5_client
copying learn5_client/__init__.py -> /home/uadmin/learning/learn5/learn5_ws/build/learn5_client/build/lib/learn5_client
running install
running install_lib
creating /home/uadmin/learning/learn5/learn5_ws/install/learn5_client/lib/python3.10/site-packages/learn5_client
copying /home/uadmin/learning/learn5/learn5_ws/build/learn5_client/build/lib/learn5_client/face_supply_node.py -> /home/uadmin/learning/learn5/learn5_ws/install/learn5_client/lib/python3.10/site-packages/learn5_client
copying /home/uadmin/learning/learn5/learn5_ws/build/learn5_client/build/lib/learn5_client/__init__.py -> /home/uadmin/learning/learn5/learn5_ws/install/learn5_client/lib/python3.10/site-packages/learn5_client
byte-compiling /home/uadmin/learning/learn5/learn5_ws/install/learn5_client/lib/python3.10/site-packages/learn5_client/face_supply_node.py to face_supply_node.cpython-310.pyc
byte-compiling /home/uadmin/learning/learn5/learn5_ws/install/learn5_client/lib/python3.10/site-packages/learn5_client/__init__.py to __init__.cpython-310.pyc
running install_data
creating /home/uadmin/learning/learn5/learn5_ws/install/learn5_client/share/ament_index
creating /home/uadmin/learning/learn5/learn5_ws/install/learn5_client/share/ament_index/resource_index
creating /home/uadmin/learning/learn5/learn5_ws/install/learn5_client/share/ament_index/resource_index/packages
copying resource/learn5_client -> /home/uadmin/learning/learn5/learn5_ws/install/learn5_client/share/ament_index/resource_index/packages
copying package.xml -> /home/uadmin/learning/learn5/learn5_ws/install/learn5_client/share/learn5_client
creating /home/uadmin/learning/learn5/learn5_ws/install/learn5_client/share/learn5_client/resource
copying resource/image.png -> /home/uadmin/learning/learn5/learn5_ws/install/learn5_client/share/learn5_client/resource
running install_egg_info
Copying ../../build/learn5_client/learn5_client.egg-info to /home/uadmin/learning/learn5/learn5_ws/install/learn5_client/lib/python3.10/site-packages/learn5_client-0.0.0-py3.10.egg-info
running install_scripts
Installing face_supply_node script to /home/uadmin/learning/learn5/learn5_ws/install/learn5_client/lib/learn5_client
writing list of installed files to '/home/uadmin/learning/learn5/learn5_ws/build/learn5_client/install.log'
