[0.019s] Invoking command in '/home/uadmin/learning/learn5/learn5_cpp_ws/build/learn5_cpp_server': CMAKE_PREFIX_PATH=/home/uadmin/learning/learn5/learn5_cpp_ws/install/learn5_cpp_interface:/home/uadmin/learning/learn5/learn5_cpp_ws/install/learn5_cpp_server:/opt/ros/humble /usr/bin/cmake --build /home/uadmin/learning/learn5/learn5_cpp_ws/build/learn5_cpp_server -- -j2 -l2
[0.087s] [35m[1mConsolidate compiler generated dependencies of target learn5_cpp_server_node[0m
[0.122s] [ 50%] [32mBuilding CXX object CMakeFiles/learn5_cpp_server_node.dir/src/main.cpp.o[0m
[2.000s] [01m[K/home/uadmin/learning/learn5/learn5_cpp_ws/src/learn5_cpp_server/src/main.cpp:[m[K In lambda function:
[2.000s] [01m[K/home/uadmin/learning/learn5/learn5_cpp_ws/src/learn5_cpp_server/src/main.cpp:13:81:[m[K [01;35m[Kwarning: [m[Kunused parameter ‘[01m[Krequest[m[K’ [[01;35m[K]8;;https://gcc.gnu.org/onlinedocs/gcc/Warning-Options.html#index-Wunused-parameter-Wunused-parameter]8;;[m[K]
[2.000s]    13 |         [&]([01;35m[Kconst learn5_cpp_interface::srv::LearnInterface::Request::SharedPtr request[m[K,
[2.000s]       |             [01;35m[K~~~~~~~~~~~~~~~~~~~~~~~~~~~~~~~~~~~~~~~~~~~~~~~~~~~~~~~~~~~~~~~~~~~~^~~~~~~[m[K
[2.751s] [100%] [32m[1mLinking CXX executable learn5_cpp_server_node[0m
[2.869s] [100%] Built target learn5_cpp_server_node
[2.888s] Invoked command in '/home/uadmin/learning/learn5/learn5_cpp_ws/build/learn5_cpp_server' returned '0': CMAKE_PREFIX_PATH=/home/uadmin/learning/learn5/learn5_cpp_ws/install/learn5_cpp_interface:/home/uadmin/learning/learn5/learn5_cpp_ws/install/learn5_cpp_server:/opt/ros/humble /usr/bin/cmake --build /home/uadmin/learning/learn5/learn5_cpp_ws/build/learn5_cpp_server -- -j2 -l2
[2.889s] Invoking command in '/home/uadmin/learning/learn5/learn5_cpp_ws/build/learn5_cpp_server': CMAKE_PREFIX_PATH=/home/uadmin/learning/learn5/learn5_cpp_ws/install/learn5_cpp_interface:/home/uadmin/learning/learn5/learn5_cpp_ws/install/learn5_cpp_server:/opt/ros/humble /usr/bin/cmake --install /home/uadmin/learning/learn5/learn5_cpp_ws/build/learn5_cpp_server
[2.900s] -- Install configuration: ""
[2.900s] -- Installing: /home/uadmin/learning/learn5/learn5_cpp_ws/install/learn5_cpp_server/lib/learn5_cpp_server/learn5_cpp_server_node
[2.900s] -- Set runtime path of "/home/uadmin/learning/learn5/learn5_cpp_ws/install/learn5_cpp_server/lib/learn5_cpp_server/learn5_cpp_server_node" to ""
[2.900s] -- Up-to-date: /home/uadmin/learning/learn5/learn5_cpp_ws/install/learn5_cpp_server/share/ament_index/resource_index/package_run_dependencies/learn5_cpp_server
[2.900s] -- Up-to-date: /home/uadmin/learning/learn5/learn5_cpp_ws/install/learn5_cpp_server/share/ament_index/resource_index/parent_prefix_path/learn5_cpp_server
[2.900s] -- Up-to-date: /home/uadmin/learning/learn5/learn5_cpp_ws/install/learn5_cpp_server/share/learn5_cpp_server/environment/ament_prefix_path.sh
[2.901s] -- Up-to-date: /home/uadmin/learning/learn5/learn5_cpp_ws/install/learn5_cpp_server/share/learn5_cpp_server/environment/ament_prefix_path.dsv
[2.901s] -- Up-to-date: /home/uadmin/learning/learn5/learn5_cpp_ws/install/learn5_cpp_server/share/learn5_cpp_server/environment/path.sh
[2.901s] -- Up-to-date: /home/uadmin/learning/learn5/learn5_cpp_ws/install/learn5_cpp_server/share/learn5_cpp_server/environment/path.dsv
[2.901s] -- Up-to-date: /home/uadmin/learning/learn5/learn5_cpp_ws/install/learn5_cpp_server/share/learn5_cpp_server/local_setup.bash
[2.901s] -- Up-to-date: /home/uadmin/learning/learn5/learn5_cpp_ws/install/learn5_cpp_server/share/learn5_cpp_server/local_setup.sh
[2.901s] -- Up-to-date: /home/uadmin/learning/learn5/learn5_cpp_ws/install/learn5_cpp_server/share/learn5_cpp_server/local_setup.zsh
[2.901s] -- Up-to-date: /home/uadmin/learning/learn5/learn5_cpp_ws/install/learn5_cpp_server/share/learn5_cpp_server/local_setup.dsv
[2.901s] -- Installing: /home/uadmin/learning/learn5/learn5_cpp_ws/install/learn5_cpp_server/share/learn5_cpp_server/package.dsv
[2.901s] -- Up-to-date: /home/uadmin/learning/learn5/learn5_cpp_ws/install/learn5_cpp_server/share/ament_index/resource_index/packages/learn5_cpp_server
[2.902s] -- Up-to-date: /home/uadmin/learning/learn5/learn5_cpp_ws/install/learn5_cpp_server/share/learn5_cpp_server/cmake/learn5_cpp_serverConfig.cmake
[2.902s] -- Up-to-date: /home/uadmin/learning/learn5/learn5_cpp_ws/install/learn5_cpp_server/share/learn5_cpp_server/cmake/learn5_cpp_serverConfig-version.cmake
[2.902s] -- Up-to-date: /home/uadmin/learning/learn5/learn5_cpp_ws/install/learn5_cpp_server/share/learn5_cpp_server/package.xml
[2.904s] Invoked command in '/home/uadmin/learning/learn5/learn5_cpp_ws/build/learn5_cpp_server' returned '0': CMAKE_PREFIX_PATH=/home/uadmin/learning/learn5/learn5_cpp_ws/install/learn5_cpp_interface:/home/uadmin/learning/learn5/learn5_cpp_ws/install/learn5_cpp_server:/opt/ros/humble /usr/bin/cmake --install /home/uadmin/learning/learn5/learn5_cpp_ws/build/learn5_cpp_server
