[0.011s] Invoking command in '/home/uadmin/learning/learn5/learn5_cpp_ws/build/learn5_cpp_interface': CMAKE_PREFIX_PATH=/opt/ros/humble /usr/bin/cmake /home/uadmin/learning/learn5/learn5_cpp_ws/src/learn5_cpp_interface -DCMAKE_INSTALL_PREFIX=/home/uadmin/learning/learn5/learn5_cpp_ws/install/learn5_cpp_interface
[0.019s] -- Found ament_cmake: 1.3.11 (/opt/ros/humble/share/ament_cmake/cmake)
[0.134s] -- Found rosidl_default_generators: 1.2.0 (/opt/ros/humble/share/rosidl_default_generators/cmake)
[0.134s] -- Using all available rosidl_typesupport_c: rosidl_typesupport_fastrtps_c;rosidl_typesupport_introspection_c
[0.136s] -- Found rosidl_adapter: 3.1.6 (/opt/ros/humble/share/rosidl_adapter/cmake)
[0.166s] -- Using all available rosidl_typesupport_cpp: rosidl_typesupport_fastrtps_cpp;rosidl_typesupport_introspection_cpp
[0.323s] [31mCMake Error at /opt/ros/humble/share/rosidl_adapter/cmake/rosidl_adapt_interfaces.cmake:59 (message):
[0.323s]   execute_process(/usr/bin/python3 -m rosidl_adapter --package-name
[0.324s]   learn5_cpp_interface --arguments-file
[0.324s]   /home/uadmin/learning/learn5/learn5_cpp_ws/build/learn5_cpp_interface/rosidl_adapter__arguments__learn5_cpp_interface.json
[0.324s]   --output-dir
[0.324s]   /home/uadmin/learning/learn5/learn5_cpp_ws/build/learn5_cpp_interface/rosidl_adapter/learn5_cpp_interface
[0.324s]   --output-file
[0.324s]   /home/uadmin/learning/learn5/learn5_cpp_ws/build/learn5_cpp_interface/rosidl_adapter/learn5_cpp_interface.idls)
[0.324s]   returned error code 1:
[0.324s] 
[0.324s]   Error processing 'float32 x[]' of
[0.324s]   'learn5_cpp_interface/LearnInterface_Request': ''x[]' is an invalid field
[0.325s]   name.  It should have the pattern '^(?!.*__)(?!.*_$)[a-z][a-z0-9_]*$''
[0.325s] 
[0.325s]   Traceback (most recent call last):
[0.325s] 
[0.325s]     File "/usr/lib/python3.10/runpy.py", line 196, in _run_module_as_main
[0.325s]       return _run_code(code, main_globals, None,
[0.325s]     File "/usr/lib/python3.10/runpy.py", line 86, in _run_code
[0.325s]       exec(code, run_globals)
[0.325s]     File "/opt/ros/humble/local/lib/python3.10/dist-packages/rosidl_adapter/__main__.py", line 19, in <module>
[0.325s]       sys.exit(main())
[0.325s]     File "/opt/ros/humble/local/lib/python3.10/dist-packages/rosidl_adapter/main.py", line 53, in main
[0.325s]       abs_idl_file = convert_to_idl(
[0.325s]     File "/opt/ros/humble/local/lib/python3.10/dist-packages/rosidl_adapter/__init__.py", line 24, in convert_to_idl
[0.325s]       return convert_srv_to_idl(
[0.326s]     File "/opt/ros/humble/local/lib/python3.10/dist-packages/rosidl_adapter/srv/__init__.py", line 28, in convert_srv_to_idl
[0.326s]       srv = parse_service_string(package_name, input_file.stem, content)
[0.326s]     File "/opt/ros/humble/local/lib/python3.10/dist-packages/rosidl_adapter/parser.py", line 859, in parse_service_string
[0.326s]       request_message = parse_message_string(
[0.326s]     File "/opt/ros/humble/local/lib/python3.10/dist-packages/rosidl_adapter/parser.py", line 519, in parse_message_string
[0.326s]       fields.append(Field(
[0.326s]     File "/opt/ros/humble/local/lib/python3.10/dist-packages/rosidl_adapter/parser.py", line 354, in __init__
[0.326s]       raise NameError(
[0.326s] 
[0.326s]   NameError: 'x[]' is an invalid field name.  It should have the pattern
[0.328s]   '^(?!.*__)(?!.*_$)[a-z][a-z0-9_]*$'
[0.328s] 
[0.328s] Call Stack (most recent call first):
[0.328s]   /opt/ros/humble/share/rosidl_cmake/cmake/rosidl_generate_interfaces.cmake:130 (rosidl_adapt_interfaces)
[0.328s]   CMakeLists.txt:14 (rosidl_generate_interfaces)
[0.328s] 
[0.328s] [0m
[0.328s] -- Configuring incomplete, errors occurred!
[0.329s] See also "/home/uadmin/learning/learn5/learn5_cpp_ws/build/learn5_cpp_interface/CMakeFiles/CMakeOutput.log".
[0.333s] Invoked command in '/home/uadmin/learning/learn5/learn5_cpp_ws/build/learn5_cpp_interface' returned '1': CMAKE_PREFIX_PATH=/opt/ros/humble /usr/bin/cmake /home/uadmin/learning/learn5/learn5_cpp_ws/src/learn5_cpp_interface -DCMAKE_INSTALL_PREFIX=/home/uadmin/learning/learn5/learn5_cpp_ws/install/learn5_cpp_interface
