[0.025s] Invoking command in '/home/uadmin/learning/learn4/learn4_topics_ws/build/status_display': CMAKE_PREFIX_PATH=${CMAKE_PREFIX_PATH}:/home/uadmin/learning/learn4/learn4_topics_ws/install/status_pub:/opt/ros/humble /usr/bin/cmake --build /home/uadmin/learning/learn4/learn4_topics_ws/build/status_display -- -j2 -l2
[0.062s] -- Found ament_cmake: 1.3.11 (/opt/ros/humble/share/ament_cmake/cmake)
[0.311s] -- Found rclcpp: 16.0.12 (/opt/ros/humble/share/rclcpp/cmake)
[0.395s] -- Found rosidl_generator_c: 3.1.6 (/opt/ros/humble/share/rosidl_generator_c/cmake)
[0.407s] -- Found rosidl_adapter: 3.1.6 (/opt/ros/humble/share/rosidl_adapter/cmake)
[0.422s] -- Found rosidl_generator_cpp: 3.1.6 (/opt/ros/humble/share/rosidl_generator_cpp/cmake)
[0.475s] -- Using all available rosidl_typesupport_c: rosidl_typesupport_fastrtps_c;rosidl_typesupport_introspection_c
[0.514s] -- Using all available rosidl_typesupport_cpp: rosidl_typesupport_fastrtps_cpp;rosidl_typesupport_introspection_cpp
[0.636s] -- Found rmw_implementation_cmake: 6.1.2 (/opt/ros/humble/share/rmw_implementation_cmake/cmake)
[0.644s] -- Found rmw_fastrtps_cpp: 6.2.7 (/opt/ros/humble/share/rmw_fastrtps_cpp/cmake)
[0.836s] -- Found OpenSSL: /usr/lib/x86_64-linux-gnu/libcrypto.so (found version "3.0.2")  
[0.904s] -- Found FastRTPS: /opt/ros/humble/include  
[0.993s] -- Using RMW implementation 'rmw_fastrtps_cpp' as default
[1.022s] -- Looking for pthread.h
[1.212s] -- Looking for pthread.h - found
[1.212s] -- Performing Test CMAKE_HAVE_LIBC_PTHREAD
[1.385s] -- Performing Test CMAKE_HAVE_LIBC_PTHREAD - Success
[1.387s] -- Found Threads: TRUE  
[1.463s] -- Found status_interfaces: 0.0.0 (/home/uadmin/learning/learn4/learn4_topics_ws/install/status_interfaces/share/status_interfaces/cmake)
[1.470s] -- Found ament_lint_auto: 0.12.12 (/opt/ros/humble/share/ament_lint_auto/cmake)
[1.532s] -- Added test 'cppcheck' to perform static code analysis on C / C++ code
[1.532s] -- Configured cppcheck include dirs: 
[1.532s] -- Configured cppcheck exclude dirs and/or files: 
[1.533s] -- Added test 'lint_cmake' to check CMake code style
[1.533s] -- Added test 'uncrustify' to check C / C++ code style
[1.534s] -- Configured uncrustify additional arguments: 
[1.535s] -- Added test 'xmllint' to check XML markup files
[1.535s] -- Configuring done
[1.545s] -- Generating done
[1.549s] -- Build files have been written to: /home/uadmin/learning/learn4/learn4_topics_ws/build/status_display
[1.572s] [35m[1mConsolidate compiler generated dependencies of target qt_hello[0m
[1.584s] [ 50%] [32mBuilding CXX object CMakeFiles/qt_hello.dir/src/qt_hello.cpp.o[0m
[4.449s] In file included from [01m[K/opt/ros/humble/include/rclcpp/rclcpp/client.hpp:40[m[K,
[4.450s]                  from [01m[K/opt/ros/humble/include/rclcpp/rclcpp/callback_group.hpp:24[m[K,
[4.450s]                  from [01m[K/opt/ros/humble/include/rclcpp/rclcpp/any_executable.hpp:20[m[K,
[4.450s]                  from [01m[K/opt/ros/humble/include/rclcpp/rclcpp/memory_strategy.hpp:25[m[K,
[4.450s]                  from [01m[K/opt/ros/humble/include/rclcpp/rclcpp/memory_strategies.hpp:18[m[K,
[4.450s]                  from [01m[K/opt/ros/humble/include/rclcpp/rclcpp/executor_options.hpp:20[m[K,
[4.450s]                  from [01m[K/opt/ros/humble/include/rclcpp/rclcpp/executor.hpp:37[m[K,
[4.450s]                  from [01m[K/opt/ros/humble/include/rclcpp/rclcpp/executors/multi_threaded_executor.hpp:25[m[K,
[4.451s]                  from [01m[K/opt/ros/humble/include/rclcpp/rclcpp/executors.hpp:21[m[K,
[4.451s]                  from [01m[K/opt/ros/humble/include/rclcpp/rclcpp/rclcpp.hpp:155[m[K,
[4.451s]                  from [01m[K/home/uadmin/learning/learn4/learn4_topics_ws/src/status_display/src/qt_hello.cpp:4[m[K:
[4.451s] [01m[K/home/uadmin/learning/learn4/learn4_topics_ws/src/status_display/src/qt_hello.cpp:[m[K In member function ‘[01m[Kvoid QtDisplayNode::status_rec_callback(status_interfaces::msg::SystemStatus)[m[K’:
[4.451s] [01m[K/home/uadmin/learning/learn4/learn4_topics_ws/src/status_display/src/qt_hello.cpp:24:5:[m[K [01;31m[Kerror: [m[Kexpected ‘[01m[K,[m[K’ or ‘[01m[K;[m[K’ before ‘[01m[Kdo[m[K’
[4.451s]    24 |     [01;31m[KRCLCPP_INFO[m[K(this->get_logger(),str_sys_status.c_str());
[4.451s]       |     [01;31m[K^~~~~~~~~~~[m[K
[4.451s] [01m[K/home/uadmin/learning/learn4/learn4_topics_ws/src/status_display/src/qt_hello.cpp:21:84:[m[K [01;35m[Kwarning: [m[Kunused parameter ‘[01m[Ksys_status[m[K’ [[01;35m[K]8;;https://gcc.gnu.org/onlinedocs/gcc/Warning-Options.html#index-Wunused-parameter-Wunused-parameter]8;;[m[K]
[4.451s]    21 | void QtDisplayNode::status_rec_callback([01;35m[Kconst status_interfaces::msg::SystemStatus sys_status[m[K)
[4.451s]       |                                         [01;35m[K~~~~~~~~~~~~~~~~~~~~~~~~~~~~~~~~~~~~~~~~~~~^~~~~~~~~~[m[K
[6.584s] gmake[2]: *** [CMakeFiles/qt_hello.dir/build.make:76：CMakeFiles/qt_hello.dir/src/qt_hello.cpp.o] 错误 1
[6.584s] gmake[1]: *** [CMakeFiles/Makefile2:137：CMakeFiles/qt_hello.dir/all] 错误 2
[6.587s] gmake: *** [Makefile:146：all] 错误 2
[6.590s] Invoked command in '/home/uadmin/learning/learn4/learn4_topics_ws/build/status_display' returned '2': CMAKE_PREFIX_PATH=${CMAKE_PREFIX_PATH}:/home/uadmin/learning/learn4/learn4_topics_ws/install/status_pub:/opt/ros/humble /usr/bin/cmake --build /home/uadmin/learning/learn4/learn4_topics_ws/build/status_display -- -j2 -l2
