[35m[1mConsolidate compiler generated dependencies of target learn5_cpp_interface__rosidl_generator_c[0m
[  3%] Built target learn5_cpp_interface__cpp
[ 12%] Built target learn5_cpp_interface__rosidl_generator_c
[35m[1mConsolidate compiler generated dependencies of target learn5_cpp_interface__rosidl_typesupport_cpp[0m
[ 22%] Built target learn5_cpp_interface__rosidl_typesupport_cpp
[ 22%] Built target ament_cmake_python_copy_learn5_cpp_interface
[35m[1mConsolidate compiler generated dependencies of target learn5_cpp_interface__rosidl_typesupport_fastrtps_c[0m
[35m[1mConsolidate compiler generated dependencies of target learn5_cpp_interface__rosidl_typesupport_introspection_c[0m
[ 32%] Built target learn5_cpp_interface__rosidl_typesupport_fastrtps_c
[ 41%] Built target learn5_cpp_interface__rosidl_typesupport_introspection_c
[35m[1mConsolidate compiler generated dependencies of target learn5_cpp_interface__rosidl_typesupport_c[0m
[ 51%] Built target learn5_cpp_interface__rosidl_typesupport_c
[35m[1mConsolidate compiler generated dependencies of target learn5_cpp_interface__rosidl_typesupport_fastrtps_cpp[0m
[35m[1mConsolidate compiler generated dependencies of target learn5_cpp_interface__rosidl_typesupport_introspection_cpp[0m
[ 61%] Built target learn5_cpp_interface__rosidl_typesupport_fastrtps_cpp
[ 70%] Built target learn5_cpp_interface__rosidl_typesupport_introspection_cpp
[ 70%] Built target learn5_cpp_interface
[ 74%] Built target learn5_cpp_interface__py
[35m[1mConsolidate compiler generated dependencies of target learn5_cpp_interface__rosidl_generator_py[0m
[ 80%] Built target learn5_cpp_interface__rosidl_generator_py
[35m[1mConsolidate compiler generated dependencies of target learn5_cpp_interface__rosidl_typesupport_fastrtps_c__pyext[0m
[ 87%] Built target learn5_cpp_interface__rosidl_typesupport_fastrtps_c__pyext
[35m[1mConsolidate compiler generated dependencies of target learn5_cpp_interface__rosidl_typesupport_introspection_c__pyext[0m
[ 93%] Built target learn5_cpp_interface__rosidl_typesupport_introspection_c__pyext
[35m[1mConsolidate compiler generated dependencies of target learn5_cpp_interface__rosidl_typesupport_c__pyext[0m
[100%] Built target learn5_cpp_interface__rosidl_typesupport_c__pyext
running egg_info
writing learn5_cpp_interface.egg-info/PKG-INFO
writing dependency_links to learn5_cpp_interface.egg-info/dependency_links.txt
writing top-level names to learn5_cpp_interface.egg-info/top_level.txt
reading manifest file 'learn5_cpp_interface.egg-info/SOURCES.txt'
writing manifest file 'learn5_cpp_interface.egg-info/SOURCES.txt'
[100%] Built target ament_cmake_python_build_learn5_cpp_interface_egg
-- Install configuration: ""
-- Up-to-date: /home/uadmin/learning/learn5/learn5_cpp_ws/install/learn5_cpp_interface/share/ament_index/resource_index/rosidl_interfaces/learn5_cpp_interface
-- Up-to-date: /home/uadmin/learning/learn5/learn5_cpp_ws/install/learn5_cpp_interface/include/learn5_cpp_interface/learn5_cpp_interface
-- Up-to-date: /home/uadmin/learning/learn5/learn5_cpp_ws/install/learn5_cpp_interface/include/learn5_cpp_interface/learn5_cpp_interface/srv
-- Up-to-date: /home/uadmin/learning/learn5/learn5_cpp_ws/install/learn5_cpp_interface/include/learn5_cpp_interface/learn5_cpp_interface/srv/learn_interface.h
-- Up-to-date: /home/uadmin/learning/learn5/learn5_cpp_ws/install/learn5_cpp_interface/include/learn5_cpp_interface/learn5_cpp_interface/srv/detail
-- Up-to-date: /home/uadmin/learning/learn5/learn5_cpp_ws/install/learn5_cpp_interface/include/learn5_cpp_interface/learn5_cpp_interface/srv/detail/learn_interface__functions.c
-- Up-to-date: /home/uadmin/learning/learn5/learn5_cpp_ws/install/learn5_cpp_interface/include/learn5_cpp_interface/learn5_cpp_interface/srv/detail/learn_interface__functions.h
-- Up-to-date: /home/uadmin/learning/learn5/learn5_cpp_ws/install/learn5_cpp_interface/include/learn5_cpp_interface/learn5_cpp_interface/srv/detail/learn_interface__struct.h
-- Up-to-date: /home/uadmin/learning/learn5/learn5_cpp_ws/install/learn5_cpp_interface/include/learn5_cpp_interface/learn5_cpp_interface/srv/detail/learn_interface__type_support.h
-- Up-to-date: /home/uadmin/learning/learn5/learn5_cpp_ws/install/learn5_cpp_interface/include/learn5_cpp_interface/learn5_cpp_interface/msg
-- Up-to-date: /home/uadmin/learning/learn5/learn5_cpp_ws/install/learn5_cpp_interface/include/learn5_cpp_interface/learn5_cpp_interface/msg/rosidl_generator_c__visibility_control.h
-- Up-to-date: /home/uadmin/learning/learn5/learn5_cpp_ws/install/learn5_cpp_interface/share/learn5_cpp_interface/environment/library_path.sh
-- Up-to-date: /home/uadmin/learning/learn5/learn5_cpp_ws/install/learn5_cpp_interface/share/learn5_cpp_interface/environment/library_path.dsv
-- Up-to-date: /home/uadmin/learning/learn5/learn5_cpp_ws/install/learn5_cpp_interface/lib/liblearn5_cpp_interface__rosidl_generator_c.so
-- Up-to-date: /home/uadmin/learning/learn5/learn5_cpp_ws/install/learn5_cpp_interface/include/learn5_cpp_interface/learn5_cpp_interface
-- Up-to-date: /home/uadmin/learning/learn5/learn5_cpp_ws/install/learn5_cpp_interface/include/learn5_cpp_interface/learn5_cpp_interface/srv
-- Up-to-date: /home/uadmin/learning/learn5/learn5_cpp_ws/install/learn5_cpp_interface/include/learn5_cpp_interface/learn5_cpp_interface/srv/detail
-- Up-to-date: /home/uadmin/learning/learn5/learn5_cpp_ws/install/learn5_cpp_interface/include/learn5_cpp_interface/learn5_cpp_interface/srv/detail/learn_interface__rosidl_typesupport_fastrtps_c.h
-- Up-to-date: /home/uadmin/learning/learn5/learn5_cpp_ws/install/learn5_cpp_interface/include/learn5_cpp_interface/learn5_cpp_interface/msg
-- Up-to-date: /home/uadmin/learning/learn5/learn5_cpp_ws/install/learn5_cpp_interface/include/learn5_cpp_interface/learn5_cpp_interface/msg/rosidl_typesupport_fastrtps_c__visibility_control.h
-- Up-to-date: /home/uadmin/learning/learn5/learn5_cpp_ws/install/learn5_cpp_interface/lib/liblearn5_cpp_interface__rosidl_typesupport_fastrtps_c.so
-- Up-to-date: /home/uadmin/learning/learn5/learn5_cpp_ws/install/learn5_cpp_interface/include/learn5_cpp_interface/learn5_cpp_interface
-- Up-to-date: /home/uadmin/learning/learn5/learn5_cpp_ws/install/learn5_cpp_interface/include/learn5_cpp_interface/learn5_cpp_interface/srv
-- Up-to-date: /home/uadmin/learning/learn5/learn5_cpp_ws/install/learn5_cpp_interface/include/learn5_cpp_interface/learn5_cpp_interface/srv/detail
-- Up-to-date: /home/uadmin/learning/learn5/learn5_cpp_ws/install/learn5_cpp_interface/include/learn5_cpp_interface/learn5_cpp_interface/srv/detail/learn_interface__type_support.c
-- Up-to-date: /home/uadmin/learning/learn5/learn5_cpp_ws/install/learn5_cpp_interface/include/learn5_cpp_interface/learn5_cpp_interface/srv/detail/learn_interface__rosidl_typesupport_introspection_c.h
-- Up-to-date: /home/uadmin/learning/learn5/learn5_cpp_ws/install/learn5_cpp_interface/include/learn5_cpp_interface/learn5_cpp_interface/msg
-- Up-to-date: /home/uadmin/learning/learn5/learn5_cpp_ws/install/learn5_cpp_interface/include/learn5_cpp_interface/learn5_cpp_interface/msg/rosidl_typesupport_introspection_c__visibility_control.h
-- Up-to-date: /home/uadmin/learning/learn5/learn5_cpp_ws/install/learn5_cpp_interface/lib/liblearn5_cpp_interface__rosidl_typesupport_introspection_c.so
-- Up-to-date: /home/uadmin/learning/learn5/learn5_cpp_ws/install/learn5_cpp_interface/lib/liblearn5_cpp_interface__rosidl_typesupport_c.so
-- Up-to-date: /home/uadmin/learning/learn5/learn5_cpp_ws/install/learn5_cpp_interface/include/learn5_cpp_interface/learn5_cpp_interface
-- Up-to-date: /home/uadmin/learning/learn5/learn5_cpp_ws/install/learn5_cpp_interface/include/learn5_cpp_interface/learn5_cpp_interface/srv
-- Up-to-date: /home/uadmin/learning/learn5/learn5_cpp_ws/install/learn5_cpp_interface/include/learn5_cpp_interface/learn5_cpp_interface/srv/learn_interface.hpp
-- Up-to-date: /home/uadmin/learning/learn5/learn5_cpp_ws/install/learn5_cpp_interface/include/learn5_cpp_interface/learn5_cpp_interface/srv/detail
-- Up-to-date: /home/uadmin/learning/learn5/learn5_cpp_ws/install/learn5_cpp_interface/include/learn5_cpp_interface/learn5_cpp_interface/srv/detail/learn_interface__struct.hpp
-- Up-to-date: /home/uadmin/learning/learn5/learn5_cpp_ws/install/learn5_cpp_interface/include/learn5_cpp_interface/learn5_cpp_interface/srv/detail/learn_interface__traits.hpp
-- Up-to-date: /home/uadmin/learning/learn5/learn5_cpp_ws/install/learn5_cpp_interface/include/learn5_cpp_interface/learn5_cpp_interface/srv/detail/learn_interface__builder.hpp
-- Up-to-date: /home/uadmin/learning/learn5/learn5_cpp_ws/install/learn5_cpp_interface/include/learn5_cpp_interface/learn5_cpp_interface/srv/detail/learn_interface__type_support.hpp
-- Up-to-date: /home/uadmin/learning/learn5/learn5_cpp_ws/install/learn5_cpp_interface/include/learn5_cpp_interface/learn5_cpp_interface/msg
-- Up-to-date: /home/uadmin/learning/learn5/learn5_cpp_ws/install/learn5_cpp_interface/include/learn5_cpp_interface/learn5_cpp_interface/msg/rosidl_generator_cpp__visibility_control.hpp
-- Up-to-date: /home/uadmin/learning/learn5/learn5_cpp_ws/install/learn5_cpp_interface/include/learn5_cpp_interface/learn5_cpp_interface
-- Up-to-date: /home/uadmin/learning/learn5/learn5_cpp_ws/install/learn5_cpp_interface/include/learn5_cpp_interface/learn5_cpp_interface/srv
-- Up-to-date: /home/uadmin/learning/learn5/learn5_cpp_ws/install/learn5_cpp_interface/include/learn5_cpp_interface/learn5_cpp_interface/srv/detail
-- Up-to-date: /home/uadmin/learning/learn5/learn5_cpp_ws/install/learn5_cpp_interface/include/learn5_cpp_interface/learn5_cpp_interface/srv/detail/dds_fastrtps
-- Up-to-date: /home/uadmin/learning/learn5/learn5_cpp_ws/install/learn5_cpp_interface/include/learn5_cpp_interface/learn5_cpp_interface/srv/detail/learn_interface__rosidl_typesupport_fastrtps_cpp.hpp
-- Up-to-date: /home/uadmin/learning/learn5/learn5_cpp_ws/install/learn5_cpp_interface/include/learn5_cpp_interface/learn5_cpp_interface/msg
-- Up-to-date: /home/uadmin/learning/learn5/learn5_cpp_ws/install/learn5_cpp_interface/include/learn5_cpp_interface/learn5_cpp_interface/msg/rosidl_typesupport_fastrtps_cpp__visibility_control.h
-- Up-to-date: /home/uadmin/learning/learn5/learn5_cpp_ws/install/learn5_cpp_interface/lib/liblearn5_cpp_interface__rosidl_typesupport_fastrtps_cpp.so
-- Up-to-date: /home/uadmin/learning/learn5/learn5_cpp_ws/install/learn5_cpp_interface/include/learn5_cpp_interface/learn5_cpp_interface
-- Up-to-date: /home/uadmin/learning/learn5/learn5_cpp_ws/install/learn5_cpp_interface/include/learn5_cpp_interface/learn5_cpp_interface/srv
-- Up-to-date: /home/uadmin/learning/learn5/learn5_cpp_ws/install/learn5_cpp_interface/include/learn5_cpp_interface/learn5_cpp_interface/srv/detail
-- Up-to-date: /home/uadmin/learning/learn5/learn5_cpp_ws/install/learn5_cpp_interface/include/learn5_cpp_interface/learn5_cpp_interface/srv/detail/learn_interface__rosidl_typesupport_introspection_cpp.hpp
-- Up-to-date: /home/uadmin/learning/learn5/learn5_cpp_ws/install/learn5_cpp_interface/include/learn5_cpp_interface/learn5_cpp_interface/srv/detail/learn_interface__type_support.cpp
-- Up-to-date: /home/uadmin/learning/learn5/learn5_cpp_ws/install/learn5_cpp_interface/lib/liblearn5_cpp_interface__rosidl_typesupport_introspection_cpp.so
-- Up-to-date: /home/uadmin/learning/learn5/learn5_cpp_ws/install/learn5_cpp_interface/lib/liblearn5_cpp_interface__rosidl_typesupport_cpp.so
-- Up-to-date: /home/uadmin/learning/learn5/learn5_cpp_ws/install/learn5_cpp_interface/share/learn5_cpp_interface/environment/pythonpath.sh
-- Up-to-date: /home/uadmin/learning/learn5/learn5_cpp_ws/install/learn5_cpp_interface/share/learn5_cpp_interface/environment/pythonpath.dsv
-- Up-to-date: /home/uadmin/learning/learn5/learn5_cpp_ws/install/learn5_cpp_interface/local/lib/python3.10/dist-packages/learn5_cpp_interface-0.0.0-py3.10.egg-info
-- Installing: /home/uadmin/learning/learn5/learn5_cpp_ws/install/learn5_cpp_interface/local/lib/python3.10/dist-packages/learn5_cpp_interface-0.0.0-py3.10.egg-info/PKG-INFO
-- Installing: /home/uadmin/learning/learn5/learn5_cpp_ws/install/learn5_cpp_interface/local/lib/python3.10/dist-packages/learn5_cpp_interface-0.0.0-py3.10.egg-info/top_level.txt
-- Installing: /home/uadmin/learning/learn5/learn5_cpp_ws/install/learn5_cpp_interface/local/lib/python3.10/dist-packages/learn5_cpp_interface-0.0.0-py3.10.egg-info/SOURCES.txt
-- Installing: /home/uadmin/learning/learn5/learn5_cpp_ws/install/learn5_cpp_interface/local/lib/python3.10/dist-packages/learn5_cpp_interface-0.0.0-py3.10.egg-info/dependency_links.txt
-- Up-to-date: /home/uadmin/learning/learn5/learn5_cpp_ws/install/learn5_cpp_interface/local/lib/python3.10/dist-packages/learn5_cpp_interface
-- Up-to-date: /home/uadmin/learning/learn5/learn5_cpp_ws/install/learn5_cpp_interface/local/lib/python3.10/dist-packages/learn5_cpp_interface/_learn5_cpp_interface_s.ep.rosidl_typesupport_fastrtps_c.c
-- Up-to-date: /home/uadmin/learning/learn5/learn5_cpp_ws/install/learn5_cpp_interface/local/lib/python3.10/dist-packages/learn5_cpp_interface/learn5_cpp_interface_s__rosidl_typesupport_c.cpython-310-x86_64-linux-gnu.so
-- Up-to-date: /home/uadmin/learning/learn5/learn5_cpp_ws/install/learn5_cpp_interface/local/lib/python3.10/dist-packages/learn5_cpp_interface/_learn5_cpp_interface_s.ep.rosidl_typesupport_introspection_c.c
-- Up-to-date: /home/uadmin/learning/learn5/learn5_cpp_ws/install/learn5_cpp_interface/local/lib/python3.10/dist-packages/learn5_cpp_interface/srv
-- Up-to-date: /home/uadmin/learning/learn5/learn5_cpp_ws/install/learn5_cpp_interface/local/lib/python3.10/dist-packages/learn5_cpp_interface/srv/_learn_interface_s.c
-- Up-to-date: /home/uadmin/learning/learn5/learn5_cpp_ws/install/learn5_cpp_interface/local/lib/python3.10/dist-packages/learn5_cpp_interface/srv/__init__.py
-- Up-to-date: /home/uadmin/learning/learn5/learn5_cpp_ws/install/learn5_cpp_interface/local/lib/python3.10/dist-packages/learn5_cpp_interface/srv/_learn_interface.py
-- Up-to-date: /home/uadmin/learning/learn5/learn5_cpp_ws/install/learn5_cpp_interface/local/lib/python3.10/dist-packages/learn5_cpp_interface/learn5_cpp_interface_s__rosidl_typesupport_introspection_c.cpython-310-x86_64-linux-gnu.so
-- Up-to-date: /home/uadmin/learning/learn5/learn5_cpp_ws/install/learn5_cpp_interface/local/lib/python3.10/dist-packages/learn5_cpp_interface/_learn5_cpp_interface_s.ep.rosidl_typesupport_c.c
-- Up-to-date: /home/uadmin/learning/learn5/learn5_cpp_ws/install/learn5_cpp_interface/local/lib/python3.10/dist-packages/learn5_cpp_interface/learn5_cpp_interface_s__rosidl_typesupport_fastrtps_c.cpython-310-x86_64-linux-gnu.so
-- Up-to-date: /home/uadmin/learning/learn5/learn5_cpp_ws/install/learn5_cpp_interface/local/lib/python3.10/dist-packages/learn5_cpp_interface/liblearn5_cpp_interface__rosidl_generator_py.so
-- Up-to-date: /home/uadmin/learning/learn5/learn5_cpp_ws/install/learn5_cpp_interface/local/lib/python3.10/dist-packages/learn5_cpp_interface/__init__.py
Listing '/home/uadmin/learning/learn5/learn5_cpp_ws/install/learn5_cpp_interface/local/lib/python3.10/dist-packages/learn5_cpp_interface'...
Listing '/home/uadmin/learning/learn5/learn5_cpp_ws/install/learn5_cpp_interface/local/lib/python3.10/dist-packages/learn5_cpp_interface/srv'...
-- Up-to-date: /home/uadmin/learning/learn5/learn5_cpp_ws/install/learn5_cpp_interface/local/lib/python3.10/dist-packages/learn5_cpp_interface/learn5_cpp_interface_s__rosidl_typesupport_fastrtps_c.cpython-310-x86_64-linux-gnu.so
-- Up-to-date: /home/uadmin/learning/learn5/learn5_cpp_ws/install/learn5_cpp_interface/local/lib/python3.10/dist-packages/learn5_cpp_interface/learn5_cpp_interface_s__rosidl_typesupport_introspection_c.cpython-310-x86_64-linux-gnu.so
-- Up-to-date: /home/uadmin/learning/learn5/learn5_cpp_ws/install/learn5_cpp_interface/local/lib/python3.10/dist-packages/learn5_cpp_interface/learn5_cpp_interface_s__rosidl_typesupport_c.cpython-310-x86_64-linux-gnu.so
-- Up-to-date: /home/uadmin/learning/learn5/learn5_cpp_ws/install/learn5_cpp_interface/lib/liblearn5_cpp_interface__rosidl_generator_py.so
-- Up-to-date: /home/uadmin/learning/learn5/learn5_cpp_ws/install/learn5_cpp_interface/share/learn5_cpp_interface/srv/LearnInterface.idl
-- Up-to-date: /home/uadmin/learning/learn5/learn5_cpp_ws/install/learn5_cpp_interface/share/learn5_cpp_interface/srv/LearnInterface.srv
-- Up-to-date: /home/uadmin/learning/learn5/learn5_cpp_ws/install/learn5_cpp_interface/share/learn5_cpp_interface/srv/LearnInterface_Request.msg
-- Up-to-date: /home/uadmin/learning/learn5/learn5_cpp_ws/install/learn5_cpp_interface/share/learn5_cpp_interface/srv/LearnInterface_Response.msg
-- Up-to-date: /home/uadmin/learning/learn5/learn5_cpp_ws/install/learn5_cpp_interface/share/ament_index/resource_index/package_run_dependencies/learn5_cpp_interface
-- Up-to-date: /home/uadmin/learning/learn5/learn5_cpp_ws/install/learn5_cpp_interface/share/ament_index/resource_index/parent_prefix_path/learn5_cpp_interface
-- Up-to-date: /home/uadmin/learning/learn5/learn5_cpp_ws/install/learn5_cpp_interface/share/learn5_cpp_interface/environment/ament_prefix_path.sh
-- Up-to-date: /home/uadmin/learning/learn5/learn5_cpp_ws/install/learn5_cpp_interface/share/learn5_cpp_interface/environment/ament_prefix_path.dsv
-- Up-to-date: /home/uadmin/learning/learn5/learn5_cpp_ws/install/learn5_cpp_interface/share/learn5_cpp_interface/environment/path.sh
-- Up-to-date: /home/uadmin/learning/learn5/learn5_cpp_ws/install/learn5_cpp_interface/share/learn5_cpp_interface/environment/path.dsv
-- Up-to-date: /home/uadmin/learning/learn5/learn5_cpp_ws/install/learn5_cpp_interface/share/learn5_cpp_interface/local_setup.bash
-- Up-to-date: /home/uadmin/learning/learn5/learn5_cpp_ws/install/learn5_cpp_interface/share/learn5_cpp_interface/local_setup.sh
-- Up-to-date: /home/uadmin/learning/learn5/learn5_cpp_ws/install/learn5_cpp_interface/share/learn5_cpp_interface/local_setup.zsh
-- Up-to-date: /home/uadmin/learning/learn5/learn5_cpp_ws/install/learn5_cpp_interface/share/learn5_cpp_interface/local_setup.dsv
-- Installing: /home/uadmin/learning/learn5/learn5_cpp_ws/install/learn5_cpp_interface/share/learn5_cpp_interface/package.dsv
-- Up-to-date: /home/uadmin/learning/learn5/learn5_cpp_ws/install/learn5_cpp_interface/share/ament_index/resource_index/packages/learn5_cpp_interface
-- Up-to-date: /home/uadmin/learning/learn5/learn5_cpp_ws/install/learn5_cpp_interface/share/learn5_cpp_interface/cmake/export_learn5_cpp_interface__rosidl_generator_cExport.cmake
-- Up-to-date: /home/uadmin/learning/learn5/learn5_cpp_ws/install/learn5_cpp_interface/share/learn5_cpp_interface/cmake/export_learn5_cpp_interface__rosidl_generator_cExport-noconfig.cmake
-- Up-to-date: /home/uadmin/learning/learn5/learn5_cpp_ws/install/learn5_cpp_interface/share/learn5_cpp_interface/cmake/export_learn5_cpp_interface__rosidl_typesupport_fastrtps_cExport.cmake
-- Up-to-date: /home/uadmin/learning/learn5/learn5_cpp_ws/install/learn5_cpp_interface/share/learn5_cpp_interface/cmake/export_learn5_cpp_interface__rosidl_typesupport_fastrtps_cExport-noconfig.cmake
-- Up-to-date: /home/uadmin/learning/learn5/learn5_cpp_ws/install/learn5_cpp_interface/share/learn5_cpp_interface/cmake/learn5_cpp_interface__rosidl_typesupport_introspection_cExport.cmake
-- Up-to-date: /home/uadmin/learning/learn5/learn5_cpp_ws/install/learn5_cpp_interface/share/learn5_cpp_interface/cmake/learn5_cpp_interface__rosidl_typesupport_introspection_cExport-noconfig.cmake
-- Up-to-date: /home/uadmin/learning/learn5/learn5_cpp_ws/install/learn5_cpp_interface/share/learn5_cpp_interface/cmake/learn5_cpp_interface__rosidl_typesupport_cExport.cmake
-- Up-to-date: /home/uadmin/learning/learn5/learn5_cpp_ws/install/learn5_cpp_interface/share/learn5_cpp_interface/cmake/learn5_cpp_interface__rosidl_typesupport_cExport-noconfig.cmake
-- Up-to-date: /home/uadmin/learning/learn5/learn5_cpp_ws/install/learn5_cpp_interface/share/learn5_cpp_interface/cmake/export_learn5_cpp_interface__rosidl_generator_cppExport.cmake
-- Up-to-date: /home/uadmin/learning/learn5/learn5_cpp_ws/install/learn5_cpp_interface/share/learn5_cpp_interface/cmake/export_learn5_cpp_interface__rosidl_typesupport_fastrtps_cppExport.cmake
-- Up-to-date: /home/uadmin/learning/learn5/learn5_cpp_ws/install/learn5_cpp_interface/share/learn5_cpp_interface/cmake/export_learn5_cpp_interface__rosidl_typesupport_fastrtps_cppExport-noconfig.cmake
-- Up-to-date: /home/uadmin/learning/learn5/learn5_cpp_ws/install/learn5_cpp_interface/share/learn5_cpp_interface/cmake/learn5_cpp_interface__rosidl_typesupport_introspection_cppExport.cmake
-- Up-to-date: /home/uadmin/learning/learn5/learn5_cpp_ws/install/learn5_cpp_interface/share/learn5_cpp_interface/cmake/learn5_cpp_interface__rosidl_typesupport_introspection_cppExport-noconfig.cmake
-- Up-to-date: /home/uadmin/learning/learn5/learn5_cpp_ws/install/learn5_cpp_interface/share/learn5_cpp_interface/cmake/learn5_cpp_interface__rosidl_typesupport_cppExport.cmake
-- Up-to-date: /home/uadmin/learning/learn5/learn5_cpp_ws/install/learn5_cpp_interface/share/learn5_cpp_interface/cmake/learn5_cpp_interface__rosidl_typesupport_cppExport-noconfig.cmake
-- Up-to-date: /home/uadmin/learning/learn5/learn5_cpp_ws/install/learn5_cpp_interface/share/learn5_cpp_interface/cmake/export_learn5_cpp_interface__rosidl_generator_pyExport.cmake
-- Up-to-date: /home/uadmin/learning/learn5/learn5_cpp_ws/install/learn5_cpp_interface/share/learn5_cpp_interface/cmake/export_learn5_cpp_interface__rosidl_generator_pyExport-noconfig.cmake
-- Up-to-date: /home/uadmin/learning/learn5/learn5_cpp_ws/install/learn5_cpp_interface/share/learn5_cpp_interface/cmake/rosidl_cmake-extras.cmake
-- Up-to-date: /home/uadmin/learning/learn5/learn5_cpp_ws/install/learn5_cpp_interface/share/learn5_cpp_interface/cmake/ament_cmake_export_include_directories-extras.cmake
-- Up-to-date: /home/uadmin/learning/learn5/learn5_cpp_ws/install/learn5_cpp_interface/share/learn5_cpp_interface/cmake/ament_cmake_export_libraries-extras.cmake
-- Up-to-date: /home/uadmin/learning/learn5/learn5_cpp_ws/install/learn5_cpp_interface/share/learn5_cpp_interface/cmake/ament_cmake_export_targets-extras.cmake
-- Up-to-date: /home/uadmin/learning/learn5/learn5_cpp_ws/install/learn5_cpp_interface/share/learn5_cpp_interface/cmake/rosidl_cmake_export_typesupport_targets-extras.cmake
-- Up-to-date: /home/uadmin/learning/learn5/learn5_cpp_ws/install/learn5_cpp_interface/share/learn5_cpp_interface/cmake/ament_cmake_export_dependencies-extras.cmake
-- Up-to-date: /home/uadmin/learning/learn5/learn5_cpp_ws/install/learn5_cpp_interface/share/learn5_cpp_interface/cmake/rosidl_cmake_export_typesupport_libraries-extras.cmake
-- Up-to-date: /home/uadmin/learning/learn5/learn5_cpp_ws/install/learn5_cpp_interface/share/learn5_cpp_interface/cmake/learn5_cpp_interfaceConfig.cmake
-- Up-to-date: /home/uadmin/learning/learn5/learn5_cpp_ws/install/learn5_cpp_interface/share/learn5_cpp_interface/cmake/learn5_cpp_interfaceConfig-version.cmake
-- Up-to-date: /home/uadmin/learning/learn5/learn5_cpp_ws/install/learn5_cpp_interface/share/learn5_cpp_interface/package.xml
