[0.018s] Invoking command in '/home/uadmin/learning/learn4/learn4_ws/build/learn4_cpp_pkg': CMAKE_PREFIX_PATH=/opt/ros/humble /usr/bin/cmake --build /home/uadmin/learning/learn4/learn4_ws/build/learn4_cpp_pkg -- -j2 -l2
[0.059s] -- Found ament_cmake: 1.3.11 (/opt/ros/humble/share/ament_cmake/cmake)
[0.175s] -- Found rclcpp: 16.0.12 (/opt/ros/humble/share/rclcpp/cmake)
[0.197s] -- Found rosidl_generator_c: 3.1.6 (/opt/ros/humble/share/rosidl_generator_c/cmake)
[0.197s] -- Found rosidl_adapter: 3.1.6 (/opt/ros/humble/share/rosidl_adapter/cmake)
[0.202s] -- Found rosidl_generator_cpp: 3.1.6 (/opt/ros/humble/share/rosidl_generator_cpp/cmake)
[0.212s] -- Using all available rosidl_typesupport_c: rosidl_typesupport_fastrtps_c;rosidl_typesupport_introspection_c
[0.223s] -- Using all available rosidl_typesupport_cpp: rosidl_typesupport_fastrtps_cpp;rosidl_typesupport_introspection_cpp
[0.248s] -- Found rmw_implementation_cmake: 6.1.2 (/opt/ros/humble/share/rmw_implementation_cmake/cmake)
[0.249s] -- Found rmw_fastrtps_cpp: 6.2.7 (/opt/ros/humble/share/rmw_fastrtps_cpp/cmake)
[0.406s] -- Using RMW implementation 'rmw_fastrtps_cpp' as default
[0.479s] -- Found geometry_msgs: 4.8.0 (/opt/ros/humble/share/geometry_msgs/cmake)
[0.491s] [31mCMake Error at CMakeLists.txt:18 (ament_target_dependencice):
[0.492s]   Unknown CMake command "ament_target_dependencice".
[0.492s] 
[0.492s] [0m
[0.492s] -- Configuring incomplete, errors occurred!
[0.492s] See also "/home/uadmin/learning/learn4/learn4_ws/build/learn4_cpp_pkg/CMakeFiles/CMakeOutput.log".
[0.504s] gmake: *** [Makefile:267：cmake_check_build_system] 错误 1
[0.506s] Invoked command in '/home/uadmin/learning/learn4/learn4_ws/build/learn4_cpp_pkg' returned '2': CMAKE_PREFIX_PATH=/opt/ros/humble /usr/bin/cmake --build /home/uadmin/learning/learn4/learn4_ws/build/learn4_cpp_pkg -- -j2 -l2
