[0.478s] Invoking command in '/home/uadmin/learning/learn3/demo_py_pkg': PYTHONPATH=/home/uadmin/learning/learn3/build/demo_py_pkg/prefix_override:/usr/lib/python3/dist-packages/colcon_core/task/python/colcon_distutils_commands:/home/uadmin/learning/learn3/install/demo_py_pkg/lib/python3.10/site-packages:${PYTHONPATH} /usr/bin/python3 -W ignore:setup.py install is deprecated -W ignore:easy_install command is deprecated setup.py egg_info --egg-base ../build/demo_py_pkg build --build-base /home/uadmin/learning/learn3/build/demo_py_pkg/build install --record /home/uadmin/learning/learn3/build/demo_py_pkg/install.log --single-version-externally-managed install_data
[0.648s] running egg_info
[0.648s] creating ../build/demo_py_pkg/demo_py_pkg.egg-info
[0.648s] writing ../build/demo_py_pkg/demo_py_pkg.egg-info/PKG-INFO
[0.649s] writing dependency_links to ../build/demo_py_pkg/demo_py_pkg.egg-info/dependency_links.txt
[0.649s] writing entry points to ../build/demo_py_pkg/demo_py_pkg.egg-info/entry_points.txt
[0.649s] writing requirements to ../build/demo_py_pkg/demo_py_pkg.egg-info/requires.txt
[0.649s] writing top-level names to ../build/demo_py_pkg/demo_py_pkg.egg-info/top_level.txt
[0.652s] writing manifest file '../build/demo_py_pkg/demo_py_pkg.egg-info/SOURCES.txt'
[0.653s] reading manifest file '../build/demo_py_pkg/demo_py_pkg.egg-info/SOURCES.txt'
[0.653s] writing manifest file '../build/demo_py_pkg/demo_py_pkg.egg-info/SOURCES.txt'
[0.653s] running build
[0.653s] running build_py
[0.653s] creating /home/uadmin/learning/learn3/build/demo_py_pkg/build
[0.653s] creating /home/uadmin/learning/learn3/build/demo_py_pkg/build/lib
[0.653s] creating /home/uadmin/learning/learn3/build/demo_py_pkg/build/lib/demo_py_pkg
[0.653s] copying demo_py_pkg/py_node.py -> /home/uadmin/learning/learn3/build/demo_py_pkg/build/lib/demo_py_pkg
[0.654s] copying demo_py_pkg/__init__.py -> /home/uadmin/learning/learn3/build/demo_py_pkg/build/lib/demo_py_pkg
[0.654s] running install
[0.654s] running install_lib
[0.655s] creating /home/uadmin/learning/learn3/install/demo_py_pkg/lib/python3.10/site-packages/demo_py_pkg
[0.655s] copying /home/uadmin/learning/learn3/build/demo_py_pkg/build/lib/demo_py_pkg/py_node.py -> /home/uadmin/learning/learn3/install/demo_py_pkg/lib/python3.10/site-packages/demo_py_pkg
[0.656s] copying /home/uadmin/learning/learn3/build/demo_py_pkg/build/lib/demo_py_pkg/__init__.py -> /home/uadmin/learning/learn3/install/demo_py_pkg/lib/python3.10/site-packages/demo_py_pkg
[0.656s] byte-compiling /home/uadmin/learning/learn3/install/demo_py_pkg/lib/python3.10/site-packages/demo_py_pkg/py_node.py to py_node.cpython-310.pyc
[0.656s] byte-compiling /home/uadmin/learning/learn3/install/demo_py_pkg/lib/python3.10/site-packages/demo_py_pkg/__init__.py to __init__.cpython-310.pyc
[0.656s] running install_data
[0.657s] creating /home/uadmin/learning/learn3/install/demo_py_pkg/share
[0.657s] creating /home/uadmin/learning/learn3/install/demo_py_pkg/share/ament_index
[0.657s] creating /home/uadmin/learning/learn3/install/demo_py_pkg/share/ament_index/resource_index
[0.657s] creating /home/uadmin/learning/learn3/install/demo_py_pkg/share/ament_index/resource_index/packages
[0.657s] copying resource/demo_py_pkg -> /home/uadmin/learning/learn3/install/demo_py_pkg/share/ament_index/resource_index/packages
[0.657s] creating /home/uadmin/learning/learn3/install/demo_py_pkg/share/demo_py_pkg
[0.657s] copying package.xml -> /home/uadmin/learning/learn3/install/demo_py_pkg/share/demo_py_pkg
[0.658s] running install_egg_info
[0.659s] Copying ../build/demo_py_pkg/demo_py_pkg.egg-info to /home/uadmin/learning/learn3/install/demo_py_pkg/lib/python3.10/site-packages/demo_py_pkg-0.0.0-py3.10.egg-info
[0.661s] running install_scripts
[0.676s] Installing py_node_0 script to /home/uadmin/learning/learn3/install/demo_py_pkg/lib/demo_py_pkg
[0.677s] writing list of installed files to '/home/uadmin/learning/learn3/build/demo_py_pkg/install.log'
[0.692s] Invoked command in '/home/uadmin/learning/learn3/demo_py_pkg' returned '0': PYTHONPATH=/home/uadmin/learning/learn3/build/demo_py_pkg/prefix_override:/usr/lib/python3/dist-packages/colcon_core/task/python/colcon_distutils_commands:/home/uadmin/learning/learn3/install/demo_py_pkg/lib/python3.10/site-packages:${PYTHONPATH} /usr/bin/python3 -W ignore:setup.py install is deprecated -W ignore:easy_install command is deprecated setup.py egg_info --egg-base ../build/demo_py_pkg build --build-base /home/uadmin/learning/learn3/build/demo_py_pkg/build install --record /home/uadmin/learning/learn3/build/demo_py_pkg/install.log --single-version-externally-managed install_data
