[35m[1mConsolidate compiler generated dependencies of target turtle_cmd_node[0m
[ 50%] [32mBuilding CXX object CMakeFiles/turtle_cmd_node.dir/src/turtle_cmd_node.cpp.o[0m
[100%] [32m[1mLinking CXX executable turtle_cmd_node[0m
[100%] Built target turtle_cmd_node
-- Install configuration: ""
-- Installing: /home/uadmin/learning/learn4/learn4_ws/install/learn4_cpp_pkg/lib/learn4_cpp_pkg/turtle_cmd_node
-- Set runtime path of "/home/uadmin/learning/learn4/learn4_ws/install/learn4_cpp_pkg/lib/learn4_cpp_pkg/turtle_cmd_node" to ""
-- Up-to-date: /home/uadmin/learning/learn4/learn4_ws/install/learn4_cpp_pkg/share/ament_index/resource_index/package_run_dependencies/learn4_cpp_pkg
-- Installing: /home/uadmin/learning/learn4/learn4_ws/install/learn4_cpp_pkg/share/ament_index/resource_index/parent_prefix_path/learn4_cpp_pkg
-- Up-to-date: /home/uadmin/learning/learn4/learn4_ws/install/learn4_cpp_pkg/share/learn4_cpp_pkg/environment/ament_prefix_path.sh
-- Installing: /home/uadmin/learning/learn4/learn4_ws/install/learn4_cpp_pkg/share/learn4_cpp_pkg/environment/ament_prefix_path.dsv
-- Up-to-date: /home/uadmin/learning/learn4/learn4_ws/install/learn4_cpp_pkg/share/learn4_cpp_pkg/environment/path.sh
-- Installing: /home/uadmin/learning/learn4/learn4_ws/install/learn4_cpp_pkg/share/learn4_cpp_pkg/environment/path.dsv
-- Up-to-date: /home/uadmin/learning/learn4/learn4_ws/install/learn4_cpp_pkg/share/learn4_cpp_pkg/local_setup.bash
-- Up-to-date: /home/uadmin/learning/learn4/learn4_ws/install/learn4_cpp_pkg/share/learn4_cpp_pkg/local_setup.sh
-- Up-to-date: /home/uadmin/learning/learn4/learn4_ws/install/learn4_cpp_pkg/share/learn4_cpp_pkg/local_setup.zsh
-- Installing: /home/uadmin/learning/learn4/learn4_ws/install/learn4_cpp_pkg/share/learn4_cpp_pkg/local_setup.dsv
-- Installing: /home/uadmin/learning/learn4/learn4_ws/install/learn4_cpp_pkg/share/learn4_cpp_pkg/package.dsv
-- Up-to-date: /home/uadmin/learning/learn4/learn4_ws/install/learn4_cpp_pkg/share/ament_index/resource_index/packages/learn4_cpp_pkg
-- Up-to-date: /home/uadmin/learning/learn4/learn4_ws/install/learn4_cpp_pkg/share/learn4_cpp_pkg/cmake/learn4_cpp_pkgConfig.cmake
-- Up-to-date: /home/uadmin/learning/learn4/learn4_ws/install/learn4_cpp_pkg/share/learn4_cpp_pkg/cmake/learn4_cpp_pkgConfig-version.cmake
-- Up-to-date: /home/uadmin/learning/learn4/learn4_ws/install/learn4_cpp_pkg/share/learn4_cpp_pkg/package.xml
