[35m[1mConsolidate compiler generated dependencies of target turtle_cmd_node[0m
[ 50%] [32mBuilding CXX object CMakeFiles/turtle_cmd_node.dir/src/turtle_cmd_node.cpp.o[0m
[01m[K/home/uadmin/learning/learn4/learn4_ws/src/learn4_cpp_pkg/learn4_cpp_pkg/src/turtle_cmd_node.cpp:[m[K In member function ‘[01m[Kvoid TurtleCMDNode::turtle_rec_callback(turtlesim::msg::Pose_<std::allocator<void> >::SharedPtr)[m[K’:
[01m[K/home/uadmin/learning/learn4/learn4_ws/src/learn4_cpp_pkg/learn4_cpp_pkg/src/turtle_cmd_node.cpp:34:79:[m[K [01;35m[Kwarning: [m[Kunused parameter ‘[01m[Kpose[m[K’ [[01;35m[K]8;;https://gcc.gnu.org/onlinedocs/gcc/Warning-Options.html#index-Wunused-parameter-Wunused-parameter]8;;[m[K]
   34 | void TurtleCMDNode::turtle_rec_callback([01;35m[Kconst turtlesim::msg::Pose::SharedPtr pose[m[K)
      |                                         [01;35m[K~~~~~~~~~~~~~~~~~~~~~~~~~~~~~~~~~~~~~~^~~~[m[K
[100%] [32m[1mLinking CXX executable turtle_cmd_node[0m
[100%] Built target turtle_cmd_node
-- Install configuration: ""
-- Installing: /home/uadmin/learning/learn4/learn4_ws/install/learn4_cpp_pkg/lib/learn4_cpp_pkg/turtle_cmd_node
-- Set runtime path of "/home/uadmin/learning/learn4/learn4_ws/install/learn4_cpp_pkg/lib/learn4_cpp_pkg/turtle_cmd_node" to ""
-- Up-to-date: /home/uadmin/learning/learn4/learn4_ws/install/learn4_cpp_pkg/share/ament_index/resource_index/package_run_dependencies/learn4_cpp_pkg
-- Installing: /home/uadmin/learning/learn4/learn4_ws/install/learn4_cpp_pkg/share/ament_index/resource_index/parent_prefix_path/learn4_cpp_pkg
-- Up-to-date: /home/uadmin/learning/learn4/learn4_ws/install/learn4_cpp_pkg/share/learn4_cpp_pkg/environment/ament_prefix_path.sh
-- Installing: /home/uadmin/learning/learn4/learn4_ws/install/learn4_cpp_pkg/share/learn4_cpp_pkg/environment/ament_prefix_path.dsv
-- Up-to-date: /home/uadmin/learning/learn4/learn4_ws/install/learn4_cpp_pkg/share/learn4_cpp_pkg/environment/path.sh
-- Installing: /home/uadmin/learning/learn4/learn4_ws/install/learn4_cpp_pkg/share/learn4_cpp_pkg/environment/path.dsv
-- Up-to-date: /home/uadmin/learning/learn4/learn4_ws/install/learn4_cpp_pkg/share/learn4_cpp_pkg/local_setup.bash
-- Up-to-date: /home/uadmin/learning/learn4/learn4_ws/install/learn4_cpp_pkg/share/learn4_cpp_pkg/local_setup.sh
-- Up-to-date: /home/uadmin/learning/learn4/learn4_ws/install/learn4_cpp_pkg/share/learn4_cpp_pkg/local_setup.zsh
-- Installing: /home/uadmin/learning/learn4/learn4_ws/install/learn4_cpp_pkg/share/learn4_cpp_pkg/local_setup.dsv
-- Installing: /home/uadmin/learning/learn4/learn4_ws/install/learn4_cpp_pkg/share/learn4_cpp_pkg/package.dsv
-- Up-to-date: /home/uadmin/learning/learn4/learn4_ws/install/learn4_cpp_pkg/share/ament_index/resource_index/packages/learn4_cpp_pkg
-- Up-to-date: /home/uadmin/learning/learn4/learn4_ws/install/learn4_cpp_pkg/share/learn4_cpp_pkg/cmake/learn4_cpp_pkgConfig.cmake
-- Up-to-date: /home/uadmin/learning/learn4/learn4_ws/install/learn4_cpp_pkg/share/learn4_cpp_pkg/cmake/learn4_cpp_pkgConfig-version.cmake
-- Up-to-date: /home/uadmin/learning/learn4/learn4_ws/install/learn4_cpp_pkg/share/learn4_cpp_pkg/package.xml
