[0.024s] Invoking command in '/home/uadmin/learning/learn5/learn5_cpp_ws/build/learn5_cpp_server': AMENT_PREFIX_PATH=/home/uadmin/learning/learn5/learn5_cpp_ws/install/learn5_cpp_interface:${AMENT_PREFIX_PATH} CMAKE_PREFIX_PATH=/home/uadmin/learning/learn5/learn5_cpp_ws/install/learn5_cpp_interface:/opt/ros/humble LD_LIBRARY_PATH=/home/uadmin/learning/learn5/learn5_cpp_ws/install/learn5_cpp_interface/lib:${LD_LIBRARY_PATH} PYTHONPATH=/home/uadmin/learning/learn5/learn5_cpp_ws/install/learn5_cpp_interface/local/lib/python3.10/dist-packages:${PYTHONPATH} /usr/bin/cmake --build /home/uadmin/learning/learn5/learn5_cpp_ws/build/learn5_cpp_server -- -j2 -l2
[0.143s] [35m[1mConsolidate compiler generated dependencies of target learn5_cpp_server_node[0m
[0.217s] [ 50%] [32mBuilding CXX object CMakeFiles/learn5_cpp_server_node.dir/src/main.cpp.o[0m
[5.768s] [100%] [32m[1mLinking CXX executable learn5_cpp_server_node[0m
[5.935s] [100%] Built target learn5_cpp_server_node
[5.953s] Invoked command in '/home/uadmin/learning/learn5/learn5_cpp_ws/build/learn5_cpp_server' returned '0': AMENT_PREFIX_PATH=/home/uadmin/learning/learn5/learn5_cpp_ws/install/learn5_cpp_interface:${AMENT_PREFIX_PATH} CMAKE_PREFIX_PATH=/home/uadmin/learning/learn5/learn5_cpp_ws/install/learn5_cpp_interface:/opt/ros/humble LD_LIBRARY_PATH=/home/uadmin/learning/learn5/learn5_cpp_ws/install/learn5_cpp_interface/lib:${LD_LIBRARY_PATH} PYTHONPATH=/home/uadmin/learning/learn5/learn5_cpp_ws/install/learn5_cpp_interface/local/lib/python3.10/dist-packages:${PYTHONPATH} /usr/bin/cmake --build /home/uadmin/learning/learn5/learn5_cpp_ws/build/learn5_cpp_server -- -j2 -l2
[5.959s] Invoking command in '/home/uadmin/learning/learn5/learn5_cpp_ws/build/learn5_cpp_server': AMENT_PREFIX_PATH=/home/uadmin/learning/learn5/learn5_cpp_ws/install/learn5_cpp_interface:${AMENT_PREFIX_PATH} CMAKE_PREFIX_PATH=/home/uadmin/learning/learn5/learn5_cpp_ws/install/learn5_cpp_interface:/opt/ros/humble LD_LIBRARY_PATH=/home/uadmin/learning/learn5/learn5_cpp_ws/install/learn5_cpp_interface/lib:${LD_LIBRARY_PATH} PYTHONPATH=/home/uadmin/learning/learn5/learn5_cpp_ws/install/learn5_cpp_interface/local/lib/python3.10/dist-packages:${PYTHONPATH} /usr/bin/cmake --install /home/uadmin/learning/learn5/learn5_cpp_ws/build/learn5_cpp_server
[5.973s] -- Install configuration: ""
[5.974s] -- Installing: /home/uadmin/learning/learn5/learn5_cpp_ws/install/learn5_cpp_server/lib/learn5_cpp_server/learn5_cpp_server_node
[5.978s] -- Set runtime path of "/home/uadmin/learning/learn5/learn5_cpp_ws/install/learn5_cpp_server/lib/learn5_cpp_server/learn5_cpp_server_node" to ""
[5.978s] -- Up-to-date: /home/uadmin/learning/learn5/learn5_cpp_ws/install/learn5_cpp_server/share/ament_index/resource_index/package_run_dependencies/learn5_cpp_server
[5.979s] -- Up-to-date: /home/uadmin/learning/learn5/learn5_cpp_ws/install/learn5_cpp_server/share/ament_index/resource_index/parent_prefix_path/learn5_cpp_server
[5.979s] -- Up-to-date: /home/uadmin/learning/learn5/learn5_cpp_ws/install/learn5_cpp_server/share/learn5_cpp_server/environment/ament_prefix_path.sh
[5.979s] -- Up-to-date: /home/uadmin/learning/learn5/learn5_cpp_ws/install/learn5_cpp_server/share/learn5_cpp_server/environment/ament_prefix_path.dsv
[5.980s] -- Up-to-date: /home/uadmin/learning/learn5/learn5_cpp_ws/install/learn5_cpp_server/share/learn5_cpp_server/environment/path.sh
[5.980s] -- Up-to-date: /home/uadmin/learning/learn5/learn5_cpp_ws/install/learn5_cpp_server/share/learn5_cpp_server/environment/path.dsv
[5.980s] -- Up-to-date: /home/uadmin/learning/learn5/learn5_cpp_ws/install/learn5_cpp_server/share/learn5_cpp_server/local_setup.bash
[5.980s] -- Up-to-date: /home/uadmin/learning/learn5/learn5_cpp_ws/install/learn5_cpp_server/share/learn5_cpp_server/local_setup.sh
[5.980s] -- Up-to-date: /home/uadmin/learning/learn5/learn5_cpp_ws/install/learn5_cpp_server/share/learn5_cpp_server/local_setup.zsh
[5.980s] -- Up-to-date: /home/uadmin/learning/learn5/learn5_cpp_ws/install/learn5_cpp_server/share/learn5_cpp_server/local_setup.dsv
[5.980s] -- Installing: /home/uadmin/learning/learn5/learn5_cpp_ws/install/learn5_cpp_server/share/learn5_cpp_server/package.dsv
[5.984s] -- Up-to-date: /home/uadmin/learning/learn5/learn5_cpp_ws/install/learn5_cpp_server/share/ament_index/resource_index/packages/learn5_cpp_server
[5.984s] -- Up-to-date: /home/uadmin/learning/learn5/learn5_cpp_ws/install/learn5_cpp_server/share/learn5_cpp_server/cmake/learn5_cpp_serverConfig.cmake
[5.984s] -- Up-to-date: /home/uadmin/learning/learn5/learn5_cpp_ws/install/learn5_cpp_server/share/learn5_cpp_server/cmake/learn5_cpp_serverConfig-version.cmake
[5.984s] -- Up-to-date: /home/uadmin/learning/learn5/learn5_cpp_ws/install/learn5_cpp_server/share/learn5_cpp_server/package.xml
[5.984s] Invoked command in '/home/uadmin/learning/learn5/learn5_cpp_ws/build/learn5_cpp_server' returned '0': AMENT_PREFIX_PATH=/home/uadmin/learning/learn5/learn5_cpp_ws/install/learn5_cpp_interface:${AMENT_PREFIX_PATH} CMAKE_PREFIX_PATH=/home/uadmin/learning/learn5/learn5_cpp_ws/install/learn5_cpp_interface:/opt/ros/humble LD_LIBRARY_PATH=/home/uadmin/learning/learn5/learn5_cpp_ws/install/learn5_cpp_interface/lib:${LD_LIBRARY_PATH} PYTHONPATH=/home/uadmin/learning/learn5/learn5_cpp_ws/install/learn5_cpp_interface/local/lib/python3.10/dist-packages:${PYTHONPATH} /usr/bin/cmake --install /home/uadmin/learning/learn5/learn5_cpp_ws/build/learn5_cpp_server
