running egg_info
writing ../../build/status_pub/status_pub.egg-info/PKG-INFO
writing dependency_links to ../../build/status_pub/status_pub.egg-info/dependency_links.txt
writing entry points to ../../build/status_pub/status_pub.egg-info/entry_points.txt
writing requirements to ../../build/status_pub/status_pub.egg-info/requires.txt
writing top-level names to ../../build/status_pub/status_pub.egg-info/top_level.txt
reading manifest file '../../build/status_pub/status_pub.egg-info/SOURCES.txt'
adding license file 'LICENSE'
writing manifest file '../../build/status_pub/status_pub.egg-info/SOURCES.txt'
running build
running build_py
copying status_pub/status_pub_node.py -> /home/uadmin/learning/learn4/learn4_topics_ws/build/status_pub/build/lib/status_pub
running install
running install_lib
copying /home/uadmin/learning/learn4/learn4_topics_ws/build/status_pub/build/lib/status_pub/status_pub_node.py -> /home/uadmin/learning/learn4/learn4_topics_ws/install/status_pub/lib/python3.10/site-packages/status_pub
byte-compiling /home/uadmin/learning/learn4/learn4_topics_ws/install/status_pub/lib/python3.10/site-packages/status_pub/status_pub_node.py to status_pub_node.cpython-310.pyc
running install_data
copying package.xml -> /home/uadmin/learning/learn4/learn4_topics_ws/install/status_pub/share/status_pub
running install_egg_info
removing '/home/uadmin/learning/learn4/learn4_topics_ws/install/status_pub/lib/python3.10/site-packages/status_pub-0.0.0-py3.10.egg-info' (and everything under it)
Copying ../../build/status_pub/status_pub.egg-info to /home/uadmin/learning/learn4/learn4_topics_ws/install/status_pub/lib/python3.10/site-packages/status_pub-0.0.0-py3.10.egg-info
running install_scripts
Installing status_pub_node script to /home/uadmin/learning/learn4/learn4_topics_ws/install/status_pub/lib/status_pub
writing list of installed files to '/home/uadmin/learning/learn4/learn4_topics_ws/build/status_pub/install.log'
