[0.093s] DEBUG:colcon:Command line arguments: ['/usr/bin/colcon', 'build']
[0.093s] DEBUG:colcon:Parsed command line arguments: Namespace(log_base=None, log_level=None, verb_name='build', build_base='build', install_base='install', merge_install=False, symlink_install=False, test_result_base=None, continue_on_error=False, executor='parallel', parallel_workers=2, event_handlers=None, ignore_user_meta=False, metas=['./colcon.meta'], base_paths=['.'], packages_ignore=None, packages_ignore_regex=None, paths=None, packages_up_to=None, packages_up_to_regex=None, packages_above=None, packages_above_and_dependencies=None, packages_above_depth=None, packages_select_by_dep=None, packages_skip_by_dep=None, packages_skip_up_to=None, packages_select_build_failed=False, packages_skip_build_finished=False, packages_select_test_failures=False, packages_skip_test_passed=False, packages_select=None, packages_skip=None, packages_select_regex=None, packages_skip_regex=None, packages_start=None, packages_end=None, allow_overriding=[], cmake_args=None, cmake_target=None, cmake_target_skip_unavailable=False, cmake_clean_cache=False, cmake_clean_first=False, cmake_force_configure=False, ament_cmake_args=None, catkin_cmake_args=None, catkin_skip_building_tests=False, verb_parser=<colcon_defaults.argument_parser.defaults.DefaultArgumentsDecorator object at 0x786c1701fd60>, verb_extension=<colcon_core.verb.build.BuildVerb object at 0x786c1701f7c0>, main=<bound method BuildVerb.main of <colcon_core.verb.build.BuildVerb object at 0x786c1701f7c0>>)
[0.213s] Level 1:colcon.colcon_core.package_discovery:discover_packages(colcon_meta) check parameters
[0.214s] Level 1:colcon.colcon_core.package_discovery:discover_packages(recursive) check parameters
[0.214s] Level 1:colcon.colcon_core.package_discovery:discover_packages(ignore) check parameters
[0.214s] Level 1:colcon.colcon_core.package_discovery:discover_packages(path) check parameters
[0.214s] Level 1:colcon.colcon_core.package_discovery:discover_packages(colcon_meta) discover
[0.214s] Level 1:colcon.colcon_core.package_discovery:discover_packages(recursive) discover
[0.214s] INFO:colcon.colcon_core.package_discovery:Crawling recursively for packages in '/home/uadmin/learning/learn5/learn5_ws'
[0.214s] Level 1:colcon.colcon_core.package_identification:_identify(.) by extensions ['ignore', 'ignore_ament_install']
[0.214s] Level 1:colcon.colcon_core.package_identification:_identify(.) by extension 'ignore'
[0.214s] Level 1:colcon.colcon_core.package_identification:_identify(.) by extension 'ignore_ament_install'
[0.214s] Level 1:colcon.colcon_core.package_identification:_identify(.) by extensions ['colcon_pkg']
[0.214s] Level 1:colcon.colcon_core.package_identification:_identify(.) by extension 'colcon_pkg'
[0.214s] Level 1:colcon.colcon_core.package_identification:_identify(.) by extensions ['colcon_meta']
[0.214s] Level 1:colcon.colcon_core.package_identification:_identify(.) by extension 'colcon_meta'
[0.214s] Level 1:colcon.colcon_core.package_identification:_identify(.) by extensions ['ros']
[0.214s] Level 1:colcon.colcon_core.package_identification:_identify(.) by extension 'ros'
[0.223s] Level 1:colcon.colcon_core.package_identification:_identify(.) by extensions ['cmake', 'python']
[0.223s] Level 1:colcon.colcon_core.package_identification:_identify(.) by extension 'cmake'
[0.223s] Level 1:colcon.colcon_core.package_identification:_identify(.) by extension 'python'
[0.223s] Level 1:colcon.colcon_core.package_identification:_identify(.) by extensions ['python_setup_py']
[0.223s] Level 1:colcon.colcon_core.package_identification:_identify(.) by extension 'python_setup_py'
[0.223s] Level 1:colcon.colcon_core.package_identification:_identify(build) by extensions ['ignore', 'ignore_ament_install']
[0.223s] Level 1:colcon.colcon_core.package_identification:_identify(build) by extension 'ignore'
[0.223s] Level 1:colcon.colcon_core.package_identification:_identify(build) ignored
[0.224s] Level 1:colcon.colcon_core.package_identification:_identify(install) by extensions ['ignore', 'ignore_ament_install']
[0.224s] Level 1:colcon.colcon_core.package_identification:_identify(install) by extension 'ignore'
[0.224s] Level 1:colcon.colcon_core.package_identification:_identify(install) ignored
[0.224s] Level 1:colcon.colcon_core.package_identification:_identify(log) by extensions ['ignore', 'ignore_ament_install']
[0.224s] Level 1:colcon.colcon_core.package_identification:_identify(log) by extension 'ignore'
[0.224s] Level 1:colcon.colcon_core.package_identification:_identify(log) ignored
[0.224s] Level 1:colcon.colcon_core.package_identification:_identify(src) by extensions ['ignore', 'ignore_ament_install']
[0.224s] Level 1:colcon.colcon_core.package_identification:_identify(src) by extension 'ignore'
[0.224s] Level 1:colcon.colcon_core.package_identification:_identify(src) by extension 'ignore_ament_install'
[0.224s] Level 1:colcon.colcon_core.package_identification:_identify(src) by extensions ['colcon_pkg']
[0.224s] Level 1:colcon.colcon_core.package_identification:_identify(src) by extension 'colcon_pkg'
[0.224s] Level 1:colcon.colcon_core.package_identification:_identify(src) by extensions ['colcon_meta']
[0.224s] Level 1:colcon.colcon_core.package_identification:_identify(src) by extension 'colcon_meta'
[0.224s] Level 1:colcon.colcon_core.package_identification:_identify(src) by extensions ['ros']
[0.224s] Level 1:colcon.colcon_core.package_identification:_identify(src) by extension 'ros'
[0.224s] Level 1:colcon.colcon_core.package_identification:_identify(src) by extensions ['cmake', 'python']
[0.224s] Level 1:colcon.colcon_core.package_identification:_identify(src) by extension 'cmake'
[0.224s] Level 1:colcon.colcon_core.package_identification:_identify(src) by extension 'python'
[0.224s] Level 1:colcon.colcon_core.package_identification:_identify(src) by extensions ['python_setup_py']
[0.224s] Level 1:colcon.colcon_core.package_identification:_identify(src) by extension 'python_setup_py'
[0.225s] Level 1:colcon.colcon_core.package_identification:_identify(src/learn5_client) by extensions ['ignore', 'ignore_ament_install']
[0.225s] Level 1:colcon.colcon_core.package_identification:_identify(src/learn5_client) by extension 'ignore'
[0.225s] Level 1:colcon.colcon_core.package_identification:_identify(src/learn5_client) by extension 'ignore_ament_install'
[0.225s] Level 1:colcon.colcon_core.package_identification:_identify(src/learn5_client) by extensions ['colcon_pkg']
[0.225s] Level 1:colcon.colcon_core.package_identification:_identify(src/learn5_client) by extension 'colcon_pkg'
[0.225s] Level 1:colcon.colcon_core.package_identification:_identify(src/learn5_client) by extensions ['colcon_meta']
[0.225s] Level 1:colcon.colcon_core.package_identification:_identify(src/learn5_client) by extension 'colcon_meta'
[0.225s] Level 1:colcon.colcon_core.package_identification:_identify(src/learn5_client) by extensions ['ros']
[0.225s] Level 1:colcon.colcon_core.package_identification:_identify(src/learn5_client) by extension 'ros'
[0.227s] DEBUG:colcon.colcon_core.package_identification:Package 'src/learn5_client' with type 'ros.ament_python' and name 'learn5_client'
[0.227s] Level 1:colcon.colcon_core.package_identification:_identify(src/learn5_interface) by extensions ['ignore', 'ignore_ament_install']
[0.227s] Level 1:colcon.colcon_core.package_identification:_identify(src/learn5_interface) by extension 'ignore'
[0.227s] Level 1:colcon.colcon_core.package_identification:_identify(src/learn5_interface) by extension 'ignore_ament_install'
[0.227s] Level 1:colcon.colcon_core.package_identification:_identify(src/learn5_interface) by extensions ['colcon_pkg']
[0.227s] Level 1:colcon.colcon_core.package_identification:_identify(src/learn5_interface) by extension 'colcon_pkg'
[0.227s] Level 1:colcon.colcon_core.package_identification:_identify(src/learn5_interface) by extensions ['colcon_meta']
[0.227s] Level 1:colcon.colcon_core.package_identification:_identify(src/learn5_interface) by extension 'colcon_meta'
[0.227s] Level 1:colcon.colcon_core.package_identification:_identify(src/learn5_interface) by extensions ['ros']
[0.227s] Level 1:colcon.colcon_core.package_identification:_identify(src/learn5_interface) by extension 'ros'
[0.228s] DEBUG:colcon.colcon_core.package_identification:Package 'src/learn5_interface' with type 'ros.ament_cmake' and name 'learn5_interface'
[0.228s] Level 1:colcon.colcon_core.package_identification:_identify(src/learn5_service) by extensions ['ignore', 'ignore_ament_install']
[0.228s] Level 1:colcon.colcon_core.package_identification:_identify(src/learn5_service) by extension 'ignore'
[0.228s] Level 1:colcon.colcon_core.package_identification:_identify(src/learn5_service) by extension 'ignore_ament_install'
[0.228s] Level 1:colcon.colcon_core.package_identification:_identify(src/learn5_service) by extensions ['colcon_pkg']
[0.228s] Level 1:colcon.colcon_core.package_identification:_identify(src/learn5_service) by extension 'colcon_pkg'
[0.228s] Level 1:colcon.colcon_core.package_identification:_identify(src/learn5_service) by extensions ['colcon_meta']
[0.228s] Level 1:colcon.colcon_core.package_identification:_identify(src/learn5_service) by extension 'colcon_meta'
[0.228s] Level 1:colcon.colcon_core.package_identification:_identify(src/learn5_service) by extensions ['ros']
[0.228s] Level 1:colcon.colcon_core.package_identification:_identify(src/learn5_service) by extension 'ros'
[0.229s] DEBUG:colcon.colcon_core.package_identification:Package 'src/learn5_service' with type 'ros.ament_python' and name 'learn5_service'
[0.229s] Level 1:colcon.colcon_core.package_discovery:discover_packages(recursive) using defaults
[0.229s] Level 1:colcon.colcon_core.package_discovery:discover_packages(ignore) discover
[0.229s] Level 1:colcon.colcon_core.package_discovery:discover_packages(ignore) using defaults
[0.229s] Level 1:colcon.colcon_core.package_discovery:discover_packages(path) discover
[0.229s] Level 1:colcon.colcon_core.package_discovery:discover_packages(path) using defaults
[0.243s] Level 1:colcon.colcon_core.package_discovery:discover_packages(prefix_path) check parameters
[0.243s] Level 1:colcon.colcon_core.package_discovery:discover_packages(prefix_path) discover
[0.245s] DEBUG:colcon.colcon_installed_package_information.package_discovery:Found 2 installed packages in /home/uadmin/learning/learn5/learn5_ws/install
[0.247s] DEBUG:colcon.colcon_installed_package_information.package_discovery:Found 310 installed packages in /opt/ros/humble
[0.254s] Level 1:colcon.colcon_core.package_discovery:discover_packages(prefix_path) using defaults
[0.283s] Level 5:colcon.colcon_core.verb:set package 'learn5_interface' build argument 'cmake_args' from command line to 'None'
[0.283s] Level 5:colcon.colcon_core.verb:set package 'learn5_interface' build argument 'cmake_target' from command line to 'None'
[0.283s] Level 5:colcon.colcon_core.verb:set package 'learn5_interface' build argument 'cmake_target_skip_unavailable' from command line to 'False'
[0.283s] Level 5:colcon.colcon_core.verb:set package 'learn5_interface' build argument 'cmake_clean_cache' from command line to 'False'
[0.283s] Level 5:colcon.colcon_core.verb:set package 'learn5_interface' build argument 'cmake_clean_first' from command line to 'False'
[0.283s] Level 5:colcon.colcon_core.verb:set package 'learn5_interface' build argument 'cmake_force_configure' from command line to 'False'
[0.283s] Level 5:colcon.colcon_core.verb:set package 'learn5_interface' build argument 'ament_cmake_args' from command line to 'None'
[0.283s] Level 5:colcon.colcon_core.verb:set package 'learn5_interface' build argument 'catkin_cmake_args' from command line to 'None'
[0.283s] Level 5:colcon.colcon_core.verb:set package 'learn5_interface' build argument 'catkin_skip_building_tests' from command line to 'False'
[0.283s] DEBUG:colcon.colcon_core.verb:Building package 'learn5_interface' with the following arguments: {'ament_cmake_args': None, 'build_base': '/home/uadmin/learning/learn5/learn5_ws/build/learn5_interface', 'catkin_cmake_args': None, 'catkin_skip_building_tests': False, 'cmake_args': None, 'cmake_clean_cache': False, 'cmake_clean_first': False, 'cmake_force_configure': False, 'cmake_target': None, 'cmake_target_skip_unavailable': False, 'install_base': '/home/uadmin/learning/learn5/learn5_ws/install/learn5_interface', 'merge_install': False, 'path': '/home/uadmin/learning/learn5/learn5_ws/src/learn5_interface', 'symlink_install': False, 'test_result_base': None}
[0.283s] Level 5:colcon.colcon_core.verb:set package 'learn5_client' build argument 'cmake_args' from command line to 'None'
[0.283s] Level 5:colcon.colcon_core.verb:set package 'learn5_client' build argument 'cmake_target' from command line to 'None'
[0.283s] Level 5:colcon.colcon_core.verb:set package 'learn5_client' build argument 'cmake_target_skip_unavailable' from command line to 'False'
[0.283s] Level 5:colcon.colcon_core.verb:set package 'learn5_client' build argument 'cmake_clean_cache' from command line to 'False'
[0.283s] Level 5:colcon.colcon_core.verb:set package 'learn5_client' build argument 'cmake_clean_first' from command line to 'False'
[0.283s] Level 5:colcon.colcon_core.verb:set package 'learn5_client' build argument 'cmake_force_configure' from command line to 'False'
[0.283s] Level 5:colcon.colcon_core.verb:set package 'learn5_client' build argument 'ament_cmake_args' from command line to 'None'
[0.283s] Level 5:colcon.colcon_core.verb:set package 'learn5_client' build argument 'catkin_cmake_args' from command line to 'None'
[0.283s] Level 5:colcon.colcon_core.verb:set package 'learn5_client' build argument 'catkin_skip_building_tests' from command line to 'False'
[0.283s] DEBUG:colcon.colcon_core.verb:Building package 'learn5_client' with the following arguments: {'ament_cmake_args': None, 'build_base': '/home/uadmin/learning/learn5/learn5_ws/build/learn5_client', 'catkin_cmake_args': None, 'catkin_skip_building_tests': False, 'cmake_args': None, 'cmake_clean_cache': False, 'cmake_clean_first': False, 'cmake_force_configure': False, 'cmake_target': None, 'cmake_target_skip_unavailable': False, 'install_base': '/home/uadmin/learning/learn5/learn5_ws/install/learn5_client', 'merge_install': False, 'path': '/home/uadmin/learning/learn5/learn5_ws/src/learn5_client', 'symlink_install': False, 'test_result_base': None}
[0.284s] Level 5:colcon.colcon_core.verb:set package 'learn5_service' build argument 'cmake_args' from command line to 'None'
[0.284s] Level 5:colcon.colcon_core.verb:set package 'learn5_service' build argument 'cmake_target' from command line to 'None'
[0.284s] Level 5:colcon.colcon_core.verb:set package 'learn5_service' build argument 'cmake_target_skip_unavailable' from command line to 'False'
[0.284s] Level 5:colcon.colcon_core.verb:set package 'learn5_service' build argument 'cmake_clean_cache' from command line to 'False'
[0.284s] Level 5:colcon.colcon_core.verb:set package 'learn5_service' build argument 'cmake_clean_first' from command line to 'False'
[0.284s] Level 5:colcon.colcon_core.verb:set package 'learn5_service' build argument 'cmake_force_configure' from command line to 'False'
[0.284s] Level 5:colcon.colcon_core.verb:set package 'learn5_service' build argument 'ament_cmake_args' from command line to 'None'
[0.284s] Level 5:colcon.colcon_core.verb:set package 'learn5_service' build argument 'catkin_cmake_args' from command line to 'None'
[0.284s] Level 5:colcon.colcon_core.verb:set package 'learn5_service' build argument 'catkin_skip_building_tests' from command line to 'False'
[0.284s] DEBUG:colcon.colcon_core.verb:Building package 'learn5_service' with the following arguments: {'ament_cmake_args': None, 'build_base': '/home/uadmin/learning/learn5/learn5_ws/build/learn5_service', 'catkin_cmake_args': None, 'catkin_skip_building_tests': False, 'cmake_args': None, 'cmake_clean_cache': False, 'cmake_clean_first': False, 'cmake_force_configure': False, 'cmake_target': None, 'cmake_target_skip_unavailable': False, 'install_base': '/home/uadmin/learning/learn5/learn5_ws/install/learn5_service', 'merge_install': False, 'path': '/home/uadmin/learning/learn5/learn5_ws/src/learn5_service', 'symlink_install': False, 'test_result_base': None}
[0.284s] INFO:colcon.colcon_core.executor:Executing jobs using 'parallel' executor
[0.285s] DEBUG:colcon.colcon_parallel_executor.executor.parallel:run_until_complete
[0.285s] INFO:colcon.colcon_ros.task.ament_cmake.build:Building ROS package in '/home/uadmin/learning/learn5/learn5_ws/src/learn5_interface' with build type 'ament_cmake'
[0.285s] INFO:colcon.colcon_cmake.task.cmake.build:Building CMake package in '/home/uadmin/learning/learn5/learn5_ws/src/learn5_interface'
[0.287s] INFO:colcon.colcon_core.plugin_system:Skipping extension 'colcon_core.shell.bat': Not used on non-Windows systems
[0.287s] INFO:colcon.colcon_core.shell:Skip shell extension 'powershell' for command environment: Not usable outside of PowerShell
[0.287s] DEBUG:colcon.colcon_core.shell:Skip shell extension 'dsv' for command environment
[0.297s] DEBUG:colcon.colcon_core.event_handler.log_command:Invoking command in '/home/uadmin/learning/learn5/learn5_ws/build/learn5_interface': CMAKE_PREFIX_PATH=${CMAKE_PREFIX_PATH}:/home/uadmin/learning/learn5/learn5_ws/install/learn5_service:/opt/ros/humble /usr/bin/cmake --build /home/uadmin/learning/learn5/learn5_ws/build/learn5_interface -- -j2 -l2
[0.676s] DEBUG:colcon.colcon_core.event_handler.log_command:Invoked command in '/home/uadmin/learning/learn5/learn5_ws/build/learn5_interface' returned '0': CMAKE_PREFIX_PATH=${CMAKE_PREFIX_PATH}:/home/uadmin/learning/learn5/learn5_ws/install/learn5_service:/opt/ros/humble /usr/bin/cmake --build /home/uadmin/learning/learn5/learn5_ws/build/learn5_interface -- -j2 -l2
[0.683s] DEBUG:colcon.colcon_core.event_handler.log_command:Invoking command in '/home/uadmin/learning/learn5/learn5_ws/build/learn5_interface': CMAKE_PREFIX_PATH=${CMAKE_PREFIX_PATH}:/home/uadmin/learning/learn5/learn5_ws/install/learn5_service:/opt/ros/humble /usr/bin/cmake --install /home/uadmin/learning/learn5/learn5_ws/build/learn5_interface
[0.758s] Level 1:colcon.colcon_core.environment:create_environment_scripts_only(learn5_interface)
[0.760s] DEBUG:colcon.colcon_core.event_handler.log_command:Invoked command in '/home/uadmin/learning/learn5/learn5_ws/build/learn5_interface' returned '0': CMAKE_PREFIX_PATH=${CMAKE_PREFIX_PATH}:/home/uadmin/learning/learn5/learn5_ws/install/learn5_service:/opt/ros/humble /usr/bin/cmake --install /home/uadmin/learning/learn5/learn5_ws/build/learn5_interface
[0.760s] Level 1:colcon.colcon_core.environment:checking '/home/uadmin/learning/learn5/learn5_ws/install/learn5_interface' for CMake module files
[0.761s] Level 1:colcon.colcon_core.environment:checking '/home/uadmin/learning/learn5/learn5_ws/install/learn5_interface' for CMake config files
[0.761s] Level 1:colcon.colcon_core.shell:create_environment_hook('learn5_interface', 'cmake_prefix_path')
[0.762s] INFO:colcon.colcon_core.shell:Creating environment hook '/home/uadmin/learning/learn5/learn5_ws/install/learn5_interface/share/learn5_interface/hook/cmake_prefix_path.ps1'
[0.762s] INFO:colcon.colcon_core.shell:Creating environment descriptor '/home/uadmin/learning/learn5/learn5_ws/install/learn5_interface/share/learn5_interface/hook/cmake_prefix_path.dsv'
[0.763s] INFO:colcon.colcon_core.shell:Creating environment hook '/home/uadmin/learning/learn5/learn5_ws/install/learn5_interface/share/learn5_interface/hook/cmake_prefix_path.sh'
[0.764s] Level 1:colcon.colcon_core.environment:checking '/home/uadmin/learning/learn5/learn5_ws/install/learn5_interface/lib'
[0.764s] Level 1:colcon.colcon_core.shell:create_environment_hook('learn5_interface', 'ld_library_path_lib')
[0.764s] INFO:colcon.colcon_core.shell:Creating environment hook '/home/uadmin/learning/learn5/learn5_ws/install/learn5_interface/share/learn5_interface/hook/ld_library_path_lib.ps1'
[0.765s] INFO:colcon.colcon_core.shell:Creating environment descriptor '/home/uadmin/learning/learn5/learn5_ws/install/learn5_interface/share/learn5_interface/hook/ld_library_path_lib.dsv'
[0.765s] INFO:colcon.colcon_core.shell:Creating environment hook '/home/uadmin/learning/learn5/learn5_ws/install/learn5_interface/share/learn5_interface/hook/ld_library_path_lib.sh'
[0.765s] Level 1:colcon.colcon_core.environment:checking '/home/uadmin/learning/learn5/learn5_ws/install/learn5_interface/bin'
[0.765s] Level 1:colcon.colcon_core.environment:checking '/home/uadmin/learning/learn5/learn5_ws/install/learn5_interface/lib/pkgconfig/learn5_interface.pc'
[0.766s] Level 1:colcon.colcon_core.environment:checking '/home/uadmin/learning/learn5/learn5_ws/install/learn5_interface/lib/python3.10/site-packages'
[0.766s] Level 1:colcon.colcon_core.environment:checking '/home/uadmin/learning/learn5/learn5_ws/install/learn5_interface/bin'
[0.766s] INFO:colcon.colcon_core.shell:Creating package script '/home/uadmin/learning/learn5/learn5_ws/install/learn5_interface/share/learn5_interface/package.ps1'
[0.767s] INFO:colcon.colcon_core.shell:Creating package descriptor '/home/uadmin/learning/learn5/learn5_ws/install/learn5_interface/share/learn5_interface/package.dsv'
[0.767s] INFO:colcon.colcon_core.shell:Creating package script '/home/uadmin/learning/learn5/learn5_ws/install/learn5_interface/share/learn5_interface/package.sh'
[0.768s] INFO:colcon.colcon_core.shell:Creating package script '/home/uadmin/learning/learn5/learn5_ws/install/learn5_interface/share/learn5_interface/package.bash'
[0.768s] INFO:colcon.colcon_core.shell:Creating package script '/home/uadmin/learning/learn5/learn5_ws/install/learn5_interface/share/learn5_interface/package.zsh'
[0.769s] Level 1:colcon.colcon_core.environment:create_file_with_runtime_dependencies(/home/uadmin/learning/learn5/learn5_ws/install/learn5_interface/share/colcon-core/packages/learn5_interface)
[0.770s] Level 1:colcon.colcon_core.environment:create_environment_scripts_only(learn5_interface)
[0.770s] Level 1:colcon.colcon_core.environment:checking '/home/uadmin/learning/learn5/learn5_ws/install/learn5_interface' for CMake module files
[0.771s] Level 1:colcon.colcon_core.environment:checking '/home/uadmin/learning/learn5/learn5_ws/install/learn5_interface' for CMake config files
[0.771s] Level 1:colcon.colcon_core.shell:create_environment_hook('learn5_interface', 'cmake_prefix_path')
[0.771s] INFO:colcon.colcon_core.shell:Creating environment hook '/home/uadmin/learning/learn5/learn5_ws/install/learn5_interface/share/learn5_interface/hook/cmake_prefix_path.ps1'
[0.772s] INFO:colcon.colcon_core.shell:Creating environment descriptor '/home/uadmin/learning/learn5/learn5_ws/install/learn5_interface/share/learn5_interface/hook/cmake_prefix_path.dsv'
[0.772s] INFO:colcon.colcon_core.shell:Creating environment hook '/home/uadmin/learning/learn5/learn5_ws/install/learn5_interface/share/learn5_interface/hook/cmake_prefix_path.sh'
[0.773s] Level 1:colcon.colcon_core.environment:checking '/home/uadmin/learning/learn5/learn5_ws/install/learn5_interface/lib'
[0.773s] Level 1:colcon.colcon_core.shell:create_environment_hook('learn5_interface', 'ld_library_path_lib')
[0.773s] INFO:colcon.colcon_core.shell:Creating environment hook '/home/uadmin/learning/learn5/learn5_ws/install/learn5_interface/share/learn5_interface/hook/ld_library_path_lib.ps1'
[0.773s] INFO:colcon.colcon_core.shell:Creating environment descriptor '/home/uadmin/learning/learn5/learn5_ws/install/learn5_interface/share/learn5_interface/hook/ld_library_path_lib.dsv'
[0.774s] INFO:colcon.colcon_core.shell:Creating environment hook '/home/uadmin/learning/learn5/learn5_ws/install/learn5_interface/share/learn5_interface/hook/ld_library_path_lib.sh'
[0.774s] Level 1:colcon.colcon_core.environment:checking '/home/uadmin/learning/learn5/learn5_ws/install/learn5_interface/bin'
[0.774s] Level 1:colcon.colcon_core.environment:checking '/home/uadmin/learning/learn5/learn5_ws/install/learn5_interface/lib/pkgconfig/learn5_interface.pc'
[0.775s] Level 1:colcon.colcon_core.environment:checking '/home/uadmin/learning/learn5/learn5_ws/install/learn5_interface/lib/python3.10/site-packages'
[0.775s] Level 1:colcon.colcon_core.environment:checking '/home/uadmin/learning/learn5/learn5_ws/install/learn5_interface/bin'
[0.775s] INFO:colcon.colcon_core.shell:Creating package script '/home/uadmin/learning/learn5/learn5_ws/install/learn5_interface/share/learn5_interface/package.ps1'
[0.775s] INFO:colcon.colcon_core.shell:Creating package descriptor '/home/uadmin/learning/learn5/learn5_ws/install/learn5_interface/share/learn5_interface/package.dsv'
[0.776s] INFO:colcon.colcon_core.shell:Creating package script '/home/uadmin/learning/learn5/learn5_ws/install/learn5_interface/share/learn5_interface/package.sh'
[0.776s] INFO:colcon.colcon_core.shell:Creating package script '/home/uadmin/learning/learn5/learn5_ws/install/learn5_interface/share/learn5_interface/package.bash'
[0.777s] INFO:colcon.colcon_core.shell:Creating package script '/home/uadmin/learning/learn5/learn5_ws/install/learn5_interface/share/learn5_interface/package.zsh'
[0.777s] Level 1:colcon.colcon_core.environment:create_file_with_runtime_dependencies(/home/uadmin/learning/learn5/learn5_ws/install/learn5_interface/share/colcon-core/packages/learn5_interface)
[0.778s] INFO:colcon.colcon_ros.task.ament_python.build:Building ROS package in '/home/uadmin/learning/learn5/learn5_ws/src/learn5_client' with build type 'ament_python'
[0.778s] Level 1:colcon.colcon_core.shell:create_environment_hook('learn5_client', 'ament_prefix_path')
[0.779s] INFO:colcon.colcon_core.shell:Creating environment hook '/home/uadmin/learning/learn5/learn5_ws/install/learn5_client/share/learn5_client/hook/ament_prefix_path.ps1'
[0.779s] INFO:colcon.colcon_core.shell:Creating environment descriptor '/home/uadmin/learning/learn5/learn5_ws/install/learn5_client/share/learn5_client/hook/ament_prefix_path.dsv'
[0.780s] INFO:colcon.colcon_core.shell:Creating environment hook '/home/uadmin/learning/learn5/learn5_ws/install/learn5_client/share/learn5_client/hook/ament_prefix_path.sh'
[0.780s] INFO:colcon.colcon_core.shell:Skip shell extension 'powershell' for command environment: Not usable outside of PowerShell
[0.780s] DEBUG:colcon.colcon_core.shell:Skip shell extension 'dsv' for command environment
[0.786s] INFO:colcon.colcon_ros.task.ament_python.build:Building ROS package in '/home/uadmin/learning/learn5/learn5_ws/src/learn5_service' with build type 'ament_python'
[0.786s] Level 1:colcon.colcon_core.shell:create_environment_hook('learn5_service', 'ament_prefix_path')
[0.786s] INFO:colcon.colcon_core.shell:Creating environment hook '/home/uadmin/learning/learn5/learn5_ws/install/learn5_service/share/learn5_service/hook/ament_prefix_path.ps1'
[0.788s] INFO:colcon.colcon_core.shell:Creating environment descriptor '/home/uadmin/learning/learn5/learn5_ws/install/learn5_service/share/learn5_service/hook/ament_prefix_path.dsv'
[0.788s] INFO:colcon.colcon_core.shell:Creating environment hook '/home/uadmin/learning/learn5/learn5_ws/install/learn5_service/share/learn5_service/hook/ament_prefix_path.sh'
[0.789s] INFO:colcon.colcon_core.shell:Skip shell extension 'powershell' for command environment: Not usable outside of PowerShell
[0.789s] DEBUG:colcon.colcon_core.shell:Skip shell extension 'dsv' for command environment
[0.992s] INFO:colcon.colcon_core.task.python.build:Building Python package in '/home/uadmin/learning/learn5/learn5_ws/src/learn5_client'
[0.993s] INFO:colcon.colcon_core.shell:Skip shell extension 'powershell' for command environment: Not usable outside of PowerShell
[0.993s] DEBUG:colcon.colcon_core.shell:Skip shell extension 'dsv' for command environment
[1.186s] INFO:colcon.colcon_core.task.python.build:Building Python package in '/home/uadmin/learning/learn5/learn5_ws/src/learn5_service'
[1.186s] INFO:colcon.colcon_core.shell:Skip shell extension 'powershell' for command environment: Not usable outside of PowerShell
[1.186s] DEBUG:colcon.colcon_core.shell:Skip shell extension 'dsv' for command environment
[1.501s] DEBUG:colcon.colcon_core.event_handler.log_command:Invoking command in '/home/uadmin/learning/learn5/learn5_ws/src/learn5_client': PYTHONPATH=/home/uadmin/learning/learn5/learn5_ws/build/learn5_client/prefix_override:/usr/lib/python3/dist-packages/colcon_core/task/python/colcon_distutils_commands:/home/uadmin/learning/learn5/learn5_ws/install/learn5_client/lib/python3.10/site-packages:${PYTHONPATH} /usr/bin/python3 -W ignore:setup.py install is deprecated -W ignore:easy_install command is deprecated setup.py egg_info --egg-base ../../build/learn5_client build --build-base /home/uadmin/learning/learn5/learn5_ws/build/learn5_client/build install --record /home/uadmin/learning/learn5/learn5_ws/build/learn5_client/install.log --single-version-externally-managed install_data
[1.549s] DEBUG:colcon.colcon_core.event_handler.log_command:Invoking command in '/home/uadmin/learning/learn5/learn5_ws/src/learn5_service': PYTHONPATH=/home/uadmin/learning/learn5/learn5_ws/build/learn5_service/prefix_override:/usr/lib/python3/dist-packages/colcon_core/task/python/colcon_distutils_commands:/home/uadmin/learning/learn5/learn5_ws/install/learn5_service/lib/python3.10/site-packages:${PYTHONPATH} /usr/bin/python3 -W ignore:setup.py install is deprecated -W ignore:easy_install command is deprecated setup.py egg_info --egg-base ../../build/learn5_service build --build-base /home/uadmin/learning/learn5/learn5_ws/build/learn5_service/build install --record /home/uadmin/learning/learn5/learn5_ws/build/learn5_service/install.log --single-version-externally-managed install_data
[1.767s] Level 1:colcon.colcon_core.environment:checking '/home/uadmin/learning/learn5/learn5_ws/install/learn5_client' for CMake module files
[1.768s] DEBUG:colcon.colcon_core.event_handler.log_command:Invoked command in '/home/uadmin/learning/learn5/learn5_ws/src/learn5_client' returned '0': PYTHONPATH=/home/uadmin/learning/learn5/learn5_ws/build/learn5_client/prefix_override:/usr/lib/python3/dist-packages/colcon_core/task/python/colcon_distutils_commands:/home/uadmin/learning/learn5/learn5_ws/install/learn5_client/lib/python3.10/site-packages:${PYTHONPATH} /usr/bin/python3 -W ignore:setup.py install is deprecated -W ignore:easy_install command is deprecated setup.py egg_info --egg-base ../../build/learn5_client build --build-base /home/uadmin/learning/learn5/learn5_ws/build/learn5_client/build install --record /home/uadmin/learning/learn5/learn5_ws/build/learn5_client/install.log --single-version-externally-managed install_data
[1.768s] Level 1:colcon.colcon_core.environment:checking '/home/uadmin/learning/learn5/learn5_ws/install/learn5_client' for CMake config files
[1.769s] Level 1:colcon.colcon_core.environment:checking '/home/uadmin/learning/learn5/learn5_ws/install/learn5_client/lib'
[1.769s] Level 1:colcon.colcon_core.environment:checking '/home/uadmin/learning/learn5/learn5_ws/install/learn5_client/bin'
[1.769s] Level 1:colcon.colcon_core.environment:checking '/home/uadmin/learning/learn5/learn5_ws/install/learn5_client/lib/pkgconfig/learn5_client.pc'
[1.769s] Level 1:colcon.colcon_core.environment:checking '/home/uadmin/learning/learn5/learn5_ws/install/learn5_client/lib/python3.10/site-packages'
[1.769s] Level 1:colcon.colcon_core.shell:create_environment_hook('learn5_client', 'pythonpath')
[1.770s] INFO:colcon.colcon_core.shell:Creating environment hook '/home/uadmin/learning/learn5/learn5_ws/install/learn5_client/share/learn5_client/hook/pythonpath.ps1'
[1.770s] INFO:colcon.colcon_core.shell:Creating environment descriptor '/home/uadmin/learning/learn5/learn5_ws/install/learn5_client/share/learn5_client/hook/pythonpath.dsv'
[1.772s] INFO:colcon.colcon_core.shell:Creating environment hook '/home/uadmin/learning/learn5/learn5_ws/install/learn5_client/share/learn5_client/hook/pythonpath.sh'
[1.774s] Level 1:colcon.colcon_core.environment:checking '/home/uadmin/learning/learn5/learn5_ws/install/learn5_client/bin'
[1.774s] Level 1:colcon.colcon_core.environment:create_environment_scripts_only(learn5_client)
[1.774s] INFO:colcon.colcon_core.shell:Creating package script '/home/uadmin/learning/learn5/learn5_ws/install/learn5_client/share/learn5_client/package.ps1'
[1.776s] INFO:colcon.colcon_core.shell:Creating package descriptor '/home/uadmin/learning/learn5/learn5_ws/install/learn5_client/share/learn5_client/package.dsv'
[1.776s] INFO:colcon.colcon_core.shell:Creating package script '/home/uadmin/learning/learn5/learn5_ws/install/learn5_client/share/learn5_client/package.sh'
[1.777s] INFO:colcon.colcon_core.shell:Creating package script '/home/uadmin/learning/learn5/learn5_ws/install/learn5_client/share/learn5_client/package.bash'
[1.777s] INFO:colcon.colcon_core.shell:Creating package script '/home/uadmin/learning/learn5/learn5_ws/install/learn5_client/share/learn5_client/package.zsh'
[1.777s] Level 1:colcon.colcon_core.environment:create_file_with_runtime_dependencies(/home/uadmin/learning/learn5/learn5_ws/install/learn5_client/share/colcon-core/packages/learn5_client)
[1.819s] Level 1:colcon.colcon_core.environment:checking '/home/uadmin/learning/learn5/learn5_ws/install/learn5_service' for CMake module files
[1.819s] DEBUG:colcon.colcon_core.event_handler.log_command:Invoked command in '/home/uadmin/learning/learn5/learn5_ws/src/learn5_service' returned '0': PYTHONPATH=/home/uadmin/learning/learn5/learn5_ws/build/learn5_service/prefix_override:/usr/lib/python3/dist-packages/colcon_core/task/python/colcon_distutils_commands:/home/uadmin/learning/learn5/learn5_ws/install/learn5_service/lib/python3.10/site-packages:${PYTHONPATH} /usr/bin/python3 -W ignore:setup.py install is deprecated -W ignore:easy_install command is deprecated setup.py egg_info --egg-base ../../build/learn5_service build --build-base /home/uadmin/learning/learn5/learn5_ws/build/learn5_service/build install --record /home/uadmin/learning/learn5/learn5_ws/build/learn5_service/install.log --single-version-externally-managed install_data
[1.819s] Level 1:colcon.colcon_core.environment:checking '/home/uadmin/learning/learn5/learn5_ws/install/learn5_service' for CMake config files
[1.821s] Level 1:colcon.colcon_core.environment:checking '/home/uadmin/learning/learn5/learn5_ws/install/learn5_service/lib'
[1.821s] Level 1:colcon.colcon_core.environment:checking '/home/uadmin/learning/learn5/learn5_ws/install/learn5_service/bin'
[1.821s] Level 1:colcon.colcon_core.environment:checking '/home/uadmin/learning/learn5/learn5_ws/install/learn5_service/lib/pkgconfig/learn5_service.pc'
[1.821s] Level 1:colcon.colcon_core.environment:checking '/home/uadmin/learning/learn5/learn5_ws/install/learn5_service/lib/python3.10/site-packages'
[1.821s] Level 1:colcon.colcon_core.shell:create_environment_hook('learn5_service', 'pythonpath')
[1.821s] INFO:colcon.colcon_core.shell:Creating environment hook '/home/uadmin/learning/learn5/learn5_ws/install/learn5_service/share/learn5_service/hook/pythonpath.ps1'
[1.822s] INFO:colcon.colcon_core.shell:Creating environment descriptor '/home/uadmin/learning/learn5/learn5_ws/install/learn5_service/share/learn5_service/hook/pythonpath.dsv'
[1.823s] INFO:colcon.colcon_core.shell:Creating environment hook '/home/uadmin/learning/learn5/learn5_ws/install/learn5_service/share/learn5_service/hook/pythonpath.sh'
[1.824s] Level 1:colcon.colcon_core.environment:checking '/home/uadmin/learning/learn5/learn5_ws/install/learn5_service/bin'
[1.824s] Level 1:colcon.colcon_core.environment:create_environment_scripts_only(learn5_service)
[1.824s] INFO:colcon.colcon_core.shell:Creating package script '/home/uadmin/learning/learn5/learn5_ws/install/learn5_service/share/learn5_service/package.ps1'
[1.828s] INFO:colcon.colcon_core.shell:Creating package descriptor '/home/uadmin/learning/learn5/learn5_ws/install/learn5_service/share/learn5_service/package.dsv'
[1.828s] INFO:colcon.colcon_core.shell:Creating package script '/home/uadmin/learning/learn5/learn5_ws/install/learn5_service/share/learn5_service/package.sh'
[1.829s] INFO:colcon.colcon_core.shell:Creating package script '/home/uadmin/learning/learn5/learn5_ws/install/learn5_service/share/learn5_service/package.bash'
[1.829s] INFO:colcon.colcon_core.shell:Creating package script '/home/uadmin/learning/learn5/learn5_ws/install/learn5_service/share/learn5_service/package.zsh'
[1.830s] Level 1:colcon.colcon_core.environment:create_file_with_runtime_dependencies(/home/uadmin/learning/learn5/learn5_ws/install/learn5_service/share/colcon-core/packages/learn5_service)
[1.830s] DEBUG:colcon.colcon_parallel_executor.executor.parallel:closing loop
[1.831s] DEBUG:colcon.colcon_parallel_executor.executor.parallel:loop closed
[1.831s] DEBUG:colcon.colcon_parallel_executor.executor.parallel:run_until_complete finished with '0'
[1.831s] DEBUG:colcon.colcon_core.event_reactor:joining thread
[1.838s] INFO:colcon.colcon_core.plugin_system:Skipping extension 'colcon_notification.desktop_notification.terminal_notifier': Not used on non-Darwin systems
[1.840s] INFO:colcon.colcon_core.plugin_system:Skipping extension 'colcon_notification.desktop_notification.win32': Not used on non-Windows systems
[1.840s] INFO:colcon.colcon_notification.desktop_notification:Sending desktop notification using 'notify2'
[1.886s] DEBUG:colcon.colcon_core.event_reactor:joined thread
[1.886s] INFO:colcon.colcon_core.shell:Creating prefix script '/home/uadmin/learning/learn5/learn5_ws/install/local_setup.ps1'
[1.888s] INFO:colcon.colcon_core.shell:Creating prefix util module '/home/uadmin/learning/learn5/learn5_ws/install/_local_setup_util_ps1.py'
[1.889s] INFO:colcon.colcon_core.shell:Creating prefix chain script '/home/uadmin/learning/learn5/learn5_ws/install/setup.ps1'
[1.891s] INFO:colcon.colcon_core.shell:Creating prefix script '/home/uadmin/learning/learn5/learn5_ws/install/local_setup.sh'
[1.892s] INFO:colcon.colcon_core.shell:Creating prefix util module '/home/uadmin/learning/learn5/learn5_ws/install/_local_setup_util_sh.py'
[1.892s] INFO:colcon.colcon_core.shell:Creating prefix chain script '/home/uadmin/learning/learn5/learn5_ws/install/setup.sh'
[1.895s] INFO:colcon.colcon_core.shell:Creating prefix script '/home/uadmin/learning/learn5/learn5_ws/install/local_setup.bash'
[1.896s] INFO:colcon.colcon_core.shell:Creating prefix chain script '/home/uadmin/learning/learn5/learn5_ws/install/setup.bash'
[1.897s] INFO:colcon.colcon_core.shell:Creating prefix script '/home/uadmin/learning/learn5/learn5_ws/install/local_setup.zsh'
[1.897s] INFO:colcon.colcon_core.shell:Creating prefix chain script '/home/uadmin/learning/learn5/learn5_ws/install/setup.zsh'
