[0.010s] Invoking command in '/home/uadmin/learning/learn4/learn4_topics_ws/build/status_interfaces': CMAKE_PREFIX_PATH=/opt/ros/humble /usr/bin/cmake --build /home/uadmin/learning/learn4/learn4_topics_ws/build/status_interfaces -- -j2 -l2
[0.031s] -- Found ament_cmake: 1.3.11 (/opt/ros/humble/share/ament_cmake/cmake)
[0.123s] -- Found builtin_interfaces: 1.2.1 (/opt/ros/humble/share/builtin_interfaces/cmake)
[0.145s] -- Found rosidl_generator_c: 3.1.6 (/opt/ros/humble/share/rosidl_generator_c/cmake)
[0.147s] -- Found rosidl_adapter: 3.1.6 (/opt/ros/humble/share/rosidl_adapter/cmake)
[0.151s] -- Found rosidl_generator_cpp: 3.1.6 (/opt/ros/humble/share/rosidl_generator_cpp/cmake)
[0.159s] -- Using all available rosidl_typesupport_c: rosidl_typesupport_fastrtps_c;rosidl_typesupport_introspection_c
[0.168s] -- Using all available rosidl_typesupport_cpp: rosidl_typesupport_fastrtps_cpp;rosidl_typesupport_introspection_cpp
[0.177s] -- Found rosidl_default_generators: 1.2.0 (/opt/ros/humble/share/rosidl_default_generators/cmake)
[0.361s] -- Found ament_cmake_ros: 0.10.0 (/opt/ros/humble/share/ament_cmake_ros/cmake)
[0.587s] -- Using all available rosidl_typesupport_c: rosidl_typesupport_fastrtps_c;rosidl_typesupport_introspection_c
[0.683s] -- Using all available rosidl_typesupport_cpp: rosidl_typesupport_fastrtps_cpp;rosidl_typesupport_introspection_cpp
[0.699s] -- Found python_cmake_module: 0.10.0 (/opt/ros/humble/share/python_cmake_module/cmake)
[0.716s] -- Using PYTHON_EXECUTABLE: /usr/bin/python3
[0.716s] -- Using PYTHON_INCLUDE_DIRS: /usr/include/python3.10
[0.716s] -- Using PYTHON_LIBRARIES: /usr/lib/x86_64-linux-gnu/libpython3.10.so
[0.729s] -- Found ament_lint_auto: 0.12.12 (/opt/ros/humble/share/ament_lint_auto/cmake)
[0.739s] -- Added test 'lint_cmake' to check CMake code style
[0.740s] -- Added test 'xmllint' to check XML markup files
[0.742s] -- Configuring done
[0.778s] -- Generating done
[0.787s] -- Build files have been written to: /home/uadmin/learning/learn4/learn4_topics_ws/build/status_interfaces
[0.809s] [  3%] [34m[1mGenerating C code for ROS interfaces[0m
[0.828s] [  6%] [34m[1mGenerating C++ code for ROS interfaces[0m
[1.076s] [  6%] Built target status_interfaces__cpp
[1.093s] [35m[1mConsolidate compiler generated dependencies of target status_interfaces__rosidl_generator_c[0m
[1.103s] [  9%] [32mBuilding C object CMakeFiles/status_interfaces__rosidl_generator_c.dir/rosidl_generator_c/status_interfaces/msg/detail/system_status__functions.c.o[0m
[1.108s] [  9%] Built target ament_cmake_python_copy_status_interfaces
[1.116s] [ 12%] [34m[1mGenerating C++ type support dispatch for ROS interfaces[0m
[1.166s] [ 16%] [32m[1mLinking C shared library libstatus_interfaces__rosidl_generator_c.so[0m
[1.200s] [ 16%] Built target status_interfaces__rosidl_generator_c
[1.213s] [ 19%] [34m[1mGenerating C++ type support for eProsima Fast-RTPS[0m
[1.293s] [35m[1mConsolidate compiler generated dependencies of target status_interfaces__rosidl_typesupport_cpp[0m
[1.306s] [ 22%] [32mBuilding CXX object CMakeFiles/status_interfaces__rosidl_typesupport_cpp.dir/rosidl_typesupport_cpp/status_interfaces/msg/system_status__type_support.cpp.o[0m
[1.459s] [35m[1mConsolidate compiler generated dependencies of target status_interfaces__rosidl_typesupport_fastrtps_cpp[0m
[1.487s] [ 25%] [32mBuilding CXX object CMakeFiles/status_interfaces__rosidl_typesupport_fastrtps_cpp.dir/rosidl_typesupport_fastrtps_cpp/status_interfaces/msg/detail/dds_fastrtps/system_status__type_support.cpp.o[0m
[1.744s] [ 29%] [32m[1mLinking CXX shared library libstatus_interfaces__rosidl_typesupport_cpp.so[0m
[1.852s] [ 29%] Built target status_interfaces__rosidl_typesupport_cpp
[1.874s] [ 32%] [34m[1mGenerating C introspection for ROS interfaces[0m
[2.179s] [ 35%] [32m[1mLinking CXX shared library libstatus_interfaces__rosidl_typesupport_fastrtps_cpp.so[0m
[2.260s] [35m[1mConsolidate compiler generated dependencies of target status_interfaces__rosidl_typesupport_introspection_c[0m
[2.286s] [ 38%] [32mBuilding C object CMakeFiles/status_interfaces__rosidl_typesupport_introspection_c.dir/rosidl_typesupport_introspection_c/status_interfaces/msg/detail/system_status__type_support.c.o[0m
[2.297s] [ 38%] Built target status_interfaces__rosidl_typesupport_fastrtps_cpp
[2.314s] [ 41%] [34m[1mGenerating C type support dispatch for ROS interfaces[0m
[2.355s] [ 45%] [32m[1mLinking C shared library libstatus_interfaces__rosidl_typesupport_introspection_c.so[0m
[2.426s] [ 45%] Built target status_interfaces__rosidl_typesupport_introspection_c
[2.447s] [ 48%] [34m[1mGenerating C++ introspection for ROS interfaces[0m
[2.611s] [35m[1mConsolidate compiler generated dependencies of target status_interfaces__rosidl_typesupport_c[0m
[2.629s] [ 51%] [32mBuilding CXX object CMakeFiles/status_interfaces__rosidl_typesupport_c.dir/rosidl_typesupport_c/status_interfaces/msg/system_status__type_support.cpp.o[0m
[2.677s] [ 54%] [32m[1mLinking CXX shared library libstatus_interfaces__rosidl_typesupport_c.so[0m
[2.762s] [ 54%] Built target status_interfaces__rosidl_typesupport_c
[2.773s] [35m[1mConsolidate compiler generated dependencies of target status_interfaces__rosidl_typesupport_introspection_cpp[0m
[2.799s] [ 58%] [32mBuilding CXX object CMakeFiles/status_interfaces__rosidl_typesupport_introspection_cpp.dir/rosidl_typesupport_introspection_cpp/status_interfaces/msg/detail/system_status__type_support.cpp.o[0m
[3.083s] running egg_info
[3.083s] writing status_interfaces.egg-info/PKG-INFO
[3.083s] writing dependency_links to status_interfaces.egg-info/dependency_links.txt
[3.083s] writing top-level names to status_interfaces.egg-info/top_level.txt
[3.085s] reading manifest file 'status_interfaces.egg-info/SOURCES.txt'
[3.086s] writing manifest file 'status_interfaces.egg-info/SOURCES.txt'
[3.144s] [ 58%] Built target ament_cmake_python_build_status_interfaces_egg
[3.176s] [ 61%] [34m[1mGenerating C type support for eProsima Fast-RTPS[0m
[3.451s] [ 64%] [32m[1mLinking CXX shared library libstatus_interfaces__rosidl_typesupport_introspection_cpp.so[0m
[3.479s] [35m[1mConsolidate compiler generated dependencies of target status_interfaces__rosidl_typesupport_fastrtps_c[0m
[3.519s] [ 67%] [32mBuilding CXX object CMakeFiles/status_interfaces__rosidl_typesupport_fastrtps_c.dir/rosidl_typesupport_fastrtps_c/status_interfaces/msg/detail/system_status__type_support_c.cpp.o[0m
[3.552s] [ 67%] Built target status_interfaces__rosidl_typesupport_introspection_cpp
[3.817s] [ 70%] [32m[1mLinking CXX shared library libstatus_interfaces__rosidl_typesupport_fastrtps_c.so[0m
[3.880s] [ 70%] Built target status_interfaces__rosidl_typesupport_fastrtps_c
[3.899s] [ 70%] Built target status_interfaces
[3.918s] [ 74%] [34m[1mGenerating Python code for ROS interfaces[0m
[4.176s] [ 74%] Built target status_interfaces__py
[4.189s] [35m[1mConsolidate compiler generated dependencies of target status_interfaces__rosidl_generator_py[0m
[4.201s] [ 77%] [32mBuilding C object CMakeFiles/status_interfaces__rosidl_generator_py.dir/rosidl_generator_py/status_interfaces/msg/_system_status_s.c.o[0m
[4.285s] [ 80%] [32m[1mLinking C shared library rosidl_generator_py/status_interfaces/libstatus_interfaces__rosidl_generator_py.so[0m
[4.324s] [ 80%] Built target status_interfaces__rosidl_generator_py
[4.335s] [35m[1mConsolidate compiler generated dependencies of target status_interfaces__rosidl_typesupport_introspection_c__pyext[0m
[4.350s] [ 83%] [32mBuilding C object CMakeFiles/status_interfaces__rosidl_typesupport_introspection_c__pyext.dir/rosidl_generator_py/status_interfaces/_status_interfaces_s.ep.rosidl_typesupport_introspection_c.c.o[0m
[4.358s] [35m[1mConsolidate compiler generated dependencies of target status_interfaces__rosidl_typesupport_fastrtps_c__pyext[0m
[4.387s] [ 87%] [32mBuilding C object CMakeFiles/status_interfaces__rosidl_typesupport_fastrtps_c__pyext.dir/rosidl_generator_py/status_interfaces/_status_interfaces_s.ep.rosidl_typesupport_fastrtps_c.c.o[0m
[4.450s] [ 90%] [32m[1mLinking C shared library rosidl_generator_py/status_interfaces/status_interfaces_s__rosidl_typesupport_introspection_c.cpython-310-x86_64-linux-gnu.so[0m
[4.487s] [ 90%] Built target status_interfaces__rosidl_typesupport_introspection_c__pyext
[4.499s] [35m[1mConsolidate compiler generated dependencies of target status_interfaces__rosidl_typesupport_c__pyext[0m
[4.512s] [ 93%] [32mBuilding C object CMakeFiles/status_interfaces__rosidl_typesupport_c__pyext.dir/rosidl_generator_py/status_interfaces/_status_interfaces_s.ep.rosidl_typesupport_c.c.o[0m
[4.609s] [ 96%] [32m[1mLinking C shared library rosidl_generator_py/status_interfaces/status_interfaces_s__rosidl_typesupport_c.cpython-310-x86_64-linux-gnu.so[0m
[4.640s] [100%] [32m[1mLinking C shared library rosidl_generator_py/status_interfaces/status_interfaces_s__rosidl_typesupport_fastrtps_c.cpython-310-x86_64-linux-gnu.so[0m
[4.670s] [100%] Built target status_interfaces__rosidl_typesupport_c__pyext
[4.697s] [100%] Built target status_interfaces__rosidl_typesupport_fastrtps_c__pyext
[4.716s] Invoked command in '/home/uadmin/learning/learn4/learn4_topics_ws/build/status_interfaces' returned '0': CMAKE_PREFIX_PATH=/opt/ros/humble /usr/bin/cmake --build /home/uadmin/learning/learn4/learn4_topics_ws/build/status_interfaces -- -j2 -l2
[4.722s] Invoking command in '/home/uadmin/learning/learn4/learn4_topics_ws/build/status_interfaces': CMAKE_PREFIX_PATH=/opt/ros/humble /usr/bin/cmake --install /home/uadmin/learning/learn4/learn4_topics_ws/build/status_interfaces
[4.730s] -- Install configuration: ""
[4.730s] -- Up-to-date: /home/uadmin/learning/learn4/learn4_topics_ws/install/status_interfaces/share/ament_index/resource_index/rosidl_interfaces/status_interfaces
[4.731s] -- Up-to-date: /home/uadmin/learning/learn4/learn4_topics_ws/install/status_interfaces/include/status_interfaces/status_interfaces
[4.731s] -- Up-to-date: /home/uadmin/learning/learn4/learn4_topics_ws/install/status_interfaces/include/status_interfaces/status_interfaces/msg
[4.731s] -- Installing: /home/uadmin/learning/learn4/learn4_topics_ws/install/status_interfaces/include/status_interfaces/status_interfaces/msg/system_status.h
[4.731s] -- Up-to-date: /home/uadmin/learning/learn4/learn4_topics_ws/install/status_interfaces/include/status_interfaces/status_interfaces/msg/detail
[4.732s] -- Installing: /home/uadmin/learning/learn4/learn4_topics_ws/install/status_interfaces/include/status_interfaces/status_interfaces/msg/detail/system_status__functions.h
[4.732s] -- Installing: /home/uadmin/learning/learn4/learn4_topics_ws/install/status_interfaces/include/status_interfaces/status_interfaces/msg/detail/system_status__type_support.h
[4.733s] -- Installing: /home/uadmin/learning/learn4/learn4_topics_ws/install/status_interfaces/include/status_interfaces/status_interfaces/msg/detail/system_status__functions.c
[4.733s] -- Installing: /home/uadmin/learning/learn4/learn4_topics_ws/install/status_interfaces/include/status_interfaces/status_interfaces/msg/detail/system_status__struct.h
[4.733s] -- Up-to-date: /home/uadmin/learning/learn4/learn4_topics_ws/install/status_interfaces/include/status_interfaces/status_interfaces/msg/rosidl_generator_c__visibility_control.h
[4.733s] -- Up-to-date: /home/uadmin/learning/learn4/learn4_topics_ws/install/status_interfaces/share/status_interfaces/environment/library_path.sh
[4.733s] -- Installing: /home/uadmin/learning/learn4/learn4_topics_ws/install/status_interfaces/share/status_interfaces/environment/library_path.dsv
[4.734s] -- Installing: /home/uadmin/learning/learn4/learn4_topics_ws/install/status_interfaces/lib/libstatus_interfaces__rosidl_generator_c.so
[4.735s] -- Set runtime path of "/home/uadmin/learning/learn4/learn4_topics_ws/install/status_interfaces/lib/libstatus_interfaces__rosidl_generator_c.so" to ""
[4.735s] -- Up-to-date: /home/uadmin/learning/learn4/learn4_topics_ws/install/status_interfaces/include/status_interfaces/status_interfaces
[4.735s] -- Up-to-date: /home/uadmin/learning/learn4/learn4_topics_ws/install/status_interfaces/include/status_interfaces/status_interfaces/msg
[4.735s] -- Up-to-date: /home/uadmin/learning/learn4/learn4_topics_ws/install/status_interfaces/include/status_interfaces/status_interfaces/msg/rosidl_typesupport_fastrtps_c__visibility_control.h
[4.735s] -- Up-to-date: /home/uadmin/learning/learn4/learn4_topics_ws/install/status_interfaces/include/status_interfaces/status_interfaces/msg/detail
[4.736s] -- Installing: /home/uadmin/learning/learn4/learn4_topics_ws/install/status_interfaces/include/status_interfaces/status_interfaces/msg/detail/system_status__rosidl_typesupport_fastrtps_c.h
[4.736s] -- Installing: /home/uadmin/learning/learn4/learn4_topics_ws/install/status_interfaces/lib/libstatus_interfaces__rosidl_typesupport_fastrtps_c.so
[4.739s] -- Set runtime path of "/home/uadmin/learning/learn4/learn4_topics_ws/install/status_interfaces/lib/libstatus_interfaces__rosidl_typesupport_fastrtps_c.so" to ""
[4.739s] -- Up-to-date: /home/uadmin/learning/learn4/learn4_topics_ws/install/status_interfaces/include/status_interfaces/status_interfaces
[4.739s] -- Up-to-date: /home/uadmin/learning/learn4/learn4_topics_ws/install/status_interfaces/include/status_interfaces/status_interfaces/msg
[4.739s] -- Installing: /home/uadmin/learning/learn4/learn4_topics_ws/install/status_interfaces/include/status_interfaces/status_interfaces/msg/system_status.hpp
[4.739s] -- Up-to-date: /home/uadmin/learning/learn4/learn4_topics_ws/install/status_interfaces/include/status_interfaces/status_interfaces/msg/detail
[4.739s] -- Installing: /home/uadmin/learning/learn4/learn4_topics_ws/install/status_interfaces/include/status_interfaces/status_interfaces/msg/detail/system_status__struct.hpp
[4.739s] -- Installing: /home/uadmin/learning/learn4/learn4_topics_ws/install/status_interfaces/include/status_interfaces/status_interfaces/msg/detail/system_status__builder.hpp
[4.741s] -- Installing: /home/uadmin/learning/learn4/learn4_topics_ws/install/status_interfaces/include/status_interfaces/status_interfaces/msg/detail/system_status__type_support.hpp
[4.741s] -- Installing: /home/uadmin/learning/learn4/learn4_topics_ws/install/status_interfaces/include/status_interfaces/status_interfaces/msg/detail/system_status__traits.hpp
[4.741s] -- Up-to-date: /home/uadmin/learning/learn4/learn4_topics_ws/install/status_interfaces/include/status_interfaces/status_interfaces/msg/rosidl_generator_cpp__visibility_control.hpp
[4.741s] -- Up-to-date: /home/uadmin/learning/learn4/learn4_topics_ws/install/status_interfaces/include/status_interfaces/status_interfaces
[4.741s] -- Up-to-date: /home/uadmin/learning/learn4/learn4_topics_ws/install/status_interfaces/include/status_interfaces/status_interfaces/msg
[4.741s] -- Up-to-date: /home/uadmin/learning/learn4/learn4_topics_ws/install/status_interfaces/include/status_interfaces/status_interfaces/msg/rosidl_typesupport_fastrtps_cpp__visibility_control.h
[4.741s] -- Up-to-date: /home/uadmin/learning/learn4/learn4_topics_ws/install/status_interfaces/include/status_interfaces/status_interfaces/msg/detail
[4.742s] -- Up-to-date: /home/uadmin/learning/learn4/learn4_topics_ws/install/status_interfaces/include/status_interfaces/status_interfaces/msg/detail/dds_fastrtps
[4.742s] -- Installing: /home/uadmin/learning/learn4/learn4_topics_ws/install/status_interfaces/include/status_interfaces/status_interfaces/msg/detail/system_status__rosidl_typesupport_fastrtps_cpp.hpp
[4.742s] -- Installing: /home/uadmin/learning/learn4/learn4_topics_ws/install/status_interfaces/lib/libstatus_interfaces__rosidl_typesupport_fastrtps_cpp.so
[4.742s] -- Set runtime path of "/home/uadmin/learning/learn4/learn4_topics_ws/install/status_interfaces/lib/libstatus_interfaces__rosidl_typesupport_fastrtps_cpp.so" to ""
[4.742s] -- Up-to-date: /home/uadmin/learning/learn4/learn4_topics_ws/install/status_interfaces/include/status_interfaces/status_interfaces
[4.742s] -- Up-to-date: /home/uadmin/learning/learn4/learn4_topics_ws/install/status_interfaces/include/status_interfaces/status_interfaces/msg
[4.742s] -- Up-to-date: /home/uadmin/learning/learn4/learn4_topics_ws/install/status_interfaces/include/status_interfaces/status_interfaces/msg/detail
[4.742s] -- Installing: /home/uadmin/learning/learn4/learn4_topics_ws/install/status_interfaces/include/status_interfaces/status_interfaces/msg/detail/system_status__rosidl_typesupport_introspection_c.h
[4.742s] -- Installing: /home/uadmin/learning/learn4/learn4_topics_ws/install/status_interfaces/include/status_interfaces/status_interfaces/msg/detail/system_status__type_support.c
[4.742s] -- Up-to-date: /home/uadmin/learning/learn4/learn4_topics_ws/install/status_interfaces/include/status_interfaces/status_interfaces/msg/rosidl_typesupport_introspection_c__visibility_control.h
[4.746s] -- Installing: /home/uadmin/learning/learn4/learn4_topics_ws/install/status_interfaces/lib/libstatus_interfaces__rosidl_typesupport_introspection_c.so
[4.746s] -- Set runtime path of "/home/uadmin/learning/learn4/learn4_topics_ws/install/status_interfaces/lib/libstatus_interfaces__rosidl_typesupport_introspection_c.so" to ""
[4.746s] -- Installing: /home/uadmin/learning/learn4/learn4_topics_ws/install/status_interfaces/lib/libstatus_interfaces__rosidl_typesupport_c.so
[4.746s] -- Set runtime path of "/home/uadmin/learning/learn4/learn4_topics_ws/install/status_interfaces/lib/libstatus_interfaces__rosidl_typesupport_c.so" to ""
[4.746s] -- Up-to-date: /home/uadmin/learning/learn4/learn4_topics_ws/install/status_interfaces/include/status_interfaces/status_interfaces
[4.746s] -- Up-to-date: /home/uadmin/learning/learn4/learn4_topics_ws/install/status_interfaces/include/status_interfaces/status_interfaces/msg
[4.746s] -- Up-to-date: /home/uadmin/learning/learn4/learn4_topics_ws/install/status_interfaces/include/status_interfaces/status_interfaces/msg/detail
[4.746s] -- Installing: /home/uadmin/learning/learn4/learn4_topics_ws/install/status_interfaces/include/status_interfaces/status_interfaces/msg/detail/system_status__rosidl_typesupport_introspection_cpp.hpp
[4.746s] -- Installing: /home/uadmin/learning/learn4/learn4_topics_ws/install/status_interfaces/include/status_interfaces/status_interfaces/msg/detail/system_status__type_support.cpp
[4.746s] -- Installing: /home/uadmin/learning/learn4/learn4_topics_ws/install/status_interfaces/lib/libstatus_interfaces__rosidl_typesupport_introspection_cpp.so
[4.747s] -- Set runtime path of "/home/uadmin/learning/learn4/learn4_topics_ws/install/status_interfaces/lib/libstatus_interfaces__rosidl_typesupport_introspection_cpp.so" to ""
[4.747s] -- Installing: /home/uadmin/learning/learn4/learn4_topics_ws/install/status_interfaces/lib/libstatus_interfaces__rosidl_typesupport_cpp.so
[4.748s] -- Set runtime path of "/home/uadmin/learning/learn4/learn4_topics_ws/install/status_interfaces/lib/libstatus_interfaces__rosidl_typesupport_cpp.so" to ""
[4.748s] -- Up-to-date: /home/uadmin/learning/learn4/learn4_topics_ws/install/status_interfaces/share/status_interfaces/environment/pythonpath.sh
[4.749s] -- Installing: /home/uadmin/learning/learn4/learn4_topics_ws/install/status_interfaces/share/status_interfaces/environment/pythonpath.dsv
[4.749s] -- Up-to-date: /home/uadmin/learning/learn4/learn4_topics_ws/install/status_interfaces/local/lib/python3.10/dist-packages/status_interfaces-0.0.0-py3.10.egg-info
[4.750s] -- Installing: /home/uadmin/learning/learn4/learn4_topics_ws/install/status_interfaces/local/lib/python3.10/dist-packages/status_interfaces-0.0.0-py3.10.egg-info/PKG-INFO
[4.750s] -- Installing: /home/uadmin/learning/learn4/learn4_topics_ws/install/status_interfaces/local/lib/python3.10/dist-packages/status_interfaces-0.0.0-py3.10.egg-info/top_level.txt
[4.750s] -- Installing: /home/uadmin/learning/learn4/learn4_topics_ws/install/status_interfaces/local/lib/python3.10/dist-packages/status_interfaces-0.0.0-py3.10.egg-info/SOURCES.txt
[4.750s] -- Installing: /home/uadmin/learning/learn4/learn4_topics_ws/install/status_interfaces/local/lib/python3.10/dist-packages/status_interfaces-0.0.0-py3.10.egg-info/dependency_links.txt
[4.751s] -- Up-to-date: /home/uadmin/learning/learn4/learn4_topics_ws/install/status_interfaces/local/lib/python3.10/dist-packages/status_interfaces
[4.751s] -- Installing: /home/uadmin/learning/learn4/learn4_topics_ws/install/status_interfaces/local/lib/python3.10/dist-packages/status_interfaces/status_interfaces_s__rosidl_typesupport_introspection_c.cpython-310-x86_64-linux-gnu.so
[4.751s] -- Installing: /home/uadmin/learning/learn4/learn4_topics_ws/install/status_interfaces/local/lib/python3.10/dist-packages/status_interfaces/_status_interfaces_s.ep.rosidl_typesupport_fastrtps_c.c
[4.752s] -- Installing: /home/uadmin/learning/learn4/learn4_topics_ws/install/status_interfaces/local/lib/python3.10/dist-packages/status_interfaces/_status_interfaces_s.ep.rosidl_typesupport_introspection_c.c
[4.752s] -- Installing: /home/uadmin/learning/learn4/learn4_topics_ws/install/status_interfaces/local/lib/python3.10/dist-packages/status_interfaces/libstatus_interfaces__rosidl_generator_py.so
[4.752s] -- Installing: /home/uadmin/learning/learn4/learn4_topics_ws/install/status_interfaces/local/lib/python3.10/dist-packages/status_interfaces/status_interfaces_s__rosidl_typesupport_fastrtps_c.cpython-310-x86_64-linux-gnu.so
[4.752s] -- Installing: /home/uadmin/learning/learn4/learn4_topics_ws/install/status_interfaces/local/lib/python3.10/dist-packages/status_interfaces/_status_interfaces_s.ep.rosidl_typesupport_c.c
[4.753s] -- Installing: /home/uadmin/learning/learn4/learn4_topics_ws/install/status_interfaces/local/lib/python3.10/dist-packages/status_interfaces/status_interfaces_s__rosidl_typesupport_c.cpython-310-x86_64-linux-gnu.so
[4.755s] -- Installing: /home/uadmin/learning/learn4/learn4_topics_ws/install/status_interfaces/local/lib/python3.10/dist-packages/status_interfaces/__init__.py
[4.756s] -- Up-to-date: /home/uadmin/learning/learn4/learn4_topics_ws/install/status_interfaces/local/lib/python3.10/dist-packages/status_interfaces/msg
[4.756s] -- Installing: /home/uadmin/learning/learn4/learn4_topics_ws/install/status_interfaces/local/lib/python3.10/dist-packages/status_interfaces/msg/_system_status_s.c
[4.756s] -- Installing: /home/uadmin/learning/learn4/learn4_topics_ws/install/status_interfaces/local/lib/python3.10/dist-packages/status_interfaces/msg/_system_status.py
[4.756s] -- Installing: /home/uadmin/learning/learn4/learn4_topics_ws/install/status_interfaces/local/lib/python3.10/dist-packages/status_interfaces/msg/__init__.py
[4.809s] Listing '/home/uadmin/learning/learn4/learn4_topics_ws/install/status_interfaces/local/lib/python3.10/dist-packages/status_interfaces'...
[4.809s] Compiling '/home/uadmin/learning/learn4/learn4_topics_ws/install/status_interfaces/local/lib/python3.10/dist-packages/status_interfaces/__init__.py'...
[4.809s] Listing '/home/uadmin/learning/learn4/learn4_topics_ws/install/status_interfaces/local/lib/python3.10/dist-packages/status_interfaces/msg'...
[4.809s] Compiling '/home/uadmin/learning/learn4/learn4_topics_ws/install/status_interfaces/local/lib/python3.10/dist-packages/status_interfaces/msg/__init__.py'...
[4.809s] Compiling '/home/uadmin/learning/learn4/learn4_topics_ws/install/status_interfaces/local/lib/python3.10/dist-packages/status_interfaces/msg/_system_status.py'...
[4.812s] -- Installing: /home/uadmin/learning/learn4/learn4_topics_ws/install/status_interfaces/local/lib/python3.10/dist-packages/status_interfaces/status_interfaces_s__rosidl_typesupport_fastrtps_c.cpython-310-x86_64-linux-gnu.so
[4.813s] -- Set runtime path of "/home/uadmin/learning/learn4/learn4_topics_ws/install/status_interfaces/local/lib/python3.10/dist-packages/status_interfaces/status_interfaces_s__rosidl_typesupport_fastrtps_c.cpython-310-x86_64-linux-gnu.so" to ""
[4.813s] -- Installing: /home/uadmin/learning/learn4/learn4_topics_ws/install/status_interfaces/local/lib/python3.10/dist-packages/status_interfaces/status_interfaces_s__rosidl_typesupport_introspection_c.cpython-310-x86_64-linux-gnu.so
[4.814s] -- Set runtime path of "/home/uadmin/learning/learn4/learn4_topics_ws/install/status_interfaces/local/lib/python3.10/dist-packages/status_interfaces/status_interfaces_s__rosidl_typesupport_introspection_c.cpython-310-x86_64-linux-gnu.so" to ""
[4.815s] -- Installing: /home/uadmin/learning/learn4/learn4_topics_ws/install/status_interfaces/local/lib/python3.10/dist-packages/status_interfaces/status_interfaces_s__rosidl_typesupport_c.cpython-310-x86_64-linux-gnu.so
[4.816s] -- Set runtime path of "/home/uadmin/learning/learn4/learn4_topics_ws/install/status_interfaces/local/lib/python3.10/dist-packages/status_interfaces/status_interfaces_s__rosidl_typesupport_c.cpython-310-x86_64-linux-gnu.so" to ""
[4.817s] -- Installing: /home/uadmin/learning/learn4/learn4_topics_ws/install/status_interfaces/lib/libstatus_interfaces__rosidl_generator_py.so
[4.817s] -- Set runtime path of "/home/uadmin/learning/learn4/learn4_topics_ws/install/status_interfaces/lib/libstatus_interfaces__rosidl_generator_py.so" to ""
[4.817s] -- Installing: /home/uadmin/learning/learn4/learn4_topics_ws/install/status_interfaces/share/status_interfaces/msg/SystemStatus.idl
[4.818s] -- Installing: /home/uadmin/learning/learn4/learn4_topics_ws/install/status_interfaces/share/status_interfaces/msg/SystemStatus.msg
[4.819s] -- Up-to-date: /home/uadmin/learning/learn4/learn4_topics_ws/install/status_interfaces/share/ament_index/resource_index/package_run_dependencies/status_interfaces
[4.819s] -- Installing: /home/uadmin/learning/learn4/learn4_topics_ws/install/status_interfaces/share/ament_index/resource_index/parent_prefix_path/status_interfaces
[4.819s] -- Up-to-date: /home/uadmin/learning/learn4/learn4_topics_ws/install/status_interfaces/share/status_interfaces/environment/ament_prefix_path.sh
[4.819s] -- Installing: /home/uadmin/learning/learn4/learn4_topics_ws/install/status_interfaces/share/status_interfaces/environment/ament_prefix_path.dsv
[4.821s] -- Up-to-date: /home/uadmin/learning/learn4/learn4_topics_ws/install/status_interfaces/share/status_interfaces/environment/path.sh
[4.821s] -- Installing: /home/uadmin/learning/learn4/learn4_topics_ws/install/status_interfaces/share/status_interfaces/environment/path.dsv
[4.821s] -- Up-to-date: /home/uadmin/learning/learn4/learn4_topics_ws/install/status_interfaces/share/status_interfaces/local_setup.bash
[4.821s] -- Up-to-date: /home/uadmin/learning/learn4/learn4_topics_ws/install/status_interfaces/share/status_interfaces/local_setup.sh
[4.821s] -- Up-to-date: /home/uadmin/learning/learn4/learn4_topics_ws/install/status_interfaces/share/status_interfaces/local_setup.zsh
[4.822s] -- Installing: /home/uadmin/learning/learn4/learn4_topics_ws/install/status_interfaces/share/status_interfaces/local_setup.dsv
[4.822s] -- Installing: /home/uadmin/learning/learn4/learn4_topics_ws/install/status_interfaces/share/status_interfaces/package.dsv
[4.822s] -- Up-to-date: /home/uadmin/learning/learn4/learn4_topics_ws/install/status_interfaces/share/ament_index/resource_index/packages/status_interfaces
[4.822s] -- Up-to-date: /home/uadmin/learning/learn4/learn4_topics_ws/install/status_interfaces/share/status_interfaces/cmake/export_status_interfaces__rosidl_generator_cExport.cmake
[4.822s] -- Up-to-date: /home/uadmin/learning/learn4/learn4_topics_ws/install/status_interfaces/share/status_interfaces/cmake/export_status_interfaces__rosidl_generator_cExport-noconfig.cmake
[4.823s] -- Up-to-date: /home/uadmin/learning/learn4/learn4_topics_ws/install/status_interfaces/share/status_interfaces/cmake/export_status_interfaces__rosidl_typesupport_fastrtps_cExport.cmake
[4.823s] -- Up-to-date: /home/uadmin/learning/learn4/learn4_topics_ws/install/status_interfaces/share/status_interfaces/cmake/export_status_interfaces__rosidl_typesupport_fastrtps_cExport-noconfig.cmake
[4.823s] -- Up-to-date: /home/uadmin/learning/learn4/learn4_topics_ws/install/status_interfaces/share/status_interfaces/cmake/export_status_interfaces__rosidl_generator_cppExport.cmake
[4.827s] -- Up-to-date: /home/uadmin/learning/learn4/learn4_topics_ws/install/status_interfaces/share/status_interfaces/cmake/export_status_interfaces__rosidl_typesupport_fastrtps_cppExport.cmake
[4.827s] -- Up-to-date: /home/uadmin/learning/learn4/learn4_topics_ws/install/status_interfaces/share/status_interfaces/cmake/export_status_interfaces__rosidl_typesupport_fastrtps_cppExport-noconfig.cmake
[4.827s] -- Up-to-date: /home/uadmin/learning/learn4/learn4_topics_ws/install/status_interfaces/share/status_interfaces/cmake/status_interfaces__rosidl_typesupport_introspection_cExport.cmake
[4.827s] -- Up-to-date: /home/uadmin/learning/learn4/learn4_topics_ws/install/status_interfaces/share/status_interfaces/cmake/status_interfaces__rosidl_typesupport_introspection_cExport-noconfig.cmake
[4.827s] -- Up-to-date: /home/uadmin/learning/learn4/learn4_topics_ws/install/status_interfaces/share/status_interfaces/cmake/status_interfaces__rosidl_typesupport_cExport.cmake
[4.827s] -- Up-to-date: /home/uadmin/learning/learn4/learn4_topics_ws/install/status_interfaces/share/status_interfaces/cmake/status_interfaces__rosidl_typesupport_cExport-noconfig.cmake
[4.827s] -- Up-to-date: /home/uadmin/learning/learn4/learn4_topics_ws/install/status_interfaces/share/status_interfaces/cmake/status_interfaces__rosidl_typesupport_introspection_cppExport.cmake
[4.827s] -- Up-to-date: /home/uadmin/learning/learn4/learn4_topics_ws/install/status_interfaces/share/status_interfaces/cmake/status_interfaces__rosidl_typesupport_introspection_cppExport-noconfig.cmake
[4.827s] -- Up-to-date: /home/uadmin/learning/learn4/learn4_topics_ws/install/status_interfaces/share/status_interfaces/cmake/status_interfaces__rosidl_typesupport_cppExport.cmake
[4.827s] -- Up-to-date: /home/uadmin/learning/learn4/learn4_topics_ws/install/status_interfaces/share/status_interfaces/cmake/status_interfaces__rosidl_typesupport_cppExport-noconfig.cmake
[4.827s] -- Up-to-date: /home/uadmin/learning/learn4/learn4_topics_ws/install/status_interfaces/share/status_interfaces/cmake/export_status_interfaces__rosidl_generator_pyExport.cmake
[4.827s] -- Up-to-date: /home/uadmin/learning/learn4/learn4_topics_ws/install/status_interfaces/share/status_interfaces/cmake/export_status_interfaces__rosidl_generator_pyExport-noconfig.cmake
[4.827s] -- Up-to-date: /home/uadmin/learning/learn4/learn4_topics_ws/install/status_interfaces/share/status_interfaces/cmake/rosidl_cmake-extras.cmake
[4.827s] -- Up-to-date: /home/uadmin/learning/learn4/learn4_topics_ws/install/status_interfaces/share/status_interfaces/cmake/ament_cmake_export_dependencies-extras.cmake
[4.827s] -- Up-to-date: /home/uadmin/learning/learn4/learn4_topics_ws/install/status_interfaces/share/status_interfaces/cmake/ament_cmake_export_include_directories-extras.cmake
[4.829s] -- Up-to-date: /home/uadmin/learning/learn4/learn4_topics_ws/install/status_interfaces/share/status_interfaces/cmake/ament_cmake_export_libraries-extras.cmake
[4.829s] -- Up-to-date: /home/uadmin/learning/learn4/learn4_topics_ws/install/status_interfaces/share/status_interfaces/cmake/ament_cmake_export_targets-extras.cmake
[4.829s] -- Up-to-date: /home/uadmin/learning/learn4/learn4_topics_ws/install/status_interfaces/share/status_interfaces/cmake/rosidl_cmake_export_typesupport_targets-extras.cmake
[4.829s] -- Up-to-date: /home/uadmin/learning/learn4/learn4_topics_ws/install/status_interfaces/share/status_interfaces/cmake/rosidl_cmake_export_typesupport_libraries-extras.cmake
[4.829s] -- Up-to-date: /home/uadmin/learning/learn4/learn4_topics_ws/install/status_interfaces/share/status_interfaces/cmake/status_interfacesConfig.cmake
[4.829s] -- Up-to-date: /home/uadmin/learning/learn4/learn4_topics_ws/install/status_interfaces/share/status_interfaces/cmake/status_interfacesConfig-version.cmake
[4.829s] -- Up-to-date: /home/uadmin/learning/learn4/learn4_topics_ws/install/status_interfaces/share/status_interfaces/package.xml
[4.832s] Invoked command in '/home/uadmin/learning/learn4/learn4_topics_ws/build/status_interfaces' returned '0': CMAKE_PREFIX_PATH=/opt/ros/humble /usr/bin/cmake --install /home/uadmin/learning/learn4/learn4_topics_ws/build/status_interfaces
