running egg_info
creating ../../../build/learn4_py_pkg/learn4_py_pkg.egg-info
writing ../../../build/learn4_py_pkg/learn4_py_pkg.egg-info/PKG-INFO
writing dependency_links to ../../../build/learn4_py_pkg/learn4_py_pkg.egg-info/dependency_links.txt
writing entry points to ../../../build/learn4_py_pkg/learn4_py_pkg.egg-info/entry_points.txt
writing requirements to ../../../build/learn4_py_pkg/learn4_py_pkg.egg-info/requires.txt
writing top-level names to ../../../build/learn4_py_pkg/learn4_py_pkg.egg-info/top_level.txt
writing manifest file '../../../build/learn4_py_pkg/learn4_py_pkg.egg-info/SOURCES.txt'
reading manifest file '../../../build/learn4_py_pkg/learn4_py_pkg.egg-info/SOURCES.txt'
adding license file 'LICENSE'
writing manifest file '../../../build/learn4_py_pkg/learn4_py_pkg.egg-info/SOURCES.txt'
running build
running build_py
creating /home/uadmin/learning/learn4/learn4_ws/build/learn4_py_pkg/build
creating /home/uadmin/learning/learn4/learn4_ws/build/learn4_py_pkg/build/lib
creating /home/uadmin/learning/learn4/learn4_ws/build/learn4_py_pkg/build/lib/learn4_py_pkg
copying learn4_py_pkg/__init__.py -> /home/uadmin/learning/learn4/learn4_ws/build/learn4_py_pkg/build/lib/learn4_py_pkg
running install
running install_lib
creating /home/uadmin/learning/learn4/learn4_ws/install/learn4_py_pkg/lib/python3.10/site-packages/learn4_py_pkg
copying /home/uadmin/learning/learn4/learn4_ws/build/learn4_py_pkg/build/lib/learn4_py_pkg/__init__.py -> /home/uadmin/learning/learn4/learn4_ws/install/learn4_py_pkg/lib/python3.10/site-packages/learn4_py_pkg
byte-compiling /home/uadmin/learning/learn4/learn4_ws/install/learn4_py_pkg/lib/python3.10/site-packages/learn4_py_pkg/__init__.py to __init__.cpython-310.pyc
running install_data
creating /home/uadmin/learning/learn4/learn4_ws/install/learn4_py_pkg/share/ament_index
creating /home/uadmin/learning/learn4/learn4_ws/install/learn4_py_pkg/share/ament_index/resource_index
creating /home/uadmin/learning/learn4/learn4_ws/install/learn4_py_pkg/share/ament_index/resource_index/packages
copying resource/learn4_py_pkg -> /home/uadmin/learning/learn4/learn4_ws/install/learn4_py_pkg/share/ament_index/resource_index/packages
copying package.xml -> /home/uadmin/learning/learn4/learn4_ws/install/learn4_py_pkg/share/learn4_py_pkg
running install_egg_info
Copying ../../../build/learn4_py_pkg/learn4_py_pkg.egg-info to /home/uadmin/learning/learn4/learn4_ws/install/learn4_py_pkg/lib/python3.10/site-packages/learn4_py_pkg-0.0.0-py3.10.egg-info
running install_scripts
writing list of installed files to '/home/uadmin/learning/learn4/learn4_ws/build/learn4_py_pkg/install.log'
