[0.016s] Invoking command in '/home/uadmin/learning/learn4/learn4_topics_ws/build/status_interfaces': CMAKE_PREFIX_PATH=${CMAKE_PREFIX_PATH}:/opt/ros/humble /usr/bin/cmake --build /home/uadmin/learning/learn4/learn4_topics_ws/build/status_interfaces -- -j2 -l2
[0.050s] -- Found ament_cmake: 1.3.11 (/opt/ros/humble/share/ament_cmake/cmake)
[0.161s] -- Found builtin_interfaces: 1.2.1 (/opt/ros/humble/share/builtin_interfaces/cmake)
[0.185s] -- Found rosidl_generator_c: 3.1.6 (/opt/ros/humble/share/rosidl_generator_c/cmake)
[0.188s] -- Found rosidl_adapter: 3.1.6 (/opt/ros/humble/share/rosidl_adapter/cmake)
[0.194s] -- Found rosidl_generator_cpp: 3.1.6 (/opt/ros/humble/share/rosidl_generator_cpp/cmake)
[0.204s] -- Using all available rosidl_typesupport_c: rosidl_typesupport_fastrtps_c;rosidl_typesupport_introspection_c
[0.221s] -- Using all available rosidl_typesupport_cpp: rosidl_typesupport_fastrtps_cpp;rosidl_typesupport_introspection_cpp
[0.233s] -- Found rosidl_default_generators: 1.2.0 (/opt/ros/humble/share/rosidl_default_generators/cmake)
[0.459s] -- Found ament_cmake_ros: 0.10.0 (/opt/ros/humble/share/ament_cmake_ros/cmake)
[0.756s] -- Using all available rosidl_typesupport_c: rosidl_typesupport_fastrtps_c;rosidl_typesupport_introspection_c
[0.873s] -- Using all available rosidl_typesupport_cpp: rosidl_typesupport_fastrtps_cpp;rosidl_typesupport_introspection_cpp
[0.893s] -- Found PythonInterp: /usr/bin/python3 (found suitable version "3.10.12", minimum required is "3.6") 
[0.895s] -- Found python_cmake_module: 0.10.0 (/opt/ros/humble/share/python_cmake_module/cmake)
[0.924s] -- Found PythonLibs: /usr/lib/x86_64-linux-gnu/libpython3.10.so (found suitable version "3.10.12", minimum required is "3.5") 
[0.924s] -- Using PYTHON_EXECUTABLE: /usr/bin/python3
[0.924s] -- Using PYTHON_INCLUDE_DIRS: /usr/include/python3.10
[0.925s] -- Using PYTHON_LIBRARIES: /usr/lib/x86_64-linux-gnu/libpython3.10.so
[0.951s] -- Found PythonExtra: .so  
[1.004s] -- Found ament_lint_auto: 0.12.12 (/opt/ros/humble/share/ament_lint_auto/cmake)
[1.018s] -- Added test 'lint_cmake' to check CMake code style
[1.018s] -- Added test 'xmllint' to check XML markup files
[1.019s] -- Configuring done
[1.053s] -- Generating done
[1.066s] -- Build files have been written to: /home/uadmin/learning/learn4/learn4_topics_ws/build/status_interfaces
[1.101s] [  3%] [34m[1mGenerating C code for ROS interfaces[0m
[1.136s] [  6%] [34m[1mGenerating C++ code for ROS interfaces[0m
[1.355s] [  9%] [32mBuilding C object CMakeFiles/status_interfaces__rosidl_generator_c.dir/rosidl_generator_c/status_interfaces/msg/detail/system_status__functions.c.o[0m
[1.402s] [ 12%] [32m[1mLinking C shared library libstatus_interfaces__rosidl_generator_c.so[0m
[1.408s] [ 12%] Built target status_interfaces__cpp
[1.445s] [ 12%] Built target ament_cmake_python_copy_status_interfaces
[1.448s] [ 12%] Built target status_interfaces__rosidl_generator_c
[1.456s] [ 16%] [34m[1mGenerating C++ type support for eProsima Fast-RTPS[0m
[1.459s] [ 19%] [34m[1mGenerating C++ introspection for ROS interfaces[0m
[1.695s] [ 22%] [32mBuilding CXX object CMakeFiles/status_interfaces__rosidl_typesupport_introspection_cpp.dir/rosidl_typesupport_introspection_cpp/status_interfaces/msg/detail/system_status__type_support.cpp.o[0m
[1.705s] [ 25%] [32mBuilding CXX object CMakeFiles/status_interfaces__rosidl_typesupport_fastrtps_cpp.dir/rosidl_typesupport_fastrtps_cpp/status_interfaces/msg/detail/dds_fastrtps/system_status__type_support.cpp.o[0m
[2.147s] [ 29%] [32m[1mLinking CXX shared library libstatus_interfaces__rosidl_typesupport_introspection_cpp.so[0m
[2.298s] [ 29%] Built target status_interfaces__rosidl_typesupport_introspection_cpp
[2.310s] [ 32%] [32m[1mLinking CXX shared library libstatus_interfaces__rosidl_typesupport_fastrtps_cpp.so[0m
[2.317s] [ 35%] [34m[1mGenerating C++ type support dispatch for ROS interfaces[0m
[2.402s] [ 35%] Built target status_interfaces__rosidl_typesupport_fastrtps_cpp
[2.633s] running egg_info
[2.633s] creating status_interfaces.egg-info
[2.634s] writing status_interfaces.egg-info/PKG-INFO
[2.634s] writing dependency_links to status_interfaces.egg-info/dependency_links.txt
[2.634s] writing top-level names to status_interfaces.egg-info/top_level.txt
[2.634s] writing manifest file 'status_interfaces.egg-info/SOURCES.txt'
[2.634s] reading manifest file 'status_interfaces.egg-info/SOURCES.txt'
[2.634s] writing manifest file 'status_interfaces.egg-info/SOURCES.txt'
[2.668s] [ 35%] Built target ament_cmake_python_build_status_interfaces_egg
[2.684s] [ 38%] [34m[1mGenerating C type support for eProsima Fast-RTPS[0m
[2.765s] [ 41%] [32mBuilding CXX object CMakeFiles/status_interfaces__rosidl_typesupport_cpp.dir/rosidl_typesupport_cpp/status_interfaces/msg/system_status__type_support.cpp.o[0m
[2.948s] [ 45%] [32mBuilding CXX object CMakeFiles/status_interfaces__rosidl_typesupport_fastrtps_c.dir/rosidl_typesupport_fastrtps_c/status_interfaces/msg/detail/system_status__type_support_c.cpp.o[0m
[3.329s] [ 48%] [32m[1mLinking CXX shared library libstatus_interfaces__rosidl_typesupport_cpp.so[0m
[3.350s] [ 51%] [32m[1mLinking CXX shared library libstatus_interfaces__rosidl_typesupport_fastrtps_c.so[0m
[3.421s] [ 51%] Built target status_interfaces__rosidl_typesupport_cpp
[3.440s] [ 54%] [34m[1mGenerating C introspection for ROS interfaces[0m
[3.474s] [ 54%] Built target status_interfaces__rosidl_typesupport_fastrtps_c
[3.495s] [ 58%] [34m[1mGenerating C type support dispatch for ROS interfaces[0m
[3.868s] [ 64%] [32mBuilding C object CMakeFiles/status_interfaces__rosidl_typesupport_introspection_c.dir/rosidl_typesupport_introspection_c/status_interfaces/msg/detail/system_status__type_support.c.o[0m
[3.870s] [ 64%] [32mBuilding CXX object CMakeFiles/status_interfaces__rosidl_typesupport_c.dir/rosidl_typesupport_c/status_interfaces/msg/system_status__type_support.cpp.o[0m
[3.898s] [ 67%] [32m[1mLinking CXX shared library libstatus_interfaces__rosidl_typesupport_c.so[0m
[3.937s] [ 67%] Built target status_interfaces__rosidl_typesupport_c
[3.946s] [ 70%] [32m[1mLinking C shared library libstatus_interfaces__rosidl_typesupport_introspection_c.so[0m
[3.974s] [ 70%] Built target status_interfaces__rosidl_typesupport_introspection_c
[3.998s] [ 70%] Built target status_interfaces
[4.014s] [ 74%] [34m[1mGenerating Python code for ROS interfaces[0m
[4.258s] [ 74%] Built target status_interfaces__py
[4.278s] [ 77%] [32mBuilding C object CMakeFiles/status_interfaces__rosidl_generator_py.dir/rosidl_generator_py/status_interfaces/msg/_system_status_s.c.o[0m
[4.358s] [ 80%] [32m[1mLinking C shared library rosidl_generator_py/status_interfaces/libstatus_interfaces__rosidl_generator_py.so[0m
[4.396s] [ 80%] Built target status_interfaces__rosidl_generator_py
[4.417s] [ 83%] [32mBuilding C object CMakeFiles/status_interfaces__rosidl_typesupport_fastrtps_c__pyext.dir/rosidl_generator_py/status_interfaces/_status_interfaces_s.ep.rosidl_typesupport_fastrtps_c.c.o[0m
[4.474s] [ 87%] [32mBuilding C object CMakeFiles/status_interfaces__rosidl_typesupport_introspection_c__pyext.dir/rosidl_generator_py/status_interfaces/_status_interfaces_s.ep.rosidl_typesupport_introspection_c.c.o[0m
[4.539s] [ 90%] [32m[1mLinking C shared library rosidl_generator_py/status_interfaces/status_interfaces_s__rosidl_typesupport_fastrtps_c.cpython-310-x86_64-linux-gnu.so[0m
[4.616s] [ 90%] Built target status_interfaces__rosidl_typesupport_fastrtps_c__pyext
[4.639s] [ 93%] [32m[1mLinking C shared library rosidl_generator_py/status_interfaces/status_interfaces_s__rosidl_typesupport_introspection_c.cpython-310-x86_64-linux-gnu.so[0m
[4.670s] [ 96%] [32mBuilding C object CMakeFiles/status_interfaces__rosidl_typesupport_c__pyext.dir/rosidl_generator_py/status_interfaces/_status_interfaces_s.ep.rosidl_typesupport_c.c.o[0m
[4.675s] [ 96%] Built target status_interfaces__rosidl_typesupport_introspection_c__pyext
[4.756s] [100%] [32m[1mLinking C shared library rosidl_generator_py/status_interfaces/status_interfaces_s__rosidl_typesupport_c.cpython-310-x86_64-linux-gnu.so[0m
[4.796s] [100%] Built target status_interfaces__rosidl_typesupport_c__pyext
[4.810s] Invoked command in '/home/uadmin/learning/learn4/learn4_topics_ws/build/status_interfaces' returned '0': CMAKE_PREFIX_PATH=${CMAKE_PREFIX_PATH}:/opt/ros/humble /usr/bin/cmake --build /home/uadmin/learning/learn4/learn4_topics_ws/build/status_interfaces -- -j2 -l2
[4.820s] Invoking command in '/home/uadmin/learning/learn4/learn4_topics_ws/build/status_interfaces': CMAKE_PREFIX_PATH=${CMAKE_PREFIX_PATH}:/opt/ros/humble /usr/bin/cmake --install /home/uadmin/learning/learn4/learn4_topics_ws/build/status_interfaces
[4.830s] -- Install configuration: ""
[4.830s] -- Installing: /home/uadmin/learning/learn4/learn4_topics_ws/install/status_interfaces/share/ament_index/resource_index/rosidl_interfaces/status_interfaces
[4.830s] -- Installing: /home/uadmin/learning/learn4/learn4_topics_ws/install/status_interfaces/include/status_interfaces/status_interfaces
[4.830s] -- Installing: /home/uadmin/learning/learn4/learn4_topics_ws/install/status_interfaces/include/status_interfaces/status_interfaces/msg
[4.831s] -- Installing: /home/uadmin/learning/learn4/learn4_topics_ws/install/status_interfaces/include/status_interfaces/status_interfaces/msg/system_status.h
[4.831s] -- Installing: /home/uadmin/learning/learn4/learn4_topics_ws/install/status_interfaces/include/status_interfaces/status_interfaces/msg/detail
[4.832s] -- Installing: /home/uadmin/learning/learn4/learn4_topics_ws/install/status_interfaces/include/status_interfaces/status_interfaces/msg/detail/system_status__functions.h
[4.832s] -- Installing: /home/uadmin/learning/learn4/learn4_topics_ws/install/status_interfaces/include/status_interfaces/status_interfaces/msg/detail/system_status__type_support.h
[4.832s] -- Installing: /home/uadmin/learning/learn4/learn4_topics_ws/install/status_interfaces/include/status_interfaces/status_interfaces/msg/detail/system_status__functions.c
[4.832s] -- Installing: /home/uadmin/learning/learn4/learn4_topics_ws/install/status_interfaces/include/status_interfaces/status_interfaces/msg/detail/system_status__struct.h
[4.834s] -- Installing: /home/uadmin/learning/learn4/learn4_topics_ws/install/status_interfaces/include/status_interfaces/status_interfaces/msg/rosidl_generator_c__visibility_control.h
[4.834s] -- Installing: /home/uadmin/learning/learn4/learn4_topics_ws/install/status_interfaces/share/status_interfaces/environment/library_path.sh
[4.834s] -- Installing: /home/uadmin/learning/learn4/learn4_topics_ws/install/status_interfaces/share/status_interfaces/environment/library_path.dsv
[4.834s] -- Installing: /home/uadmin/learning/learn4/learn4_topics_ws/install/status_interfaces/lib/libstatus_interfaces__rosidl_generator_c.so
[4.834s] -- Set runtime path of "/home/uadmin/learning/learn4/learn4_topics_ws/install/status_interfaces/lib/libstatus_interfaces__rosidl_generator_c.so" to ""
[4.834s] -- Up-to-date: /home/uadmin/learning/learn4/learn4_topics_ws/install/status_interfaces/include/status_interfaces/status_interfaces
[4.834s] -- Up-to-date: /home/uadmin/learning/learn4/learn4_topics_ws/install/status_interfaces/include/status_interfaces/status_interfaces/msg
[4.834s] -- Installing: /home/uadmin/learning/learn4/learn4_topics_ws/install/status_interfaces/include/status_interfaces/status_interfaces/msg/rosidl_typesupport_fastrtps_c__visibility_control.h
[4.834s] -- Up-to-date: /home/uadmin/learning/learn4/learn4_topics_ws/install/status_interfaces/include/status_interfaces/status_interfaces/msg/detail
[4.835s] -- Installing: /home/uadmin/learning/learn4/learn4_topics_ws/install/status_interfaces/include/status_interfaces/status_interfaces/msg/detail/system_status__rosidl_typesupport_fastrtps_c.h
[4.836s] -- Installing: /home/uadmin/learning/learn4/learn4_topics_ws/install/status_interfaces/lib/libstatus_interfaces__rosidl_typesupport_fastrtps_c.so
[4.836s] -- Set runtime path of "/home/uadmin/learning/learn4/learn4_topics_ws/install/status_interfaces/lib/libstatus_interfaces__rosidl_typesupport_fastrtps_c.so" to ""
[4.836s] -- Up-to-date: /home/uadmin/learning/learn4/learn4_topics_ws/install/status_interfaces/include/status_interfaces/status_interfaces
[4.837s] -- Up-to-date: /home/uadmin/learning/learn4/learn4_topics_ws/install/status_interfaces/include/status_interfaces/status_interfaces/msg
[4.837s] -- Installing: /home/uadmin/learning/learn4/learn4_topics_ws/install/status_interfaces/include/status_interfaces/status_interfaces/msg/system_status.hpp
[4.837s] -- Up-to-date: /home/uadmin/learning/learn4/learn4_topics_ws/install/status_interfaces/include/status_interfaces/status_interfaces/msg/detail
[4.837s] -- Installing: /home/uadmin/learning/learn4/learn4_topics_ws/install/status_interfaces/include/status_interfaces/status_interfaces/msg/detail/system_status__struct.hpp
[4.838s] -- Installing: /home/uadmin/learning/learn4/learn4_topics_ws/install/status_interfaces/include/status_interfaces/status_interfaces/msg/detail/system_status__builder.hpp
[4.838s] -- Installing: /home/uadmin/learning/learn4/learn4_topics_ws/install/status_interfaces/include/status_interfaces/status_interfaces/msg/detail/system_status__type_support.hpp
[4.838s] -- Installing: /home/uadmin/learning/learn4/learn4_topics_ws/install/status_interfaces/include/status_interfaces/status_interfaces/msg/detail/system_status__traits.hpp
[4.839s] -- Installing: /home/uadmin/learning/learn4/learn4_topics_ws/install/status_interfaces/include/status_interfaces/status_interfaces/msg/rosidl_generator_cpp__visibility_control.hpp
[4.839s] -- Up-to-date: /home/uadmin/learning/learn4/learn4_topics_ws/install/status_interfaces/include/status_interfaces/status_interfaces
[4.839s] -- Up-to-date: /home/uadmin/learning/learn4/learn4_topics_ws/install/status_interfaces/include/status_interfaces/status_interfaces/msg
[4.839s] -- Installing: /home/uadmin/learning/learn4/learn4_topics_ws/install/status_interfaces/include/status_interfaces/status_interfaces/msg/rosidl_typesupport_fastrtps_cpp__visibility_control.h
[4.839s] -- Up-to-date: /home/uadmin/learning/learn4/learn4_topics_ws/install/status_interfaces/include/status_interfaces/status_interfaces/msg/detail
[4.839s] -- Installing: /home/uadmin/learning/learn4/learn4_topics_ws/install/status_interfaces/include/status_interfaces/status_interfaces/msg/detail/dds_fastrtps
[4.839s] -- Installing: /home/uadmin/learning/learn4/learn4_topics_ws/install/status_interfaces/include/status_interfaces/status_interfaces/msg/detail/system_status__rosidl_typesupport_fastrtps_cpp.hpp
[4.840s] -- Installing: /home/uadmin/learning/learn4/learn4_topics_ws/install/status_interfaces/lib/libstatus_interfaces__rosidl_typesupport_fastrtps_cpp.so
[4.842s] -- Set runtime path of "/home/uadmin/learning/learn4/learn4_topics_ws/install/status_interfaces/lib/libstatus_interfaces__rosidl_typesupport_fastrtps_cpp.so" to ""
[4.842s] -- Up-to-date: /home/uadmin/learning/learn4/learn4_topics_ws/install/status_interfaces/include/status_interfaces/status_interfaces
[4.842s] -- Up-to-date: /home/uadmin/learning/learn4/learn4_topics_ws/install/status_interfaces/include/status_interfaces/status_interfaces/msg
[4.842s] -- Up-to-date: /home/uadmin/learning/learn4/learn4_topics_ws/install/status_interfaces/include/status_interfaces/status_interfaces/msg/detail
[4.842s] -- Installing: /home/uadmin/learning/learn4/learn4_topics_ws/install/status_interfaces/include/status_interfaces/status_interfaces/msg/detail/system_status__rosidl_typesupport_introspection_c.h
[4.842s] -- Installing: /home/uadmin/learning/learn4/learn4_topics_ws/install/status_interfaces/include/status_interfaces/status_interfaces/msg/detail/system_status__type_support.c
[4.842s] -- Installing: /home/uadmin/learning/learn4/learn4_topics_ws/install/status_interfaces/include/status_interfaces/status_interfaces/msg/rosidl_typesupport_introspection_c__visibility_control.h
[4.845s] -- Installing: /home/uadmin/learning/learn4/learn4_topics_ws/install/status_interfaces/lib/libstatus_interfaces__rosidl_typesupport_introspection_c.so
[4.845s] -- Set runtime path of "/home/uadmin/learning/learn4/learn4_topics_ws/install/status_interfaces/lib/libstatus_interfaces__rosidl_typesupport_introspection_c.so" to ""
[4.845s] -- Installing: /home/uadmin/learning/learn4/learn4_topics_ws/install/status_interfaces/lib/libstatus_interfaces__rosidl_typesupport_c.so
[4.845s] -- Set runtime path of "/home/uadmin/learning/learn4/learn4_topics_ws/install/status_interfaces/lib/libstatus_interfaces__rosidl_typesupport_c.so" to ""
[4.845s] -- Up-to-date: /home/uadmin/learning/learn4/learn4_topics_ws/install/status_interfaces/include/status_interfaces/status_interfaces
[4.845s] -- Up-to-date: /home/uadmin/learning/learn4/learn4_topics_ws/install/status_interfaces/include/status_interfaces/status_interfaces/msg
[4.845s] -- Up-to-date: /home/uadmin/learning/learn4/learn4_topics_ws/install/status_interfaces/include/status_interfaces/status_interfaces/msg/detail
[4.845s] -- Installing: /home/uadmin/learning/learn4/learn4_topics_ws/install/status_interfaces/include/status_interfaces/status_interfaces/msg/detail/system_status__rosidl_typesupport_introspection_cpp.hpp
[4.845s] -- Installing: /home/uadmin/learning/learn4/learn4_topics_ws/install/status_interfaces/include/status_interfaces/status_interfaces/msg/detail/system_status__type_support.cpp
[4.846s] -- Installing: /home/uadmin/learning/learn4/learn4_topics_ws/install/status_interfaces/lib/libstatus_interfaces__rosidl_typesupport_introspection_cpp.so
[4.846s] -- Set runtime path of "/home/uadmin/learning/learn4/learn4_topics_ws/install/status_interfaces/lib/libstatus_interfaces__rosidl_typesupport_introspection_cpp.so" to ""
[4.847s] -- Installing: /home/uadmin/learning/learn4/learn4_topics_ws/install/status_interfaces/lib/libstatus_interfaces__rosidl_typesupport_cpp.so
[4.847s] -- Set runtime path of "/home/uadmin/learning/learn4/learn4_topics_ws/install/status_interfaces/lib/libstatus_interfaces__rosidl_typesupport_cpp.so" to ""
[4.848s] -- Installing: /home/uadmin/learning/learn4/learn4_topics_ws/install/status_interfaces/share/status_interfaces/environment/pythonpath.sh
[4.848s] -- Installing: /home/uadmin/learning/learn4/learn4_topics_ws/install/status_interfaces/share/status_interfaces/environment/pythonpath.dsv
[4.848s] -- Installing: /home/uadmin/learning/learn4/learn4_topics_ws/install/status_interfaces/local/lib/python3.10/dist-packages/status_interfaces-0.0.0-py3.10.egg-info
[4.848s] -- Installing: /home/uadmin/learning/learn4/learn4_topics_ws/install/status_interfaces/local/lib/python3.10/dist-packages/status_interfaces-0.0.0-py3.10.egg-info/PKG-INFO
[4.848s] -- Installing: /home/uadmin/learning/learn4/learn4_topics_ws/install/status_interfaces/local/lib/python3.10/dist-packages/status_interfaces-0.0.0-py3.10.egg-info/top_level.txt
[4.848s] -- Installing: /home/uadmin/learning/learn4/learn4_topics_ws/install/status_interfaces/local/lib/python3.10/dist-packages/status_interfaces-0.0.0-py3.10.egg-info/SOURCES.txt
[4.849s] -- Installing: /home/uadmin/learning/learn4/learn4_topics_ws/install/status_interfaces/local/lib/python3.10/dist-packages/status_interfaces-0.0.0-py3.10.egg-info/dependency_links.txt
[4.849s] -- Installing: /home/uadmin/learning/learn4/learn4_topics_ws/install/status_interfaces/local/lib/python3.10/dist-packages/status_interfaces
[4.849s] -- Installing: /home/uadmin/learning/learn4/learn4_topics_ws/install/status_interfaces/local/lib/python3.10/dist-packages/status_interfaces/status_interfaces_s__rosidl_typesupport_introspection_c.cpython-310-x86_64-linux-gnu.so
[4.851s] -- Installing: /home/uadmin/learning/learn4/learn4_topics_ws/install/status_interfaces/local/lib/python3.10/dist-packages/status_interfaces/_status_interfaces_s.ep.rosidl_typesupport_fastrtps_c.c
[4.851s] -- Installing: /home/uadmin/learning/learn4/learn4_topics_ws/install/status_interfaces/local/lib/python3.10/dist-packages/status_interfaces/_status_interfaces_s.ep.rosidl_typesupport_introspection_c.c
[4.851s] -- Installing: /home/uadmin/learning/learn4/learn4_topics_ws/install/status_interfaces/local/lib/python3.10/dist-packages/status_interfaces/libstatus_interfaces__rosidl_generator_py.so
[4.851s] -- Installing: /home/uadmin/learning/learn4/learn4_topics_ws/install/status_interfaces/local/lib/python3.10/dist-packages/status_interfaces/status_interfaces_s__rosidl_typesupport_fastrtps_c.cpython-310-x86_64-linux-gnu.so
[4.851s] -- Installing: /home/uadmin/learning/learn4/learn4_topics_ws/install/status_interfaces/local/lib/python3.10/dist-packages/status_interfaces/_status_interfaces_s.ep.rosidl_typesupport_c.c
[4.851s] -- Installing: /home/uadmin/learning/learn4/learn4_topics_ws/install/status_interfaces/local/lib/python3.10/dist-packages/status_interfaces/status_interfaces_s__rosidl_typesupport_c.cpython-310-x86_64-linux-gnu.so
[4.851s] -- Installing: /home/uadmin/learning/learn4/learn4_topics_ws/install/status_interfaces/local/lib/python3.10/dist-packages/status_interfaces/__init__.py
[4.852s] -- Installing: /home/uadmin/learning/learn4/learn4_topics_ws/install/status_interfaces/local/lib/python3.10/dist-packages/status_interfaces/msg
[4.852s] -- Installing: /home/uadmin/learning/learn4/learn4_topics_ws/install/status_interfaces/local/lib/python3.10/dist-packages/status_interfaces/msg/_system_status_s.c
[4.859s] -- Installing: /home/uadmin/learning/learn4/learn4_topics_ws/install/status_interfaces/local/lib/python3.10/dist-packages/status_interfaces/msg/_system_status.py
[4.859s] -- Installing: /home/uadmin/learning/learn4/learn4_topics_ws/install/status_interfaces/local/lib/python3.10/dist-packages/status_interfaces/msg/__init__.py
[4.896s] Listing '/home/uadmin/learning/learn4/learn4_topics_ws/install/status_interfaces/local/lib/python3.10/dist-packages/status_interfaces'...
[4.896s] Compiling '/home/uadmin/learning/learn4/learn4_topics_ws/install/status_interfaces/local/lib/python3.10/dist-packages/status_interfaces/__init__.py'...
[4.896s] Listing '/home/uadmin/learning/learn4/learn4_topics_ws/install/status_interfaces/local/lib/python3.10/dist-packages/status_interfaces/msg'...
[4.896s] Compiling '/home/uadmin/learning/learn4/learn4_topics_ws/install/status_interfaces/local/lib/python3.10/dist-packages/status_interfaces/msg/__init__.py'...
[4.897s] Compiling '/home/uadmin/learning/learn4/learn4_topics_ws/install/status_interfaces/local/lib/python3.10/dist-packages/status_interfaces/msg/_system_status.py'...
[4.901s] -- Installing: /home/uadmin/learning/learn4/learn4_topics_ws/install/status_interfaces/local/lib/python3.10/dist-packages/status_interfaces/status_interfaces_s__rosidl_typesupport_fastrtps_c.cpython-310-x86_64-linux-gnu.so
[4.902s] -- Set runtime path of "/home/uadmin/learning/learn4/learn4_topics_ws/install/status_interfaces/local/lib/python3.10/dist-packages/status_interfaces/status_interfaces_s__rosidl_typesupport_fastrtps_c.cpython-310-x86_64-linux-gnu.so" to ""
[4.903s] -- Installing: /home/uadmin/learning/learn4/learn4_topics_ws/install/status_interfaces/local/lib/python3.10/dist-packages/status_interfaces/status_interfaces_s__rosidl_typesupport_introspection_c.cpython-310-x86_64-linux-gnu.so
[4.904s] -- Set runtime path of "/home/uadmin/learning/learn4/learn4_topics_ws/install/status_interfaces/local/lib/python3.10/dist-packages/status_interfaces/status_interfaces_s__rosidl_typesupport_introspection_c.cpython-310-x86_64-linux-gnu.so" to ""
[4.904s] -- Installing: /home/uadmin/learning/learn4/learn4_topics_ws/install/status_interfaces/local/lib/python3.10/dist-packages/status_interfaces/status_interfaces_s__rosidl_typesupport_c.cpython-310-x86_64-linux-gnu.so
[4.905s] -- Set runtime path of "/home/uadmin/learning/learn4/learn4_topics_ws/install/status_interfaces/local/lib/python3.10/dist-packages/status_interfaces/status_interfaces_s__rosidl_typesupport_c.cpython-310-x86_64-linux-gnu.so" to ""
[4.906s] -- Installing: /home/uadmin/learning/learn4/learn4_topics_ws/install/status_interfaces/lib/libstatus_interfaces__rosidl_generator_py.so
[4.907s] -- Set runtime path of "/home/uadmin/learning/learn4/learn4_topics_ws/install/status_interfaces/lib/libstatus_interfaces__rosidl_generator_py.so" to ""
[4.907s] -- Installing: /home/uadmin/learning/learn4/learn4_topics_ws/install/status_interfaces/share/status_interfaces/msg/SystemStatus.idl
[4.908s] -- Installing: /home/uadmin/learning/learn4/learn4_topics_ws/install/status_interfaces/share/status_interfaces/msg/SystemStatus.msg
[4.909s] -- Installing: /home/uadmin/learning/learn4/learn4_topics_ws/install/status_interfaces/share/ament_index/resource_index/package_run_dependencies/status_interfaces
[4.909s] -- Up-to-date: /home/uadmin/learning/learn4/learn4_topics_ws/install/status_interfaces/share/ament_index/resource_index/parent_prefix_path/status_interfaces
[4.909s] -- Up-to-date: /home/uadmin/learning/learn4/learn4_topics_ws/install/status_interfaces/share/status_interfaces/environment/ament_prefix_path.sh
[4.911s] -- Installing: /home/uadmin/learning/learn4/learn4_topics_ws/install/status_interfaces/share/status_interfaces/environment/ament_prefix_path.dsv
[4.911s] -- Up-to-date: /home/uadmin/learning/learn4/learn4_topics_ws/install/status_interfaces/share/status_interfaces/environment/path.sh
[4.911s] -- Installing: /home/uadmin/learning/learn4/learn4_topics_ws/install/status_interfaces/share/status_interfaces/environment/path.dsv
[4.911s] -- Up-to-date: /home/uadmin/learning/learn4/learn4_topics_ws/install/status_interfaces/share/status_interfaces/local_setup.bash
[4.911s] -- Installing: /home/uadmin/learning/learn4/learn4_topics_ws/install/status_interfaces/share/status_interfaces/local_setup.sh
[4.911s] -- Up-to-date: /home/uadmin/learning/learn4/learn4_topics_ws/install/status_interfaces/share/status_interfaces/local_setup.zsh
[4.911s] -- Installing: /home/uadmin/learning/learn4/learn4_topics_ws/install/status_interfaces/share/status_interfaces/local_setup.dsv
[4.911s] -- Installing: /home/uadmin/learning/learn4/learn4_topics_ws/install/status_interfaces/share/status_interfaces/package.dsv
[4.911s] -- Up-to-date: /home/uadmin/learning/learn4/learn4_topics_ws/install/status_interfaces/share/ament_index/resource_index/packages/status_interfaces
[4.912s] -- Installing: /home/uadmin/learning/learn4/learn4_topics_ws/install/status_interfaces/share/status_interfaces/cmake/export_status_interfaces__rosidl_generator_cExport.cmake
[4.912s] -- Installing: /home/uadmin/learning/learn4/learn4_topics_ws/install/status_interfaces/share/status_interfaces/cmake/export_status_interfaces__rosidl_generator_cExport-noconfig.cmake
[4.915s] -- Installing: /home/uadmin/learning/learn4/learn4_topics_ws/install/status_interfaces/share/status_interfaces/cmake/export_status_interfaces__rosidl_typesupport_fastrtps_cExport.cmake
[4.915s] -- Installing: /home/uadmin/learning/learn4/learn4_topics_ws/install/status_interfaces/share/status_interfaces/cmake/export_status_interfaces__rosidl_typesupport_fastrtps_cExport-noconfig.cmake
[4.915s] -- Installing: /home/uadmin/learning/learn4/learn4_topics_ws/install/status_interfaces/share/status_interfaces/cmake/export_status_interfaces__rosidl_generator_cppExport.cmake
[4.915s] -- Installing: /home/uadmin/learning/learn4/learn4_topics_ws/install/status_interfaces/share/status_interfaces/cmake/export_status_interfaces__rosidl_typesupport_fastrtps_cppExport.cmake
[4.915s] -- Installing: /home/uadmin/learning/learn4/learn4_topics_ws/install/status_interfaces/share/status_interfaces/cmake/export_status_interfaces__rosidl_typesupport_fastrtps_cppExport-noconfig.cmake
[4.915s] -- Installing: /home/uadmin/learning/learn4/learn4_topics_ws/install/status_interfaces/share/status_interfaces/cmake/status_interfaces__rosidl_typesupport_introspection_cExport.cmake
[4.915s] -- Installing: /home/uadmin/learning/learn4/learn4_topics_ws/install/status_interfaces/share/status_interfaces/cmake/status_interfaces__rosidl_typesupport_introspection_cExport-noconfig.cmake
[4.915s] -- Installing: /home/uadmin/learning/learn4/learn4_topics_ws/install/status_interfaces/share/status_interfaces/cmake/status_interfaces__rosidl_typesupport_cExport.cmake
[4.916s] -- Installing: /home/uadmin/learning/learn4/learn4_topics_ws/install/status_interfaces/share/status_interfaces/cmake/status_interfaces__rosidl_typesupport_cExport-noconfig.cmake
[4.916s] -- Installing: /home/uadmin/learning/learn4/learn4_topics_ws/install/status_interfaces/share/status_interfaces/cmake/status_interfaces__rosidl_typesupport_introspection_cppExport.cmake
[4.916s] -- Installing: /home/uadmin/learning/learn4/learn4_topics_ws/install/status_interfaces/share/status_interfaces/cmake/status_interfaces__rosidl_typesupport_introspection_cppExport-noconfig.cmake
[4.916s] -- Installing: /home/uadmin/learning/learn4/learn4_topics_ws/install/status_interfaces/share/status_interfaces/cmake/status_interfaces__rosidl_typesupport_cppExport.cmake
[4.916s] -- Installing: /home/uadmin/learning/learn4/learn4_topics_ws/install/status_interfaces/share/status_interfaces/cmake/status_interfaces__rosidl_typesupport_cppExport-noconfig.cmake
[4.916s] -- Installing: /home/uadmin/learning/learn4/learn4_topics_ws/install/status_interfaces/share/status_interfaces/cmake/export_status_interfaces__rosidl_generator_pyExport.cmake
[4.916s] -- Installing: /home/uadmin/learning/learn4/learn4_topics_ws/install/status_interfaces/share/status_interfaces/cmake/export_status_interfaces__rosidl_generator_pyExport-noconfig.cmake
[4.916s] -- Installing: /home/uadmin/learning/learn4/learn4_topics_ws/install/status_interfaces/share/status_interfaces/cmake/rosidl_cmake-extras.cmake
[4.916s] -- Installing: /home/uadmin/learning/learn4/learn4_topics_ws/install/status_interfaces/share/status_interfaces/cmake/ament_cmake_export_dependencies-extras.cmake
[4.917s] -- Installing: /home/uadmin/learning/learn4/learn4_topics_ws/install/status_interfaces/share/status_interfaces/cmake/ament_cmake_export_include_directories-extras.cmake
[4.917s] -- Installing: /home/uadmin/learning/learn4/learn4_topics_ws/install/status_interfaces/share/status_interfaces/cmake/ament_cmake_export_libraries-extras.cmake
[4.917s] -- Installing: /home/uadmin/learning/learn4/learn4_topics_ws/install/status_interfaces/share/status_interfaces/cmake/ament_cmake_export_targets-extras.cmake
[4.917s] -- Installing: /home/uadmin/learning/learn4/learn4_topics_ws/install/status_interfaces/share/status_interfaces/cmake/rosidl_cmake_export_typesupport_targets-extras.cmake
[4.918s] -- Installing: /home/uadmin/learning/learn4/learn4_topics_ws/install/status_interfaces/share/status_interfaces/cmake/rosidl_cmake_export_typesupport_libraries-extras.cmake
[4.918s] -- Installing: /home/uadmin/learning/learn4/learn4_topics_ws/install/status_interfaces/share/status_interfaces/cmake/status_interfacesConfig.cmake
[4.919s] -- Up-to-date: /home/uadmin/learning/learn4/learn4_topics_ws/install/status_interfaces/share/status_interfaces/cmake/status_interfacesConfig-version.cmake
[4.919s] -- Installing: /home/uadmin/learning/learn4/learn4_topics_ws/install/status_interfaces/share/status_interfaces/package.xml
[4.922s] Invoked command in '/home/uadmin/learning/learn4/learn4_topics_ws/build/status_interfaces' returned '0': CMAKE_PREFIX_PATH=${CMAKE_PREFIX_PATH}:/opt/ros/humble /usr/bin/cmake --install /home/uadmin/learning/learn4/learn4_topics_ws/build/status_interfaces
