[0.081s] DEBUG:colcon:Command line arguments: ['/usr/bin/colcon', 'build']
[0.081s] DEBUG:colcon:Parsed command line arguments: Namespace(log_base=None, log_level=None, verb_name='build', build_base='build', install_base='install', merge_install=False, symlink_install=False, test_result_base=None, continue_on_error=False, executor='parallel', parallel_workers=2, event_handlers=None, ignore_user_meta=False, metas=['./colcon.meta'], base_paths=['.'], packages_ignore=None, packages_ignore_regex=None, paths=None, packages_up_to=None, packages_up_to_regex=None, packages_above=None, packages_above_and_dependencies=None, packages_above_depth=None, packages_select_by_dep=None, packages_skip_by_dep=None, packages_skip_up_to=None, packages_select_build_failed=False, packages_skip_build_finished=False, packages_select_test_failures=False, packages_skip_test_passed=False, packages_select=None, packages_skip=None, packages_select_regex=None, packages_skip_regex=None, packages_start=None, packages_end=None, allow_overriding=[], cmake_args=None, cmake_target=None, cmake_target_skip_unavailable=False, cmake_clean_cache=False, cmake_clean_first=False, cmake_force_configure=False, ament_cmake_args=None, catkin_cmake_args=None, catkin_skip_building_tests=False, verb_parser=<colcon_defaults.argument_parser.defaults.DefaultArgumentsDecorator object at 0x7a16461274f0>, verb_extension=<colcon_core.verb.build.BuildVerb object at 0x7a1646126f50>, main=<bound method BuildVerb.main of <colcon_core.verb.build.BuildVerb object at 0x7a1646126f50>>)
[0.192s] Level 1:colcon.colcon_core.package_discovery:discover_packages(colcon_meta) check parameters
[0.193s] Level 1:colcon.colcon_core.package_discovery:discover_packages(recursive) check parameters
[0.193s] Level 1:colcon.colcon_core.package_discovery:discover_packages(ignore) check parameters
[0.193s] Level 1:colcon.colcon_core.package_discovery:discover_packages(path) check parameters
[0.193s] Level 1:colcon.colcon_core.package_discovery:discover_packages(colcon_meta) discover
[0.193s] Level 1:colcon.colcon_core.package_discovery:discover_packages(recursive) discover
[0.193s] INFO:colcon.colcon_core.package_discovery:Crawling recursively for packages in '/home/uadmin/learning/learn4/learn4_topics_ws'
[0.193s] Level 1:colcon.colcon_core.package_identification:_identify(.) by extensions ['ignore', 'ignore_ament_install']
[0.193s] Level 1:colcon.colcon_core.package_identification:_identify(.) by extension 'ignore'
[0.193s] Level 1:colcon.colcon_core.package_identification:_identify(.) by extension 'ignore_ament_install'
[0.193s] Level 1:colcon.colcon_core.package_identification:_identify(.) by extensions ['colcon_pkg']
[0.193s] Level 1:colcon.colcon_core.package_identification:_identify(.) by extension 'colcon_pkg'
[0.193s] Level 1:colcon.colcon_core.package_identification:_identify(.) by extensions ['colcon_meta']
[0.193s] Level 1:colcon.colcon_core.package_identification:_identify(.) by extension 'colcon_meta'
[0.193s] Level 1:colcon.colcon_core.package_identification:_identify(.) by extensions ['ros']
[0.193s] Level 1:colcon.colcon_core.package_identification:_identify(.) by extension 'ros'
[0.201s] Level 1:colcon.colcon_core.package_identification:_identify(.) by extensions ['cmake', 'python']
[0.202s] Level 1:colcon.colcon_core.package_identification:_identify(.) by extension 'cmake'
[0.202s] Level 1:colcon.colcon_core.package_identification:_identify(.) by extension 'python'
[0.202s] Level 1:colcon.colcon_core.package_identification:_identify(.) by extensions ['python_setup_py']
[0.202s] Level 1:colcon.colcon_core.package_identification:_identify(.) by extension 'python_setup_py'
[0.202s] Level 1:colcon.colcon_core.package_identification:_identify(build) by extensions ['ignore', 'ignore_ament_install']
[0.202s] Level 1:colcon.colcon_core.package_identification:_identify(build) by extension 'ignore'
[0.202s] Level 1:colcon.colcon_core.package_identification:_identify(build) ignored
[0.202s] Level 1:colcon.colcon_core.package_identification:_identify(install) by extensions ['ignore', 'ignore_ament_install']
[0.202s] Level 1:colcon.colcon_core.package_identification:_identify(install) by extension 'ignore'
[0.202s] Level 1:colcon.colcon_core.package_identification:_identify(install) ignored
[0.202s] Level 1:colcon.colcon_core.package_identification:_identify(log) by extensions ['ignore', 'ignore_ament_install']
[0.202s] Level 1:colcon.colcon_core.package_identification:_identify(log) by extension 'ignore'
[0.202s] Level 1:colcon.colcon_core.package_identification:_identify(log) ignored
[0.202s] Level 1:colcon.colcon_core.package_identification:_identify(src) by extensions ['ignore', 'ignore_ament_install']
[0.202s] Level 1:colcon.colcon_core.package_identification:_identify(src) by extension 'ignore'
[0.202s] Level 1:colcon.colcon_core.package_identification:_identify(src) by extension 'ignore_ament_install'
[0.202s] Level 1:colcon.colcon_core.package_identification:_identify(src) by extensions ['colcon_pkg']
[0.203s] Level 1:colcon.colcon_core.package_identification:_identify(src) by extension 'colcon_pkg'
[0.203s] Level 1:colcon.colcon_core.package_identification:_identify(src) by extensions ['colcon_meta']
[0.203s] Level 1:colcon.colcon_core.package_identification:_identify(src) by extension 'colcon_meta'
[0.203s] Level 1:colcon.colcon_core.package_identification:_identify(src) by extensions ['ros']
[0.203s] Level 1:colcon.colcon_core.package_identification:_identify(src) by extension 'ros'
[0.203s] Level 1:colcon.colcon_core.package_identification:_identify(src) by extensions ['cmake', 'python']
[0.203s] Level 1:colcon.colcon_core.package_identification:_identify(src) by extension 'cmake'
[0.203s] Level 1:colcon.colcon_core.package_identification:_identify(src) by extension 'python'
[0.203s] Level 1:colcon.colcon_core.package_identification:_identify(src) by extensions ['python_setup_py']
[0.203s] Level 1:colcon.colcon_core.package_identification:_identify(src) by extension 'python_setup_py'
[0.203s] Level 1:colcon.colcon_core.package_identification:_identify(src/status_display) by extensions ['ignore', 'ignore_ament_install']
[0.203s] Level 1:colcon.colcon_core.package_identification:_identify(src/status_display) by extension 'ignore'
[0.203s] Level 1:colcon.colcon_core.package_identification:_identify(src/status_display) by extension 'ignore_ament_install'
[0.203s] Level 1:colcon.colcon_core.package_identification:_identify(src/status_display) by extensions ['colcon_pkg']
[0.203s] Level 1:colcon.colcon_core.package_identification:_identify(src/status_display) by extension 'colcon_pkg'
[0.203s] Level 1:colcon.colcon_core.package_identification:_identify(src/status_display) by extensions ['colcon_meta']
[0.203s] Level 1:colcon.colcon_core.package_identification:_identify(src/status_display) by extension 'colcon_meta'
[0.203s] Level 1:colcon.colcon_core.package_identification:_identify(src/status_display) by extensions ['ros']
[0.203s] Level 1:colcon.colcon_core.package_identification:_identify(src/status_display) by extension 'ros'
[0.205s] DEBUG:colcon.colcon_core.package_identification:Package 'src/status_display' with type 'ros.ament_cmake' and name 'status_display'
[0.205s] Level 1:colcon.colcon_core.package_identification:_identify(src/status_interfaces) by extensions ['ignore', 'ignore_ament_install']
[0.205s] Level 1:colcon.colcon_core.package_identification:_identify(src/status_interfaces) by extension 'ignore'
[0.205s] Level 1:colcon.colcon_core.package_identification:_identify(src/status_interfaces) by extension 'ignore_ament_install'
[0.205s] Level 1:colcon.colcon_core.package_identification:_identify(src/status_interfaces) by extensions ['colcon_pkg']
[0.205s] Level 1:colcon.colcon_core.package_identification:_identify(src/status_interfaces) by extension 'colcon_pkg'
[0.205s] Level 1:colcon.colcon_core.package_identification:_identify(src/status_interfaces) by extensions ['colcon_meta']
[0.205s] Level 1:colcon.colcon_core.package_identification:_identify(src/status_interfaces) by extension 'colcon_meta'
[0.205s] Level 1:colcon.colcon_core.package_identification:_identify(src/status_interfaces) by extensions ['ros']
[0.205s] Level 1:colcon.colcon_core.package_identification:_identify(src/status_interfaces) by extension 'ros'
[0.206s] DEBUG:colcon.colcon_core.package_identification:Package 'src/status_interfaces' with type 'ros.ament_cmake' and name 'status_interfaces'
[0.206s] Level 1:colcon.colcon_core.package_identification:_identify(src/status_pub) by extensions ['ignore', 'ignore_ament_install']
[0.206s] Level 1:colcon.colcon_core.package_identification:_identify(src/status_pub) by extension 'ignore'
[0.206s] Level 1:colcon.colcon_core.package_identification:_identify(src/status_pub) by extension 'ignore_ament_install'
[0.206s] Level 1:colcon.colcon_core.package_identification:_identify(src/status_pub) by extensions ['colcon_pkg']
[0.206s] Level 1:colcon.colcon_core.package_identification:_identify(src/status_pub) by extension 'colcon_pkg'
[0.206s] Level 1:colcon.colcon_core.package_identification:_identify(src/status_pub) by extensions ['colcon_meta']
[0.206s] Level 1:colcon.colcon_core.package_identification:_identify(src/status_pub) by extension 'colcon_meta'
[0.206s] Level 1:colcon.colcon_core.package_identification:_identify(src/status_pub) by extensions ['ros']
[0.206s] Level 1:colcon.colcon_core.package_identification:_identify(src/status_pub) by extension 'ros'
[0.207s] DEBUG:colcon.colcon_core.package_identification:Package 'src/status_pub' with type 'ros.ament_python' and name 'status_pub'
[0.207s] Level 1:colcon.colcon_core.package_discovery:discover_packages(recursive) using defaults
[0.207s] Level 1:colcon.colcon_core.package_discovery:discover_packages(ignore) discover
[0.207s] Level 1:colcon.colcon_core.package_discovery:discover_packages(ignore) using defaults
[0.207s] Level 1:colcon.colcon_core.package_discovery:discover_packages(path) discover
[0.207s] Level 1:colcon.colcon_core.package_discovery:discover_packages(path) using defaults
[0.221s] Level 1:colcon.colcon_core.package_discovery:discover_packages(prefix_path) check parameters
[0.221s] Level 1:colcon.colcon_core.package_discovery:discover_packages(prefix_path) discover
[0.223s] DEBUG:colcon.colcon_installed_package_information.package_discovery:Found 310 installed packages in /opt/ros/humble
[0.234s] Level 1:colcon.colcon_core.package_discovery:discover_packages(prefix_path) using defaults
[0.261s] Level 5:colcon.colcon_core.verb:set package 'status_display' build argument 'cmake_args' from command line to 'None'
[0.261s] Level 5:colcon.colcon_core.verb:set package 'status_display' build argument 'cmake_target' from command line to 'None'
[0.261s] Level 5:colcon.colcon_core.verb:set package 'status_display' build argument 'cmake_target_skip_unavailable' from command line to 'False'
[0.261s] Level 5:colcon.colcon_core.verb:set package 'status_display' build argument 'cmake_clean_cache' from command line to 'False'
[0.261s] Level 5:colcon.colcon_core.verb:set package 'status_display' build argument 'cmake_clean_first' from command line to 'False'
[0.261s] Level 5:colcon.colcon_core.verb:set package 'status_display' build argument 'cmake_force_configure' from command line to 'False'
[0.261s] Level 5:colcon.colcon_core.verb:set package 'status_display' build argument 'ament_cmake_args' from command line to 'None'
[0.261s] Level 5:colcon.colcon_core.verb:set package 'status_display' build argument 'catkin_cmake_args' from command line to 'None'
[0.261s] Level 5:colcon.colcon_core.verb:set package 'status_display' build argument 'catkin_skip_building_tests' from command line to 'False'
[0.261s] DEBUG:colcon.colcon_core.verb:Building package 'status_display' with the following arguments: {'ament_cmake_args': None, 'build_base': '/home/uadmin/learning/learn4/learn4_topics_ws/build/status_display', 'catkin_cmake_args': None, 'catkin_skip_building_tests': False, 'cmake_args': None, 'cmake_clean_cache': False, 'cmake_clean_first': False, 'cmake_force_configure': False, 'cmake_target': None, 'cmake_target_skip_unavailable': False, 'install_base': '/home/uadmin/learning/learn4/learn4_topics_ws/install/status_display', 'merge_install': False, 'path': '/home/uadmin/learning/learn4/learn4_topics_ws/src/status_display', 'symlink_install': False, 'test_result_base': None}
[0.261s] Level 5:colcon.colcon_core.verb:set package 'status_interfaces' build argument 'cmake_args' from command line to 'None'
[0.261s] Level 5:colcon.colcon_core.verb:set package 'status_interfaces' build argument 'cmake_target' from command line to 'None'
[0.261s] Level 5:colcon.colcon_core.verb:set package 'status_interfaces' build argument 'cmake_target_skip_unavailable' from command line to 'False'
[0.261s] Level 5:colcon.colcon_core.verb:set package 'status_interfaces' build argument 'cmake_clean_cache' from command line to 'False'
[0.261s] Level 5:colcon.colcon_core.verb:set package 'status_interfaces' build argument 'cmake_clean_first' from command line to 'False'
[0.261s] Level 5:colcon.colcon_core.verb:set package 'status_interfaces' build argument 'cmake_force_configure' from command line to 'False'
[0.261s] Level 5:colcon.colcon_core.verb:set package 'status_interfaces' build argument 'ament_cmake_args' from command line to 'None'
[0.262s] Level 5:colcon.colcon_core.verb:set package 'status_interfaces' build argument 'catkin_cmake_args' from command line to 'None'
[0.262s] Level 5:colcon.colcon_core.verb:set package 'status_interfaces' build argument 'catkin_skip_building_tests' from command line to 'False'
[0.262s] DEBUG:colcon.colcon_core.verb:Building package 'status_interfaces' with the following arguments: {'ament_cmake_args': None, 'build_base': '/home/uadmin/learning/learn4/learn4_topics_ws/build/status_interfaces', 'catkin_cmake_args': None, 'catkin_skip_building_tests': False, 'cmake_args': None, 'cmake_clean_cache': False, 'cmake_clean_first': False, 'cmake_force_configure': False, 'cmake_target': None, 'cmake_target_skip_unavailable': False, 'install_base': '/home/uadmin/learning/learn4/learn4_topics_ws/install/status_interfaces', 'merge_install': False, 'path': '/home/uadmin/learning/learn4/learn4_topics_ws/src/status_interfaces', 'symlink_install': False, 'test_result_base': None}
[0.262s] Level 5:colcon.colcon_core.verb:set package 'status_pub' build argument 'cmake_args' from command line to 'None'
[0.262s] Level 5:colcon.colcon_core.verb:set package 'status_pub' build argument 'cmake_target' from command line to 'None'
[0.262s] Level 5:colcon.colcon_core.verb:set package 'status_pub' build argument 'cmake_target_skip_unavailable' from command line to 'False'
[0.262s] Level 5:colcon.colcon_core.verb:set package 'status_pub' build argument 'cmake_clean_cache' from command line to 'False'
[0.262s] Level 5:colcon.colcon_core.verb:set package 'status_pub' build argument 'cmake_clean_first' from command line to 'False'
[0.262s] Level 5:colcon.colcon_core.verb:set package 'status_pub' build argument 'cmake_force_configure' from command line to 'False'
[0.262s] Level 5:colcon.colcon_core.verb:set package 'status_pub' build argument 'ament_cmake_args' from command line to 'None'
[0.262s] Level 5:colcon.colcon_core.verb:set package 'status_pub' build argument 'catkin_cmake_args' from command line to 'None'
[0.262s] Level 5:colcon.colcon_core.verb:set package 'status_pub' build argument 'catkin_skip_building_tests' from command line to 'False'
[0.262s] DEBUG:colcon.colcon_core.verb:Building package 'status_pub' with the following arguments: {'ament_cmake_args': None, 'build_base': '/home/uadmin/learning/learn4/learn4_topics_ws/build/status_pub', 'catkin_cmake_args': None, 'catkin_skip_building_tests': False, 'cmake_args': None, 'cmake_clean_cache': False, 'cmake_clean_first': False, 'cmake_force_configure': False, 'cmake_target': None, 'cmake_target_skip_unavailable': False, 'install_base': '/home/uadmin/learning/learn4/learn4_topics_ws/install/status_pub', 'merge_install': False, 'path': '/home/uadmin/learning/learn4/learn4_topics_ws/src/status_pub', 'symlink_install': False, 'test_result_base': None}
[0.263s] INFO:colcon.colcon_core.executor:Executing jobs using 'parallel' executor
[0.263s] DEBUG:colcon.colcon_parallel_executor.executor.parallel:run_until_complete
[0.264s] INFO:colcon.colcon_ros.task.ament_cmake.build:Building ROS package in '/home/uadmin/learning/learn4/learn4_topics_ws/src/status_interfaces' with build type 'ament_cmake'
[0.264s] INFO:colcon.colcon_cmake.task.cmake.build:Building CMake package in '/home/uadmin/learning/learn4/learn4_topics_ws/src/status_interfaces'
[0.266s] INFO:colcon.colcon_core.plugin_system:Skipping extension 'colcon_core.shell.bat': Not used on non-Windows systems
[0.266s] INFO:colcon.colcon_core.shell:Skip shell extension 'powershell' for command environment: Not usable outside of PowerShell
[0.266s] DEBUG:colcon.colcon_core.shell:Skip shell extension 'dsv' for command environment
[0.269s] INFO:colcon.colcon_ros.task.ament_cmake.build:Building ROS package in '/home/uadmin/learning/learn4/learn4_topics_ws/src/status_display' with build type 'ament_cmake'
[0.269s] INFO:colcon.colcon_cmake.task.cmake.build:Building CMake package in '/home/uadmin/learning/learn4/learn4_topics_ws/src/status_display'
[0.269s] INFO:colcon.colcon_core.shell:Skip shell extension 'powershell' for command environment: Not usable outside of PowerShell
[0.269s] DEBUG:colcon.colcon_core.shell:Skip shell extension 'dsv' for command environment
[0.278s] DEBUG:colcon.colcon_core.event_handler.log_command:Invoking command in '/home/uadmin/learning/learn4/learn4_topics_ws/build/status_interfaces': CMAKE_PREFIX_PATH=/opt/ros/humble /usr/bin/cmake --build /home/uadmin/learning/learn4/learn4_topics_ws/build/status_interfaces -- -j2 -l2
[0.285s] DEBUG:colcon.colcon_core.event_handler.log_command:Invoking command in '/home/uadmin/learning/learn4/learn4_topics_ws/build/status_display': CMAKE_PREFIX_PATH=/opt/ros/humble /usr/bin/cmake --build /home/uadmin/learning/learn4/learn4_topics_ws/build/status_display -- -j2 -l2
[1.000s] DEBUG:colcon.colcon_core.event_handler.log_command:Invoked command in '/home/uadmin/learning/learn4/learn4_topics_ws/build/status_interfaces' returned '0': CMAKE_PREFIX_PATH=/opt/ros/humble /usr/bin/cmake --build /home/uadmin/learning/learn4/learn4_topics_ws/build/status_interfaces -- -j2 -l2
[1.011s] DEBUG:colcon.colcon_core.event_handler.log_command:Invoking command in '/home/uadmin/learning/learn4/learn4_topics_ws/build/status_interfaces': CMAKE_PREFIX_PATH=/opt/ros/humble /usr/bin/cmake --install /home/uadmin/learning/learn4/learn4_topics_ws/build/status_interfaces
[1.087s] Level 1:colcon.colcon_core.environment:create_environment_scripts_only(status_interfaces)
[1.090s] DEBUG:colcon.colcon_core.event_handler.log_command:Invoked command in '/home/uadmin/learning/learn4/learn4_topics_ws/build/status_interfaces' returned '0': CMAKE_PREFIX_PATH=/opt/ros/humble /usr/bin/cmake --install /home/uadmin/learning/learn4/learn4_topics_ws/build/status_interfaces
[1.093s] Level 1:colcon.colcon_core.environment:checking '/home/uadmin/learning/learn4/learn4_topics_ws/install/status_interfaces' for CMake module files
[1.096s] Level 1:colcon.colcon_core.environment:checking '/home/uadmin/learning/learn4/learn4_topics_ws/install/status_interfaces' for CMake config files
[1.096s] Level 1:colcon.colcon_core.shell:create_environment_hook('status_interfaces', 'cmake_prefix_path')
[1.096s] INFO:colcon.colcon_core.shell:Creating environment hook '/home/uadmin/learning/learn4/learn4_topics_ws/install/status_interfaces/share/status_interfaces/hook/cmake_prefix_path.ps1'
[1.097s] INFO:colcon.colcon_core.shell:Creating environment descriptor '/home/uadmin/learning/learn4/learn4_topics_ws/install/status_interfaces/share/status_interfaces/hook/cmake_prefix_path.dsv'
[1.097s] INFO:colcon.colcon_core.shell:Creating environment hook '/home/uadmin/learning/learn4/learn4_topics_ws/install/status_interfaces/share/status_interfaces/hook/cmake_prefix_path.sh'
[1.100s] Level 1:colcon.colcon_core.environment:checking '/home/uadmin/learning/learn4/learn4_topics_ws/install/status_interfaces/lib'
[1.100s] Level 1:colcon.colcon_core.shell:create_environment_hook('status_interfaces', 'ld_library_path_lib')
[1.100s] INFO:colcon.colcon_core.shell:Creating environment hook '/home/uadmin/learning/learn4/learn4_topics_ws/install/status_interfaces/share/status_interfaces/hook/ld_library_path_lib.ps1'
[1.100s] INFO:colcon.colcon_core.shell:Creating environment descriptor '/home/uadmin/learning/learn4/learn4_topics_ws/install/status_interfaces/share/status_interfaces/hook/ld_library_path_lib.dsv'
[1.103s] INFO:colcon.colcon_core.shell:Creating environment hook '/home/uadmin/learning/learn4/learn4_topics_ws/install/status_interfaces/share/status_interfaces/hook/ld_library_path_lib.sh'
[1.103s] Level 1:colcon.colcon_core.environment:checking '/home/uadmin/learning/learn4/learn4_topics_ws/install/status_interfaces/bin'
[1.103s] Level 1:colcon.colcon_core.environment:checking '/home/uadmin/learning/learn4/learn4_topics_ws/install/status_interfaces/lib/pkgconfig/status_interfaces.pc'
[1.103s] Level 1:colcon.colcon_core.environment:checking '/home/uadmin/learning/learn4/learn4_topics_ws/install/status_interfaces/lib/python3.10/site-packages'
[1.103s] Level 1:colcon.colcon_core.environment:checking '/home/uadmin/learning/learn4/learn4_topics_ws/install/status_interfaces/bin'
[1.106s] INFO:colcon.colcon_core.shell:Creating package script '/home/uadmin/learning/learn4/learn4_topics_ws/install/status_interfaces/share/status_interfaces/package.ps1'
[1.106s] INFO:colcon.colcon_core.shell:Creating package descriptor '/home/uadmin/learning/learn4/learn4_topics_ws/install/status_interfaces/share/status_interfaces/package.dsv'
[1.107s] INFO:colcon.colcon_core.shell:Creating package script '/home/uadmin/learning/learn4/learn4_topics_ws/install/status_interfaces/share/status_interfaces/package.sh'
[1.109s] INFO:colcon.colcon_core.shell:Creating package script '/home/uadmin/learning/learn4/learn4_topics_ws/install/status_interfaces/share/status_interfaces/package.bash'
[1.110s] INFO:colcon.colcon_core.shell:Creating package script '/home/uadmin/learning/learn4/learn4_topics_ws/install/status_interfaces/share/status_interfaces/package.zsh'
[1.111s] Level 1:colcon.colcon_core.environment:create_file_with_runtime_dependencies(/home/uadmin/learning/learn4/learn4_topics_ws/install/status_interfaces/share/colcon-core/packages/status_interfaces)
[1.114s] Level 1:colcon.colcon_core.environment:create_environment_scripts_only(status_interfaces)
[1.114s] Level 1:colcon.colcon_core.environment:checking '/home/uadmin/learning/learn4/learn4_topics_ws/install/status_interfaces' for CMake module files
[1.115s] Level 1:colcon.colcon_core.environment:checking '/home/uadmin/learning/learn4/learn4_topics_ws/install/status_interfaces' for CMake config files
[1.115s] Level 1:colcon.colcon_core.shell:create_environment_hook('status_interfaces', 'cmake_prefix_path')
[1.115s] INFO:colcon.colcon_core.shell:Creating environment hook '/home/uadmin/learning/learn4/learn4_topics_ws/install/status_interfaces/share/status_interfaces/hook/cmake_prefix_path.ps1'
[1.115s] INFO:colcon.colcon_core.shell:Creating environment descriptor '/home/uadmin/learning/learn4/learn4_topics_ws/install/status_interfaces/share/status_interfaces/hook/cmake_prefix_path.dsv'
[1.119s] INFO:colcon.colcon_core.shell:Creating environment hook '/home/uadmin/learning/learn4/learn4_topics_ws/install/status_interfaces/share/status_interfaces/hook/cmake_prefix_path.sh'
[1.120s] Level 1:colcon.colcon_core.environment:checking '/home/uadmin/learning/learn4/learn4_topics_ws/install/status_interfaces/lib'
[1.120s] Level 1:colcon.colcon_core.shell:create_environment_hook('status_interfaces', 'ld_library_path_lib')
[1.120s] INFO:colcon.colcon_core.shell:Creating environment hook '/home/uadmin/learning/learn4/learn4_topics_ws/install/status_interfaces/share/status_interfaces/hook/ld_library_path_lib.ps1'
[1.122s] INFO:colcon.colcon_core.shell:Creating environment descriptor '/home/uadmin/learning/learn4/learn4_topics_ws/install/status_interfaces/share/status_interfaces/hook/ld_library_path_lib.dsv'
[1.123s] INFO:colcon.colcon_core.shell:Creating environment hook '/home/uadmin/learning/learn4/learn4_topics_ws/install/status_interfaces/share/status_interfaces/hook/ld_library_path_lib.sh'
[1.123s] Level 1:colcon.colcon_core.environment:checking '/home/uadmin/learning/learn4/learn4_topics_ws/install/status_interfaces/bin'
[1.123s] Level 1:colcon.colcon_core.environment:checking '/home/uadmin/learning/learn4/learn4_topics_ws/install/status_interfaces/lib/pkgconfig/status_interfaces.pc'
[1.123s] Level 1:colcon.colcon_core.environment:checking '/home/uadmin/learning/learn4/learn4_topics_ws/install/status_interfaces/lib/python3.10/site-packages'
[1.124s] Level 1:colcon.colcon_core.environment:checking '/home/uadmin/learning/learn4/learn4_topics_ws/install/status_interfaces/bin'
[1.125s] INFO:colcon.colcon_core.shell:Creating package script '/home/uadmin/learning/learn4/learn4_topics_ws/install/status_interfaces/share/status_interfaces/package.ps1'
[1.126s] INFO:colcon.colcon_core.shell:Creating package descriptor '/home/uadmin/learning/learn4/learn4_topics_ws/install/status_interfaces/share/status_interfaces/package.dsv'
[1.127s] INFO:colcon.colcon_core.shell:Creating package script '/home/uadmin/learning/learn4/learn4_topics_ws/install/status_interfaces/share/status_interfaces/package.sh'
[1.127s] INFO:colcon.colcon_core.shell:Creating package script '/home/uadmin/learning/learn4/learn4_topics_ws/install/status_interfaces/share/status_interfaces/package.bash'
[1.128s] INFO:colcon.colcon_core.shell:Creating package script '/home/uadmin/learning/learn4/learn4_topics_ws/install/status_interfaces/share/status_interfaces/package.zsh'
[1.129s] Level 1:colcon.colcon_core.environment:create_file_with_runtime_dependencies(/home/uadmin/learning/learn4/learn4_topics_ws/install/status_interfaces/share/colcon-core/packages/status_interfaces)
[1.130s] INFO:colcon.colcon_ros.task.ament_python.build:Building ROS package in '/home/uadmin/learning/learn4/learn4_topics_ws/src/status_pub' with build type 'ament_python'
[1.130s] Level 1:colcon.colcon_core.shell:create_environment_hook('status_pub', 'ament_prefix_path')
[1.130s] INFO:colcon.colcon_core.shell:Creating environment hook '/home/uadmin/learning/learn4/learn4_topics_ws/install/status_pub/share/status_pub/hook/ament_prefix_path.ps1'
[1.131s] INFO:colcon.colcon_core.shell:Creating environment descriptor '/home/uadmin/learning/learn4/learn4_topics_ws/install/status_pub/share/status_pub/hook/ament_prefix_path.dsv'
[1.133s] INFO:colcon.colcon_core.shell:Creating environment hook '/home/uadmin/learning/learn4/learn4_topics_ws/install/status_pub/share/status_pub/hook/ament_prefix_path.sh'
[1.134s] INFO:colcon.colcon_core.shell:Skip shell extension 'powershell' for command environment: Not usable outside of PowerShell
[1.134s] DEBUG:colcon.colcon_core.shell:Skip shell extension 'dsv' for command environment
[1.378s] INFO:colcon.colcon_core.task.python.build:Building Python package in '/home/uadmin/learning/learn4/learn4_topics_ws/src/status_pub'
[1.378s] INFO:colcon.colcon_core.shell:Skip shell extension 'powershell' for command environment: Not usable outside of PowerShell
[1.379s] DEBUG:colcon.colcon_core.shell:Skip shell extension 'dsv' for command environment
[1.738s] DEBUG:colcon.colcon_core.event_handler.log_command:Invoking command in '/home/uadmin/learning/learn4/learn4_topics_ws/src/status_pub': AMENT_PREFIX_PATH=/home/uadmin/learning/learn4/learn4_topics_ws/install/status_interfaces:${AMENT_PREFIX_PATH} CMAKE_PREFIX_PATH=/home/uadmin/learning/learn4/learn4_topics_ws/install/status_interfaces LD_LIBRARY_PATH=/home/uadmin/learning/learn4/learn4_topics_ws/install/status_interfaces/lib:${LD_LIBRARY_PATH} PYTHONPATH=/home/uadmin/learning/learn4/learn4_topics_ws/build/status_pub/prefix_override:/usr/lib/python3/dist-packages/colcon_core/task/python/colcon_distutils_commands:/home/uadmin/learning/learn4/learn4_topics_ws/install/status_pub/lib/python3.10/site-packages:/home/uadmin/learning/learn4/learn4_topics_ws/install/status_interfaces/local/lib/python3.10/dist-packages:${PYTHONPATH} /usr/bin/python3 -W ignore:setup.py install is deprecated -W ignore:easy_install command is deprecated setup.py egg_info --egg-base ../../build/status_pub build --build-base /home/uadmin/learning/learn4/learn4_topics_ws/build/status_pub/build install --record /home/uadmin/learning/learn4/learn4_topics_ws/build/status_pub/install.log --single-version-externally-managed install_data
[1.858s] Level 1:colcon.colcon_core.environment:create_environment_scripts_only(status_display)
[1.858s] DEBUG:colcon.colcon_core.event_handler.log_command:Invoked command in '/home/uadmin/learning/learn4/learn4_topics_ws/build/status_display' returned '2': CMAKE_PREFIX_PATH=/opt/ros/humble /usr/bin/cmake --build /home/uadmin/learning/learn4/learn4_topics_ws/build/status_display -- -j2 -l2
[1.860s] Level 1:colcon.colcon_core.environment:checking '/home/uadmin/learning/learn4/learn4_topics_ws/install/status_display' for CMake module files
[1.860s] Level 1:colcon.colcon_core.environment:checking '/home/uadmin/learning/learn4/learn4_topics_ws/install/status_display' for CMake config files
[1.860s] Level 1:colcon.colcon_core.environment:checking '/home/uadmin/learning/learn4/learn4_topics_ws/install/status_display/bin'
[1.861s] Level 1:colcon.colcon_core.environment:checking '/home/uadmin/learning/learn4/learn4_topics_ws/install/status_display/lib/pkgconfig/status_display.pc'
[1.861s] Level 1:colcon.colcon_core.environment:checking '/home/uadmin/learning/learn4/learn4_topics_ws/install/status_display/lib/python3.10/site-packages'
[1.861s] Level 1:colcon.colcon_core.environment:checking '/home/uadmin/learning/learn4/learn4_topics_ws/install/status_display/bin'
[1.862s] INFO:colcon.colcon_core.shell:Creating package script '/home/uadmin/learning/learn4/learn4_topics_ws/install/status_display/share/status_display/package.ps1'
[1.862s] INFO:colcon.colcon_core.shell:Creating package descriptor '/home/uadmin/learning/learn4/learn4_topics_ws/install/status_display/share/status_display/package.dsv'
[1.863s] INFO:colcon.colcon_core.shell:Creating package script '/home/uadmin/learning/learn4/learn4_topics_ws/install/status_display/share/status_display/package.sh'
[1.864s] INFO:colcon.colcon_core.shell:Creating package script '/home/uadmin/learning/learn4/learn4_topics_ws/install/status_display/share/status_display/package.bash'
[1.864s] INFO:colcon.colcon_core.shell:Creating package script '/home/uadmin/learning/learn4/learn4_topics_ws/install/status_display/share/status_display/package.zsh'
[1.864s] Level 1:colcon.colcon_core.environment:create_file_with_runtime_dependencies(/home/uadmin/learning/learn4/learn4_topics_ws/install/status_display/share/colcon-core/packages/status_display)
[2.017s] DEBUG:colcon.colcon_parallel_executor.executor.parallel:closing loop
[2.017s] DEBUG:colcon.colcon_parallel_executor.executor.parallel:loop closed
[2.017s] DEBUG:colcon.colcon_parallel_executor.executor.parallel:run_until_complete finished with '2'
[2.017s] DEBUG:colcon.colcon_core.event_reactor:joining thread
[2.023s] INFO:colcon.colcon_core.plugin_system:Skipping extension 'colcon_notification.desktop_notification.terminal_notifier': Not used on non-Darwin systems
[2.023s] INFO:colcon.colcon_core.plugin_system:Skipping extension 'colcon_notification.desktop_notification.win32': Not used on non-Windows systems
[2.023s] INFO:colcon.colcon_notification.desktop_notification:Sending desktop notification using 'notify2'
[2.035s] DEBUG:colcon.colcon_core.event_reactor:joined thread
[2.035s] INFO:colcon.colcon_core.shell:Creating prefix script '/home/uadmin/learning/learn4/learn4_topics_ws/install/local_setup.ps1'
[2.037s] INFO:colcon.colcon_core.shell:Creating prefix util module '/home/uadmin/learning/learn4/learn4_topics_ws/install/_local_setup_util_ps1.py'
[2.038s] INFO:colcon.colcon_core.shell:Creating prefix chain script '/home/uadmin/learning/learn4/learn4_topics_ws/install/setup.ps1'
[2.039s] INFO:colcon.colcon_core.shell:Creating prefix script '/home/uadmin/learning/learn4/learn4_topics_ws/install/local_setup.sh'
[2.040s] INFO:colcon.colcon_core.shell:Creating prefix util module '/home/uadmin/learning/learn4/learn4_topics_ws/install/_local_setup_util_sh.py'
[2.041s] INFO:colcon.colcon_core.shell:Creating prefix chain script '/home/uadmin/learning/learn4/learn4_topics_ws/install/setup.sh'
[2.041s] INFO:colcon.colcon_core.shell:Creating prefix script '/home/uadmin/learning/learn4/learn4_topics_ws/install/local_setup.bash'
[2.043s] INFO:colcon.colcon_core.shell:Creating prefix chain script '/home/uadmin/learning/learn4/learn4_topics_ws/install/setup.bash'
[2.046s] INFO:colcon.colcon_core.shell:Creating prefix script '/home/uadmin/learning/learn4/learn4_topics_ws/install/local_setup.zsh'
[2.046s] INFO:colcon.colcon_core.shell:Creating prefix chain script '/home/uadmin/learning/learn4/learn4_topics_ws/install/setup.zsh'
