[0.297s] DEBUG:colcon:Command line arguments: ['/usr/bin/colcon', 'build']
[0.297s] DEBUG:colcon:Parsed command line arguments: Namespace(log_base=None, log_level=None, verb_name='build', build_base='build', install_base='install', merge_install=False, symlink_install=False, test_result_base=None, continue_on_error=False, executor='parallel', parallel_workers=2, event_handlers=None, ignore_user_meta=False, metas=['./colcon.meta'], base_paths=['.'], packages_ignore=None, packages_ignore_regex=None, paths=None, packages_up_to=None, packages_up_to_regex=None, packages_above=None, packages_above_and_dependencies=None, packages_above_depth=None, packages_select_by_dep=None, packages_skip_by_dep=None, packages_skip_up_to=None, packages_select_build_failed=False, packages_skip_build_finished=False, packages_select_test_failures=False, packages_skip_test_passed=False, packages_select=None, packages_skip=None, packages_select_regex=None, packages_skip_regex=None, packages_start=None, packages_end=None, allow_overriding=[], cmake_args=None, cmake_target=None, cmake_target_skip_unavailable=False, cmake_clean_cache=False, cmake_clean_first=False, cmake_force_configure=False, ament_cmake_args=None, catkin_cmake_args=None, catkin_skip_building_tests=False, verb_parser=<colcon_defaults.argument_parser.defaults.DefaultArgumentsDecorator object at 0x709ca48277f0>, verb_extension=<colcon_core.verb.build.BuildVerb object at 0x709ca4827250>, main=<bound method BuildVerb.main of <colcon_core.verb.build.BuildVerb object at 0x709ca4827250>>)
[0.554s] Level 1:colcon.colcon_core.package_discovery:discover_packages(colcon_meta) check parameters
[0.554s] Level 1:colcon.colcon_core.package_discovery:discover_packages(recursive) check parameters
[0.554s] Level 1:colcon.colcon_core.package_discovery:discover_packages(ignore) check parameters
[0.554s] Level 1:colcon.colcon_core.package_discovery:discover_packages(path) check parameters
[0.554s] Level 1:colcon.colcon_core.package_discovery:discover_packages(colcon_meta) discover
[0.554s] Level 1:colcon.colcon_core.package_discovery:discover_packages(recursive) discover
[0.554s] INFO:colcon.colcon_core.package_discovery:Crawling recursively for packages in '/home/uadmin/learning/learn3/learn3_ws'
[0.555s] Level 1:colcon.colcon_core.package_identification:_identify(.) by extensions ['ignore', 'ignore_ament_install']
[0.555s] Level 1:colcon.colcon_core.package_identification:_identify(.) by extension 'ignore'
[0.555s] Level 1:colcon.colcon_core.package_identification:_identify(.) by extension 'ignore_ament_install'
[0.555s] Level 1:colcon.colcon_core.package_identification:_identify(.) by extensions ['colcon_pkg']
[0.555s] Level 1:colcon.colcon_core.package_identification:_identify(.) by extension 'colcon_pkg'
[0.555s] Level 1:colcon.colcon_core.package_identification:_identify(.) by extensions ['colcon_meta']
[0.555s] Level 1:colcon.colcon_core.package_identification:_identify(.) by extension 'colcon_meta'
[0.555s] Level 1:colcon.colcon_core.package_identification:_identify(.) by extensions ['ros']
[0.555s] Level 1:colcon.colcon_core.package_identification:_identify(.) by extension 'ros'
[0.570s] Level 1:colcon.colcon_core.package_identification:_identify(.) by extensions ['cmake', 'python']
[0.570s] Level 1:colcon.colcon_core.package_identification:_identify(.) by extension 'cmake'
[0.570s] Level 1:colcon.colcon_core.package_identification:_identify(.) by extension 'python'
[0.570s] Level 1:colcon.colcon_core.package_identification:_identify(.) by extensions ['python_setup_py']
[0.570s] Level 1:colcon.colcon_core.package_identification:_identify(.) by extension 'python_setup_py'
[0.571s] Level 1:colcon.colcon_core.package_identification:_identify(build) by extensions ['ignore', 'ignore_ament_install']
[0.571s] Level 1:colcon.colcon_core.package_identification:_identify(build) by extension 'ignore'
[0.571s] Level 1:colcon.colcon_core.package_identification:_identify(build) ignored
[0.571s] Level 1:colcon.colcon_core.package_identification:_identify(install) by extensions ['ignore', 'ignore_ament_install']
[0.571s] Level 1:colcon.colcon_core.package_identification:_identify(install) by extension 'ignore'
[0.571s] Level 1:colcon.colcon_core.package_identification:_identify(install) ignored
[0.571s] Level 1:colcon.colcon_core.package_identification:_identify(log) by extensions ['ignore', 'ignore_ament_install']
[0.571s] Level 1:colcon.colcon_core.package_identification:_identify(log) by extension 'ignore'
[0.571s] Level 1:colcon.colcon_core.package_identification:_identify(log) ignored
[0.571s] Level 1:colcon.colcon_core.package_identification:_identify(src) by extensions ['ignore', 'ignore_ament_install']
[0.571s] Level 1:colcon.colcon_core.package_identification:_identify(src) by extension 'ignore'
[0.571s] Level 1:colcon.colcon_core.package_identification:_identify(src) by extension 'ignore_ament_install'
[0.571s] Level 1:colcon.colcon_core.package_identification:_identify(src) by extensions ['colcon_pkg']
[0.571s] Level 1:colcon.colcon_core.package_identification:_identify(src) by extension 'colcon_pkg'
[0.571s] Level 1:colcon.colcon_core.package_identification:_identify(src) by extensions ['colcon_meta']
[0.571s] Level 1:colcon.colcon_core.package_identification:_identify(src) by extension 'colcon_meta'
[0.571s] Level 1:colcon.colcon_core.package_identification:_identify(src) by extensions ['ros']
[0.572s] Level 1:colcon.colcon_core.package_identification:_identify(src) by extension 'ros'
[0.572s] Level 1:colcon.colcon_core.package_identification:_identify(src) by extensions ['cmake', 'python']
[0.572s] Level 1:colcon.colcon_core.package_identification:_identify(src) by extension 'cmake'
[0.572s] Level 1:colcon.colcon_core.package_identification:_identify(src) by extension 'python'
[0.572s] Level 1:colcon.colcon_core.package_identification:_identify(src) by extensions ['python_setup_py']
[0.572s] Level 1:colcon.colcon_core.package_identification:_identify(src) by extension 'python_setup_py'
[0.572s] Level 1:colcon.colcon_core.package_identification:_identify(src/demo_cpp_nodes) by extensions ['ignore', 'ignore_ament_install']
[0.572s] Level 1:colcon.colcon_core.package_identification:_identify(src/demo_cpp_nodes) by extension 'ignore'
[0.572s] Level 1:colcon.colcon_core.package_identification:_identify(src/demo_cpp_nodes) by extension 'ignore_ament_install'
[0.572s] Level 1:colcon.colcon_core.package_identification:_identify(src/demo_cpp_nodes) by extensions ['colcon_pkg']
[0.572s] Level 1:colcon.colcon_core.package_identification:_identify(src/demo_cpp_nodes) by extension 'colcon_pkg'
[0.572s] Level 1:colcon.colcon_core.package_identification:_identify(src/demo_cpp_nodes) by extensions ['colcon_meta']
[0.572s] Level 1:colcon.colcon_core.package_identification:_identify(src/demo_cpp_nodes) by extension 'colcon_meta'
[0.572s] Level 1:colcon.colcon_core.package_identification:_identify(src/demo_cpp_nodes) by extensions ['ros']
[0.572s] Level 1:colcon.colcon_core.package_identification:_identify(src/demo_cpp_nodes) by extension 'ros'
[0.576s] DEBUG:colcon.colcon_core.package_identification:Package 'src/demo_cpp_nodes' with type 'ros.ament_cmake' and name 'demo_cpp_nodes'
[0.576s] Level 1:colcon.colcon_core.package_identification:_identify(src/demo_py_pkg_2) by extensions ['ignore', 'ignore_ament_install']
[0.576s] Level 1:colcon.colcon_core.package_identification:_identify(src/demo_py_pkg_2) by extension 'ignore'
[0.576s] Level 1:colcon.colcon_core.package_identification:_identify(src/demo_py_pkg_2) by extension 'ignore_ament_install'
[0.576s] Level 1:colcon.colcon_core.package_identification:_identify(src/demo_py_pkg_2) by extensions ['colcon_pkg']
[0.576s] Level 1:colcon.colcon_core.package_identification:_identify(src/demo_py_pkg_2) by extension 'colcon_pkg'
[0.576s] Level 1:colcon.colcon_core.package_identification:_identify(src/demo_py_pkg_2) by extensions ['colcon_meta']
[0.576s] Level 1:colcon.colcon_core.package_identification:_identify(src/demo_py_pkg_2) by extension 'colcon_meta'
[0.576s] Level 1:colcon.colcon_core.package_identification:_identify(src/demo_py_pkg_2) by extensions ['ros']
[0.577s] Level 1:colcon.colcon_core.package_identification:_identify(src/demo_py_pkg_2) by extension 'ros'
[0.577s] DEBUG:colcon.colcon_core.package_identification:Package 'src/demo_py_pkg_2' with type 'ros.ament_python' and name 'demo_py_pkg_2'
[0.577s] Level 1:colcon.colcon_core.package_discovery:discover_packages(recursive) using defaults
[0.577s] Level 1:colcon.colcon_core.package_discovery:discover_packages(ignore) discover
[0.577s] Level 1:colcon.colcon_core.package_discovery:discover_packages(ignore) using defaults
[0.577s] Level 1:colcon.colcon_core.package_discovery:discover_packages(path) discover
[0.577s] Level 1:colcon.colcon_core.package_discovery:discover_packages(path) using defaults
[0.609s] Level 1:colcon.colcon_core.package_discovery:discover_packages(prefix_path) check parameters
[0.609s] Level 1:colcon.colcon_core.package_discovery:discover_packages(prefix_path) discover
[0.613s] DEBUG:colcon.colcon_installed_package_information.package_discovery:Found 2 installed packages in /home/uadmin/learning/learn3/learn3_ws/install
[0.617s] DEBUG:colcon.colcon_installed_package_information.package_discovery:Found 310 installed packages in /opt/ros/humble
[0.625s] Level 1:colcon.colcon_core.package_discovery:discover_packages(prefix_path) using defaults
[0.728s] Level 5:colcon.colcon_core.verb:set package 'demo_cpp_nodes' build argument 'cmake_args' from command line to 'None'
[0.728s] Level 5:colcon.colcon_core.verb:set package 'demo_cpp_nodes' build argument 'cmake_target' from command line to 'None'
[0.728s] Level 5:colcon.colcon_core.verb:set package 'demo_cpp_nodes' build argument 'cmake_target_skip_unavailable' from command line to 'False'
[0.728s] Level 5:colcon.colcon_core.verb:set package 'demo_cpp_nodes' build argument 'cmake_clean_cache' from command line to 'False'
[0.728s] Level 5:colcon.colcon_core.verb:set package 'demo_cpp_nodes' build argument 'cmake_clean_first' from command line to 'False'
[0.728s] Level 5:colcon.colcon_core.verb:set package 'demo_cpp_nodes' build argument 'cmake_force_configure' from command line to 'False'
[0.728s] Level 5:colcon.colcon_core.verb:set package 'demo_cpp_nodes' build argument 'ament_cmake_args' from command line to 'None'
[0.728s] Level 5:colcon.colcon_core.verb:set package 'demo_cpp_nodes' build argument 'catkin_cmake_args' from command line to 'None'
[0.728s] Level 5:colcon.colcon_core.verb:set package 'demo_cpp_nodes' build argument 'catkin_skip_building_tests' from command line to 'False'
[0.728s] DEBUG:colcon.colcon_core.verb:Building package 'demo_cpp_nodes' with the following arguments: {'ament_cmake_args': None, 'build_base': '/home/uadmin/learning/learn3/learn3_ws/build/demo_cpp_nodes', 'catkin_cmake_args': None, 'catkin_skip_building_tests': False, 'cmake_args': None, 'cmake_clean_cache': False, 'cmake_clean_first': False, 'cmake_force_configure': False, 'cmake_target': None, 'cmake_target_skip_unavailable': False, 'install_base': '/home/uadmin/learning/learn3/learn3_ws/install/demo_cpp_nodes', 'merge_install': False, 'path': '/home/uadmin/learning/learn3/learn3_ws/src/demo_cpp_nodes', 'symlink_install': False, 'test_result_base': None}
[0.728s] Level 5:colcon.colcon_core.verb:set package 'demo_py_pkg_2' build argument 'cmake_args' from command line to 'None'
[0.728s] Level 5:colcon.colcon_core.verb:set package 'demo_py_pkg_2' build argument 'cmake_target' from command line to 'None'
[0.728s] Level 5:colcon.colcon_core.verb:set package 'demo_py_pkg_2' build argument 'cmake_target_skip_unavailable' from command line to 'False'
[0.728s] Level 5:colcon.colcon_core.verb:set package 'demo_py_pkg_2' build argument 'cmake_clean_cache' from command line to 'False'
[0.728s] Level 5:colcon.colcon_core.verb:set package 'demo_py_pkg_2' build argument 'cmake_clean_first' from command line to 'False'
[0.728s] Level 5:colcon.colcon_core.verb:set package 'demo_py_pkg_2' build argument 'cmake_force_configure' from command line to 'False'
[0.728s] Level 5:colcon.colcon_core.verb:set package 'demo_py_pkg_2' build argument 'ament_cmake_args' from command line to 'None'
[0.728s] Level 5:colcon.colcon_core.verb:set package 'demo_py_pkg_2' build argument 'catkin_cmake_args' from command line to 'None'
[0.728s] Level 5:colcon.colcon_core.verb:set package 'demo_py_pkg_2' build argument 'catkin_skip_building_tests' from command line to 'False'
[0.728s] DEBUG:colcon.colcon_core.verb:Building package 'demo_py_pkg_2' with the following arguments: {'ament_cmake_args': None, 'build_base': '/home/uadmin/learning/learn3/learn3_ws/build/demo_py_pkg_2', 'catkin_cmake_args': None, 'catkin_skip_building_tests': False, 'cmake_args': None, 'cmake_clean_cache': False, 'cmake_clean_first': False, 'cmake_force_configure': False, 'cmake_target': None, 'cmake_target_skip_unavailable': False, 'install_base': '/home/uadmin/learning/learn3/learn3_ws/install/demo_py_pkg_2', 'merge_install': False, 'path': '/home/uadmin/learning/learn3/learn3_ws/src/demo_py_pkg_2', 'symlink_install': False, 'test_result_base': None}
[0.729s] INFO:colcon.colcon_core.executor:Executing jobs using 'parallel' executor
[0.729s] DEBUG:colcon.colcon_parallel_executor.executor.parallel:run_until_complete
[0.730s] INFO:colcon.colcon_ros.task.ament_cmake.build:Building ROS package in '/home/uadmin/learning/learn3/learn3_ws/src/demo_cpp_nodes' with build type 'ament_cmake'
[0.730s] INFO:colcon.colcon_cmake.task.cmake.build:Building CMake package in '/home/uadmin/learning/learn3/learn3_ws/src/demo_cpp_nodes'
[0.738s] INFO:colcon.colcon_core.plugin_system:Skipping extension 'colcon_core.shell.bat': Not used on non-Windows systems
[0.738s] INFO:colcon.colcon_core.shell:Skip shell extension 'powershell' for command environment: Not usable outside of PowerShell
[0.738s] DEBUG:colcon.colcon_core.shell:Skip shell extension 'dsv' for command environment
[0.747s] DEBUG:colcon.colcon_core.event_handler.log_command:Invoking command in '/home/uadmin/learning/learn3/learn3_ws/build/demo_cpp_nodes': CMAKE_PREFIX_PATH=${CMAKE_PREFIX_PATH}:/home/uadmin/learning/learn3/learn3_ws/install/demo_py_pkg_2:/opt/ros/humble /usr/bin/cmake --build /home/uadmin/learning/learn3/learn3_ws/build/demo_cpp_nodes -- -j2 -l2
[3.744s] DEBUG:colcon.colcon_core.event_handler.log_command:Invoked command in '/home/uadmin/learning/learn3/learn3_ws/build/demo_cpp_nodes' returned '0': CMAKE_PREFIX_PATH=${CMAKE_PREFIX_PATH}:/home/uadmin/learning/learn3/learn3_ws/install/demo_py_pkg_2:/opt/ros/humble /usr/bin/cmake --build /home/uadmin/learning/learn3/learn3_ws/build/demo_cpp_nodes -- -j2 -l2
[3.752s] DEBUG:colcon.colcon_core.event_handler.log_command:Invoking command in '/home/uadmin/learning/learn3/learn3_ws/build/demo_cpp_nodes': CMAKE_PREFIX_PATH=${CMAKE_PREFIX_PATH}:/home/uadmin/learning/learn3/learn3_ws/install/demo_py_pkg_2:/opt/ros/humble /usr/bin/cmake --install /home/uadmin/learning/learn3/learn3_ws/build/demo_cpp_nodes
[3.766s] Level 1:colcon.colcon_core.environment:create_environment_scripts_only(demo_cpp_nodes)
[3.766s] DEBUG:colcon.colcon_core.event_handler.log_command:Invoked command in '/home/uadmin/learning/learn3/learn3_ws/build/demo_cpp_nodes' returned '0': CMAKE_PREFIX_PATH=${CMAKE_PREFIX_PATH}:/home/uadmin/learning/learn3/learn3_ws/install/demo_py_pkg_2:/opt/ros/humble /usr/bin/cmake --install /home/uadmin/learning/learn3/learn3_ws/build/demo_cpp_nodes
[3.782s] Level 1:colcon.colcon_core.environment:checking '/home/uadmin/learning/learn3/learn3_ws/install/demo_cpp_nodes' for CMake module files
[3.782s] Level 1:colcon.colcon_core.environment:checking '/home/uadmin/learning/learn3/learn3_ws/install/demo_cpp_nodes' for CMake config files
[3.783s] Level 1:colcon.colcon_core.shell:create_environment_hook('demo_cpp_nodes', 'cmake_prefix_path')
[3.783s] INFO:colcon.colcon_core.shell:Creating environment hook '/home/uadmin/learning/learn3/learn3_ws/install/demo_cpp_nodes/share/demo_cpp_nodes/hook/cmake_prefix_path.ps1'
[3.785s] INFO:colcon.colcon_core.shell:Creating environment descriptor '/home/uadmin/learning/learn3/learn3_ws/install/demo_cpp_nodes/share/demo_cpp_nodes/hook/cmake_prefix_path.dsv'
[3.786s] INFO:colcon.colcon_core.shell:Creating environment hook '/home/uadmin/learning/learn3/learn3_ws/install/demo_cpp_nodes/share/demo_cpp_nodes/hook/cmake_prefix_path.sh'
[3.787s] Level 1:colcon.colcon_core.environment:checking '/home/uadmin/learning/learn3/learn3_ws/install/demo_cpp_nodes/lib'
[3.787s] Level 1:colcon.colcon_core.environment:checking '/home/uadmin/learning/learn3/learn3_ws/install/demo_cpp_nodes/bin'
[3.788s] Level 1:colcon.colcon_core.environment:checking '/home/uadmin/learning/learn3/learn3_ws/install/demo_cpp_nodes/lib/pkgconfig/demo_cpp_nodes.pc'
[3.788s] Level 1:colcon.colcon_core.environment:checking '/home/uadmin/learning/learn3/learn3_ws/install/demo_cpp_nodes/lib/python3.10/site-packages'
[3.788s] Level 1:colcon.colcon_core.environment:checking '/home/uadmin/learning/learn3/learn3_ws/install/demo_cpp_nodes/bin'
[3.788s] INFO:colcon.colcon_core.shell:Creating package script '/home/uadmin/learning/learn3/learn3_ws/install/demo_cpp_nodes/share/demo_cpp_nodes/package.ps1'
[3.789s] INFO:colcon.colcon_core.shell:Creating package descriptor '/home/uadmin/learning/learn3/learn3_ws/install/demo_cpp_nodes/share/demo_cpp_nodes/package.dsv'
[3.790s] INFO:colcon.colcon_core.shell:Creating package script '/home/uadmin/learning/learn3/learn3_ws/install/demo_cpp_nodes/share/demo_cpp_nodes/package.sh'
[3.791s] INFO:colcon.colcon_core.shell:Creating package script '/home/uadmin/learning/learn3/learn3_ws/install/demo_cpp_nodes/share/demo_cpp_nodes/package.bash'
[3.792s] INFO:colcon.colcon_core.shell:Creating package script '/home/uadmin/learning/learn3/learn3_ws/install/demo_cpp_nodes/share/demo_cpp_nodes/package.zsh'
[3.794s] Level 1:colcon.colcon_core.environment:create_file_with_runtime_dependencies(/home/uadmin/learning/learn3/learn3_ws/install/demo_cpp_nodes/share/colcon-core/packages/demo_cpp_nodes)
[3.795s] Level 1:colcon.colcon_core.environment:create_environment_scripts_only(demo_cpp_nodes)
[3.795s] Level 1:colcon.colcon_core.environment:checking '/home/uadmin/learning/learn3/learn3_ws/install/demo_cpp_nodes' for CMake module files
[3.796s] Level 1:colcon.colcon_core.environment:checking '/home/uadmin/learning/learn3/learn3_ws/install/demo_cpp_nodes' for CMake config files
[3.796s] Level 1:colcon.colcon_core.shell:create_environment_hook('demo_cpp_nodes', 'cmake_prefix_path')
[3.797s] INFO:colcon.colcon_core.shell:Creating environment hook '/home/uadmin/learning/learn3/learn3_ws/install/demo_cpp_nodes/share/demo_cpp_nodes/hook/cmake_prefix_path.ps1'
[3.797s] INFO:colcon.colcon_core.shell:Creating environment descriptor '/home/uadmin/learning/learn3/learn3_ws/install/demo_cpp_nodes/share/demo_cpp_nodes/hook/cmake_prefix_path.dsv'
[3.798s] INFO:colcon.colcon_core.shell:Creating environment hook '/home/uadmin/learning/learn3/learn3_ws/install/demo_cpp_nodes/share/demo_cpp_nodes/hook/cmake_prefix_path.sh'
[3.799s] Level 1:colcon.colcon_core.environment:checking '/home/uadmin/learning/learn3/learn3_ws/install/demo_cpp_nodes/lib'
[3.799s] Level 1:colcon.colcon_core.environment:checking '/home/uadmin/learning/learn3/learn3_ws/install/demo_cpp_nodes/bin'
[3.799s] Level 1:colcon.colcon_core.environment:checking '/home/uadmin/learning/learn3/learn3_ws/install/demo_cpp_nodes/lib/pkgconfig/demo_cpp_nodes.pc'
[3.799s] Level 1:colcon.colcon_core.environment:checking '/home/uadmin/learning/learn3/learn3_ws/install/demo_cpp_nodes/lib/python3.10/site-packages'
[3.799s] Level 1:colcon.colcon_core.environment:checking '/home/uadmin/learning/learn3/learn3_ws/install/demo_cpp_nodes/bin'
[3.800s] INFO:colcon.colcon_core.shell:Creating package script '/home/uadmin/learning/learn3/learn3_ws/install/demo_cpp_nodes/share/demo_cpp_nodes/package.ps1'
[3.800s] INFO:colcon.colcon_core.shell:Creating package descriptor '/home/uadmin/learning/learn3/learn3_ws/install/demo_cpp_nodes/share/demo_cpp_nodes/package.dsv'
[3.801s] INFO:colcon.colcon_core.shell:Creating package script '/home/uadmin/learning/learn3/learn3_ws/install/demo_cpp_nodes/share/demo_cpp_nodes/package.sh'
[3.801s] INFO:colcon.colcon_core.shell:Creating package script '/home/uadmin/learning/learn3/learn3_ws/install/demo_cpp_nodes/share/demo_cpp_nodes/package.bash'
[3.802s] INFO:colcon.colcon_core.shell:Creating package script '/home/uadmin/learning/learn3/learn3_ws/install/demo_cpp_nodes/share/demo_cpp_nodes/package.zsh'
[3.802s] Level 1:colcon.colcon_core.environment:create_file_with_runtime_dependencies(/home/uadmin/learning/learn3/learn3_ws/install/demo_cpp_nodes/share/colcon-core/packages/demo_cpp_nodes)
[3.803s] INFO:colcon.colcon_ros.task.ament_python.build:Building ROS package in '/home/uadmin/learning/learn3/learn3_ws/src/demo_py_pkg_2' with build type 'ament_python'
[3.803s] Level 1:colcon.colcon_core.shell:create_environment_hook('demo_py_pkg_2', 'ament_prefix_path')
[3.803s] INFO:colcon.colcon_core.shell:Creating environment hook '/home/uadmin/learning/learn3/learn3_ws/install/demo_py_pkg_2/share/demo_py_pkg_2/hook/ament_prefix_path.ps1'
[3.804s] INFO:colcon.colcon_core.shell:Creating environment descriptor '/home/uadmin/learning/learn3/learn3_ws/install/demo_py_pkg_2/share/demo_py_pkg_2/hook/ament_prefix_path.dsv'
[3.804s] INFO:colcon.colcon_core.shell:Creating environment hook '/home/uadmin/learning/learn3/learn3_ws/install/demo_py_pkg_2/share/demo_py_pkg_2/hook/ament_prefix_path.sh'
[3.805s] INFO:colcon.colcon_core.shell:Skip shell extension 'powershell' for command environment: Not usable outside of PowerShell
[3.805s] DEBUG:colcon.colcon_core.shell:Skip shell extension 'dsv' for command environment
[4.064s] INFO:colcon.colcon_core.task.python.build:Building Python package in '/home/uadmin/learning/learn3/learn3_ws/src/demo_py_pkg_2'
[4.065s] INFO:colcon.colcon_core.shell:Skip shell extension 'powershell' for command environment: Not usable outside of PowerShell
[4.065s] DEBUG:colcon.colcon_core.shell:Skip shell extension 'dsv' for command environment
[4.409s] DEBUG:colcon.colcon_core.event_handler.log_command:Invoking command in '/home/uadmin/learning/learn3/learn3_ws/src/demo_py_pkg_2': PYTHONPATH=/home/uadmin/learning/learn3/learn3_ws/build/demo_py_pkg_2/prefix_override:/usr/lib/python3/dist-packages/colcon_core/task/python/colcon_distutils_commands:/home/uadmin/learning/learn3/learn3_ws/install/demo_py_pkg_2/lib/python3.10/site-packages:${PYTHONPATH} /usr/bin/python3 -W ignore:setup.py install is deprecated -W ignore:easy_install command is deprecated setup.py egg_info --egg-base ../../build/demo_py_pkg_2 build --build-base /home/uadmin/learning/learn3/learn3_ws/build/demo_py_pkg_2/build install --record /home/uadmin/learning/learn3/learn3_ws/build/demo_py_pkg_2/install.log --single-version-externally-managed install_data
[4.634s] Level 1:colcon.colcon_core.environment:checking '/home/uadmin/learning/learn3/learn3_ws/install/demo_py_pkg_2' for CMake module files
[4.634s] DEBUG:colcon.colcon_core.event_handler.log_command:Invoked command in '/home/uadmin/learning/learn3/learn3_ws/src/demo_py_pkg_2' returned '0': PYTHONPATH=/home/uadmin/learning/learn3/learn3_ws/build/demo_py_pkg_2/prefix_override:/usr/lib/python3/dist-packages/colcon_core/task/python/colcon_distutils_commands:/home/uadmin/learning/learn3/learn3_ws/install/demo_py_pkg_2/lib/python3.10/site-packages:${PYTHONPATH} /usr/bin/python3 -W ignore:setup.py install is deprecated -W ignore:easy_install command is deprecated setup.py egg_info --egg-base ../../build/demo_py_pkg_2 build --build-base /home/uadmin/learning/learn3/learn3_ws/build/demo_py_pkg_2/build install --record /home/uadmin/learning/learn3/learn3_ws/build/demo_py_pkg_2/install.log --single-version-externally-managed install_data
[4.636s] Level 1:colcon.colcon_core.environment:checking '/home/uadmin/learning/learn3/learn3_ws/install/demo_py_pkg_2' for CMake config files
[4.636s] Level 1:colcon.colcon_core.environment:checking '/home/uadmin/learning/learn3/learn3_ws/install/demo_py_pkg_2/lib'
[4.636s] Level 1:colcon.colcon_core.environment:checking '/home/uadmin/learning/learn3/learn3_ws/install/demo_py_pkg_2/bin'
[4.636s] Level 1:colcon.colcon_core.environment:checking '/home/uadmin/learning/learn3/learn3_ws/install/demo_py_pkg_2/lib/pkgconfig/demo_py_pkg_2.pc'
[4.636s] Level 1:colcon.colcon_core.environment:checking '/home/uadmin/learning/learn3/learn3_ws/install/demo_py_pkg_2/lib/python3.10/site-packages'
[4.636s] Level 1:colcon.colcon_core.shell:create_environment_hook('demo_py_pkg_2', 'pythonpath')
[4.636s] INFO:colcon.colcon_core.shell:Creating environment hook '/home/uadmin/learning/learn3/learn3_ws/install/demo_py_pkg_2/share/demo_py_pkg_2/hook/pythonpath.ps1'
[4.637s] INFO:colcon.colcon_core.shell:Creating environment descriptor '/home/uadmin/learning/learn3/learn3_ws/install/demo_py_pkg_2/share/demo_py_pkg_2/hook/pythonpath.dsv'
[4.637s] INFO:colcon.colcon_core.shell:Creating environment hook '/home/uadmin/learning/learn3/learn3_ws/install/demo_py_pkg_2/share/demo_py_pkg_2/hook/pythonpath.sh'
[4.638s] Level 1:colcon.colcon_core.environment:checking '/home/uadmin/learning/learn3/learn3_ws/install/demo_py_pkg_2/bin'
[4.638s] Level 1:colcon.colcon_core.environment:create_environment_scripts_only(demo_py_pkg_2)
[4.638s] INFO:colcon.colcon_core.shell:Creating package script '/home/uadmin/learning/learn3/learn3_ws/install/demo_py_pkg_2/share/demo_py_pkg_2/package.ps1'
[4.639s] INFO:colcon.colcon_core.shell:Creating package descriptor '/home/uadmin/learning/learn3/learn3_ws/install/demo_py_pkg_2/share/demo_py_pkg_2/package.dsv'
[4.639s] INFO:colcon.colcon_core.shell:Creating package script '/home/uadmin/learning/learn3/learn3_ws/install/demo_py_pkg_2/share/demo_py_pkg_2/package.sh'
[4.640s] INFO:colcon.colcon_core.shell:Creating package script '/home/uadmin/learning/learn3/learn3_ws/install/demo_py_pkg_2/share/demo_py_pkg_2/package.bash'
[4.640s] INFO:colcon.colcon_core.shell:Creating package script '/home/uadmin/learning/learn3/learn3_ws/install/demo_py_pkg_2/share/demo_py_pkg_2/package.zsh'
[4.640s] Level 1:colcon.colcon_core.environment:create_file_with_runtime_dependencies(/home/uadmin/learning/learn3/learn3_ws/install/demo_py_pkg_2/share/colcon-core/packages/demo_py_pkg_2)
[4.641s] DEBUG:colcon.colcon_parallel_executor.executor.parallel:closing loop
[4.641s] DEBUG:colcon.colcon_parallel_executor.executor.parallel:loop closed
[4.641s] DEBUG:colcon.colcon_parallel_executor.executor.parallel:run_until_complete finished with '0'
[4.641s] DEBUG:colcon.colcon_core.event_reactor:joining thread
[4.658s] INFO:colcon.colcon_core.plugin_system:Skipping extension 'colcon_notification.desktop_notification.terminal_notifier': Not used on non-Darwin systems
[4.658s] INFO:colcon.colcon_core.plugin_system:Skipping extension 'colcon_notification.desktop_notification.win32': Not used on non-Windows systems
[4.658s] INFO:colcon.colcon_notification.desktop_notification:Sending desktop notification using 'notify2'
[4.697s] DEBUG:colcon.colcon_core.event_reactor:joined thread
[4.698s] INFO:colcon.colcon_core.shell:Creating prefix script '/home/uadmin/learning/learn3/learn3_ws/install/local_setup.ps1'
[4.699s] INFO:colcon.colcon_core.shell:Creating prefix util module '/home/uadmin/learning/learn3/learn3_ws/install/_local_setup_util_ps1.py'
[4.701s] INFO:colcon.colcon_core.shell:Creating prefix chain script '/home/uadmin/learning/learn3/learn3_ws/install/setup.ps1'
[4.703s] INFO:colcon.colcon_core.shell:Creating prefix script '/home/uadmin/learning/learn3/learn3_ws/install/local_setup.sh'
[4.705s] INFO:colcon.colcon_core.shell:Creating prefix util module '/home/uadmin/learning/learn3/learn3_ws/install/_local_setup_util_sh.py'
[4.706s] INFO:colcon.colcon_core.shell:Creating prefix chain script '/home/uadmin/learning/learn3/learn3_ws/install/setup.sh'
[4.708s] INFO:colcon.colcon_core.shell:Creating prefix script '/home/uadmin/learning/learn3/learn3_ws/install/local_setup.bash'
[4.709s] INFO:colcon.colcon_core.shell:Creating prefix chain script '/home/uadmin/learning/learn3/learn3_ws/install/setup.bash'
[4.710s] INFO:colcon.colcon_core.shell:Creating prefix script '/home/uadmin/learning/learn3/learn3_ws/install/local_setup.zsh'
[4.711s] INFO:colcon.colcon_core.shell:Creating prefix chain script '/home/uadmin/learning/learn3/learn3_ws/install/setup.zsh'
