[0.792s] Invoking command in '/home/uadmin/learning/learn5/learn5_ws/src/learn5_service': AMENT_PREFIX_PATH=/home/uadmin/learning/learn5/learn5_ws/install/learn5_interface:${AMENT_PREFIX_PATH} CMAKE_PREFIX_PATH=/home/uadmin/learning/learn5/learn5_ws/install/learn5_interface LD_LIBRARY_PATH=/home/uadmin/learning/learn5/learn5_ws/install/learn5_interface/lib:${LD_LIBRARY_PATH} PYTHONPATH=/home/uadmin/learning/learn5/learn5_ws/build/learn5_service/prefix_override:/usr/lib/python3/dist-packages/colcon_core/task/python/colcon_distutils_commands:/home/uadmin/learning/learn5/learn5_ws/install/learn5_service/lib/python3.10/site-packages:/home/uadmin/learning/learn5/learn5_ws/install/learn5_interface/local/lib/python3.10/dist-packages:${PYTHONPATH} /usr/bin/python3 -W ignore:setup.py install is deprecated -W ignore:easy_install command is deprecated setup.py egg_info --egg-base ../../build/learn5_service build --build-base /home/uadmin/learning/learn5/learn5_ws/build/learn5_service/build install --record /home/uadmin/learning/learn5/learn5_ws/build/learn5_service/install.log --single-version-externally-managed install_data
[1.036s] running egg_info
[1.037s] writing ../../build/learn5_service/learn5_service.egg-info/PKG-INFO
[1.037s] writing dependency_links to ../../build/learn5_service/learn5_service.egg-info/dependency_links.txt
[1.038s] writing entry points to ../../build/learn5_service/learn5_service.egg-info/entry_points.txt
[1.038s] writing requirements to ../../build/learn5_service/learn5_service.egg-info/requires.txt
[1.038s] writing top-level names to ../../build/learn5_service/learn5_service.egg-info/top_level.txt
[1.041s] reading manifest file '../../build/learn5_service/learn5_service.egg-info/SOURCES.txt'
[1.041s] adding license file 'LICENSE'
[1.041s] writing manifest file '../../build/learn5_service/learn5_service.egg-info/SOURCES.txt'
[1.041s] running build
[1.041s] running build_py
[1.041s] running install
[1.041s] running install_lib
[1.043s] running install_data
[1.043s] running install_egg_info
[1.044s] removing '/home/uadmin/learning/learn5/learn5_ws/install/learn5_service/lib/python3.10/site-packages/learn5_service-0.0.0-py3.10.egg-info' (and everything under it)
[1.046s] Copying ../../build/learn5_service/learn5_service.egg-info to /home/uadmin/learning/learn5/learn5_ws/install/learn5_service/lib/python3.10/site-packages/learn5_service-0.0.0-py3.10.egg-info
[1.047s] running install_scripts
[1.064s] Installing face_recog_node script to /home/uadmin/learning/learn5/learn5_ws/install/learn5_service/lib/learn5_service
[1.064s] writing list of installed files to '/home/uadmin/learning/learn5/learn5_ws/build/learn5_service/install.log'
[1.087s] Invoked command in '/home/uadmin/learning/learn5/learn5_ws/src/learn5_service' returned '0': AMENT_PREFIX_PATH=/home/uadmin/learning/learn5/learn5_ws/install/learn5_interface:${AMENT_PREFIX_PATH} CMAKE_PREFIX_PATH=/home/uadmin/learning/learn5/learn5_ws/install/learn5_interface LD_LIBRARY_PATH=/home/uadmin/learning/learn5/learn5_ws/install/learn5_interface/lib:${LD_LIBRARY_PATH} PYTHONPATH=/home/uadmin/learning/learn5/learn5_ws/build/learn5_service/prefix_override:/usr/lib/python3/dist-packages/colcon_core/task/python/colcon_distutils_commands:/home/uadmin/learning/learn5/learn5_ws/install/learn5_service/lib/python3.10/site-packages:/home/uadmin/learning/learn5/learn5_ws/install/learn5_interface/local/lib/python3.10/dist-packages:${PYTHONPATH} /usr/bin/python3 -W ignore:setup.py install is deprecated -W ignore:easy_install command is deprecated setup.py egg_info --egg-base ../../build/learn5_service build --build-base /home/uadmin/learning/learn5/learn5_ws/build/learn5_service/build install --record /home/uadmin/learning/learn5/learn5_ws/build/learn5_service/install.log --single-version-externally-managed install_data
