[0.081s] DEBUG:colcon:Command line arguments: ['/usr/bin/colcon', 'build']
[0.082s] DEBUG:colcon:Parsed command line arguments: Namespace(log_base=None, log_level=None, verb_name='build', build_base='build', install_base='install', merge_install=False, symlink_install=False, test_result_base=None, continue_on_error=False, executor='parallel', parallel_workers=2, event_handlers=None, ignore_user_meta=False, metas=['./colcon.meta'], base_paths=['.'], packages_ignore=None, packages_ignore_regex=None, paths=None, packages_up_to=None, packages_up_to_regex=None, packages_above=None, packages_above_and_dependencies=None, packages_above_depth=None, packages_select_by_dep=None, packages_skip_by_dep=None, packages_skip_up_to=None, packages_select_build_failed=False, packages_skip_build_finished=False, packages_select_test_failures=False, packages_skip_test_passed=False, packages_select=None, packages_skip=None, packages_select_regex=None, packages_skip_regex=None, packages_start=None, packages_end=None, allow_overriding=[], cmake_args=None, cmake_target=None, cmake_target_skip_unavailable=False, cmake_clean_cache=False, cmake_clean_first=False, cmake_force_configure=False, ament_cmake_args=None, catkin_cmake_args=None, catkin_skip_building_tests=False, verb_parser=<colcon_defaults.argument_parser.defaults.DefaultArgumentsDecorator object at 0x7361585234f0>, verb_extension=<colcon_core.verb.build.BuildVerb object at 0x736158522f50>, main=<bound method BuildVerb.main of <colcon_core.verb.build.BuildVerb object at 0x736158522f50>>)
[0.199s] Level 1:colcon.colcon_core.package_discovery:discover_packages(colcon_meta) check parameters
[0.200s] Level 1:colcon.colcon_core.package_discovery:discover_packages(recursive) check parameters
[0.200s] Level 1:colcon.colcon_core.package_discovery:discover_packages(ignore) check parameters
[0.200s] Level 1:colcon.colcon_core.package_discovery:discover_packages(path) check parameters
[0.200s] Level 1:colcon.colcon_core.package_discovery:discover_packages(colcon_meta) discover
[0.200s] Level 1:colcon.colcon_core.package_discovery:discover_packages(recursive) discover
[0.200s] INFO:colcon.colcon_core.package_discovery:Crawling recursively for packages in '/home/uadmin/learning/learn4/learn4_topics_ws'
[0.200s] Level 1:colcon.colcon_core.package_identification:_identify(.) by extensions ['ignore', 'ignore_ament_install']
[0.200s] Level 1:colcon.colcon_core.package_identification:_identify(.) by extension 'ignore'
[0.200s] Level 1:colcon.colcon_core.package_identification:_identify(.) by extension 'ignore_ament_install'
[0.200s] Level 1:colcon.colcon_core.package_identification:_identify(.) by extensions ['colcon_pkg']
[0.200s] Level 1:colcon.colcon_core.package_identification:_identify(.) by extension 'colcon_pkg'
[0.200s] Level 1:colcon.colcon_core.package_identification:_identify(.) by extensions ['colcon_meta']
[0.200s] Level 1:colcon.colcon_core.package_identification:_identify(.) by extension 'colcon_meta'
[0.200s] Level 1:colcon.colcon_core.package_identification:_identify(.) by extensions ['ros']
[0.200s] Level 1:colcon.colcon_core.package_identification:_identify(.) by extension 'ros'
[0.208s] Level 1:colcon.colcon_core.package_identification:_identify(.) by extensions ['cmake', 'python']
[0.208s] Level 1:colcon.colcon_core.package_identification:_identify(.) by extension 'cmake'
[0.209s] Level 1:colcon.colcon_core.package_identification:_identify(.) by extension 'python'
[0.209s] Level 1:colcon.colcon_core.package_identification:_identify(.) by extensions ['python_setup_py']
[0.209s] Level 1:colcon.colcon_core.package_identification:_identify(.) by extension 'python_setup_py'
[0.209s] Level 1:colcon.colcon_core.package_identification:_identify(build) by extensions ['ignore', 'ignore_ament_install']
[0.209s] Level 1:colcon.colcon_core.package_identification:_identify(build) by extension 'ignore'
[0.209s] Level 1:colcon.colcon_core.package_identification:_identify(build) ignored
[0.209s] Level 1:colcon.colcon_core.package_identification:_identify(install) by extensions ['ignore', 'ignore_ament_install']
[0.209s] Level 1:colcon.colcon_core.package_identification:_identify(install) by extension 'ignore'
[0.209s] Level 1:colcon.colcon_core.package_identification:_identify(install) ignored
[0.209s] Level 1:colcon.colcon_core.package_identification:_identify(log) by extensions ['ignore', 'ignore_ament_install']
[0.209s] Level 1:colcon.colcon_core.package_identification:_identify(log) by extension 'ignore'
[0.209s] Level 1:colcon.colcon_core.package_identification:_identify(log) ignored
[0.210s] Level 1:colcon.colcon_core.package_identification:_identify(src) by extensions ['ignore', 'ignore_ament_install']
[0.210s] Level 1:colcon.colcon_core.package_identification:_identify(src) by extension 'ignore'
[0.210s] Level 1:colcon.colcon_core.package_identification:_identify(src) by extension 'ignore_ament_install'
[0.210s] Level 1:colcon.colcon_core.package_identification:_identify(src) by extensions ['colcon_pkg']
[0.210s] Level 1:colcon.colcon_core.package_identification:_identify(src) by extension 'colcon_pkg'
[0.210s] Level 1:colcon.colcon_core.package_identification:_identify(src) by extensions ['colcon_meta']
[0.210s] Level 1:colcon.colcon_core.package_identification:_identify(src) by extension 'colcon_meta'
[0.210s] Level 1:colcon.colcon_core.package_identification:_identify(src) by extensions ['ros']
[0.210s] Level 1:colcon.colcon_core.package_identification:_identify(src) by extension 'ros'
[0.210s] Level 1:colcon.colcon_core.package_identification:_identify(src) by extensions ['cmake', 'python']
[0.210s] Level 1:colcon.colcon_core.package_identification:_identify(src) by extension 'cmake'
[0.210s] Level 1:colcon.colcon_core.package_identification:_identify(src) by extension 'python'
[0.210s] Level 1:colcon.colcon_core.package_identification:_identify(src) by extensions ['python_setup_py']
[0.210s] Level 1:colcon.colcon_core.package_identification:_identify(src) by extension 'python_setup_py'
[0.210s] Level 1:colcon.colcon_core.package_identification:_identify(src/status_display) by extensions ['ignore', 'ignore_ament_install']
[0.210s] Level 1:colcon.colcon_core.package_identification:_identify(src/status_display) by extension 'ignore'
[0.210s] Level 1:colcon.colcon_core.package_identification:_identify(src/status_display) by extension 'ignore_ament_install'
[0.210s] Level 1:colcon.colcon_core.package_identification:_identify(src/status_display) by extensions ['colcon_pkg']
[0.210s] Level 1:colcon.colcon_core.package_identification:_identify(src/status_display) by extension 'colcon_pkg'
[0.210s] Level 1:colcon.colcon_core.package_identification:_identify(src/status_display) by extensions ['colcon_meta']
[0.210s] Level 1:colcon.colcon_core.package_identification:_identify(src/status_display) by extension 'colcon_meta'
[0.210s] Level 1:colcon.colcon_core.package_identification:_identify(src/status_display) by extensions ['ros']
[0.211s] Level 1:colcon.colcon_core.package_identification:_identify(src/status_display) by extension 'ros'
[0.212s] DEBUG:colcon.colcon_core.package_identification:Package 'src/status_display' with type 'ros.ament_cmake' and name 'status_display'
[0.212s] Level 1:colcon.colcon_core.package_identification:_identify(src/status_interfaces) by extensions ['ignore', 'ignore_ament_install']
[0.212s] Level 1:colcon.colcon_core.package_identification:_identify(src/status_interfaces) by extension 'ignore'
[0.212s] Level 1:colcon.colcon_core.package_identification:_identify(src/status_interfaces) by extension 'ignore_ament_install'
[0.212s] Level 1:colcon.colcon_core.package_identification:_identify(src/status_interfaces) by extensions ['colcon_pkg']
[0.212s] Level 1:colcon.colcon_core.package_identification:_identify(src/status_interfaces) by extension 'colcon_pkg'
[0.212s] Level 1:colcon.colcon_core.package_identification:_identify(src/status_interfaces) by extensions ['colcon_meta']
[0.212s] Level 1:colcon.colcon_core.package_identification:_identify(src/status_interfaces) by extension 'colcon_meta'
[0.212s] Level 1:colcon.colcon_core.package_identification:_identify(src/status_interfaces) by extensions ['ros']
[0.212s] Level 1:colcon.colcon_core.package_identification:_identify(src/status_interfaces) by extension 'ros'
[0.213s] DEBUG:colcon.colcon_core.package_identification:Package 'src/status_interfaces' with type 'ros.ament_cmake' and name 'status_interfaces'
[0.213s] Level 1:colcon.colcon_core.package_identification:_identify(src/status_pub) by extensions ['ignore', 'ignore_ament_install']
[0.213s] Level 1:colcon.colcon_core.package_identification:_identify(src/status_pub) by extension 'ignore'
[0.213s] Level 1:colcon.colcon_core.package_identification:_identify(src/status_pub) by extension 'ignore_ament_install'
[0.213s] Level 1:colcon.colcon_core.package_identification:_identify(src/status_pub) by extensions ['colcon_pkg']
[0.213s] Level 1:colcon.colcon_core.package_identification:_identify(src/status_pub) by extension 'colcon_pkg'
[0.213s] Level 1:colcon.colcon_core.package_identification:_identify(src/status_pub) by extensions ['colcon_meta']
[0.213s] Level 1:colcon.colcon_core.package_identification:_identify(src/status_pub) by extension 'colcon_meta'
[0.213s] Level 1:colcon.colcon_core.package_identification:_identify(src/status_pub) by extensions ['ros']
[0.213s] Level 1:colcon.colcon_core.package_identification:_identify(src/status_pub) by extension 'ros'
[0.214s] DEBUG:colcon.colcon_core.package_identification:Package 'src/status_pub' with type 'ros.ament_python' and name 'status_pub'
[0.214s] Level 1:colcon.colcon_core.package_discovery:discover_packages(recursive) using defaults
[0.214s] Level 1:colcon.colcon_core.package_discovery:discover_packages(ignore) discover
[0.214s] Level 1:colcon.colcon_core.package_discovery:discover_packages(ignore) using defaults
[0.214s] Level 1:colcon.colcon_core.package_discovery:discover_packages(path) discover
[0.214s] Level 1:colcon.colcon_core.package_discovery:discover_packages(path) using defaults
[0.227s] Level 1:colcon.colcon_core.package_discovery:discover_packages(prefix_path) check parameters
[0.227s] Level 1:colcon.colcon_core.package_discovery:discover_packages(prefix_path) discover
[0.229s] DEBUG:colcon.colcon_installed_package_information.package_discovery:Found 310 installed packages in /opt/ros/humble
[0.236s] Level 1:colcon.colcon_core.package_discovery:discover_packages(prefix_path) using defaults
[0.265s] Level 5:colcon.colcon_core.verb:set package 'status_display' build argument 'cmake_args' from command line to 'None'
[0.265s] Level 5:colcon.colcon_core.verb:set package 'status_display' build argument 'cmake_target' from command line to 'None'
[0.265s] Level 5:colcon.colcon_core.verb:set package 'status_display' build argument 'cmake_target_skip_unavailable' from command line to 'False'
[0.265s] Level 5:colcon.colcon_core.verb:set package 'status_display' build argument 'cmake_clean_cache' from command line to 'False'
[0.265s] Level 5:colcon.colcon_core.verb:set package 'status_display' build argument 'cmake_clean_first' from command line to 'False'
[0.265s] Level 5:colcon.colcon_core.verb:set package 'status_display' build argument 'cmake_force_configure' from command line to 'False'
[0.265s] Level 5:colcon.colcon_core.verb:set package 'status_display' build argument 'ament_cmake_args' from command line to 'None'
[0.265s] Level 5:colcon.colcon_core.verb:set package 'status_display' build argument 'catkin_cmake_args' from command line to 'None'
[0.265s] Level 5:colcon.colcon_core.verb:set package 'status_display' build argument 'catkin_skip_building_tests' from command line to 'False'
[0.265s] DEBUG:colcon.colcon_core.verb:Building package 'status_display' with the following arguments: {'ament_cmake_args': None, 'build_base': '/home/uadmin/learning/learn4/learn4_topics_ws/build/status_display', 'catkin_cmake_args': None, 'catkin_skip_building_tests': False, 'cmake_args': None, 'cmake_clean_cache': False, 'cmake_clean_first': False, 'cmake_force_configure': False, 'cmake_target': None, 'cmake_target_skip_unavailable': False, 'install_base': '/home/uadmin/learning/learn4/learn4_topics_ws/install/status_display', 'merge_install': False, 'path': '/home/uadmin/learning/learn4/learn4_topics_ws/src/status_display', 'symlink_install': False, 'test_result_base': None}
[0.266s] Level 5:colcon.colcon_core.verb:set package 'status_interfaces' build argument 'cmake_args' from command line to 'None'
[0.266s] Level 5:colcon.colcon_core.verb:set package 'status_interfaces' build argument 'cmake_target' from command line to 'None'
[0.266s] Level 5:colcon.colcon_core.verb:set package 'status_interfaces' build argument 'cmake_target_skip_unavailable' from command line to 'False'
[0.266s] Level 5:colcon.colcon_core.verb:set package 'status_interfaces' build argument 'cmake_clean_cache' from command line to 'False'
[0.266s] Level 5:colcon.colcon_core.verb:set package 'status_interfaces' build argument 'cmake_clean_first' from command line to 'False'
[0.266s] Level 5:colcon.colcon_core.verb:set package 'status_interfaces' build argument 'cmake_force_configure' from command line to 'False'
[0.266s] Level 5:colcon.colcon_core.verb:set package 'status_interfaces' build argument 'ament_cmake_args' from command line to 'None'
[0.266s] Level 5:colcon.colcon_core.verb:set package 'status_interfaces' build argument 'catkin_cmake_args' from command line to 'None'
[0.266s] Level 5:colcon.colcon_core.verb:set package 'status_interfaces' build argument 'catkin_skip_building_tests' from command line to 'False'
[0.266s] DEBUG:colcon.colcon_core.verb:Building package 'status_interfaces' with the following arguments: {'ament_cmake_args': None, 'build_base': '/home/uadmin/learning/learn4/learn4_topics_ws/build/status_interfaces', 'catkin_cmake_args': None, 'catkin_skip_building_tests': False, 'cmake_args': None, 'cmake_clean_cache': False, 'cmake_clean_first': False, 'cmake_force_configure': False, 'cmake_target': None, 'cmake_target_skip_unavailable': False, 'install_base': '/home/uadmin/learning/learn4/learn4_topics_ws/install/status_interfaces', 'merge_install': False, 'path': '/home/uadmin/learning/learn4/learn4_topics_ws/src/status_interfaces', 'symlink_install': False, 'test_result_base': None}
[0.266s] Level 5:colcon.colcon_core.verb:set package 'status_pub' build argument 'cmake_args' from command line to 'None'
[0.266s] Level 5:colcon.colcon_core.verb:set package 'status_pub' build argument 'cmake_target' from command line to 'None'
[0.266s] Level 5:colcon.colcon_core.verb:set package 'status_pub' build argument 'cmake_target_skip_unavailable' from command line to 'False'
[0.266s] Level 5:colcon.colcon_core.verb:set package 'status_pub' build argument 'cmake_clean_cache' from command line to 'False'
[0.266s] Level 5:colcon.colcon_core.verb:set package 'status_pub' build argument 'cmake_clean_first' from command line to 'False'
[0.266s] Level 5:colcon.colcon_core.verb:set package 'status_pub' build argument 'cmake_force_configure' from command line to 'False'
[0.266s] Level 5:colcon.colcon_core.verb:set package 'status_pub' build argument 'ament_cmake_args' from command line to 'None'
[0.266s] Level 5:colcon.colcon_core.verb:set package 'status_pub' build argument 'catkin_cmake_args' from command line to 'None'
[0.266s] Level 5:colcon.colcon_core.verb:set package 'status_pub' build argument 'catkin_skip_building_tests' from command line to 'False'
[0.266s] DEBUG:colcon.colcon_core.verb:Building package 'status_pub' with the following arguments: {'ament_cmake_args': None, 'build_base': '/home/uadmin/learning/learn4/learn4_topics_ws/build/status_pub', 'catkin_cmake_args': None, 'catkin_skip_building_tests': False, 'cmake_args': None, 'cmake_clean_cache': False, 'cmake_clean_first': False, 'cmake_force_configure': False, 'cmake_target': None, 'cmake_target_skip_unavailable': False, 'install_base': '/home/uadmin/learning/learn4/learn4_topics_ws/install/status_pub', 'merge_install': False, 'path': '/home/uadmin/learning/learn4/learn4_topics_ws/src/status_pub', 'symlink_install': False, 'test_result_base': None}
[0.266s] INFO:colcon.colcon_core.executor:Executing jobs using 'parallel' executor
[0.267s] DEBUG:colcon.colcon_parallel_executor.executor.parallel:run_until_complete
[0.267s] INFO:colcon.colcon_ros.task.ament_cmake.build:Building ROS package in '/home/uadmin/learning/learn4/learn4_topics_ws/src/status_interfaces' with build type 'ament_cmake'
[0.268s] INFO:colcon.colcon_cmake.task.cmake.build:Building CMake package in '/home/uadmin/learning/learn4/learn4_topics_ws/src/status_interfaces'
[0.270s] INFO:colcon.colcon_core.plugin_system:Skipping extension 'colcon_core.shell.bat': Not used on non-Windows systems
[0.270s] INFO:colcon.colcon_core.shell:Skip shell extension 'powershell' for command environment: Not usable outside of PowerShell
[0.270s] DEBUG:colcon.colcon_core.shell:Skip shell extension 'dsv' for command environment
[0.273s] INFO:colcon.colcon_ros.task.ament_cmake.build:Building ROS package in '/home/uadmin/learning/learn4/learn4_topics_ws/src/status_display' with build type 'ament_cmake'
[0.273s] INFO:colcon.colcon_cmake.task.cmake.build:Building CMake package in '/home/uadmin/learning/learn4/learn4_topics_ws/src/status_display'
[0.274s] INFO:colcon.colcon_core.shell:Skip shell extension 'powershell' for command environment: Not usable outside of PowerShell
[0.274s] DEBUG:colcon.colcon_core.shell:Skip shell extension 'dsv' for command environment
[0.286s] DEBUG:colcon.colcon_core.event_handler.log_command:Invoking command in '/home/uadmin/learning/learn4/learn4_topics_ws/build/status_interfaces': CMAKE_PREFIX_PATH=/opt/ros/humble /usr/bin/cmake --build /home/uadmin/learning/learn4/learn4_topics_ws/build/status_interfaces -- -j2 -l2
[0.292s] DEBUG:colcon.colcon_core.event_handler.log_command:Invoking command in '/home/uadmin/learning/learn4/learn4_topics_ws/build/status_display': CMAKE_PREFIX_PATH=/opt/ros/humble /usr/bin/cmake --build /home/uadmin/learning/learn4/learn4_topics_ws/build/status_display -- -j2 -l2
[1.086s] DEBUG:colcon.colcon_core.event_handler.log_command:Invoked command in '/home/uadmin/learning/learn4/learn4_topics_ws/build/status_interfaces' returned '0': CMAKE_PREFIX_PATH=/opt/ros/humble /usr/bin/cmake --build /home/uadmin/learning/learn4/learn4_topics_ws/build/status_interfaces -- -j2 -l2
[1.098s] DEBUG:colcon.colcon_core.event_handler.log_command:Invoking command in '/home/uadmin/learning/learn4/learn4_topics_ws/build/status_interfaces': CMAKE_PREFIX_PATH=/opt/ros/humble /usr/bin/cmake --install /home/uadmin/learning/learn4/learn4_topics_ws/build/status_interfaces
[1.202s] Level 1:colcon.colcon_core.environment:create_environment_scripts_only(status_interfaces)
[1.204s] Level 1:colcon.colcon_core.environment:checking '/home/uadmin/learning/learn4/learn4_topics_ws/install/status_interfaces' for CMake module files
[1.206s] DEBUG:colcon.colcon_core.event_handler.log_command:Invoked command in '/home/uadmin/learning/learn4/learn4_topics_ws/build/status_interfaces' returned '0': CMAKE_PREFIX_PATH=/opt/ros/humble /usr/bin/cmake --install /home/uadmin/learning/learn4/learn4_topics_ws/build/status_interfaces
[1.208s] Level 1:colcon.colcon_core.environment:checking '/home/uadmin/learning/learn4/learn4_topics_ws/install/status_interfaces' for CMake config files
[1.208s] Level 1:colcon.colcon_core.shell:create_environment_hook('status_interfaces', 'cmake_prefix_path')
[1.208s] INFO:colcon.colcon_core.shell:Creating environment hook '/home/uadmin/learning/learn4/learn4_topics_ws/install/status_interfaces/share/status_interfaces/hook/cmake_prefix_path.ps1'
[1.209s] INFO:colcon.colcon_core.shell:Creating environment descriptor '/home/uadmin/learning/learn4/learn4_topics_ws/install/status_interfaces/share/status_interfaces/hook/cmake_prefix_path.dsv'
[1.211s] INFO:colcon.colcon_core.shell:Creating environment hook '/home/uadmin/learning/learn4/learn4_topics_ws/install/status_interfaces/share/status_interfaces/hook/cmake_prefix_path.sh'
[1.214s] Level 1:colcon.colcon_core.environment:checking '/home/uadmin/learning/learn4/learn4_topics_ws/install/status_interfaces/lib'
[1.215s] Level 1:colcon.colcon_core.shell:create_environment_hook('status_interfaces', 'ld_library_path_lib')
[1.215s] INFO:colcon.colcon_core.shell:Creating environment hook '/home/uadmin/learning/learn4/learn4_topics_ws/install/status_interfaces/share/status_interfaces/hook/ld_library_path_lib.ps1'
[1.215s] INFO:colcon.colcon_core.shell:Creating environment descriptor '/home/uadmin/learning/learn4/learn4_topics_ws/install/status_interfaces/share/status_interfaces/hook/ld_library_path_lib.dsv'
[1.218s] INFO:colcon.colcon_core.shell:Creating environment hook '/home/uadmin/learning/learn4/learn4_topics_ws/install/status_interfaces/share/status_interfaces/hook/ld_library_path_lib.sh'
[1.218s] Level 1:colcon.colcon_core.environment:checking '/home/uadmin/learning/learn4/learn4_topics_ws/install/status_interfaces/bin'
[1.219s] Level 1:colcon.colcon_core.environment:checking '/home/uadmin/learning/learn4/learn4_topics_ws/install/status_interfaces/lib/pkgconfig/status_interfaces.pc'
[1.219s] Level 1:colcon.colcon_core.environment:checking '/home/uadmin/learning/learn4/learn4_topics_ws/install/status_interfaces/lib/python3.10/site-packages'
[1.219s] Level 1:colcon.colcon_core.environment:checking '/home/uadmin/learning/learn4/learn4_topics_ws/install/status_interfaces/bin'
[1.219s] INFO:colcon.colcon_core.shell:Creating package script '/home/uadmin/learning/learn4/learn4_topics_ws/install/status_interfaces/share/status_interfaces/package.ps1'
[1.220s] INFO:colcon.colcon_core.shell:Creating package descriptor '/home/uadmin/learning/learn4/learn4_topics_ws/install/status_interfaces/share/status_interfaces/package.dsv'
[1.224s] INFO:colcon.colcon_core.shell:Creating package script '/home/uadmin/learning/learn4/learn4_topics_ws/install/status_interfaces/share/status_interfaces/package.sh'
[1.225s] INFO:colcon.colcon_core.shell:Creating package script '/home/uadmin/learning/learn4/learn4_topics_ws/install/status_interfaces/share/status_interfaces/package.bash'
[1.226s] INFO:colcon.colcon_core.shell:Creating package script '/home/uadmin/learning/learn4/learn4_topics_ws/install/status_interfaces/share/status_interfaces/package.zsh'
[1.226s] Level 1:colcon.colcon_core.environment:create_file_with_runtime_dependencies(/home/uadmin/learning/learn4/learn4_topics_ws/install/status_interfaces/share/colcon-core/packages/status_interfaces)
[1.228s] Level 1:colcon.colcon_core.environment:create_environment_scripts_only(status_interfaces)
[1.229s] Level 1:colcon.colcon_core.environment:checking '/home/uadmin/learning/learn4/learn4_topics_ws/install/status_interfaces' for CMake module files
[1.229s] Level 1:colcon.colcon_core.environment:checking '/home/uadmin/learning/learn4/learn4_topics_ws/install/status_interfaces' for CMake config files
[1.230s] Level 1:colcon.colcon_core.shell:create_environment_hook('status_interfaces', 'cmake_prefix_path')
[1.230s] INFO:colcon.colcon_core.shell:Creating environment hook '/home/uadmin/learning/learn4/learn4_topics_ws/install/status_interfaces/share/status_interfaces/hook/cmake_prefix_path.ps1'
[1.230s] INFO:colcon.colcon_core.shell:Creating environment descriptor '/home/uadmin/learning/learn4/learn4_topics_ws/install/status_interfaces/share/status_interfaces/hook/cmake_prefix_path.dsv'
[1.235s] INFO:colcon.colcon_core.shell:Creating environment hook '/home/uadmin/learning/learn4/learn4_topics_ws/install/status_interfaces/share/status_interfaces/hook/cmake_prefix_path.sh'
[1.236s] Level 1:colcon.colcon_core.environment:checking '/home/uadmin/learning/learn4/learn4_topics_ws/install/status_interfaces/lib'
[1.236s] Level 1:colcon.colcon_core.shell:create_environment_hook('status_interfaces', 'ld_library_path_lib')
[1.237s] INFO:colcon.colcon_core.shell:Creating environment hook '/home/uadmin/learning/learn4/learn4_topics_ws/install/status_interfaces/share/status_interfaces/hook/ld_library_path_lib.ps1'
[1.238s] INFO:colcon.colcon_core.shell:Creating environment descriptor '/home/uadmin/learning/learn4/learn4_topics_ws/install/status_interfaces/share/status_interfaces/hook/ld_library_path_lib.dsv'
[1.239s] INFO:colcon.colcon_core.shell:Creating environment hook '/home/uadmin/learning/learn4/learn4_topics_ws/install/status_interfaces/share/status_interfaces/hook/ld_library_path_lib.sh'
[1.240s] Level 1:colcon.colcon_core.environment:checking '/home/uadmin/learning/learn4/learn4_topics_ws/install/status_interfaces/bin'
[1.240s] Level 1:colcon.colcon_core.environment:checking '/home/uadmin/learning/learn4/learn4_topics_ws/install/status_interfaces/lib/pkgconfig/status_interfaces.pc'
[1.240s] Level 1:colcon.colcon_core.environment:checking '/home/uadmin/learning/learn4/learn4_topics_ws/install/status_interfaces/lib/python3.10/site-packages'
[1.240s] Level 1:colcon.colcon_core.environment:checking '/home/uadmin/learning/learn4/learn4_topics_ws/install/status_interfaces/bin'
[1.241s] INFO:colcon.colcon_core.shell:Creating package script '/home/uadmin/learning/learn4/learn4_topics_ws/install/status_interfaces/share/status_interfaces/package.ps1'
[1.241s] INFO:colcon.colcon_core.shell:Creating package descriptor '/home/uadmin/learning/learn4/learn4_topics_ws/install/status_interfaces/share/status_interfaces/package.dsv'
[1.243s] INFO:colcon.colcon_core.shell:Creating package script '/home/uadmin/learning/learn4/learn4_topics_ws/install/status_interfaces/share/status_interfaces/package.sh'
[1.245s] INFO:colcon.colcon_core.shell:Creating package script '/home/uadmin/learning/learn4/learn4_topics_ws/install/status_interfaces/share/status_interfaces/package.bash'
[1.245s] INFO:colcon.colcon_core.shell:Creating package script '/home/uadmin/learning/learn4/learn4_topics_ws/install/status_interfaces/share/status_interfaces/package.zsh'
[1.248s] Level 1:colcon.colcon_core.environment:create_file_with_runtime_dependencies(/home/uadmin/learning/learn4/learn4_topics_ws/install/status_interfaces/share/colcon-core/packages/status_interfaces)
[1.248s] INFO:colcon.colcon_ros.task.ament_python.build:Building ROS package in '/home/uadmin/learning/learn4/learn4_topics_ws/src/status_pub' with build type 'ament_python'
[1.249s] Level 1:colcon.colcon_core.shell:create_environment_hook('status_pub', 'ament_prefix_path')
[1.249s] INFO:colcon.colcon_core.shell:Creating environment hook '/home/uadmin/learning/learn4/learn4_topics_ws/install/status_pub/share/status_pub/hook/ament_prefix_path.ps1'
[1.250s] INFO:colcon.colcon_core.shell:Creating environment descriptor '/home/uadmin/learning/learn4/learn4_topics_ws/install/status_pub/share/status_pub/hook/ament_prefix_path.dsv'
[1.251s] INFO:colcon.colcon_core.shell:Creating environment hook '/home/uadmin/learning/learn4/learn4_topics_ws/install/status_pub/share/status_pub/hook/ament_prefix_path.sh'
[1.252s] INFO:colcon.colcon_core.shell:Skip shell extension 'powershell' for command environment: Not usable outside of PowerShell
[1.252s] DEBUG:colcon.colcon_core.shell:Skip shell extension 'dsv' for command environment
[1.606s] INFO:colcon.colcon_core.task.python.build:Building Python package in '/home/uadmin/learning/learn4/learn4_topics_ws/src/status_pub'
[1.607s] INFO:colcon.colcon_core.shell:Skip shell extension 'powershell' for command environment: Not usable outside of PowerShell
[1.607s] DEBUG:colcon.colcon_core.shell:Skip shell extension 'dsv' for command environment
[1.952s] DEBUG:colcon.colcon_core.event_handler.log_command:Invoking command in '/home/uadmin/learning/learn4/learn4_topics_ws/src/status_pub': AMENT_PREFIX_PATH=/home/uadmin/learning/learn4/learn4_topics_ws/install/status_interfaces:${AMENT_PREFIX_PATH} CMAKE_PREFIX_PATH=/home/uadmin/learning/learn4/learn4_topics_ws/install/status_interfaces LD_LIBRARY_PATH=/home/uadmin/learning/learn4/learn4_topics_ws/install/status_interfaces/lib:${LD_LIBRARY_PATH} PYTHONPATH=/home/uadmin/learning/learn4/learn4_topics_ws/build/status_pub/prefix_override:/usr/lib/python3/dist-packages/colcon_core/task/python/colcon_distutils_commands:/home/uadmin/learning/learn4/learn4_topics_ws/install/status_pub/lib/python3.10/site-packages:/home/uadmin/learning/learn4/learn4_topics_ws/install/status_interfaces/local/lib/python3.10/dist-packages:${PYTHONPATH} /usr/bin/python3 -W ignore:setup.py install is deprecated -W ignore:easy_install command is deprecated setup.py egg_info --egg-base ../../build/status_pub build --build-base /home/uadmin/learning/learn4/learn4_topics_ws/build/status_pub/build install --record /home/uadmin/learning/learn4/learn4_topics_ws/build/status_pub/install.log --single-version-externally-managed install_data
[2.225s] DEBUG:colcon.colcon_core.event_handler.log_command:Invoked command in '/home/uadmin/learning/learn4/learn4_topics_ws/build/status_display' returned '0': CMAKE_PREFIX_PATH=/opt/ros/humble /usr/bin/cmake --build /home/uadmin/learning/learn4/learn4_topics_ws/build/status_display -- -j2 -l2
[2.225s] DEBUG:colcon.colcon_core.event_handler.log_command:Invoking command in '/home/uadmin/learning/learn4/learn4_topics_ws/build/status_display': CMAKE_PREFIX_PATH=/opt/ros/humble /usr/bin/cmake --install /home/uadmin/learning/learn4/learn4_topics_ws/build/status_display
[2.247s] Level 1:colcon.colcon_core.environment:create_environment_scripts_only(status_display)
[2.248s] Level 1:colcon.colcon_core.environment:checking '/home/uadmin/learning/learn4/learn4_topics_ws/install/status_display' for CMake module files
[2.248s] DEBUG:colcon.colcon_core.event_handler.log_command:Invoked command in '/home/uadmin/learning/learn4/learn4_topics_ws/build/status_display' returned '0': CMAKE_PREFIX_PATH=/opt/ros/humble /usr/bin/cmake --install /home/uadmin/learning/learn4/learn4_topics_ws/build/status_display
[2.249s] Level 1:colcon.colcon_core.environment:checking '/home/uadmin/learning/learn4/learn4_topics_ws/install/status_display' for CMake config files
[2.249s] Level 1:colcon.colcon_core.shell:create_environment_hook('status_display', 'cmake_prefix_path')
[2.249s] INFO:colcon.colcon_core.shell:Creating environment hook '/home/uadmin/learning/learn4/learn4_topics_ws/install/status_display/share/status_display/hook/cmake_prefix_path.ps1'
[2.249s] INFO:colcon.colcon_core.shell:Creating environment descriptor '/home/uadmin/learning/learn4/learn4_topics_ws/install/status_display/share/status_display/hook/cmake_prefix_path.dsv'
[2.250s] INFO:colcon.colcon_core.shell:Creating environment hook '/home/uadmin/learning/learn4/learn4_topics_ws/install/status_display/share/status_display/hook/cmake_prefix_path.sh'
[2.250s] Level 1:colcon.colcon_core.environment:checking '/home/uadmin/learning/learn4/learn4_topics_ws/install/status_display/lib'
[2.250s] Level 1:colcon.colcon_core.environment:checking '/home/uadmin/learning/learn4/learn4_topics_ws/install/status_display/bin'
[2.250s] Level 1:colcon.colcon_core.environment:checking '/home/uadmin/learning/learn4/learn4_topics_ws/install/status_display/lib/pkgconfig/status_display.pc'
[2.251s] Level 1:colcon.colcon_core.environment:checking '/home/uadmin/learning/learn4/learn4_topics_ws/install/status_display/lib/python3.10/site-packages'
[2.251s] Level 1:colcon.colcon_core.environment:checking '/home/uadmin/learning/learn4/learn4_topics_ws/install/status_display/bin'
[2.251s] INFO:colcon.colcon_core.shell:Creating package script '/home/uadmin/learning/learn4/learn4_topics_ws/install/status_display/share/status_display/package.ps1'
[2.252s] INFO:colcon.colcon_core.shell:Creating package descriptor '/home/uadmin/learning/learn4/learn4_topics_ws/install/status_display/share/status_display/package.dsv'
[2.252s] INFO:colcon.colcon_core.shell:Creating package script '/home/uadmin/learning/learn4/learn4_topics_ws/install/status_display/share/status_display/package.sh'
[2.252s] INFO:colcon.colcon_core.shell:Creating package script '/home/uadmin/learning/learn4/learn4_topics_ws/install/status_display/share/status_display/package.bash'
[2.253s] INFO:colcon.colcon_core.shell:Creating package script '/home/uadmin/learning/learn4/learn4_topics_ws/install/status_display/share/status_display/package.zsh'
[2.253s] Level 1:colcon.colcon_core.environment:create_file_with_runtime_dependencies(/home/uadmin/learning/learn4/learn4_topics_ws/install/status_display/share/colcon-core/packages/status_display)
[2.254s] Level 1:colcon.colcon_core.environment:create_environment_scripts_only(status_display)
[2.254s] Level 1:colcon.colcon_core.environment:checking '/home/uadmin/learning/learn4/learn4_topics_ws/install/status_display' for CMake module files
[2.254s] Level 1:colcon.colcon_core.environment:checking '/home/uadmin/learning/learn4/learn4_topics_ws/install/status_display' for CMake config files
[2.255s] Level 1:colcon.colcon_core.shell:create_environment_hook('status_display', 'cmake_prefix_path')
[2.255s] INFO:colcon.colcon_core.shell:Creating environment hook '/home/uadmin/learning/learn4/learn4_topics_ws/install/status_display/share/status_display/hook/cmake_prefix_path.ps1'
[2.255s] INFO:colcon.colcon_core.shell:Creating environment descriptor '/home/uadmin/learning/learn4/learn4_topics_ws/install/status_display/share/status_display/hook/cmake_prefix_path.dsv'
[2.255s] INFO:colcon.colcon_core.shell:Creating environment hook '/home/uadmin/learning/learn4/learn4_topics_ws/install/status_display/share/status_display/hook/cmake_prefix_path.sh'
[2.256s] Level 1:colcon.colcon_core.environment:checking '/home/uadmin/learning/learn4/learn4_topics_ws/install/status_display/lib'
[2.256s] Level 1:colcon.colcon_core.environment:checking '/home/uadmin/learning/learn4/learn4_topics_ws/install/status_display/bin'
[2.256s] Level 1:colcon.colcon_core.environment:checking '/home/uadmin/learning/learn4/learn4_topics_ws/install/status_display/lib/pkgconfig/status_display.pc'
[2.257s] Level 1:colcon.colcon_core.environment:checking '/home/uadmin/learning/learn4/learn4_topics_ws/install/status_display/lib/python3.10/site-packages'
[2.257s] Level 1:colcon.colcon_core.environment:checking '/home/uadmin/learning/learn4/learn4_topics_ws/install/status_display/bin'
[2.257s] INFO:colcon.colcon_core.shell:Creating package script '/home/uadmin/learning/learn4/learn4_topics_ws/install/status_display/share/status_display/package.ps1'
[2.257s] INFO:colcon.colcon_core.shell:Creating package descriptor '/home/uadmin/learning/learn4/learn4_topics_ws/install/status_display/share/status_display/package.dsv'
[2.258s] INFO:colcon.colcon_core.shell:Creating package script '/home/uadmin/learning/learn4/learn4_topics_ws/install/status_display/share/status_display/package.sh'
[2.258s] INFO:colcon.colcon_core.shell:Creating package script '/home/uadmin/learning/learn4/learn4_topics_ws/install/status_display/share/status_display/package.bash'
[2.259s] INFO:colcon.colcon_core.shell:Creating package script '/home/uadmin/learning/learn4/learn4_topics_ws/install/status_display/share/status_display/package.zsh'
[2.259s] Level 1:colcon.colcon_core.environment:create_file_with_runtime_dependencies(/home/uadmin/learning/learn4/learn4_topics_ws/install/status_display/share/colcon-core/packages/status_display)
[2.282s] Level 1:colcon.colcon_core.environment:checking '/home/uadmin/learning/learn4/learn4_topics_ws/install/status_pub' for CMake module files
[2.282s] Level 1:colcon.colcon_core.environment:checking '/home/uadmin/learning/learn4/learn4_topics_ws/install/status_pub' for CMake config files
[2.283s] DEBUG:colcon.colcon_core.event_handler.log_command:Invoked command in '/home/uadmin/learning/learn4/learn4_topics_ws/src/status_pub' returned '0': AMENT_PREFIX_PATH=/home/uadmin/learning/learn4/learn4_topics_ws/install/status_interfaces:${AMENT_PREFIX_PATH} CMAKE_PREFIX_PATH=/home/uadmin/learning/learn4/learn4_topics_ws/install/status_interfaces LD_LIBRARY_PATH=/home/uadmin/learning/learn4/learn4_topics_ws/install/status_interfaces/lib:${LD_LIBRARY_PATH} PYTHONPATH=/home/uadmin/learning/learn4/learn4_topics_ws/build/status_pub/prefix_override:/usr/lib/python3/dist-packages/colcon_core/task/python/colcon_distutils_commands:/home/uadmin/learning/learn4/learn4_topics_ws/install/status_pub/lib/python3.10/site-packages:/home/uadmin/learning/learn4/learn4_topics_ws/install/status_interfaces/local/lib/python3.10/dist-packages:${PYTHONPATH} /usr/bin/python3 -W ignore:setup.py install is deprecated -W ignore:easy_install command is deprecated setup.py egg_info --egg-base ../../build/status_pub build --build-base /home/uadmin/learning/learn4/learn4_topics_ws/build/status_pub/build install --record /home/uadmin/learning/learn4/learn4_topics_ws/build/status_pub/install.log --single-version-externally-managed install_data
[2.284s] Level 1:colcon.colcon_core.environment:checking '/home/uadmin/learning/learn4/learn4_topics_ws/install/status_pub/lib'
[2.284s] Level 1:colcon.colcon_core.environment:checking '/home/uadmin/learning/learn4/learn4_topics_ws/install/status_pub/bin'
[2.284s] Level 1:colcon.colcon_core.environment:checking '/home/uadmin/learning/learn4/learn4_topics_ws/install/status_pub/lib/pkgconfig/status_pub.pc'
[2.284s] Level 1:colcon.colcon_core.environment:checking '/home/uadmin/learning/learn4/learn4_topics_ws/install/status_pub/lib/python3.10/site-packages'
[2.285s] Level 1:colcon.colcon_core.shell:create_environment_hook('status_pub', 'pythonpath')
[2.285s] INFO:colcon.colcon_core.shell:Creating environment hook '/home/uadmin/learning/learn4/learn4_topics_ws/install/status_pub/share/status_pub/hook/pythonpath.ps1'
[2.285s] INFO:colcon.colcon_core.shell:Creating environment descriptor '/home/uadmin/learning/learn4/learn4_topics_ws/install/status_pub/share/status_pub/hook/pythonpath.dsv'
[2.286s] INFO:colcon.colcon_core.shell:Creating environment hook '/home/uadmin/learning/learn4/learn4_topics_ws/install/status_pub/share/status_pub/hook/pythonpath.sh'
[2.287s] Level 1:colcon.colcon_core.environment:checking '/home/uadmin/learning/learn4/learn4_topics_ws/install/status_pub/bin'
[2.287s] Level 1:colcon.colcon_core.environment:create_environment_scripts_only(status_pub)
[2.287s] INFO:colcon.colcon_core.shell:Creating package script '/home/uadmin/learning/learn4/learn4_topics_ws/install/status_pub/share/status_pub/package.ps1'
[2.288s] INFO:colcon.colcon_core.shell:Creating package descriptor '/home/uadmin/learning/learn4/learn4_topics_ws/install/status_pub/share/status_pub/package.dsv'
[2.288s] INFO:colcon.colcon_core.shell:Creating package script '/home/uadmin/learning/learn4/learn4_topics_ws/install/status_pub/share/status_pub/package.sh'
[2.289s] INFO:colcon.colcon_core.shell:Creating package script '/home/uadmin/learning/learn4/learn4_topics_ws/install/status_pub/share/status_pub/package.bash'
[2.289s] INFO:colcon.colcon_core.shell:Creating package script '/home/uadmin/learning/learn4/learn4_topics_ws/install/status_pub/share/status_pub/package.zsh'
[2.290s] Level 1:colcon.colcon_core.environment:create_file_with_runtime_dependencies(/home/uadmin/learning/learn4/learn4_topics_ws/install/status_pub/share/colcon-core/packages/status_pub)
[2.291s] DEBUG:colcon.colcon_parallel_executor.executor.parallel:closing loop
[2.291s] DEBUG:colcon.colcon_parallel_executor.executor.parallel:loop closed
[2.291s] DEBUG:colcon.colcon_parallel_executor.executor.parallel:run_until_complete finished with '0'
[2.292s] DEBUG:colcon.colcon_core.event_reactor:joining thread
[2.297s] INFO:colcon.colcon_core.plugin_system:Skipping extension 'colcon_notification.desktop_notification.terminal_notifier': Not used on non-Darwin systems
[2.297s] INFO:colcon.colcon_core.plugin_system:Skipping extension 'colcon_notification.desktop_notification.win32': Not used on non-Windows systems
[2.297s] INFO:colcon.colcon_notification.desktop_notification:Sending desktop notification using 'notify2'
[2.319s] DEBUG:colcon.colcon_core.event_reactor:joined thread
[2.319s] INFO:colcon.colcon_core.shell:Creating prefix script '/home/uadmin/learning/learn4/learn4_topics_ws/install/local_setup.ps1'
[2.320s] INFO:colcon.colcon_core.shell:Creating prefix util module '/home/uadmin/learning/learn4/learn4_topics_ws/install/_local_setup_util_ps1.py'
[2.322s] INFO:colcon.colcon_core.shell:Creating prefix chain script '/home/uadmin/learning/learn4/learn4_topics_ws/install/setup.ps1'
[2.323s] INFO:colcon.colcon_core.shell:Creating prefix script '/home/uadmin/learning/learn4/learn4_topics_ws/install/local_setup.sh'
[2.324s] INFO:colcon.colcon_core.shell:Creating prefix util module '/home/uadmin/learning/learn4/learn4_topics_ws/install/_local_setup_util_sh.py'
[2.325s] INFO:colcon.colcon_core.shell:Creating prefix chain script '/home/uadmin/learning/learn4/learn4_topics_ws/install/setup.sh'
[2.326s] INFO:colcon.colcon_core.shell:Creating prefix script '/home/uadmin/learning/learn4/learn4_topics_ws/install/local_setup.bash'
[2.328s] INFO:colcon.colcon_core.shell:Creating prefix chain script '/home/uadmin/learning/learn4/learn4_topics_ws/install/setup.bash'
[2.329s] INFO:colcon.colcon_core.shell:Creating prefix script '/home/uadmin/learning/learn4/learn4_topics_ws/install/local_setup.zsh'
[2.329s] INFO:colcon.colcon_core.shell:Creating prefix chain script '/home/uadmin/learning/learn4/learn4_topics_ws/install/setup.zsh'
