-- The C compiler identification is GNU 11.4.0
-- The CXX compiler identification is GNU 11.4.0
-- Detecting C compiler ABI info
-- Detecting C compiler ABI info - done
-- Check for working C compiler: /usr/bin/cc - skipped
-- Detecting C compile features
-- Detecting C compile features - done
-- Detecting CXX compiler ABI info
-- Detecting CXX compiler ABI info - done
-- Check for working CXX compiler: /usr/bin/c++ - skipped
-- Detecting CXX compile features
-- Detecting CXX compile features - done
-- Found ament_cmake: 1.3.11 (/opt/ros/humble/share/ament_cmake/cmake)
-- Found Python3: /usr/bin/python3 (found version "3.10.12") found components: Interpreter 
-- Found rosidl_default_generators: 1.2.0 (/opt/ros/humble/share/rosidl_default_generators/cmake)
-- Using all available rosidl_typesupport_c: rosidl_typesupport_fastrtps_c;rosidl_typesupport_introspection_c
-- Found rosidl_adapter: 3.1.6 (/opt/ros/humble/share/rosidl_adapter/cmake)
-- Using all available rosidl_typesupport_cpp: rosidl_typesupport_fastrtps_cpp;rosidl_typesupport_introspection_cpp
[31mCMake Error at /opt/ros/humble/share/rosidl_adapter/cmake/rosidl_adapt_interfaces.cmake:59 (message):
  execute_process(/usr/bin/python3 -m rosidl_adapter --package-name
  learn5_cpp_interface --arguments-file
  /home/uadmin/learning/learn5/learn5_cpp_ws/build/learn5_cpp_interface/rosidl_adapter__arguments__learn5_cpp_interface.json
  --output-dir
  /home/uadmin/learning/learn5/learn5_cpp_ws/build/learn5_cpp_interface/rosidl_adapter/learn5_cpp_interface
  --output-file
  /home/uadmin/learning/learn5/learn5_cpp_ws/build/learn5_cpp_interface/rosidl_adapter/learn5_cpp_interface.idls)
  returned error code 1:

  Error processing 'float32 x[]' of
  'learn5_cpp_interface/Learn5CPPServiceInterface_Request': ''x[]' is an
  invalid field name.  It should have the pattern
  '^(?!.*__)(?!.*_$)[a-z][a-z0-9_]*$''

  Traceback (most recent call last):

    File "/usr/lib/python3.10/runpy.py", line 196, in _run_module_as_main
      return _run_code(code, main_globals, None,
    File "/usr/lib/python3.10/runpy.py", line 86, in _run_code
      exec(code, run_globals)
    File "/opt/ros/humble/local/lib/python3.10/dist-packages/rosidl_adapter/__main__.py", line 19, in <module>
      sys.exit(main())
    File "/opt/ros/humble/local/lib/python3.10/dist-packages/rosidl_adapter/main.py", line 53, in main
      abs_idl_file = convert_to_idl(
    File "/opt/ros/humble/local/lib/python3.10/dist-packages/rosidl_adapter/__init__.py", line 24, in convert_to_idl
      return convert_srv_to_idl(
    File "/opt/ros/humble/local/lib/python3.10/dist-packages/rosidl_adapter/srv/__init__.py", line 28, in convert_srv_to_idl
      srv = parse_service_string(package_name, input_file.stem, content)
    File "/opt/ros/humble/local/lib/python3.10/dist-packages/rosidl_adapter/parser.py", line 859, in parse_service_string
      request_message = parse_message_string(
    File "/opt/ros/humble/local/lib/python3.10/dist-packages/rosidl_adapter/parser.py", line 519, in parse_message_string
      fields.append(Field(
    File "/opt/ros/humble/local/lib/python3.10/dist-packages/rosidl_adapter/parser.py", line 354, in __init__
      raise NameError(

  NameError: 'x[]' is an invalid field name.  It should have the pattern
  '^(?!.*__)(?!.*_$)[a-z][a-z0-9_]*$'

Call Stack (most recent call first):
  /opt/ros/humble/share/rosidl_cmake/cmake/rosidl_generate_interfaces.cmake:130 (rosidl_adapt_interfaces)
  CMakeLists.txt:14 (rosidl_generate_interfaces)

[0m
-- Configuring incomplete, errors occurred!
See also "/home/uadmin/learning/learn5/learn5_cpp_ws/build/learn5_cpp_interface/CMakeFiles/CMakeOutput.log".
