[0.013s] Invoking command in '/home/uadmin/learning/learn5/learn5_cpp_ws/build/learn5_cpp_interface': CMAKE_PREFIX_PATH=/opt/ros/humble /usr/bin/cmake /home/uadmin/learning/learn5/learn5_cpp_ws/src/learn5_cpp_interface -DCMAKE_INSTALL_PREFIX=/home/uadmin/learning/learn5/learn5_cpp_ws/install/learn5_cpp_interface
[0.105s] -- The C compiler identification is GNU 11.4.0
[0.170s] -- The CXX compiler identification is GNU 11.4.0
[0.180s] -- Detecting C compiler ABI info
[0.251s] -- Detecting C compiler ABI info - done
[0.255s] -- Check for working C compiler: /usr/bin/cc - skipped
[0.256s] -- Detecting C compile features
[0.257s] -- Detecting C compile features - done
[0.261s] -- Detecting CXX compiler ABI info
[0.337s] -- Detecting CXX compiler ABI info - done
[0.338s] -- Check for working CXX compiler: /usr/bin/c++ - skipped
[0.338s] -- Detecting CXX compile features
[0.339s] -- Detecting CXX compile features - done
[0.346s] -- Found ament_cmake: 1.3.11 (/opt/ros/humble/share/ament_cmake/cmake)
[0.469s] -- Found Python3: /usr/bin/python3 (found version "3.10.12") found components: Interpreter 
[0.581s] -- Found rosidl_default_generators: 1.2.0 (/opt/ros/humble/share/rosidl_default_generators/cmake)
[0.584s] -- Using all available rosidl_typesupport_c: rosidl_typesupport_fastrtps_c;rosidl_typesupport_introspection_c
[0.590s] -- Found rosidl_adapter: 3.1.6 (/opt/ros/humble/share/rosidl_adapter/cmake)
[0.639s] -- Using all available rosidl_typesupport_cpp: rosidl_typesupport_fastrtps_cpp;rosidl_typesupport_introspection_cpp
[0.817s] [31mCMake Error at /opt/ros/humble/share/rosidl_adapter/cmake/rosidl_adapt_interfaces.cmake:59 (message):
[0.817s]   execute_process(/usr/bin/python3 -m rosidl_adapter --package-name
[0.817s]   learn5_cpp_interface --arguments-file
[0.817s]   /home/uadmin/learning/learn5/learn5_cpp_ws/build/learn5_cpp_interface/rosidl_adapter__arguments__learn5_cpp_interface.json
[0.817s]   --output-dir
[0.817s]   /home/uadmin/learning/learn5/learn5_cpp_ws/build/learn5_cpp_interface/rosidl_adapter/learn5_cpp_interface
[0.817s]   --output-file
[0.817s]   /home/uadmin/learning/learn5/learn5_cpp_ws/build/learn5_cpp_interface/rosidl_adapter/learn5_cpp_interface.idls)
[0.817s]   returned error code 1:
[0.817s] 
[0.817s]   Error processing 'float32 x[]' of
[0.817s]   'learn5_cpp_interface/Learn5CPPServiceInterface_Request': ''x[]' is an
[0.817s]   invalid field name.  It should have the pattern
[0.817s]   '^(?!.*__)(?!.*_$)[a-z][a-z0-9_]*$''
[0.818s] 
[0.818s]   Traceback (most recent call last):
[0.818s] 
[0.818s]     File "/usr/lib/python3.10/runpy.py", line 196, in _run_module_as_main
[0.818s]       return _run_code(code, main_globals, None,
[0.818s]     File "/usr/lib/python3.10/runpy.py", line 86, in _run_code
[0.818s]       exec(code, run_globals)
[0.818s]     File "/opt/ros/humble/local/lib/python3.10/dist-packages/rosidl_adapter/__main__.py", line 19, in <module>
[0.818s]       sys.exit(main())
[0.818s]     File "/opt/ros/humble/local/lib/python3.10/dist-packages/rosidl_adapter/main.py", line 53, in main
[0.818s]       abs_idl_file = convert_to_idl(
[0.818s]     File "/opt/ros/humble/local/lib/python3.10/dist-packages/rosidl_adapter/__init__.py", line 24, in convert_to_idl
[0.818s]       return convert_srv_to_idl(
[0.818s]     File "/opt/ros/humble/local/lib/python3.10/dist-packages/rosidl_adapter/srv/__init__.py", line 28, in convert_srv_to_idl
[0.818s]       srv = parse_service_string(package_name, input_file.stem, content)
[0.818s]     File "/opt/ros/humble/local/lib/python3.10/dist-packages/rosidl_adapter/parser.py", line 859, in parse_service_string
[0.818s]       request_message = parse_message_string(
[0.818s]     File "/opt/ros/humble/local/lib/python3.10/dist-packages/rosidl_adapter/parser.py", line 519, in parse_message_string
[0.818s]       fields.append(Field(
[0.818s]     File "/opt/ros/humble/local/lib/python3.10/dist-packages/rosidl_adapter/parser.py", line 354, in __init__
[0.818s]       raise NameError(
[0.819s] 
[0.819s]   NameError: 'x[]' is an invalid field name.  It should have the pattern
[0.819s]   '^(?!.*__)(?!.*_$)[a-z][a-z0-9_]*$'
[0.819s] 
[0.821s] Call Stack (most recent call first):
[0.821s]   /opt/ros/humble/share/rosidl_cmake/cmake/rosidl_generate_interfaces.cmake:130 (rosidl_adapt_interfaces)
[0.821s]   CMakeLists.txt:14 (rosidl_generate_interfaces)
[0.821s] 
[0.821s] [0m
[0.821s] -- Configuring incomplete, errors occurred!
[0.821s] See also "/home/uadmin/learning/learn5/learn5_cpp_ws/build/learn5_cpp_interface/CMakeFiles/CMakeOutput.log".
[0.828s] Invoked command in '/home/uadmin/learning/learn5/learn5_cpp_ws/build/learn5_cpp_interface' returned '1': CMAKE_PREFIX_PATH=/opt/ros/humble /usr/bin/cmake /home/uadmin/learning/learn5/learn5_cpp_ws/src/learn5_cpp_interface -DCMAKE_INSTALL_PREFIX=/home/uadmin/learning/learn5/learn5_cpp_ws/install/learn5_cpp_interface
