[0.181s] DEBUG:colcon:Command line arguments: ['/usr/bin/colcon', 'build']
[0.181s] DEBUG:colcon:Parsed command line arguments: Namespace(log_base=None, log_level=None, verb_name='build', build_base='build', install_base='install', merge_install=False, symlink_install=False, test_result_base=None, continue_on_error=False, executor='parallel', parallel_workers=2, event_handlers=None, ignore_user_meta=False, metas=['./colcon.meta'], base_paths=['.'], packages_ignore=None, packages_ignore_regex=None, paths=None, packages_up_to=None, packages_up_to_regex=None, packages_above=None, packages_above_and_dependencies=None, packages_above_depth=None, packages_select_by_dep=None, packages_skip_by_dep=None, packages_skip_up_to=None, packages_select_build_failed=False, packages_skip_build_finished=False, packages_select_test_failures=False, packages_skip_test_passed=False, packages_select=None, packages_skip=None, packages_select_regex=None, packages_skip_regex=None, packages_start=None, packages_end=None, allow_overriding=[], cmake_args=None, cmake_target=None, cmake_target_skip_unavailable=False, cmake_clean_cache=False, cmake_clean_first=False, cmake_force_configure=False, ament_cmake_args=None, catkin_cmake_args=None, catkin_skip_building_tests=False, verb_parser=<colcon_defaults.argument_parser.defaults.DefaultArgumentsDecorator object at 0x71cd25b27a60>, verb_extension=<colcon_core.verb.build.BuildVerb object at 0x71cd25b274c0>, main=<bound method BuildVerb.main of <colcon_core.verb.build.BuildVerb object at 0x71cd25b274c0>>)
[0.364s] Level 1:colcon.colcon_core.package_discovery:discover_packages(colcon_meta) check parameters
[0.364s] Level 1:colcon.colcon_core.package_discovery:discover_packages(recursive) check parameters
[0.364s] Level 1:colcon.colcon_core.package_discovery:discover_packages(ignore) check parameters
[0.364s] Level 1:colcon.colcon_core.package_discovery:discover_packages(path) check parameters
[0.364s] Level 1:colcon.colcon_core.package_discovery:discover_packages(colcon_meta) discover
[0.364s] Level 1:colcon.colcon_core.package_discovery:discover_packages(recursive) discover
[0.364s] INFO:colcon.colcon_core.package_discovery:Crawling recursively for packages in '/home/uadmin/learning/learn5/learn5_cpp_ws'
[0.364s] Level 1:colcon.colcon_core.package_identification:_identify(.) by extensions ['ignore', 'ignore_ament_install']
[0.364s] Level 1:colcon.colcon_core.package_identification:_identify(.) by extension 'ignore'
[0.364s] Level 1:colcon.colcon_core.package_identification:_identify(.) by extension 'ignore_ament_install'
[0.364s] Level 1:colcon.colcon_core.package_identification:_identify(.) by extensions ['colcon_pkg']
[0.364s] Level 1:colcon.colcon_core.package_identification:_identify(.) by extension 'colcon_pkg'
[0.364s] Level 1:colcon.colcon_core.package_identification:_identify(.) by extensions ['colcon_meta']
[0.364s] Level 1:colcon.colcon_core.package_identification:_identify(.) by extension 'colcon_meta'
[0.364s] Level 1:colcon.colcon_core.package_identification:_identify(.) by extensions ['ros']
[0.364s] Level 1:colcon.colcon_core.package_identification:_identify(.) by extension 'ros'
[0.374s] Level 1:colcon.colcon_core.package_identification:_identify(.) by extensions ['cmake', 'python']
[0.374s] Level 1:colcon.colcon_core.package_identification:_identify(.) by extension 'cmake'
[0.374s] Level 1:colcon.colcon_core.package_identification:_identify(.) by extension 'python'
[0.374s] Level 1:colcon.colcon_core.package_identification:_identify(.) by extensions ['python_setup_py']
[0.374s] Level 1:colcon.colcon_core.package_identification:_identify(.) by extension 'python_setup_py'
[0.374s] Level 1:colcon.colcon_core.package_identification:_identify(build) by extensions ['ignore', 'ignore_ament_install']
[0.375s] Level 1:colcon.colcon_core.package_identification:_identify(build) by extension 'ignore'
[0.375s] Level 1:colcon.colcon_core.package_identification:_identify(build) ignored
[0.375s] Level 1:colcon.colcon_core.package_identification:_identify(install) by extensions ['ignore', 'ignore_ament_install']
[0.375s] Level 1:colcon.colcon_core.package_identification:_identify(install) by extension 'ignore'
[0.375s] Level 1:colcon.colcon_core.package_identification:_identify(install) ignored
[0.375s] Level 1:colcon.colcon_core.package_identification:_identify(log) by extensions ['ignore', 'ignore_ament_install']
[0.375s] Level 1:colcon.colcon_core.package_identification:_identify(log) by extension 'ignore'
[0.375s] Level 1:colcon.colcon_core.package_identification:_identify(log) ignored
[0.375s] Level 1:colcon.colcon_core.package_identification:_identify(src) by extensions ['ignore', 'ignore_ament_install']
[0.375s] Level 1:colcon.colcon_core.package_identification:_identify(src) by extension 'ignore'
[0.375s] Level 1:colcon.colcon_core.package_identification:_identify(src) by extension 'ignore_ament_install'
[0.375s] Level 1:colcon.colcon_core.package_identification:_identify(src) by extensions ['colcon_pkg']
[0.375s] Level 1:colcon.colcon_core.package_identification:_identify(src) by extension 'colcon_pkg'
[0.375s] Level 1:colcon.colcon_core.package_identification:_identify(src) by extensions ['colcon_meta']
[0.375s] Level 1:colcon.colcon_core.package_identification:_identify(src) by extension 'colcon_meta'
[0.375s] Level 1:colcon.colcon_core.package_identification:_identify(src) by extensions ['ros']
[0.375s] Level 1:colcon.colcon_core.package_identification:_identify(src) by extension 'ros'
[0.375s] Level 1:colcon.colcon_core.package_identification:_identify(src) by extensions ['cmake', 'python']
[0.375s] Level 1:colcon.colcon_core.package_identification:_identify(src) by extension 'cmake'
[0.375s] Level 1:colcon.colcon_core.package_identification:_identify(src) by extension 'python'
[0.376s] Level 1:colcon.colcon_core.package_identification:_identify(src) by extensions ['python_setup_py']
[0.376s] Level 1:colcon.colcon_core.package_identification:_identify(src) by extension 'python_setup_py'
[0.376s] Level 1:colcon.colcon_core.package_identification:_identify(src/learn5_cpp_interface) by extensions ['ignore', 'ignore_ament_install']
[0.376s] Level 1:colcon.colcon_core.package_identification:_identify(src/learn5_cpp_interface) by extension 'ignore'
[0.376s] Level 1:colcon.colcon_core.package_identification:_identify(src/learn5_cpp_interface) by extension 'ignore_ament_install'
[0.376s] Level 1:colcon.colcon_core.package_identification:_identify(src/learn5_cpp_interface) by extensions ['colcon_pkg']
[0.376s] Level 1:colcon.colcon_core.package_identification:_identify(src/learn5_cpp_interface) by extension 'colcon_pkg'
[0.376s] Level 1:colcon.colcon_core.package_identification:_identify(src/learn5_cpp_interface) by extensions ['colcon_meta']
[0.376s] Level 1:colcon.colcon_core.package_identification:_identify(src/learn5_cpp_interface) by extension 'colcon_meta'
[0.377s] Level 1:colcon.colcon_core.package_identification:_identify(src/learn5_cpp_interface) by extensions ['ros']
[0.377s] Level 1:colcon.colcon_core.package_identification:_identify(src/learn5_cpp_interface) by extension 'ros'
[0.379s] DEBUG:colcon.colcon_core.package_identification:Package 'src/learn5_cpp_interface' with type 'ros.ament_cmake' and name 'learn5_cpp_interface'
[0.379s] Level 1:colcon.colcon_core.package_identification:_identify(src/learn5_cpp_server) by extensions ['ignore', 'ignore_ament_install']
[0.379s] Level 1:colcon.colcon_core.package_identification:_identify(src/learn5_cpp_server) by extension 'ignore'
[0.379s] Level 1:colcon.colcon_core.package_identification:_identify(src/learn5_cpp_server) by extension 'ignore_ament_install'
[0.379s] Level 1:colcon.colcon_core.package_identification:_identify(src/learn5_cpp_server) by extensions ['colcon_pkg']
[0.379s] Level 1:colcon.colcon_core.package_identification:_identify(src/learn5_cpp_server) by extension 'colcon_pkg'
[0.379s] Level 1:colcon.colcon_core.package_identification:_identify(src/learn5_cpp_server) by extensions ['colcon_meta']
[0.379s] Level 1:colcon.colcon_core.package_identification:_identify(src/learn5_cpp_server) by extension 'colcon_meta'
[0.379s] Level 1:colcon.colcon_core.package_identification:_identify(src/learn5_cpp_server) by extensions ['ros']
[0.379s] Level 1:colcon.colcon_core.package_identification:_identify(src/learn5_cpp_server) by extension 'ros'
[0.380s] DEBUG:colcon.colcon_core.package_identification:Package 'src/learn5_cpp_server' with type 'ros.ament_cmake' and name 'learn5_cpp_server'
[0.380s] Level 1:colcon.colcon_core.package_discovery:discover_packages(recursive) using defaults
[0.380s] Level 1:colcon.colcon_core.package_discovery:discover_packages(ignore) discover
[0.380s] Level 1:colcon.colcon_core.package_discovery:discover_packages(ignore) using defaults
[0.380s] Level 1:colcon.colcon_core.package_discovery:discover_packages(path) discover
[0.380s] Level 1:colcon.colcon_core.package_discovery:discover_packages(path) using defaults
[0.403s] Level 1:colcon.colcon_core.package_discovery:discover_packages(prefix_path) check parameters
[0.403s] Level 1:colcon.colcon_core.package_discovery:discover_packages(prefix_path) discover
[0.405s] DEBUG:colcon.colcon_installed_package_information.package_discovery:Found 1 installed packages in /home/uadmin/learning/learn5/learn5_cpp_ws/install
[0.408s] DEBUG:colcon.colcon_installed_package_information.package_discovery:Found 310 installed packages in /opt/ros/humble
[0.417s] Level 1:colcon.colcon_core.package_discovery:discover_packages(prefix_path) using defaults
[0.490s] Level 5:colcon.colcon_core.verb:set package 'learn5_cpp_interface' build argument 'cmake_args' from command line to 'None'
[0.490s] Level 5:colcon.colcon_core.verb:set package 'learn5_cpp_interface' build argument 'cmake_target' from command line to 'None'
[0.490s] Level 5:colcon.colcon_core.verb:set package 'learn5_cpp_interface' build argument 'cmake_target_skip_unavailable' from command line to 'False'
[0.490s] Level 5:colcon.colcon_core.verb:set package 'learn5_cpp_interface' build argument 'cmake_clean_cache' from command line to 'False'
[0.490s] Level 5:colcon.colcon_core.verb:set package 'learn5_cpp_interface' build argument 'cmake_clean_first' from command line to 'False'
[0.490s] Level 5:colcon.colcon_core.verb:set package 'learn5_cpp_interface' build argument 'cmake_force_configure' from command line to 'False'
[0.490s] Level 5:colcon.colcon_core.verb:set package 'learn5_cpp_interface' build argument 'ament_cmake_args' from command line to 'None'
[0.490s] Level 5:colcon.colcon_core.verb:set package 'learn5_cpp_interface' build argument 'catkin_cmake_args' from command line to 'None'
[0.490s] Level 5:colcon.colcon_core.verb:set package 'learn5_cpp_interface' build argument 'catkin_skip_building_tests' from command line to 'False'
[0.490s] DEBUG:colcon.colcon_core.verb:Building package 'learn5_cpp_interface' with the following arguments: {'ament_cmake_args': None, 'build_base': '/home/uadmin/learning/learn5/learn5_cpp_ws/build/learn5_cpp_interface', 'catkin_cmake_args': None, 'catkin_skip_building_tests': False, 'cmake_args': None, 'cmake_clean_cache': False, 'cmake_clean_first': False, 'cmake_force_configure': False, 'cmake_target': None, 'cmake_target_skip_unavailable': False, 'install_base': '/home/uadmin/learning/learn5/learn5_cpp_ws/install/learn5_cpp_interface', 'merge_install': False, 'path': '/home/uadmin/learning/learn5/learn5_cpp_ws/src/learn5_cpp_interface', 'symlink_install': False, 'test_result_base': None}
[0.490s] Level 5:colcon.colcon_core.verb:set package 'learn5_cpp_server' build argument 'cmake_args' from command line to 'None'
[0.491s] Level 5:colcon.colcon_core.verb:set package 'learn5_cpp_server' build argument 'cmake_target' from command line to 'None'
[0.491s] Level 5:colcon.colcon_core.verb:set package 'learn5_cpp_server' build argument 'cmake_target_skip_unavailable' from command line to 'False'
[0.491s] Level 5:colcon.colcon_core.verb:set package 'learn5_cpp_server' build argument 'cmake_clean_cache' from command line to 'False'
[0.491s] Level 5:colcon.colcon_core.verb:set package 'learn5_cpp_server' build argument 'cmake_clean_first' from command line to 'False'
[0.491s] Level 5:colcon.colcon_core.verb:set package 'learn5_cpp_server' build argument 'cmake_force_configure' from command line to 'False'
[0.491s] Level 5:colcon.colcon_core.verb:set package 'learn5_cpp_server' build argument 'ament_cmake_args' from command line to 'None'
[0.491s] Level 5:colcon.colcon_core.verb:set package 'learn5_cpp_server' build argument 'catkin_cmake_args' from command line to 'None'
[0.491s] Level 5:colcon.colcon_core.verb:set package 'learn5_cpp_server' build argument 'catkin_skip_building_tests' from command line to 'False'
[0.491s] DEBUG:colcon.colcon_core.verb:Building package 'learn5_cpp_server' with the following arguments: {'ament_cmake_args': None, 'build_base': '/home/uadmin/learning/learn5/learn5_cpp_ws/build/learn5_cpp_server', 'catkin_cmake_args': None, 'catkin_skip_building_tests': False, 'cmake_args': None, 'cmake_clean_cache': False, 'cmake_clean_first': False, 'cmake_force_configure': False, 'cmake_target': None, 'cmake_target_skip_unavailable': False, 'install_base': '/home/uadmin/learning/learn5/learn5_cpp_ws/install/learn5_cpp_server', 'merge_install': False, 'path': '/home/uadmin/learning/learn5/learn5_cpp_ws/src/learn5_cpp_server', 'symlink_install': False, 'test_result_base': None}
[0.491s] INFO:colcon.colcon_core.executor:Executing jobs using 'parallel' executor
[0.492s] DEBUG:colcon.colcon_parallel_executor.executor.parallel:run_until_complete
[0.492s] INFO:colcon.colcon_ros.task.ament_cmake.build:Building ROS package in '/home/uadmin/learning/learn5/learn5_cpp_ws/src/learn5_cpp_interface' with build type 'ament_cmake'
[0.492s] INFO:colcon.colcon_cmake.task.cmake.build:Building CMake package in '/home/uadmin/learning/learn5/learn5_cpp_ws/src/learn5_cpp_interface'
[0.496s] INFO:colcon.colcon_core.plugin_system:Skipping extension 'colcon_core.shell.bat': Not used on non-Windows systems
[0.496s] INFO:colcon.colcon_core.shell:Skip shell extension 'powershell' for command environment: Not usable outside of PowerShell
[0.496s] DEBUG:colcon.colcon_core.shell:Skip shell extension 'dsv' for command environment
[0.505s] DEBUG:colcon.colcon_core.event_handler.log_command:Invoking command in '/home/uadmin/learning/learn5/learn5_cpp_ws/build/learn5_cpp_interface': CMAKE_PREFIX_PATH=${CMAKE_PREFIX_PATH}:/opt/ros/humble /usr/bin/cmake --build /home/uadmin/learning/learn5/learn5_cpp_ws/build/learn5_cpp_interface -- -j2 -l2
[1.158s] DEBUG:colcon.colcon_core.event_handler.log_command:Invoked command in '/home/uadmin/learning/learn5/learn5_cpp_ws/build/learn5_cpp_interface' returned '0': CMAKE_PREFIX_PATH=${CMAKE_PREFIX_PATH}:/opt/ros/humble /usr/bin/cmake --build /home/uadmin/learning/learn5/learn5_cpp_ws/build/learn5_cpp_interface -- -j2 -l2
[1.169s] DEBUG:colcon.colcon_core.event_handler.log_command:Invoking command in '/home/uadmin/learning/learn5/learn5_cpp_ws/build/learn5_cpp_interface': CMAKE_PREFIX_PATH=${CMAKE_PREFIX_PATH}:/opt/ros/humble /usr/bin/cmake --install /home/uadmin/learning/learn5/learn5_cpp_ws/build/learn5_cpp_interface
[1.255s] Level 1:colcon.colcon_core.environment:create_environment_scripts_only(learn5_cpp_interface)
[1.256s] DEBUG:colcon.colcon_core.event_handler.log_command:Invoked command in '/home/uadmin/learning/learn5/learn5_cpp_ws/build/learn5_cpp_interface' returned '0': CMAKE_PREFIX_PATH=${CMAKE_PREFIX_PATH}:/opt/ros/humble /usr/bin/cmake --install /home/uadmin/learning/learn5/learn5_cpp_ws/build/learn5_cpp_interface
[1.264s] Level 1:colcon.colcon_core.environment:checking '/home/uadmin/learning/learn5/learn5_cpp_ws/install/learn5_cpp_interface' for CMake module files
[1.265s] Level 1:colcon.colcon_core.environment:checking '/home/uadmin/learning/learn5/learn5_cpp_ws/install/learn5_cpp_interface' for CMake config files
[1.265s] Level 1:colcon.colcon_core.shell:create_environment_hook('learn5_cpp_interface', 'cmake_prefix_path')
[1.265s] INFO:colcon.colcon_core.shell:Creating environment hook '/home/uadmin/learning/learn5/learn5_cpp_ws/install/learn5_cpp_interface/share/learn5_cpp_interface/hook/cmake_prefix_path.ps1'
[1.267s] INFO:colcon.colcon_core.shell:Creating environment descriptor '/home/uadmin/learning/learn5/learn5_cpp_ws/install/learn5_cpp_interface/share/learn5_cpp_interface/hook/cmake_prefix_path.dsv'
[1.267s] INFO:colcon.colcon_core.shell:Creating environment hook '/home/uadmin/learning/learn5/learn5_cpp_ws/install/learn5_cpp_interface/share/learn5_cpp_interface/hook/cmake_prefix_path.sh'
[1.268s] Level 1:colcon.colcon_core.environment:checking '/home/uadmin/learning/learn5/learn5_cpp_ws/install/learn5_cpp_interface/lib'
[1.269s] Level 1:colcon.colcon_core.shell:create_environment_hook('learn5_cpp_interface', 'ld_library_path_lib')
[1.269s] INFO:colcon.colcon_core.shell:Creating environment hook '/home/uadmin/learning/learn5/learn5_cpp_ws/install/learn5_cpp_interface/share/learn5_cpp_interface/hook/ld_library_path_lib.ps1'
[1.270s] INFO:colcon.colcon_core.shell:Creating environment descriptor '/home/uadmin/learning/learn5/learn5_cpp_ws/install/learn5_cpp_interface/share/learn5_cpp_interface/hook/ld_library_path_lib.dsv'
[1.270s] INFO:colcon.colcon_core.shell:Creating environment hook '/home/uadmin/learning/learn5/learn5_cpp_ws/install/learn5_cpp_interface/share/learn5_cpp_interface/hook/ld_library_path_lib.sh'
[1.271s] Level 1:colcon.colcon_core.environment:checking '/home/uadmin/learning/learn5/learn5_cpp_ws/install/learn5_cpp_interface/bin'
[1.271s] Level 1:colcon.colcon_core.environment:checking '/home/uadmin/learning/learn5/learn5_cpp_ws/install/learn5_cpp_interface/lib/pkgconfig/learn5_cpp_interface.pc'
[1.271s] Level 1:colcon.colcon_core.environment:checking '/home/uadmin/learning/learn5/learn5_cpp_ws/install/learn5_cpp_interface/lib/python3.10/site-packages'
[1.272s] Level 1:colcon.colcon_core.environment:checking '/home/uadmin/learning/learn5/learn5_cpp_ws/install/learn5_cpp_interface/bin'
[1.272s] INFO:colcon.colcon_core.shell:Creating package script '/home/uadmin/learning/learn5/learn5_cpp_ws/install/learn5_cpp_interface/share/learn5_cpp_interface/package.ps1'
[1.273s] INFO:colcon.colcon_core.shell:Creating package descriptor '/home/uadmin/learning/learn5/learn5_cpp_ws/install/learn5_cpp_interface/share/learn5_cpp_interface/package.dsv'
[1.273s] INFO:colcon.colcon_core.shell:Creating package script '/home/uadmin/learning/learn5/learn5_cpp_ws/install/learn5_cpp_interface/share/learn5_cpp_interface/package.sh'
[1.275s] INFO:colcon.colcon_core.shell:Creating package script '/home/uadmin/learning/learn5/learn5_cpp_ws/install/learn5_cpp_interface/share/learn5_cpp_interface/package.bash'
[1.276s] INFO:colcon.colcon_core.shell:Creating package script '/home/uadmin/learning/learn5/learn5_cpp_ws/install/learn5_cpp_interface/share/learn5_cpp_interface/package.zsh'
[1.277s] Level 1:colcon.colcon_core.environment:create_file_with_runtime_dependencies(/home/uadmin/learning/learn5/learn5_cpp_ws/install/learn5_cpp_interface/share/colcon-core/packages/learn5_cpp_interface)
[1.278s] Level 1:colcon.colcon_core.environment:create_environment_scripts_only(learn5_cpp_interface)
[1.278s] Level 1:colcon.colcon_core.environment:checking '/home/uadmin/learning/learn5/learn5_cpp_ws/install/learn5_cpp_interface' for CMake module files
[1.279s] Level 1:colcon.colcon_core.environment:checking '/home/uadmin/learning/learn5/learn5_cpp_ws/install/learn5_cpp_interface' for CMake config files
[1.279s] Level 1:colcon.colcon_core.shell:create_environment_hook('learn5_cpp_interface', 'cmake_prefix_path')
[1.280s] INFO:colcon.colcon_core.shell:Creating environment hook '/home/uadmin/learning/learn5/learn5_cpp_ws/install/learn5_cpp_interface/share/learn5_cpp_interface/hook/cmake_prefix_path.ps1'
[1.281s] INFO:colcon.colcon_core.shell:Creating environment descriptor '/home/uadmin/learning/learn5/learn5_cpp_ws/install/learn5_cpp_interface/share/learn5_cpp_interface/hook/cmake_prefix_path.dsv'
[1.281s] INFO:colcon.colcon_core.shell:Creating environment hook '/home/uadmin/learning/learn5/learn5_cpp_ws/install/learn5_cpp_interface/share/learn5_cpp_interface/hook/cmake_prefix_path.sh'
[1.282s] Level 1:colcon.colcon_core.environment:checking '/home/uadmin/learning/learn5/learn5_cpp_ws/install/learn5_cpp_interface/lib'
[1.282s] Level 1:colcon.colcon_core.shell:create_environment_hook('learn5_cpp_interface', 'ld_library_path_lib')
[1.282s] INFO:colcon.colcon_core.shell:Creating environment hook '/home/uadmin/learning/learn5/learn5_cpp_ws/install/learn5_cpp_interface/share/learn5_cpp_interface/hook/ld_library_path_lib.ps1'
[1.283s] INFO:colcon.colcon_core.shell:Creating environment descriptor '/home/uadmin/learning/learn5/learn5_cpp_ws/install/learn5_cpp_interface/share/learn5_cpp_interface/hook/ld_library_path_lib.dsv'
[1.283s] INFO:colcon.colcon_core.shell:Creating environment hook '/home/uadmin/learning/learn5/learn5_cpp_ws/install/learn5_cpp_interface/share/learn5_cpp_interface/hook/ld_library_path_lib.sh'
[1.284s] Level 1:colcon.colcon_core.environment:checking '/home/uadmin/learning/learn5/learn5_cpp_ws/install/learn5_cpp_interface/bin'
[1.284s] Level 1:colcon.colcon_core.environment:checking '/home/uadmin/learning/learn5/learn5_cpp_ws/install/learn5_cpp_interface/lib/pkgconfig/learn5_cpp_interface.pc'
[1.284s] Level 1:colcon.colcon_core.environment:checking '/home/uadmin/learning/learn5/learn5_cpp_ws/install/learn5_cpp_interface/lib/python3.10/site-packages'
[1.284s] Level 1:colcon.colcon_core.environment:checking '/home/uadmin/learning/learn5/learn5_cpp_ws/install/learn5_cpp_interface/bin'
[1.284s] INFO:colcon.colcon_core.shell:Creating package script '/home/uadmin/learning/learn5/learn5_cpp_ws/install/learn5_cpp_interface/share/learn5_cpp_interface/package.ps1'
[1.285s] INFO:colcon.colcon_core.shell:Creating package descriptor '/home/uadmin/learning/learn5/learn5_cpp_ws/install/learn5_cpp_interface/share/learn5_cpp_interface/package.dsv'
[1.285s] INFO:colcon.colcon_core.shell:Creating package script '/home/uadmin/learning/learn5/learn5_cpp_ws/install/learn5_cpp_interface/share/learn5_cpp_interface/package.sh'
[1.286s] INFO:colcon.colcon_core.shell:Creating package script '/home/uadmin/learning/learn5/learn5_cpp_ws/install/learn5_cpp_interface/share/learn5_cpp_interface/package.bash'
[1.286s] INFO:colcon.colcon_core.shell:Creating package script '/home/uadmin/learning/learn5/learn5_cpp_ws/install/learn5_cpp_interface/share/learn5_cpp_interface/package.zsh'
[1.287s] Level 1:colcon.colcon_core.environment:create_file_with_runtime_dependencies(/home/uadmin/learning/learn5/learn5_cpp_ws/install/learn5_cpp_interface/share/colcon-core/packages/learn5_cpp_interface)
[1.287s] INFO:colcon.colcon_ros.task.ament_cmake.build:Building ROS package in '/home/uadmin/learning/learn5/learn5_cpp_ws/src/learn5_cpp_server' with build type 'ament_cmake'
[1.288s] INFO:colcon.colcon_cmake.task.cmake.build:Building CMake package in '/home/uadmin/learning/learn5/learn5_cpp_ws/src/learn5_cpp_server'
[1.288s] INFO:colcon.colcon_core.shell:Skip shell extension 'powershell' for command environment: Not usable outside of PowerShell
[1.288s] DEBUG:colcon.colcon_core.shell:Skip shell extension 'dsv' for command environment
[1.303s] DEBUG:colcon.colcon_core.event_handler.log_command:Invoking command in '/home/uadmin/learning/learn5/learn5_cpp_ws/build/learn5_cpp_server': CMAKE_PREFIX_PATH=${CMAKE_PREFIX_PATH}:/opt/ros/humble /usr/bin/cmake /home/uadmin/learning/learn5/learn5_cpp_ws/src/learn5_cpp_server -DCMAKE_INSTALL_PREFIX=/home/uadmin/learning/learn5/learn5_cpp_ws/install/learn5_cpp_server
[2.729s] DEBUG:colcon.colcon_core.event_handler.log_command:Invoked command in '/home/uadmin/learning/learn5/learn5_cpp_ws/build/learn5_cpp_server' returned '1': CMAKE_PREFIX_PATH=${CMAKE_PREFIX_PATH}:/opt/ros/humble /usr/bin/cmake /home/uadmin/learning/learn5/learn5_cpp_ws/src/learn5_cpp_server -DCMAKE_INSTALL_PREFIX=/home/uadmin/learning/learn5/learn5_cpp_ws/install/learn5_cpp_server
[2.743s] Level 1:colcon.colcon_core.environment:create_environment_scripts_only(learn5_cpp_server)
[2.743s] Level 1:colcon.colcon_core.environment:checking '/home/uadmin/learning/learn5/learn5_cpp_ws/install/learn5_cpp_server' for CMake module files
[2.743s] Level 1:colcon.colcon_core.environment:checking '/home/uadmin/learning/learn5/learn5_cpp_ws/install/learn5_cpp_server' for CMake config files
[2.743s] Level 1:colcon.colcon_core.environment:checking '/home/uadmin/learning/learn5/learn5_cpp_ws/install/learn5_cpp_server/bin'
[2.743s] Level 1:colcon.colcon_core.environment:checking '/home/uadmin/learning/learn5/learn5_cpp_ws/install/learn5_cpp_server/lib/pkgconfig/learn5_cpp_server.pc'
[2.744s] Level 1:colcon.colcon_core.environment:checking '/home/uadmin/learning/learn5/learn5_cpp_ws/install/learn5_cpp_server/lib/python3.10/site-packages'
[2.744s] Level 1:colcon.colcon_core.environment:checking '/home/uadmin/learning/learn5/learn5_cpp_ws/install/learn5_cpp_server/bin'
[2.744s] INFO:colcon.colcon_core.shell:Creating package script '/home/uadmin/learning/learn5/learn5_cpp_ws/install/learn5_cpp_server/share/learn5_cpp_server/package.ps1'
[2.745s] INFO:colcon.colcon_core.shell:Creating package descriptor '/home/uadmin/learning/learn5/learn5_cpp_ws/install/learn5_cpp_server/share/learn5_cpp_server/package.dsv'
[2.745s] INFO:colcon.colcon_core.shell:Creating package script '/home/uadmin/learning/learn5/learn5_cpp_ws/install/learn5_cpp_server/share/learn5_cpp_server/package.sh'
[2.746s] INFO:colcon.colcon_core.shell:Creating package script '/home/uadmin/learning/learn5/learn5_cpp_ws/install/learn5_cpp_server/share/learn5_cpp_server/package.bash'
[2.746s] INFO:colcon.colcon_core.shell:Creating package script '/home/uadmin/learning/learn5/learn5_cpp_ws/install/learn5_cpp_server/share/learn5_cpp_server/package.zsh'
[2.747s] Level 1:colcon.colcon_core.environment:create_file_with_runtime_dependencies(/home/uadmin/learning/learn5/learn5_cpp_ws/install/learn5_cpp_server/share/colcon-core/packages/learn5_cpp_server)
[2.757s] DEBUG:colcon.colcon_parallel_executor.executor.parallel:closing loop
[2.758s] DEBUG:colcon.colcon_parallel_executor.executor.parallel:loop closed
[2.758s] DEBUG:colcon.colcon_parallel_executor.executor.parallel:run_until_complete finished with '1'
[2.758s] DEBUG:colcon.colcon_core.event_reactor:joining thread
[2.766s] INFO:colcon.colcon_core.plugin_system:Skipping extension 'colcon_notification.desktop_notification.terminal_notifier': Not used on non-Darwin systems
[2.766s] INFO:colcon.colcon_core.plugin_system:Skipping extension 'colcon_notification.desktop_notification.win32': Not used on non-Windows systems
[2.766s] INFO:colcon.colcon_notification.desktop_notification:Sending desktop notification using 'notify2'
[2.829s] DEBUG:colcon.colcon_core.event_reactor:joined thread
[2.829s] INFO:colcon.colcon_core.shell:Creating prefix script '/home/uadmin/learning/learn5/learn5_cpp_ws/install/local_setup.ps1'
[2.830s] INFO:colcon.colcon_core.shell:Creating prefix util module '/home/uadmin/learning/learn5/learn5_cpp_ws/install/_local_setup_util_ps1.py'
[2.832s] INFO:colcon.colcon_core.shell:Creating prefix chain script '/home/uadmin/learning/learn5/learn5_cpp_ws/install/setup.ps1'
[2.834s] INFO:colcon.colcon_core.shell:Creating prefix script '/home/uadmin/learning/learn5/learn5_cpp_ws/install/local_setup.sh'
[2.835s] INFO:colcon.colcon_core.shell:Creating prefix util module '/home/uadmin/learning/learn5/learn5_cpp_ws/install/_local_setup_util_sh.py'
[2.836s] INFO:colcon.colcon_core.shell:Creating prefix chain script '/home/uadmin/learning/learn5/learn5_cpp_ws/install/setup.sh'
[2.837s] INFO:colcon.colcon_core.shell:Creating prefix script '/home/uadmin/learning/learn5/learn5_cpp_ws/install/local_setup.bash'
[2.838s] INFO:colcon.colcon_core.shell:Creating prefix chain script '/home/uadmin/learning/learn5/learn5_cpp_ws/install/setup.bash'
[2.839s] INFO:colcon.colcon_core.shell:Creating prefix script '/home/uadmin/learning/learn5/learn5_cpp_ws/install/local_setup.zsh'
[2.840s] INFO:colcon.colcon_core.shell:Creating prefix chain script '/home/uadmin/learning/learn5/learn5_cpp_ws/install/setup.zsh'
