[0.804s] Invoking command in '/home/uadmin/learning/learn4/learn4_ws/src/learn4_py_pkg/learn4_py_pkg': PYTHONPATH=/home/uadmin/learning/learn4/learn4_ws/build/learn4_py_pkg/prefix_override:/usr/lib/python3/dist-packages/colcon_core/task/python/colcon_distutils_commands:/home/uadmin/learning/learn4/learn4_ws/install/learn4_py_pkg/lib/python3.10/site-packages:${PYTHONPATH} /usr/bin/python3 -W ignore:setup.py install is deprecated -W ignore:easy_install command is deprecated setup.py egg_info --egg-base ../../../build/learn4_py_pkg build --build-base /home/uadmin/learning/learn4/learn4_ws/build/learn4_py_pkg/build install --record /home/uadmin/learning/learn4/learn4_ws/build/learn4_py_pkg/install.log --single-version-externally-managed install_data
[1.101s] running egg_info
[1.101s] writing ../../../build/learn4_py_pkg/learn4_py_pkg.egg-info/PKG-INFO
[1.102s] writing dependency_links to ../../../build/learn4_py_pkg/learn4_py_pkg.egg-info/dependency_links.txt
[1.102s] writing entry points to ../../../build/learn4_py_pkg/learn4_py_pkg.egg-info/entry_points.txt
[1.102s] writing requirements to ../../../build/learn4_py_pkg/learn4_py_pkg.egg-info/requires.txt
[1.102s] writing top-level names to ../../../build/learn4_py_pkg/learn4_py_pkg.egg-info/top_level.txt
[1.104s] reading manifest file '../../../build/learn4_py_pkg/learn4_py_pkg.egg-info/SOURCES.txt'
[1.104s] adding license file 'LICENSE'
[1.104s] writing manifest file '../../../build/learn4_py_pkg/learn4_py_pkg.egg-info/SOURCES.txt'
[1.104s] running build
[1.104s] running build_py
[1.105s] running install
[1.106s] running install_lib
[1.106s] running install_data
[1.106s] running install_egg_info
[1.109s] removing '/home/uadmin/learning/learn4/learn4_ws/install/learn4_py_pkg/lib/python3.10/site-packages/learn4_py_pkg-0.0.0-py3.10.egg-info' (and everything under it)
[1.111s] Copying ../../../build/learn4_py_pkg/learn4_py_pkg.egg-info to /home/uadmin/learning/learn4/learn4_ws/install/learn4_py_pkg/lib/python3.10/site-packages/learn4_py_pkg-0.0.0-py3.10.egg-info
[1.111s] running install_scripts
[1.132s] writing list of installed files to '/home/uadmin/learning/learn4/learn4_ws/build/learn4_py_pkg/install.log'
[1.147s] Invoked command in '/home/uadmin/learning/learn4/learn4_ws/src/learn4_py_pkg/learn4_py_pkg' returned '0': PYTHONPATH=/home/uadmin/learning/learn4/learn4_ws/build/learn4_py_pkg/prefix_override:/usr/lib/python3/dist-packages/colcon_core/task/python/colcon_distutils_commands:/home/uadmin/learning/learn4/learn4_ws/install/learn4_py_pkg/lib/python3.10/site-packages:${PYTHONPATH} /usr/bin/python3 -W ignore:setup.py install is deprecated -W ignore:easy_install command is deprecated setup.py egg_info --egg-base ../../../build/learn4_py_pkg build --build-base /home/uadmin/learning/learn4/learn4_ws/build/learn4_py_pkg/build install --record /home/uadmin/learning/learn4/learn4_ws/build/learn4_py_pkg/install.log --single-version-externally-managed install_data
