-- Found ament_cmake: 1.3.11 (/opt/ros/humble/share/ament_cmake/cmake)
-- Found rclcpp: 16.0.12 (/opt/ros/humble/share/rclcpp/cmake)
-- Found rosidl_generator_c: 3.1.6 (/opt/ros/humble/share/rosidl_generator_c/cmake)
-- Found rosidl_adapter: 3.1.6 (/opt/ros/humble/share/rosidl_adapter/cmake)
-- Found rosidl_generator_cpp: 3.1.6 (/opt/ros/humble/share/rosidl_generator_cpp/cmake)
-- Using all available rosidl_typesupport_c: rosidl_typesupport_fastrtps_c;rosidl_typesupport_introspection_c
-- Using all available rosidl_typesupport_cpp: rosidl_typesupport_fastrtps_cpp;rosidl_typesupport_introspection_cpp
-- Found rmw_implementation_cmake: 6.1.2 (/opt/ros/humble/share/rmw_implementation_cmake/cmake)
-- Found rmw_fastrtps_cpp: 6.2.7 (/opt/ros/humble/share/rmw_fastrtps_cpp/cmake)
-- Using RMW implementation 'rmw_fastrtps_cpp' as default
-- Found ament_lint_auto: 0.12.12 (/opt/ros/humble/share/ament_lint_auto/cmake)
-- Added test 'cppcheck' to perform static code analysis on C / C++ code
-- Configured cppcheck include dirs: 
-- Configured cppcheck exclude dirs and/or files: 
-- Added test 'lint_cmake' to check CMake code style
-- Added test 'uncrustify' to check C / C++ code style
-- Configured uncrustify additional arguments: 
-- Added test 'xmllint' to check XML markup files
-- Configuring done
-- Generating done
-- Build files have been written to: /home/uadmin/learning/learn3/learn3.2/build/demo_cpp_nodes
[35m[1mConsolidate compiler generated dependencies of target cpp_node[0m
[100%] Built target cpp_node
-- Install configuration: ""
-- Up-to-date: /home/uadmin/learning/learn3/learn3.2/install/demo_cpp_nodes/lib/demo_cpp_nodes/cpp_node
-- Installing: /home/uadmin/learning/learn3/learn3.2/install/demo_cpp_nodes/share/ament_index/resource_index/package_run_dependencies/demo_cpp_nodes
-- Up-to-date: /home/uadmin/learning/learn3/learn3.2/install/demo_cpp_nodes/share/ament_index/resource_index/parent_prefix_path/demo_cpp_nodes
-- Up-to-date: /home/uadmin/learning/learn3/learn3.2/install/demo_cpp_nodes/share/demo_cpp_nodes/environment/ament_prefix_path.sh
-- Installing: /home/uadmin/learning/learn3/learn3.2/install/demo_cpp_nodes/share/demo_cpp_nodes/environment/ament_prefix_path.dsv
-- Up-to-date: /home/uadmin/learning/learn3/learn3.2/install/demo_cpp_nodes/share/demo_cpp_nodes/environment/path.sh
-- Installing: /home/uadmin/learning/learn3/learn3.2/install/demo_cpp_nodes/share/demo_cpp_nodes/environment/path.dsv
-- Up-to-date: /home/uadmin/learning/learn3/learn3.2/install/demo_cpp_nodes/share/demo_cpp_nodes/local_setup.bash
-- Up-to-date: /home/uadmin/learning/learn3/learn3.2/install/demo_cpp_nodes/share/demo_cpp_nodes/local_setup.sh
-- Up-to-date: /home/uadmin/learning/learn3/learn3.2/install/demo_cpp_nodes/share/demo_cpp_nodes/local_setup.zsh
-- Installing: /home/uadmin/learning/learn3/learn3.2/install/demo_cpp_nodes/share/demo_cpp_nodes/local_setup.dsv
-- Installing: /home/uadmin/learning/learn3/learn3.2/install/demo_cpp_nodes/share/demo_cpp_nodes/package.dsv
-- Up-to-date: /home/uadmin/learning/learn3/learn3.2/install/demo_cpp_nodes/share/ament_index/resource_index/packages/demo_cpp_nodes
-- Up-to-date: /home/uadmin/learning/learn3/learn3.2/install/demo_cpp_nodes/share/demo_cpp_nodes/cmake/demo_cpp_nodesConfig.cmake
-- Up-to-date: /home/uadmin/learning/learn3/learn3.2/install/demo_cpp_nodes/share/demo_cpp_nodes/cmake/demo_cpp_nodesConfig-version.cmake
-- Installing: /home/uadmin/learning/learn3/learn3.2/install/demo_cpp_nodes/share/demo_cpp_nodes/package.xml
