[0.011s] Invoking command in '/home/uadmin/learning/learn3/learn3.2/build/demo_cpp_nodes': CMAKE_PREFIX_PATH=${CMAKE_PREFIX_PATH}:/home/uadmin/learning/learn3/learn3.1/install/demo_py_pkg_2:/opt/ros/humble /usr/bin/cmake --build /home/uadmin/learning/learn3/learn3.2/build/demo_cpp_nodes -- -j2 -l2
[0.037s] -- Found ament_cmake: 1.3.11 (/opt/ros/humble/share/ament_cmake/cmake)
[0.137s] -- Found rclcpp: 16.0.12 (/opt/ros/humble/share/rclcpp/cmake)
[0.159s] -- Found rosidl_generator_c: 3.1.6 (/opt/ros/humble/share/rosidl_generator_c/cmake)
[0.162s] -- Found rosidl_adapter: 3.1.6 (/opt/ros/humble/share/rosidl_adapter/cmake)
[0.167s] -- Found rosidl_generator_cpp: 3.1.6 (/opt/ros/humble/share/rosidl_generator_cpp/cmake)
[0.176s] -- Using all available rosidl_typesupport_c: rosidl_typesupport_fastrtps_c;rosidl_typesupport_introspection_c
[0.185s] -- Using all available rosidl_typesupport_cpp: rosidl_typesupport_fastrtps_cpp;rosidl_typesupport_introspection_cpp
[0.208s] -- Found rmw_implementation_cmake: 6.1.2 (/opt/ros/humble/share/rmw_implementation_cmake/cmake)
[0.209s] -- Found rmw_fastrtps_cpp: 6.2.7 (/opt/ros/humble/share/rmw_fastrtps_cpp/cmake)
[0.284s] -- Using RMW implementation 'rmw_fastrtps_cpp' as default
[0.317s] -- Found ament_lint_auto: 0.12.12 (/opt/ros/humble/share/ament_lint_auto/cmake)
[0.378s] -- Added test 'cppcheck' to perform static code analysis on C / C++ code
[0.378s] -- Configured cppcheck include dirs: 
[0.378s] -- Configured cppcheck exclude dirs and/or files: 
[0.380s] -- Added test 'lint_cmake' to check CMake code style
[0.385s] -- Added test 'uncrustify' to check C / C++ code style
[0.385s] -- Configured uncrustify additional arguments: 
[0.386s] -- Added test 'xmllint' to check XML markup files
[0.387s] -- Configuring done
[0.393s] -- Generating done
[0.396s] -- Build files have been written to: /home/uadmin/learning/learn3/learn3.2/build/demo_cpp_nodes
[0.427s] [35m[1mConsolidate compiler generated dependencies of target cpp_node[0m
[0.444s] [100%] Built target cpp_node
[0.456s] Invoked command in '/home/uadmin/learning/learn3/learn3.2/build/demo_cpp_nodes' returned '0': CMAKE_PREFIX_PATH=${CMAKE_PREFIX_PATH}:/home/uadmin/learning/learn3/learn3.1/install/demo_py_pkg_2:/opt/ros/humble /usr/bin/cmake --build /home/uadmin/learning/learn3/learn3.2/build/demo_cpp_nodes -- -j2 -l2
[0.465s] Invoking command in '/home/uadmin/learning/learn3/learn3.2/build/demo_cpp_nodes': CMAKE_PREFIX_PATH=${CMAKE_PREFIX_PATH}:/home/uadmin/learning/learn3/learn3.1/install/demo_py_pkg_2:/opt/ros/humble /usr/bin/cmake --install /home/uadmin/learning/learn3/learn3.2/build/demo_cpp_nodes
[0.472s] -- Install configuration: ""
[0.472s] -- Up-to-date: /home/uadmin/learning/learn3/learn3.2/install/demo_cpp_nodes/lib/demo_cpp_nodes/cpp_node
[0.472s] -- Installing: /home/uadmin/learning/learn3/learn3.2/install/demo_cpp_nodes/share/ament_index/resource_index/package_run_dependencies/demo_cpp_nodes
[0.473s] -- Up-to-date: /home/uadmin/learning/learn3/learn3.2/install/demo_cpp_nodes/share/ament_index/resource_index/parent_prefix_path/demo_cpp_nodes
[0.473s] -- Up-to-date: /home/uadmin/learning/learn3/learn3.2/install/demo_cpp_nodes/share/demo_cpp_nodes/environment/ament_prefix_path.sh
[0.473s] -- Installing: /home/uadmin/learning/learn3/learn3.2/install/demo_cpp_nodes/share/demo_cpp_nodes/environment/ament_prefix_path.dsv
[0.473s] -- Up-to-date: /home/uadmin/learning/learn3/learn3.2/install/demo_cpp_nodes/share/demo_cpp_nodes/environment/path.sh
[0.474s] -- Installing: /home/uadmin/learning/learn3/learn3.2/install/demo_cpp_nodes/share/demo_cpp_nodes/environment/path.dsv
[0.474s] -- Up-to-date: /home/uadmin/learning/learn3/learn3.2/install/demo_cpp_nodes/share/demo_cpp_nodes/local_setup.bash
[0.474s] -- Up-to-date: /home/uadmin/learning/learn3/learn3.2/install/demo_cpp_nodes/share/demo_cpp_nodes/local_setup.sh
[0.474s] -- Up-to-date: /home/uadmin/learning/learn3/learn3.2/install/demo_cpp_nodes/share/demo_cpp_nodes/local_setup.zsh
[0.474s] -- Installing: /home/uadmin/learning/learn3/learn3.2/install/demo_cpp_nodes/share/demo_cpp_nodes/local_setup.dsv
[0.475s] -- Installing: /home/uadmin/learning/learn3/learn3.2/install/demo_cpp_nodes/share/demo_cpp_nodes/package.dsv
[0.475s] -- Up-to-date: /home/uadmin/learning/learn3/learn3.2/install/demo_cpp_nodes/share/ament_index/resource_index/packages/demo_cpp_nodes
[0.475s] -- Up-to-date: /home/uadmin/learning/learn3/learn3.2/install/demo_cpp_nodes/share/demo_cpp_nodes/cmake/demo_cpp_nodesConfig.cmake
[0.475s] -- Up-to-date: /home/uadmin/learning/learn3/learn3.2/install/demo_cpp_nodes/share/demo_cpp_nodes/cmake/demo_cpp_nodesConfig-version.cmake
[0.475s] -- Installing: /home/uadmin/learning/learn3/learn3.2/install/demo_cpp_nodes/share/demo_cpp_nodes/package.xml
[0.478s] Invoked command in '/home/uadmin/learning/learn3/learn3.2/build/demo_cpp_nodes' returned '0': CMAKE_PREFIX_PATH=${CMAKE_PREFIX_PATH}:/home/uadmin/learning/learn3/learn3.1/install/demo_py_pkg_2:/opt/ros/humble /usr/bin/cmake --install /home/uadmin/learning/learn3/learn3.2/build/demo_cpp_nodes
