-- Found ament_cmake: 1.3.11 (/opt/ros/humble/share/ament_cmake/cmake)
-- Found rclcpp: 16.0.12 (/opt/ros/humble/share/rclcpp/cmake)
-- Found rosidl_generator_c: 3.1.6 (/opt/ros/humble/share/rosidl_generator_c/cmake)
-- Found rosidl_adapter: 3.1.6 (/opt/ros/humble/share/rosidl_adapter/cmake)
-- Found rosidl_generator_cpp: 3.1.6 (/opt/ros/humble/share/rosidl_generator_cpp/cmake)
-- Using all available rosidl_typesupport_c: rosidl_typesupport_fastrtps_c;rosidl_typesupport_introspection_c
-- Using all available rosidl_typesupport_cpp: rosidl_typesupport_fastrtps_cpp;rosidl_typesupport_introspection_cpp
-- Found rmw_implementation_cmake: 6.1.2 (/opt/ros/humble/share/rmw_implementation_cmake/cmake)
-- Found rmw_fastrtps_cpp: 6.2.7 (/opt/ros/humble/share/rmw_fastrtps_cpp/cmake)
-- Using RMW implementation 'rmw_fastrtps_cpp' as default
-- Found learn5_cpp_interface: 0.0.0 (/home/uadmin/learning/learn5/learn5_cpp_ws/install/learn5_cpp_interface/share/learn5_cpp_interface/cmake)
-- Found ament_lint_auto: 0.12.12 (/opt/ros/humble/share/ament_lint_auto/cmake)
-- Added test 'cppcheck' to perform static code analysis on C / C++ code
-- Configured cppcheck include dirs: 
-- Configured cppcheck exclude dirs and/or files: 
-- Added test 'lint_cmake' to check CMake code style
-- Added test 'uncrustify' to check C / C++ code style
-- Configured uncrustify additional arguments: 
-- Added test 'xmllint' to check XML markup files
-- Configuring done
-- Generating done
-- Build files have been written to: /home/uadmin/learning/learn5/learn5_cpp_ws/build/learn5_cpp_server
[ 50%] [32mBuilding CXX object CMakeFiles/learn5_cpp_server_node.dir/src/main.cpp.o[0m
[01m[K/home/uadmin/learning/learn5/learn5_cpp_ws/src/learn5_cpp_server/src/main.cpp:[m[K In lambda function:
[01m[K/home/uadmin/learning/learn5/learn5_cpp_ws/src/learn5_cpp_server/src/main.cpp:12:81:[m[K [01;35m[Kwarning: [m[Kunused parameter ‘[01m[Krequest[m[K’ [[01;35m[K]8;;https://gcc.gnu.org/onlinedocs/gcc/Warning-Options.html#index-Wunused-parameter-Wunused-parameter]8;;[m[K]
   12 |         [&]([01;35m[Kconst learn5_cpp_interface::srv::LearnInterface::Request::SharedPtr request[m[K,
      |             [01;35m[K~~~~~~~~~~~~~~~~~~~~~~~~~~~~~~~~~~~~~~~~~~~~~~~~~~~~~~~~~~~~~~~~~~~~^~~~~~~[m[K
[100%] [32m[1mLinking CXX executable learn5_cpp_server_node[0m
[100%] Built target learn5_cpp_server_node
-- Install configuration: ""
-- Installing: /home/uadmin/learning/learn5/learn5_cpp_ws/install/learn5_cpp_server/lib/learn5_cpp_server/learn5_cpp_server_node
-- Set runtime path of "/home/uadmin/learning/learn5/learn5_cpp_ws/install/learn5_cpp_server/lib/learn5_cpp_server/learn5_cpp_server_node" to ""
-- Installing: /home/uadmin/learning/learn5/learn5_cpp_ws/install/learn5_cpp_server/share/ament_index/resource_index/package_run_dependencies/learn5_cpp_server
-- Installing: /home/uadmin/learning/learn5/learn5_cpp_ws/install/learn5_cpp_server/share/ament_index/resource_index/parent_prefix_path/learn5_cpp_server
-- Installing: /home/uadmin/learning/learn5/learn5_cpp_ws/install/learn5_cpp_server/share/learn5_cpp_server/environment/ament_prefix_path.sh
-- Installing: /home/uadmin/learning/learn5/learn5_cpp_ws/install/learn5_cpp_server/share/learn5_cpp_server/environment/ament_prefix_path.dsv
-- Installing: /home/uadmin/learning/learn5/learn5_cpp_ws/install/learn5_cpp_server/share/learn5_cpp_server/environment/path.sh
-- Installing: /home/uadmin/learning/learn5/learn5_cpp_ws/install/learn5_cpp_server/share/learn5_cpp_server/environment/path.dsv
-- Installing: /home/uadmin/learning/learn5/learn5_cpp_ws/install/learn5_cpp_server/share/learn5_cpp_server/local_setup.bash
-- Installing: /home/uadmin/learning/learn5/learn5_cpp_ws/install/learn5_cpp_server/share/learn5_cpp_server/local_setup.sh
-- Installing: /home/uadmin/learning/learn5/learn5_cpp_ws/install/learn5_cpp_server/share/learn5_cpp_server/local_setup.zsh
-- Installing: /home/uadmin/learning/learn5/learn5_cpp_ws/install/learn5_cpp_server/share/learn5_cpp_server/local_setup.dsv
-- Installing: /home/uadmin/learning/learn5/learn5_cpp_ws/install/learn5_cpp_server/share/learn5_cpp_server/package.dsv
-- Installing: /home/uadmin/learning/learn5/learn5_cpp_ws/install/learn5_cpp_server/share/ament_index/resource_index/packages/learn5_cpp_server
-- Installing: /home/uadmin/learning/learn5/learn5_cpp_ws/install/learn5_cpp_server/share/learn5_cpp_server/cmake/learn5_cpp_serverConfig.cmake
-- Installing: /home/uadmin/learning/learn5/learn5_cpp_ws/install/learn5_cpp_server/share/learn5_cpp_server/cmake/learn5_cpp_serverConfig-version.cmake
-- Installing: /home/uadmin/learning/learn5/learn5_cpp_ws/install/learn5_cpp_server/share/learn5_cpp_server/package.xml
