[0.018s] Invoking command in '/home/uadmin/learning/learn5/learn5_cpp_ws/build/learn5_cpp_server': CMAKE_PREFIX_PATH=${CMAKE_PREFIX_PATH}:/opt/ros/humble /usr/bin/cmake /home/uadmin/learning/learn5/learn5_cpp_ws/src/learn5_cpp_server -DCMAKE_INSTALL_PREFIX=/home/uadmin/learning/learn5/learn5_cpp_ws/install/learn5_cpp_server
[0.030s] -- Found ament_cmake: 1.3.11 (/opt/ros/humble/share/ament_cmake/cmake)
[0.156s] -- Found rclcpp: 16.0.12 (/opt/ros/humble/share/rclcpp/cmake)
[0.181s] -- Found rosidl_generator_c: 3.1.6 (/opt/ros/humble/share/rosidl_generator_c/cmake)
[0.182s] -- Found rosidl_adapter: 3.1.6 (/opt/ros/humble/share/rosidl_adapter/cmake)
[0.187s] -- Found rosidl_generator_cpp: 3.1.6 (/opt/ros/humble/share/rosidl_generator_cpp/cmake)
[0.195s] -- Using all available rosidl_typesupport_c: rosidl_typesupport_fastrtps_c;rosidl_typesupport_introspection_c
[0.205s] -- Using all available rosidl_typesupport_cpp: rosidl_typesupport_fastrtps_cpp;rosidl_typesupport_introspection_cpp
[0.229s] -- Found rmw_implementation_cmake: 6.1.2 (/opt/ros/humble/share/rmw_implementation_cmake/cmake)
[0.230s] -- Found rmw_fastrtps_cpp: 6.2.7 (/opt/ros/humble/share/rmw_fastrtps_cpp/cmake)
[0.308s] -- Using RMW implementation 'rmw_fastrtps_cpp' as default
[0.342s] -- Found learn5_cpp_interface: 0.0.0 (/home/uadmin/learning/learn5/learn5_cpp_ws/install/learn5_cpp_interface/share/learn5_cpp_interface/cmake)
[0.352s] -- Found ament_lint_auto: 0.12.12 (/opt/ros/humble/share/ament_lint_auto/cmake)
[0.406s] -- Added test 'cppcheck' to perform static code analysis on C / C++ code
[0.406s] -- Configured cppcheck include dirs: 
[0.406s] -- Configured cppcheck exclude dirs and/or files: 
[0.408s] -- Added test 'lint_cmake' to check CMake code style
[0.409s] -- Added test 'uncrustify' to check C / C++ code style
[0.409s] -- Configured uncrustify additional arguments: 
[0.409s] -- Added test 'xmllint' to check XML markup files
[0.409s] -- Configuring done
[0.419s] -- Generating done
[0.420s] -- Build files have been written to: /home/uadmin/learning/learn5/learn5_cpp_ws/build/learn5_cpp_server
[0.428s] Invoked command in '/home/uadmin/learning/learn5/learn5_cpp_ws/build/learn5_cpp_server' returned '0': CMAKE_PREFIX_PATH=${CMAKE_PREFIX_PATH}:/opt/ros/humble /usr/bin/cmake /home/uadmin/learning/learn5/learn5_cpp_ws/src/learn5_cpp_server -DCMAKE_INSTALL_PREFIX=/home/uadmin/learning/learn5/learn5_cpp_ws/install/learn5_cpp_server
[0.432s] Invoking command in '/home/uadmin/learning/learn5/learn5_cpp_ws/build/learn5_cpp_server': CMAKE_PREFIX_PATH=${CMAKE_PREFIX_PATH}:/opt/ros/humble /usr/bin/cmake --build /home/uadmin/learning/learn5/learn5_cpp_ws/build/learn5_cpp_server -- -j2 -l2
[0.475s] [ 50%] [32mBuilding CXX object CMakeFiles/learn5_cpp_server_node.dir/src/main.cpp.o[0m
[2.339s] [01m[K/home/uadmin/learning/learn5/learn5_cpp_ws/src/learn5_cpp_server/src/main.cpp:[m[K In lambda function:
[2.339s] [01m[K/home/uadmin/learning/learn5/learn5_cpp_ws/src/learn5_cpp_server/src/main.cpp:12:81:[m[K [01;35m[Kwarning: [m[Kunused parameter ‘[01m[Krequest[m[K’ [[01;35m[K]8;;https://gcc.gnu.org/onlinedocs/gcc/Warning-Options.html#index-Wunused-parameter-Wunused-parameter]8;;[m[K]
[2.339s]    12 |         [&]([01;35m[Kconst learn5_cpp_interface::srv::LearnInterface::Request::SharedPtr request[m[K,
[2.339s]       |             [01;35m[K~~~~~~~~~~~~~~~~~~~~~~~~~~~~~~~~~~~~~~~~~~~~~~~~~~~~~~~~~~~~~~~~~~~~^~~~~~~[m[K
[3.090s] [100%] [32m[1mLinking CXX executable learn5_cpp_server_node[0m
[3.248s] [100%] Built target learn5_cpp_server_node
[3.262s] Invoked command in '/home/uadmin/learning/learn5/learn5_cpp_ws/build/learn5_cpp_server' returned '0': CMAKE_PREFIX_PATH=${CMAKE_PREFIX_PATH}:/opt/ros/humble /usr/bin/cmake --build /home/uadmin/learning/learn5/learn5_cpp_ws/build/learn5_cpp_server -- -j2 -l2
[3.263s] Invoking command in '/home/uadmin/learning/learn5/learn5_cpp_ws/build/learn5_cpp_server': CMAKE_PREFIX_PATH=${CMAKE_PREFIX_PATH}:/opt/ros/humble /usr/bin/cmake --install /home/uadmin/learning/learn5/learn5_cpp_ws/build/learn5_cpp_server
[3.272s] -- Install configuration: ""
[3.272s] -- Installing: /home/uadmin/learning/learn5/learn5_cpp_ws/install/learn5_cpp_server/lib/learn5_cpp_server/learn5_cpp_server_node
[3.272s] -- Set runtime path of "/home/uadmin/learning/learn5/learn5_cpp_ws/install/learn5_cpp_server/lib/learn5_cpp_server/learn5_cpp_server_node" to ""
[3.273s] -- Installing: /home/uadmin/learning/learn5/learn5_cpp_ws/install/learn5_cpp_server/share/ament_index/resource_index/package_run_dependencies/learn5_cpp_server
[3.273s] -- Installing: /home/uadmin/learning/learn5/learn5_cpp_ws/install/learn5_cpp_server/share/ament_index/resource_index/parent_prefix_path/learn5_cpp_server
[3.273s] -- Installing: /home/uadmin/learning/learn5/learn5_cpp_ws/install/learn5_cpp_server/share/learn5_cpp_server/environment/ament_prefix_path.sh
[3.273s] -- Installing: /home/uadmin/learning/learn5/learn5_cpp_ws/install/learn5_cpp_server/share/learn5_cpp_server/environment/ament_prefix_path.dsv
[3.275s] -- Installing: /home/uadmin/learning/learn5/learn5_cpp_ws/install/learn5_cpp_server/share/learn5_cpp_server/environment/path.sh
[3.275s] -- Installing: /home/uadmin/learning/learn5/learn5_cpp_ws/install/learn5_cpp_server/share/learn5_cpp_server/environment/path.dsv
[3.275s] -- Installing: /home/uadmin/learning/learn5/learn5_cpp_ws/install/learn5_cpp_server/share/learn5_cpp_server/local_setup.bash
[3.275s] -- Installing: /home/uadmin/learning/learn5/learn5_cpp_ws/install/learn5_cpp_server/share/learn5_cpp_server/local_setup.sh
[3.276s] -- Installing: /home/uadmin/learning/learn5/learn5_cpp_ws/install/learn5_cpp_server/share/learn5_cpp_server/local_setup.zsh
[3.276s] -- Installing: /home/uadmin/learning/learn5/learn5_cpp_ws/install/learn5_cpp_server/share/learn5_cpp_server/local_setup.dsv
[3.276s] -- Installing: /home/uadmin/learning/learn5/learn5_cpp_ws/install/learn5_cpp_server/share/learn5_cpp_server/package.dsv
[3.276s] -- Installing: /home/uadmin/learning/learn5/learn5_cpp_ws/install/learn5_cpp_server/share/ament_index/resource_index/packages/learn5_cpp_server
[3.276s] -- Installing: /home/uadmin/learning/learn5/learn5_cpp_ws/install/learn5_cpp_server/share/learn5_cpp_server/cmake/learn5_cpp_serverConfig.cmake
[3.277s] -- Installing: /home/uadmin/learning/learn5/learn5_cpp_ws/install/learn5_cpp_server/share/learn5_cpp_server/cmake/learn5_cpp_serverConfig-version.cmake
[3.277s] -- Installing: /home/uadmin/learning/learn5/learn5_cpp_ws/install/learn5_cpp_server/share/learn5_cpp_server/package.xml
[3.281s] Invoked command in '/home/uadmin/learning/learn5/learn5_cpp_ws/build/learn5_cpp_server' returned '0': CMAKE_PREFIX_PATH=${CMAKE_PREFIX_PATH}:/opt/ros/humble /usr/bin/cmake --install /home/uadmin/learning/learn5/learn5_cpp_ws/build/learn5_cpp_server
