[0.013s] Invoking command in '/home/uadmin/learning/learn5/learn5_cpp_ws/build/learn5_cpp_interface': CMAKE_PREFIX_PATH=/opt/ros/humble /usr/bin/cmake --build /home/uadmin/learning/learn5/learn5_cpp_ws/build/learn5_cpp_interface -- -j2 -l2
[0.033s] -- Found ament_cmake: 1.3.11 (/opt/ros/humble/share/ament_cmake/cmake)
[0.138s] -- Found rosidl_default_generators: 1.2.0 (/opt/ros/humble/share/rosidl_default_generators/cmake)
[0.139s] -- Using all available rosidl_typesupport_c: rosidl_typesupport_fastrtps_c;rosidl_typesupport_introspection_c
[0.142s] -- Found rosidl_adapter: 3.1.6 (/opt/ros/humble/share/rosidl_adapter/cmake)
[0.168s] -- Using all available rosidl_typesupport_cpp: rosidl_typesupport_fastrtps_cpp;rosidl_typesupport_introspection_cpp
[0.383s] -- Found ament_cmake_ros: 0.10.0 (/opt/ros/humble/share/ament_cmake_ros/cmake)
[0.540s] -- Using all available rosidl_typesupport_c: rosidl_typesupport_fastrtps_c;rosidl_typesupport_introspection_c
[0.734s] -- Using all available rosidl_typesupport_cpp: rosidl_typesupport_fastrtps_cpp;rosidl_typesupport_introspection_cpp
[0.753s] -- Found python_cmake_module: 0.10.0 (/opt/ros/humble/share/python_cmake_module/cmake)
[0.771s] -- Using PYTHON_EXECUTABLE: /usr/bin/python3
[0.771s] -- Using PYTHON_INCLUDE_DIRS: /usr/include/python3.10
[0.771s] -- Using PYTHON_LIBRARIES: /usr/lib/x86_64-linux-gnu/libpython3.10.so
[0.779s] -- Found ament_lint_auto: 0.12.12 (/opt/ros/humble/share/ament_lint_auto/cmake)
[0.785s] -- Added test 'lint_cmake' to check CMake code style
[0.786s] -- Added test 'xmllint' to check XML markup files
[0.787s] -- Configuring done
[0.815s] -- Generating done
[0.839s] -- Build files have been written to: /home/uadmin/learning/learn5/learn5_cpp_ws/build/learn5_cpp_interface
[0.944s] [  3%] [34m[1mGenerating C++ code for ROS interfaces[0m
[1.048s] [  6%] [34m[1mGenerating C code for ROS interfaces[0m
[1.728s] [  6%] Built target learn5_cpp_interface__cpp
[1.768s] [35m[1mConsolidate compiler generated dependencies of target learn5_cpp_interface__rosidl_generator_c[0m
[1.788s] [  6%] Built target ament_cmake_python_copy_learn5_cpp_interface
[1.793s] [  9%] [32mBuilding C object CMakeFiles/learn5_cpp_interface__rosidl_generator_c.dir/rosidl_generator_c/learn5_cpp_interface/srv/detail/learn_interface__functions.c.o[0m
[1.811s] [ 12%] [34m[1mGenerating C++ type support dispatch for ROS interfaces[0m
[1.861s] [ 16%] [32m[1mLinking C shared library liblearn5_cpp_interface__rosidl_generator_c.so[0m
[1.911s] [ 16%] Built target learn5_cpp_interface__rosidl_generator_c
[1.922s] [ 19%] [34m[1mGenerating C++ type support for eProsima Fast-RTPS[0m
[2.008s] [35m[1mConsolidate compiler generated dependencies of target learn5_cpp_interface__rosidl_typesupport_cpp[0m
[2.023s] [ 22%] [32mBuilding CXX object CMakeFiles/learn5_cpp_interface__rosidl_typesupport_cpp.dir/rosidl_typesupport_cpp/learn5_cpp_interface/srv/learn_interface__type_support.cpp.o[0m
[2.139s] [35m[1mConsolidate compiler generated dependencies of target learn5_cpp_interface__rosidl_typesupport_fastrtps_cpp[0m
[2.153s] [ 25%] [32mBuilding CXX object CMakeFiles/learn5_cpp_interface__rosidl_typesupport_fastrtps_cpp.dir/rosidl_typesupport_fastrtps_cpp/learn5_cpp_interface/srv/detail/dds_fastrtps/learn_interface__type_support.cpp.o[0m
[2.245s] [ 29%] [32m[1mLinking CXX shared library liblearn5_cpp_interface__rosidl_typesupport_cpp.so[0m
[2.286s] [ 29%] Built target learn5_cpp_interface__rosidl_typesupport_cpp
[2.303s] [ 32%] [34m[1mGenerating C++ introspection for ROS interfaces[0m
[2.488s] [35m[1mConsolidate compiler generated dependencies of target learn5_cpp_interface__rosidl_typesupport_introspection_cpp[0m
[2.505s] [ 35%] [32mBuilding CXX object CMakeFiles/learn5_cpp_interface__rosidl_typesupport_introspection_cpp.dir/rosidl_typesupport_introspection_cpp/learn5_cpp_interface/srv/detail/learn_interface__type_support.cpp.o[0m
[2.592s] [ 38%] [32m[1mLinking CXX shared library liblearn5_cpp_interface__rosidl_typesupport_fastrtps_cpp.so[0m
[2.670s] [ 38%] Built target learn5_cpp_interface__rosidl_typesupport_fastrtps_cpp
[2.895s] [ 41%] [32m[1mLinking CXX shared library liblearn5_cpp_interface__rosidl_typesupport_introspection_cpp.so[0m
[2.972s] running egg_info
[2.973s] writing learn5_cpp_interface.egg-info/PKG-INFO
[2.973s] writing dependency_links to learn5_cpp_interface.egg-info/dependency_links.txt
[2.974s] [ 41%] Built target learn5_cpp_interface__rosidl_typesupport_introspection_cpp
[2.974s] writing top-level names to learn5_cpp_interface.egg-info/top_level.txt
[2.976s] reading manifest file 'learn5_cpp_interface.egg-info/SOURCES.txt'
[2.977s] writing manifest file 'learn5_cpp_interface.egg-info/SOURCES.txt'
[2.989s] [ 45%] [34m[1mGenerating C type support for eProsima Fast-RTPS[0m
[3.017s] [ 45%] Built target ament_cmake_python_build_learn5_cpp_interface_egg
[3.031s] [ 48%] [34m[1mGenerating C introspection for ROS interfaces[0m
[3.272s] [35m[1mConsolidate compiler generated dependencies of target learn5_cpp_interface__rosidl_typesupport_fastrtps_c[0m
[3.293s] [ 51%] [32mBuilding CXX object CMakeFiles/learn5_cpp_interface__rosidl_typesupport_fastrtps_c.dir/rosidl_typesupport_fastrtps_c/learn5_cpp_interface/srv/detail/learn_interface__type_support_c.cpp.o[0m
[3.372s] [35m[1mConsolidate compiler generated dependencies of target learn5_cpp_interface__rosidl_typesupport_introspection_c[0m
[3.380s] [ 54%] [32mBuilding C object CMakeFiles/learn5_cpp_interface__rosidl_typesupport_introspection_c.dir/rosidl_typesupport_introspection_c/learn5_cpp_interface/srv/detail/learn_interface__type_support.c.o[0m
[3.436s] [ 58%] [32m[1mLinking C shared library liblearn5_cpp_interface__rosidl_typesupport_introspection_c.so[0m
[3.464s] [ 58%] Built target learn5_cpp_interface__rosidl_typesupport_introspection_c
[3.473s] [ 61%] [34m[1mGenerating C type support dispatch for ROS interfaces[0m
[3.615s] [ 64%] [32m[1mLinking CXX shared library liblearn5_cpp_interface__rosidl_typesupport_fastrtps_c.so[0m
[3.657s] [35m[1mConsolidate compiler generated dependencies of target learn5_cpp_interface__rosidl_typesupport_c[0m
[3.665s] [ 67%] [32mBuilding CXX object CMakeFiles/learn5_cpp_interface__rosidl_typesupport_c.dir/rosidl_typesupport_c/learn5_cpp_interface/srv/learn_interface__type_support.cpp.o[0m
[3.686s] [ 67%] Built target learn5_cpp_interface__rosidl_typesupport_fastrtps_c
[3.698s] [ 70%] [32m[1mLinking CXX shared library liblearn5_cpp_interface__rosidl_typesupport_c.so[0m
[3.740s] [ 70%] Built target learn5_cpp_interface__rosidl_typesupport_c
[3.758s] [ 70%] Built target learn5_cpp_interface
[3.775s] [ 74%] [34m[1mGenerating Python code for ROS interfaces[0m
[4.054s] [ 74%] Built target learn5_cpp_interface__py
[4.063s] [35m[1mConsolidate compiler generated dependencies of target learn5_cpp_interface__rosidl_generator_py[0m
[4.078s] [ 77%] [32mBuilding C object CMakeFiles/learn5_cpp_interface__rosidl_generator_py.dir/rosidl_generator_py/learn5_cpp_interface/srv/_learn_interface_s.c.o[0m
[4.166s] [ 80%] [32m[1mLinking C shared library rosidl_generator_py/learn5_cpp_interface/liblearn5_cpp_interface__rosidl_generator_py.so[0m
[4.211s] [ 80%] Built target learn5_cpp_interface__rosidl_generator_py
[4.225s] [35m[1mConsolidate compiler generated dependencies of target learn5_cpp_interface__rosidl_typesupport_introspection_c__pyext[0m
[4.225s] [35m[1mConsolidate compiler generated dependencies of target learn5_cpp_interface__rosidl_typesupport_fastrtps_c__pyext[0m
[4.238s] [ 83%] [32mBuilding C object CMakeFiles/learn5_cpp_interface__rosidl_typesupport_fastrtps_c__pyext.dir/rosidl_generator_py/learn5_cpp_interface/_learn5_cpp_interface_s.ep.rosidl_typesupport_fastrtps_c.c.o[0m
[4.240s] [ 87%] [32mBuilding C object CMakeFiles/learn5_cpp_interface__rosidl_typesupport_introspection_c__pyext.dir/rosidl_generator_py/learn5_cpp_interface/_learn5_cpp_interface_s.ep.rosidl_typesupport_introspection_c.c.o[0m
[4.338s] [ 90%] [32m[1mLinking C shared library rosidl_generator_py/learn5_cpp_interface/learn5_cpp_interface_s__rosidl_typesupport_fastrtps_c.cpython-310-x86_64-linux-gnu.so[0m
[4.342s] [ 93%] [32m[1mLinking C shared library rosidl_generator_py/learn5_cpp_interface/learn5_cpp_interface_s__rosidl_typesupport_introspection_c.cpython-310-x86_64-linux-gnu.so[0m
[4.374s] [ 93%] Built target learn5_cpp_interface__rosidl_typesupport_fastrtps_c__pyext
[4.376s] [ 93%] Built target learn5_cpp_interface__rosidl_typesupport_introspection_c__pyext
[4.385s] [35m[1mConsolidate compiler generated dependencies of target learn5_cpp_interface__rosidl_typesupport_c__pyext[0m
[4.399s] [ 96%] [32mBuilding C object CMakeFiles/learn5_cpp_interface__rosidl_typesupport_c__pyext.dir/rosidl_generator_py/learn5_cpp_interface/_learn5_cpp_interface_s.ep.rosidl_typesupport_c.c.o[0m
[4.497s] [100%] [32m[1mLinking C shared library rosidl_generator_py/learn5_cpp_interface/learn5_cpp_interface_s__rosidl_typesupport_c.cpython-310-x86_64-linux-gnu.so[0m
[4.539s] [100%] Built target learn5_cpp_interface__rosidl_typesupport_c__pyext
[4.557s] Invoked command in '/home/uadmin/learning/learn5/learn5_cpp_ws/build/learn5_cpp_interface' returned '0': CMAKE_PREFIX_PATH=/opt/ros/humble /usr/bin/cmake --build /home/uadmin/learning/learn5/learn5_cpp_ws/build/learn5_cpp_interface -- -j2 -l2
[4.571s] Invoking command in '/home/uadmin/learning/learn5/learn5_cpp_ws/build/learn5_cpp_interface': CMAKE_PREFIX_PATH=/opt/ros/humble /usr/bin/cmake --install /home/uadmin/learning/learn5/learn5_cpp_ws/build/learn5_cpp_interface
[4.577s] -- Install configuration: ""
[4.577s] -- Up-to-date: /home/uadmin/learning/learn5/learn5_cpp_ws/install/learn5_cpp_interface/share/ament_index/resource_index/rosidl_interfaces/learn5_cpp_interface
[4.577s] -- Up-to-date: /home/uadmin/learning/learn5/learn5_cpp_ws/install/learn5_cpp_interface/include/learn5_cpp_interface/learn5_cpp_interface
[4.577s] -- Up-to-date: /home/uadmin/learning/learn5/learn5_cpp_ws/install/learn5_cpp_interface/include/learn5_cpp_interface/learn5_cpp_interface/srv
[4.578s] -- Installing: /home/uadmin/learning/learn5/learn5_cpp_ws/install/learn5_cpp_interface/include/learn5_cpp_interface/learn5_cpp_interface/srv/learn_interface.h
[4.578s] -- Up-to-date: /home/uadmin/learning/learn5/learn5_cpp_ws/install/learn5_cpp_interface/include/learn5_cpp_interface/learn5_cpp_interface/srv/detail
[4.578s] -- Installing: /home/uadmin/learning/learn5/learn5_cpp_ws/install/learn5_cpp_interface/include/learn5_cpp_interface/learn5_cpp_interface/srv/detail/learn_interface__functions.c
[4.578s] -- Installing: /home/uadmin/learning/learn5/learn5_cpp_ws/install/learn5_cpp_interface/include/learn5_cpp_interface/learn5_cpp_interface/srv/detail/learn_interface__functions.h
[4.579s] -- Installing: /home/uadmin/learning/learn5/learn5_cpp_ws/install/learn5_cpp_interface/include/learn5_cpp_interface/learn5_cpp_interface/srv/detail/learn_interface__struct.h
[4.579s] -- Installing: /home/uadmin/learning/learn5/learn5_cpp_ws/install/learn5_cpp_interface/include/learn5_cpp_interface/learn5_cpp_interface/srv/detail/learn_interface__type_support.h
[4.579s] -- Up-to-date: /home/uadmin/learning/learn5/learn5_cpp_ws/install/learn5_cpp_interface/include/learn5_cpp_interface/learn5_cpp_interface/msg
[4.580s] -- Up-to-date: /home/uadmin/learning/learn5/learn5_cpp_ws/install/learn5_cpp_interface/include/learn5_cpp_interface/learn5_cpp_interface/msg/rosidl_generator_c__visibility_control.h
[4.580s] -- Up-to-date: /home/uadmin/learning/learn5/learn5_cpp_ws/install/learn5_cpp_interface/share/learn5_cpp_interface/environment/library_path.sh
[4.580s] -- Installing: /home/uadmin/learning/learn5/learn5_cpp_ws/install/learn5_cpp_interface/share/learn5_cpp_interface/environment/library_path.dsv
[4.580s] -- Installing: /home/uadmin/learning/learn5/learn5_cpp_ws/install/learn5_cpp_interface/lib/liblearn5_cpp_interface__rosidl_generator_c.so
[4.580s] -- Set runtime path of "/home/uadmin/learning/learn5/learn5_cpp_ws/install/learn5_cpp_interface/lib/liblearn5_cpp_interface__rosidl_generator_c.so" to ""
[4.580s] -- Up-to-date: /home/uadmin/learning/learn5/learn5_cpp_ws/install/learn5_cpp_interface/include/learn5_cpp_interface/learn5_cpp_interface
[4.580s] -- Up-to-date: /home/uadmin/learning/learn5/learn5_cpp_ws/install/learn5_cpp_interface/include/learn5_cpp_interface/learn5_cpp_interface/srv
[4.581s] -- Up-to-date: /home/uadmin/learning/learn5/learn5_cpp_ws/install/learn5_cpp_interface/include/learn5_cpp_interface/learn5_cpp_interface/srv/detail
[4.582s] -- Installing: /home/uadmin/learning/learn5/learn5_cpp_ws/install/learn5_cpp_interface/include/learn5_cpp_interface/learn5_cpp_interface/srv/detail/learn_interface__rosidl_typesupport_fastrtps_c.h
[4.582s] -- Up-to-date: /home/uadmin/learning/learn5/learn5_cpp_ws/install/learn5_cpp_interface/include/learn5_cpp_interface/learn5_cpp_interface/msg
[4.582s] -- Up-to-date: /home/uadmin/learning/learn5/learn5_cpp_ws/install/learn5_cpp_interface/include/learn5_cpp_interface/learn5_cpp_interface/msg/rosidl_typesupport_fastrtps_c__visibility_control.h
[4.582s] -- Installing: /home/uadmin/learning/learn5/learn5_cpp_ws/install/learn5_cpp_interface/lib/liblearn5_cpp_interface__rosidl_typesupport_fastrtps_c.so
[4.582s] -- Set runtime path of "/home/uadmin/learning/learn5/learn5_cpp_ws/install/learn5_cpp_interface/lib/liblearn5_cpp_interface__rosidl_typesupport_fastrtps_c.so" to ""
[4.582s] -- Up-to-date: /home/uadmin/learning/learn5/learn5_cpp_ws/install/learn5_cpp_interface/include/learn5_cpp_interface/learn5_cpp_interface
[4.582s] -- Up-to-date: /home/uadmin/learning/learn5/learn5_cpp_ws/install/learn5_cpp_interface/include/learn5_cpp_interface/learn5_cpp_interface/srv
[4.583s] -- Up-to-date: /home/uadmin/learning/learn5/learn5_cpp_ws/install/learn5_cpp_interface/include/learn5_cpp_interface/learn5_cpp_interface/srv/detail
[4.583s] -- Installing: /home/uadmin/learning/learn5/learn5_cpp_ws/install/learn5_cpp_interface/include/learn5_cpp_interface/learn5_cpp_interface/srv/detail/learn_interface__type_support.c
[4.583s] -- Installing: /home/uadmin/learning/learn5/learn5_cpp_ws/install/learn5_cpp_interface/include/learn5_cpp_interface/learn5_cpp_interface/srv/detail/learn_interface__rosidl_typesupport_introspection_c.h
[4.583s] -- Up-to-date: /home/uadmin/learning/learn5/learn5_cpp_ws/install/learn5_cpp_interface/include/learn5_cpp_interface/learn5_cpp_interface/msg
[4.584s] -- Up-to-date: /home/uadmin/learning/learn5/learn5_cpp_ws/install/learn5_cpp_interface/include/learn5_cpp_interface/learn5_cpp_interface/msg/rosidl_typesupport_introspection_c__visibility_control.h
[4.584s] -- Installing: /home/uadmin/learning/learn5/learn5_cpp_ws/install/learn5_cpp_interface/lib/liblearn5_cpp_interface__rosidl_typesupport_introspection_c.so
[4.584s] -- Set runtime path of "/home/uadmin/learning/learn5/learn5_cpp_ws/install/learn5_cpp_interface/lib/liblearn5_cpp_interface__rosidl_typesupport_introspection_c.so" to ""
[4.585s] -- Installing: /home/uadmin/learning/learn5/learn5_cpp_ws/install/learn5_cpp_interface/lib/liblearn5_cpp_interface__rosidl_typesupport_c.so
[4.585s] -- Set runtime path of "/home/uadmin/learning/learn5/learn5_cpp_ws/install/learn5_cpp_interface/lib/liblearn5_cpp_interface__rosidl_typesupport_c.so" to ""
[4.585s] -- Up-to-date: /home/uadmin/learning/learn5/learn5_cpp_ws/install/learn5_cpp_interface/include/learn5_cpp_interface/learn5_cpp_interface
[4.585s] -- Up-to-date: /home/uadmin/learning/learn5/learn5_cpp_ws/install/learn5_cpp_interface/include/learn5_cpp_interface/learn5_cpp_interface/srv
[4.585s] -- Installing: /home/uadmin/learning/learn5/learn5_cpp_ws/install/learn5_cpp_interface/include/learn5_cpp_interface/learn5_cpp_interface/srv/learn_interface.hpp
[4.586s] -- Up-to-date: /home/uadmin/learning/learn5/learn5_cpp_ws/install/learn5_cpp_interface/include/learn5_cpp_interface/learn5_cpp_interface/srv/detail
[4.586s] -- Installing: /home/uadmin/learning/learn5/learn5_cpp_ws/install/learn5_cpp_interface/include/learn5_cpp_interface/learn5_cpp_interface/srv/detail/learn_interface__struct.hpp
[4.586s] -- Installing: /home/uadmin/learning/learn5/learn5_cpp_ws/install/learn5_cpp_interface/include/learn5_cpp_interface/learn5_cpp_interface/srv/detail/learn_interface__traits.hpp
[4.586s] -- Installing: /home/uadmin/learning/learn5/learn5_cpp_ws/install/learn5_cpp_interface/include/learn5_cpp_interface/learn5_cpp_interface/srv/detail/learn_interface__builder.hpp
[4.586s] -- Installing: /home/uadmin/learning/learn5/learn5_cpp_ws/install/learn5_cpp_interface/include/learn5_cpp_interface/learn5_cpp_interface/srv/detail/learn_interface__type_support.hpp
[4.586s] -- Up-to-date: /home/uadmin/learning/learn5/learn5_cpp_ws/install/learn5_cpp_interface/include/learn5_cpp_interface/learn5_cpp_interface/msg
[4.586s] -- Up-to-date: /home/uadmin/learning/learn5/learn5_cpp_ws/install/learn5_cpp_interface/include/learn5_cpp_interface/learn5_cpp_interface/msg/rosidl_generator_cpp__visibility_control.hpp
[4.586s] -- Up-to-date: /home/uadmin/learning/learn5/learn5_cpp_ws/install/learn5_cpp_interface/include/learn5_cpp_interface/learn5_cpp_interface
[4.587s] -- Up-to-date: /home/uadmin/learning/learn5/learn5_cpp_ws/install/learn5_cpp_interface/include/learn5_cpp_interface/learn5_cpp_interface/srv
[4.588s] -- Up-to-date: /home/uadmin/learning/learn5/learn5_cpp_ws/install/learn5_cpp_interface/include/learn5_cpp_interface/learn5_cpp_interface/srv/detail
[4.588s] -- Up-to-date: /home/uadmin/learning/learn5/learn5_cpp_ws/install/learn5_cpp_interface/include/learn5_cpp_interface/learn5_cpp_interface/srv/detail/dds_fastrtps
[4.588s] -- Installing: /home/uadmin/learning/learn5/learn5_cpp_ws/install/learn5_cpp_interface/include/learn5_cpp_interface/learn5_cpp_interface/srv/detail/learn_interface__rosidl_typesupport_fastrtps_cpp.hpp
[4.588s] -- Up-to-date: /home/uadmin/learning/learn5/learn5_cpp_ws/install/learn5_cpp_interface/include/learn5_cpp_interface/learn5_cpp_interface/msg
[4.588s] -- Up-to-date: /home/uadmin/learning/learn5/learn5_cpp_ws/install/learn5_cpp_interface/include/learn5_cpp_interface/learn5_cpp_interface/msg/rosidl_typesupport_fastrtps_cpp__visibility_control.h
[4.588s] -- Installing: /home/uadmin/learning/learn5/learn5_cpp_ws/install/learn5_cpp_interface/lib/liblearn5_cpp_interface__rosidl_typesupport_fastrtps_cpp.so
[4.588s] -- Set runtime path of "/home/uadmin/learning/learn5/learn5_cpp_ws/install/learn5_cpp_interface/lib/liblearn5_cpp_interface__rosidl_typesupport_fastrtps_cpp.so" to ""
[4.588s] -- Up-to-date: /home/uadmin/learning/learn5/learn5_cpp_ws/install/learn5_cpp_interface/include/learn5_cpp_interface/learn5_cpp_interface
[4.588s] -- Up-to-date: /home/uadmin/learning/learn5/learn5_cpp_ws/install/learn5_cpp_interface/include/learn5_cpp_interface/learn5_cpp_interface/srv
[4.588s] -- Up-to-date: /home/uadmin/learning/learn5/learn5_cpp_ws/install/learn5_cpp_interface/include/learn5_cpp_interface/learn5_cpp_interface/srv/detail
[4.588s] -- Installing: /home/uadmin/learning/learn5/learn5_cpp_ws/install/learn5_cpp_interface/include/learn5_cpp_interface/learn5_cpp_interface/srv/detail/learn_interface__rosidl_typesupport_introspection_cpp.hpp
[4.589s] -- Installing: /home/uadmin/learning/learn5/learn5_cpp_ws/install/learn5_cpp_interface/include/learn5_cpp_interface/learn5_cpp_interface/srv/detail/learn_interface__type_support.cpp
[4.589s] -- Installing: /home/uadmin/learning/learn5/learn5_cpp_ws/install/learn5_cpp_interface/lib/liblearn5_cpp_interface__rosidl_typesupport_introspection_cpp.so
[4.589s] -- Set runtime path of "/home/uadmin/learning/learn5/learn5_cpp_ws/install/learn5_cpp_interface/lib/liblearn5_cpp_interface__rosidl_typesupport_introspection_cpp.so" to ""
[4.589s] -- Installing: /home/uadmin/learning/learn5/learn5_cpp_ws/install/learn5_cpp_interface/lib/liblearn5_cpp_interface__rosidl_typesupport_cpp.so
[4.589s] -- Set runtime path of "/home/uadmin/learning/learn5/learn5_cpp_ws/install/learn5_cpp_interface/lib/liblearn5_cpp_interface__rosidl_typesupport_cpp.so" to ""
[4.589s] -- Up-to-date: /home/uadmin/learning/learn5/learn5_cpp_ws/install/learn5_cpp_interface/share/learn5_cpp_interface/environment/pythonpath.sh
[4.593s] -- Installing: /home/uadmin/learning/learn5/learn5_cpp_ws/install/learn5_cpp_interface/share/learn5_cpp_interface/environment/pythonpath.dsv
[4.593s] -- Up-to-date: /home/uadmin/learning/learn5/learn5_cpp_ws/install/learn5_cpp_interface/local/lib/python3.10/dist-packages/learn5_cpp_interface-0.0.0-py3.10.egg-info
[4.593s] -- Installing: /home/uadmin/learning/learn5/learn5_cpp_ws/install/learn5_cpp_interface/local/lib/python3.10/dist-packages/learn5_cpp_interface-0.0.0-py3.10.egg-info/PKG-INFO
[4.593s] -- Installing: /home/uadmin/learning/learn5/learn5_cpp_ws/install/learn5_cpp_interface/local/lib/python3.10/dist-packages/learn5_cpp_interface-0.0.0-py3.10.egg-info/top_level.txt
[4.593s] -- Installing: /home/uadmin/learning/learn5/learn5_cpp_ws/install/learn5_cpp_interface/local/lib/python3.10/dist-packages/learn5_cpp_interface-0.0.0-py3.10.egg-info/SOURCES.txt
[4.593s] -- Installing: /home/uadmin/learning/learn5/learn5_cpp_ws/install/learn5_cpp_interface/local/lib/python3.10/dist-packages/learn5_cpp_interface-0.0.0-py3.10.egg-info/dependency_links.txt
[4.593s] -- Up-to-date: /home/uadmin/learning/learn5/learn5_cpp_ws/install/learn5_cpp_interface/local/lib/python3.10/dist-packages/learn5_cpp_interface
[4.593s] -- Installing: /home/uadmin/learning/learn5/learn5_cpp_ws/install/learn5_cpp_interface/local/lib/python3.10/dist-packages/learn5_cpp_interface/_learn5_cpp_interface_s.ep.rosidl_typesupport_fastrtps_c.c
[4.593s] -- Installing: /home/uadmin/learning/learn5/learn5_cpp_ws/install/learn5_cpp_interface/local/lib/python3.10/dist-packages/learn5_cpp_interface/learn5_cpp_interface_s__rosidl_typesupport_c.cpython-310-x86_64-linux-gnu.so
[4.593s] -- Installing: /home/uadmin/learning/learn5/learn5_cpp_ws/install/learn5_cpp_interface/local/lib/python3.10/dist-packages/learn5_cpp_interface/_learn5_cpp_interface_s.ep.rosidl_typesupport_introspection_c.c
[4.594s] -- Up-to-date: /home/uadmin/learning/learn5/learn5_cpp_ws/install/learn5_cpp_interface/local/lib/python3.10/dist-packages/learn5_cpp_interface/srv
[4.594s] -- Installing: /home/uadmin/learning/learn5/learn5_cpp_ws/install/learn5_cpp_interface/local/lib/python3.10/dist-packages/learn5_cpp_interface/srv/_learn_interface_s.c
[4.594s] -- Installing: /home/uadmin/learning/learn5/learn5_cpp_ws/install/learn5_cpp_interface/local/lib/python3.10/dist-packages/learn5_cpp_interface/srv/__init__.py
[4.594s] -- Installing: /home/uadmin/learning/learn5/learn5_cpp_ws/install/learn5_cpp_interface/local/lib/python3.10/dist-packages/learn5_cpp_interface/srv/_learn_interface.py
[4.594s] -- Installing: /home/uadmin/learning/learn5/learn5_cpp_ws/install/learn5_cpp_interface/local/lib/python3.10/dist-packages/learn5_cpp_interface/learn5_cpp_interface_s__rosidl_typesupport_introspection_c.cpython-310-x86_64-linux-gnu.so
[4.594s] -- Installing: /home/uadmin/learning/learn5/learn5_cpp_ws/install/learn5_cpp_interface/local/lib/python3.10/dist-packages/learn5_cpp_interface/_learn5_cpp_interface_s.ep.rosidl_typesupport_c.c
[4.594s] -- Installing: /home/uadmin/learning/learn5/learn5_cpp_ws/install/learn5_cpp_interface/local/lib/python3.10/dist-packages/learn5_cpp_interface/learn5_cpp_interface_s__rosidl_typesupport_fastrtps_c.cpython-310-x86_64-linux-gnu.so
[4.594s] -- Installing: /home/uadmin/learning/learn5/learn5_cpp_ws/install/learn5_cpp_interface/local/lib/python3.10/dist-packages/learn5_cpp_interface/liblearn5_cpp_interface__rosidl_generator_py.so
[4.594s] -- Installing: /home/uadmin/learning/learn5/learn5_cpp_ws/install/learn5_cpp_interface/local/lib/python3.10/dist-packages/learn5_cpp_interface/__init__.py
[4.626s] Listing '/home/uadmin/learning/learn5/learn5_cpp_ws/install/learn5_cpp_interface/local/lib/python3.10/dist-packages/learn5_cpp_interface'...
[4.626s] Compiling '/home/uadmin/learning/learn5/learn5_cpp_ws/install/learn5_cpp_interface/local/lib/python3.10/dist-packages/learn5_cpp_interface/__init__.py'...
[4.626s] Listing '/home/uadmin/learning/learn5/learn5_cpp_ws/install/learn5_cpp_interface/local/lib/python3.10/dist-packages/learn5_cpp_interface/srv'...
[4.626s] Compiling '/home/uadmin/learning/learn5/learn5_cpp_ws/install/learn5_cpp_interface/local/lib/python3.10/dist-packages/learn5_cpp_interface/srv/__init__.py'...
[4.626s] Compiling '/home/uadmin/learning/learn5/learn5_cpp_ws/install/learn5_cpp_interface/local/lib/python3.10/dist-packages/learn5_cpp_interface/srv/_learn_interface.py'...
[4.629s] -- Installing: /home/uadmin/learning/learn5/learn5_cpp_ws/install/learn5_cpp_interface/local/lib/python3.10/dist-packages/learn5_cpp_interface/learn5_cpp_interface_s__rosidl_typesupport_fastrtps_c.cpython-310-x86_64-linux-gnu.so
[4.629s] -- Set runtime path of "/home/uadmin/learning/learn5/learn5_cpp_ws/install/learn5_cpp_interface/local/lib/python3.10/dist-packages/learn5_cpp_interface/learn5_cpp_interface_s__rosidl_typesupport_fastrtps_c.cpython-310-x86_64-linux-gnu.so" to ""
[4.630s] -- Installing: /home/uadmin/learning/learn5/learn5_cpp_ws/install/learn5_cpp_interface/local/lib/python3.10/dist-packages/learn5_cpp_interface/learn5_cpp_interface_s__rosidl_typesupport_introspection_c.cpython-310-x86_64-linux-gnu.so
[4.630s] -- Set runtime path of "/home/uadmin/learning/learn5/learn5_cpp_ws/install/learn5_cpp_interface/local/lib/python3.10/dist-packages/learn5_cpp_interface/learn5_cpp_interface_s__rosidl_typesupport_introspection_c.cpython-310-x86_64-linux-gnu.so" to ""
[4.632s] -- Installing: /home/uadmin/learning/learn5/learn5_cpp_ws/install/learn5_cpp_interface/local/lib/python3.10/dist-packages/learn5_cpp_interface/learn5_cpp_interface_s__rosidl_typesupport_c.cpython-310-x86_64-linux-gnu.so
[4.632s] -- Set runtime path of "/home/uadmin/learning/learn5/learn5_cpp_ws/install/learn5_cpp_interface/local/lib/python3.10/dist-packages/learn5_cpp_interface/learn5_cpp_interface_s__rosidl_typesupport_c.cpython-310-x86_64-linux-gnu.so" to ""
[4.633s] -- Installing: /home/uadmin/learning/learn5/learn5_cpp_ws/install/learn5_cpp_interface/lib/liblearn5_cpp_interface__rosidl_generator_py.so
[4.633s] -- Set runtime path of "/home/uadmin/learning/learn5/learn5_cpp_ws/install/learn5_cpp_interface/lib/liblearn5_cpp_interface__rosidl_generator_py.so" to ""
[4.633s] -- Installing: /home/uadmin/learning/learn5/learn5_cpp_ws/install/learn5_cpp_interface/share/learn5_cpp_interface/srv/LearnInterface.idl
[4.633s] -- Installing: /home/uadmin/learning/learn5/learn5_cpp_ws/install/learn5_cpp_interface/share/learn5_cpp_interface/srv/LearnInterface.srv
[4.633s] -- Installing: /home/uadmin/learning/learn5/learn5_cpp_ws/install/learn5_cpp_interface/share/learn5_cpp_interface/srv/LearnInterface_Request.msg
[4.633s] -- Up-to-date: /home/uadmin/learning/learn5/learn5_cpp_ws/install/learn5_cpp_interface/share/learn5_cpp_interface/srv/LearnInterface_Response.msg
[4.634s] -- Up-to-date: /home/uadmin/learning/learn5/learn5_cpp_ws/install/learn5_cpp_interface/share/ament_index/resource_index/package_run_dependencies/learn5_cpp_interface
[4.634s] -- Up-to-date: /home/uadmin/learning/learn5/learn5_cpp_ws/install/learn5_cpp_interface/share/ament_index/resource_index/parent_prefix_path/learn5_cpp_interface
[4.634s] -- Up-to-date: /home/uadmin/learning/learn5/learn5_cpp_ws/install/learn5_cpp_interface/share/learn5_cpp_interface/environment/ament_prefix_path.sh
[4.635s] -- Installing: /home/uadmin/learning/learn5/learn5_cpp_ws/install/learn5_cpp_interface/share/learn5_cpp_interface/environment/ament_prefix_path.dsv
[4.635s] -- Up-to-date: /home/uadmin/learning/learn5/learn5_cpp_ws/install/learn5_cpp_interface/share/learn5_cpp_interface/environment/path.sh
[4.635s] -- Installing: /home/uadmin/learning/learn5/learn5_cpp_ws/install/learn5_cpp_interface/share/learn5_cpp_interface/environment/path.dsv
[4.635s] -- Up-to-date: /home/uadmin/learning/learn5/learn5_cpp_ws/install/learn5_cpp_interface/share/learn5_cpp_interface/local_setup.bash
[4.635s] -- Up-to-date: /home/uadmin/learning/learn5/learn5_cpp_ws/install/learn5_cpp_interface/share/learn5_cpp_interface/local_setup.sh
[4.635s] -- Up-to-date: /home/uadmin/learning/learn5/learn5_cpp_ws/install/learn5_cpp_interface/share/learn5_cpp_interface/local_setup.zsh
[4.635s] -- Installing: /home/uadmin/learning/learn5/learn5_cpp_ws/install/learn5_cpp_interface/share/learn5_cpp_interface/local_setup.dsv
[4.635s] -- Installing: /home/uadmin/learning/learn5/learn5_cpp_ws/install/learn5_cpp_interface/share/learn5_cpp_interface/package.dsv
[4.635s] -- Up-to-date: /home/uadmin/learning/learn5/learn5_cpp_ws/install/learn5_cpp_interface/share/ament_index/resource_index/packages/learn5_cpp_interface
[4.636s] -- Up-to-date: /home/uadmin/learning/learn5/learn5_cpp_ws/install/learn5_cpp_interface/share/learn5_cpp_interface/cmake/export_learn5_cpp_interface__rosidl_generator_cExport.cmake
[4.636s] -- Up-to-date: /home/uadmin/learning/learn5/learn5_cpp_ws/install/learn5_cpp_interface/share/learn5_cpp_interface/cmake/export_learn5_cpp_interface__rosidl_generator_cExport-noconfig.cmake
[4.636s] -- Up-to-date: /home/uadmin/learning/learn5/learn5_cpp_ws/install/learn5_cpp_interface/share/learn5_cpp_interface/cmake/export_learn5_cpp_interface__rosidl_typesupport_fastrtps_cExport.cmake
[4.636s] -- Up-to-date: /home/uadmin/learning/learn5/learn5_cpp_ws/install/learn5_cpp_interface/share/learn5_cpp_interface/cmake/export_learn5_cpp_interface__rosidl_typesupport_fastrtps_cExport-noconfig.cmake
[4.636s] -- Up-to-date: /home/uadmin/learning/learn5/learn5_cpp_ws/install/learn5_cpp_interface/share/learn5_cpp_interface/cmake/learn5_cpp_interface__rosidl_typesupport_introspection_cExport.cmake
[4.636s] -- Up-to-date: /home/uadmin/learning/learn5/learn5_cpp_ws/install/learn5_cpp_interface/share/learn5_cpp_interface/cmake/learn5_cpp_interface__rosidl_typesupport_introspection_cExport-noconfig.cmake
[4.636s] -- Up-to-date: /home/uadmin/learning/learn5/learn5_cpp_ws/install/learn5_cpp_interface/share/learn5_cpp_interface/cmake/learn5_cpp_interface__rosidl_typesupport_cExport.cmake
[4.636s] -- Up-to-date: /home/uadmin/learning/learn5/learn5_cpp_ws/install/learn5_cpp_interface/share/learn5_cpp_interface/cmake/learn5_cpp_interface__rosidl_typesupport_cExport-noconfig.cmake
[4.636s] -- Up-to-date: /home/uadmin/learning/learn5/learn5_cpp_ws/install/learn5_cpp_interface/share/learn5_cpp_interface/cmake/export_learn5_cpp_interface__rosidl_generator_cppExport.cmake
[4.636s] -- Up-to-date: /home/uadmin/learning/learn5/learn5_cpp_ws/install/learn5_cpp_interface/share/learn5_cpp_interface/cmake/export_learn5_cpp_interface__rosidl_typesupport_fastrtps_cppExport.cmake
[4.636s] -- Up-to-date: /home/uadmin/learning/learn5/learn5_cpp_ws/install/learn5_cpp_interface/share/learn5_cpp_interface/cmake/export_learn5_cpp_interface__rosidl_typesupport_fastrtps_cppExport-noconfig.cmake
[4.636s] -- Up-to-date: /home/uadmin/learning/learn5/learn5_cpp_ws/install/learn5_cpp_interface/share/learn5_cpp_interface/cmake/learn5_cpp_interface__rosidl_typesupport_introspection_cppExport.cmake
[4.636s] -- Up-to-date: /home/uadmin/learning/learn5/learn5_cpp_ws/install/learn5_cpp_interface/share/learn5_cpp_interface/cmake/learn5_cpp_interface__rosidl_typesupport_introspection_cppExport-noconfig.cmake
[4.636s] -- Up-to-date: /home/uadmin/learning/learn5/learn5_cpp_ws/install/learn5_cpp_interface/share/learn5_cpp_interface/cmake/learn5_cpp_interface__rosidl_typesupport_cppExport.cmake
[4.636s] -- Up-to-date: /home/uadmin/learning/learn5/learn5_cpp_ws/install/learn5_cpp_interface/share/learn5_cpp_interface/cmake/learn5_cpp_interface__rosidl_typesupport_cppExport-noconfig.cmake
[4.636s] -- Up-to-date: /home/uadmin/learning/learn5/learn5_cpp_ws/install/learn5_cpp_interface/share/learn5_cpp_interface/cmake/export_learn5_cpp_interface__rosidl_generator_pyExport.cmake
[4.636s] -- Up-to-date: /home/uadmin/learning/learn5/learn5_cpp_ws/install/learn5_cpp_interface/share/learn5_cpp_interface/cmake/export_learn5_cpp_interface__rosidl_generator_pyExport-noconfig.cmake
[4.637s] -- Up-to-date: /home/uadmin/learning/learn5/learn5_cpp_ws/install/learn5_cpp_interface/share/learn5_cpp_interface/cmake/rosidl_cmake-extras.cmake
[4.637s] -- Up-to-date: /home/uadmin/learning/learn5/learn5_cpp_ws/install/learn5_cpp_interface/share/learn5_cpp_interface/cmake/ament_cmake_export_include_directories-extras.cmake
[4.637s] -- Up-to-date: /home/uadmin/learning/learn5/learn5_cpp_ws/install/learn5_cpp_interface/share/learn5_cpp_interface/cmake/ament_cmake_export_libraries-extras.cmake
[4.637s] -- Up-to-date: /home/uadmin/learning/learn5/learn5_cpp_ws/install/learn5_cpp_interface/share/learn5_cpp_interface/cmake/ament_cmake_export_targets-extras.cmake
[4.637s] -- Up-to-date: /home/uadmin/learning/learn5/learn5_cpp_ws/install/learn5_cpp_interface/share/learn5_cpp_interface/cmake/rosidl_cmake_export_typesupport_targets-extras.cmake
[4.637s] -- Up-to-date: /home/uadmin/learning/learn5/learn5_cpp_ws/install/learn5_cpp_interface/share/learn5_cpp_interface/cmake/ament_cmake_export_dependencies-extras.cmake
[4.640s] -- Up-to-date: /home/uadmin/learning/learn5/learn5_cpp_ws/install/learn5_cpp_interface/share/learn5_cpp_interface/cmake/rosidl_cmake_export_typesupport_libraries-extras.cmake
[4.640s] -- Up-to-date: /home/uadmin/learning/learn5/learn5_cpp_ws/install/learn5_cpp_interface/share/learn5_cpp_interface/cmake/learn5_cpp_interfaceConfig.cmake
[4.640s] -- Up-to-date: /home/uadmin/learning/learn5/learn5_cpp_ws/install/learn5_cpp_interface/share/learn5_cpp_interface/cmake/learn5_cpp_interfaceConfig-version.cmake
[4.640s] -- Up-to-date: /home/uadmin/learning/learn5/learn5_cpp_ws/install/learn5_cpp_interface/share/learn5_cpp_interface/package.xml
[4.641s] Invoked command in '/home/uadmin/learning/learn5/learn5_cpp_ws/build/learn5_cpp_interface' returned '0': CMAKE_PREFIX_PATH=/opt/ros/humble /usr/bin/cmake --install /home/uadmin/learning/learn5/learn5_cpp_ws/build/learn5_cpp_interface
