running egg_info
writing ../../build/learn5_client/learn5_client.egg-info/PKG-INFO
writing dependency_links to ../../build/learn5_client/learn5_client.egg-info/dependency_links.txt
writing entry points to ../../build/learn5_client/learn5_client.egg-info/entry_points.txt
writing requirements to ../../build/learn5_client/learn5_client.egg-info/requires.txt
writing top-level names to ../../build/learn5_client/learn5_client.egg-info/top_level.txt
reading manifest file '../../build/learn5_client/learn5_client.egg-info/SOURCES.txt'
adding license file 'LICENSE'
writing manifest file '../../build/learn5_client/learn5_client.egg-info/SOURCES.txt'
running build
running build_py
running install
running install_lib
running install_data
running install_egg_info
removing '/home/uadmin/learning/learn5/learn5_ws/install/learn5_client/lib/python3.10/site-packages/learn5_client-0.0.0-py3.10.egg-info' (and everything under it)
Copying ../../build/learn5_client/learn5_client.egg-info to /home/uadmin/learning/learn5/learn5_ws/install/learn5_client/lib/python3.10/site-packages/learn5_client-0.0.0-py3.10.egg-info
running install_scripts
Installing face_supply_node script to /home/uadmin/learning/learn5/learn5_ws/install/learn5_client/lib/learn5_client
writing list of installed files to '/home/uadmin/learning/learn5/learn5_ws/build/learn5_client/install.log'
