[0.703s] Invoking command in '/home/uadmin/learning/learn5/learn5_ws/src/learn5_client': AMENT_PREFIX_PATH=/home/uadmin/learning/learn5/learn5_ws/install/learn5_interface:${AMENT_PREFIX_PATH} CMAKE_PREFIX_PATH=/home/uadmin/learning/learn5/learn5_ws/install/learn5_interface LD_LIBRARY_PATH=/home/uadmin/learning/learn5/learn5_ws/install/learn5_interface/lib:${LD_LIBRARY_PATH} PYTHONPATH=/home/uadmin/learning/learn5/learn5_ws/build/learn5_client/prefix_override:/usr/lib/python3/dist-packages/colcon_core/task/python/colcon_distutils_commands:/home/uadmin/learning/learn5/learn5_ws/install/learn5_client/lib/python3.10/site-packages:/home/uadmin/learning/learn5/learn5_ws/install/learn5_interface/local/lib/python3.10/dist-packages:${PYTHONPATH} /usr/bin/python3 -W ignore:setup.py install is deprecated -W ignore:easy_install command is deprecated setup.py egg_info --egg-base ../../build/learn5_client build --build-base /home/uadmin/learning/learn5/learn5_ws/build/learn5_client/build install --record /home/uadmin/learning/learn5/learn5_ws/build/learn5_client/install.log --single-version-externally-managed install_data
[0.926s] running egg_info
[0.927s] writing ../../build/learn5_client/learn5_client.egg-info/PKG-INFO
[0.927s] writing dependency_links to ../../build/learn5_client/learn5_client.egg-info/dependency_links.txt
[0.928s] writing entry points to ../../build/learn5_client/learn5_client.egg-info/entry_points.txt
[0.928s] writing requirements to ../../build/learn5_client/learn5_client.egg-info/requires.txt
[0.928s] writing top-level names to ../../build/learn5_client/learn5_client.egg-info/top_level.txt
[0.930s] reading manifest file '../../build/learn5_client/learn5_client.egg-info/SOURCES.txt'
[0.931s] adding license file 'LICENSE'
[0.931s] writing manifest file '../../build/learn5_client/learn5_client.egg-info/SOURCES.txt'
[0.931s] running build
[0.932s] running build_py
[0.932s] running install
[0.932s] running install_lib
[0.934s] running install_data
[0.934s] running install_egg_info
[0.935s] removing '/home/uadmin/learning/learn5/learn5_ws/install/learn5_client/lib/python3.10/site-packages/learn5_client-0.0.0-py3.10.egg-info' (and everything under it)
[0.936s] Copying ../../build/learn5_client/learn5_client.egg-info to /home/uadmin/learning/learn5/learn5_ws/install/learn5_client/lib/python3.10/site-packages/learn5_client-0.0.0-py3.10.egg-info
[0.937s] running install_scripts
[0.953s] Installing face_supply_node script to /home/uadmin/learning/learn5/learn5_ws/install/learn5_client/lib/learn5_client
[0.954s] writing list of installed files to '/home/uadmin/learning/learn5/learn5_ws/build/learn5_client/install.log'
[0.978s] Invoked command in '/home/uadmin/learning/learn5/learn5_ws/src/learn5_client' returned '0': AMENT_PREFIX_PATH=/home/uadmin/learning/learn5/learn5_ws/install/learn5_interface:${AMENT_PREFIX_PATH} CMAKE_PREFIX_PATH=/home/uadmin/learning/learn5/learn5_ws/install/learn5_interface LD_LIBRARY_PATH=/home/uadmin/learning/learn5/learn5_ws/install/learn5_interface/lib:${LD_LIBRARY_PATH} PYTHONPATH=/home/uadmin/learning/learn5/learn5_ws/build/learn5_client/prefix_override:/usr/lib/python3/dist-packages/colcon_core/task/python/colcon_distutils_commands:/home/uadmin/learning/learn5/learn5_ws/install/learn5_client/lib/python3.10/site-packages:/home/uadmin/learning/learn5/learn5_ws/install/learn5_interface/local/lib/python3.10/dist-packages:${PYTHONPATH} /usr/bin/python3 -W ignore:setup.py install is deprecated -W ignore:easy_install command is deprecated setup.py egg_info --egg-base ../../build/learn5_client build --build-base /home/uadmin/learning/learn5/learn5_ws/build/learn5_client/build install --record /home/uadmin/learning/learn5/learn5_ws/build/learn5_client/install.log --single-version-externally-managed install_data
