[0.018s] Invoking command in '/home/uadmin/learning/learn5/learn5_cpp_ws/build/learn5_cpp_client': AMENT_PREFIX_PATH=/home/uadmin/learning/learn5/learn5_cpp_ws/install/learn5_cpp_interface:${AMENT_PREFIX_PATH} CMAKE_PREFIX_PATH=/home/uadmin/learning/learn5/learn5_cpp_ws/install/learn5_cpp_interface:/opt/ros/humble LD_LIBRARY_PATH=/home/uadmin/learning/learn5/learn5_cpp_ws/install/learn5_cpp_interface/lib:${LD_LIBRARY_PATH} PYTHONPATH=/home/uadmin/learning/learn5/learn5_cpp_ws/install/learn5_cpp_interface/local/lib/python3.10/dist-packages:${PYTHONPATH} /usr/bin/cmake /home/uadmin/learning/learn5/learn5_cpp_ws/src/learn5_cpp_client -DCMAKE_INSTALL_PREFIX=/home/uadmin/learning/learn5/learn5_cpp_ws/install/learn5_cpp_client
[0.222s] -- The C compiler identification is GNU 11.4.0
[0.416s] -- The CXX compiler identification is GNU 11.4.0
[0.441s] -- Detecting C compiler ABI info
[0.576s] -- Detecting C compiler ABI info - done
[0.583s] -- Check for working C compiler: /usr/bin/cc - skipped
[0.586s] -- Detecting C compile features
[0.586s] -- Detecting C compile features - done
[0.594s] -- Detecting CXX compiler ABI info
[0.785s] -- Detecting CXX compiler ABI info - done
[0.799s] -- Check for working CXX compiler: /usr/bin/c++ - skipped
[0.799s] -- Detecting CXX compile features
[0.802s] -- Detecting CXX compile features - done
[0.806s] -- Found ament_cmake: 1.3.11 (/opt/ros/humble/share/ament_cmake/cmake)
[1.114s] -- Found Python3: /usr/bin/python3 (found version "3.10.12") found components: Interpreter 
[1.303s] -- Found rclcpp: 16.0.12 (/opt/ros/humble/share/rclcpp/cmake)
[1.414s] -- Found rosidl_generator_c: 3.1.6 (/opt/ros/humble/share/rosidl_generator_c/cmake)
[1.423s] -- Found rosidl_adapter: 3.1.6 (/opt/ros/humble/share/rosidl_adapter/cmake)
[1.444s] -- Found rosidl_generator_cpp: 3.1.6 (/opt/ros/humble/share/rosidl_generator_cpp/cmake)
[1.478s] -- Using all available rosidl_typesupport_c: rosidl_typesupport_fastrtps_c;rosidl_typesupport_introspection_c
[1.515s] -- Using all available rosidl_typesupport_cpp: rosidl_typesupport_fastrtps_cpp;rosidl_typesupport_introspection_cpp
[1.611s] -- Found rmw_implementation_cmake: 6.1.2 (/opt/ros/humble/share/rmw_implementation_cmake/cmake)
[1.618s] -- Found rmw_fastrtps_cpp: 6.2.7 (/opt/ros/humble/share/rmw_fastrtps_cpp/cmake)
[1.822s] -- Found OpenSSL: /usr/lib/x86_64-linux-gnu/libcrypto.so (found version "3.0.2")  
[1.881s] -- Found FastRTPS: /opt/ros/humble/include  
[1.967s] -- Using RMW implementation 'rmw_fastrtps_cpp' as default
[1.987s] -- Looking for pthread.h
[2.146s] -- Looking for pthread.h - found
[2.146s] -- Performing Test CMAKE_HAVE_LIBC_PTHREAD
[2.309s] -- Performing Test CMAKE_HAVE_LIBC_PTHREAD - Success
[2.311s] -- Found Threads: TRUE  
[2.430s] -- Found learn5_cpp_interface: 0.0.0 (/home/uadmin/learning/learn5/learn5_cpp_ws/install/learn5_cpp_interface/share/learn5_cpp_interface/cmake)
[2.454s] -- Found ament_lint_auto: 0.12.12 (/opt/ros/humble/share/ament_lint_auto/cmake)
[2.609s] -- Added test 'cppcheck' to perform static code analysis on C / C++ code
[2.610s] -- Configured cppcheck include dirs: 
[2.610s] -- Configured cppcheck exclude dirs and/or files: 
[2.612s] -- Added test 'lint_cmake' to check CMake code style
[2.616s] -- Added test 'uncrustify' to check C / C++ code style
[2.616s] -- Configured uncrustify additional arguments: 
[2.616s] -- Added test 'xmllint' to check XML markup files
[2.619s] -- Configuring done
[2.639s] -- Generating done
[2.647s] -- Build files have been written to: /home/uadmin/learning/learn5/learn5_cpp_ws/build/learn5_cpp_client
[2.666s] Invoked command in '/home/uadmin/learning/learn5/learn5_cpp_ws/build/learn5_cpp_client' returned '0': AMENT_PREFIX_PATH=/home/uadmin/learning/learn5/learn5_cpp_ws/install/learn5_cpp_interface:${AMENT_PREFIX_PATH} CMAKE_PREFIX_PATH=/home/uadmin/learning/learn5/learn5_cpp_ws/install/learn5_cpp_interface:/opt/ros/humble LD_LIBRARY_PATH=/home/uadmin/learning/learn5/learn5_cpp_ws/install/learn5_cpp_interface/lib:${LD_LIBRARY_PATH} PYTHONPATH=/home/uadmin/learning/learn5/learn5_cpp_ws/install/learn5_cpp_interface/local/lib/python3.10/dist-packages:${PYTHONPATH} /usr/bin/cmake /home/uadmin/learning/learn5/learn5_cpp_ws/src/learn5_cpp_client -DCMAKE_INSTALL_PREFIX=/home/uadmin/learning/learn5/learn5_cpp_ws/install/learn5_cpp_client
[2.667s] Invoking command in '/home/uadmin/learning/learn5/learn5_cpp_ws/build/learn5_cpp_client': AMENT_PREFIX_PATH=/home/uadmin/learning/learn5/learn5_cpp_ws/install/learn5_cpp_interface:${AMENT_PREFIX_PATH} CMAKE_PREFIX_PATH=/home/uadmin/learning/learn5/learn5_cpp_ws/install/learn5_cpp_interface:/opt/ros/humble LD_LIBRARY_PATH=/home/uadmin/learning/learn5/learn5_cpp_ws/install/learn5_cpp_interface/lib:${LD_LIBRARY_PATH} PYTHONPATH=/home/uadmin/learning/learn5/learn5_cpp_ws/install/learn5_cpp_interface/local/lib/python3.10/dist-packages:${PYTHONPATH} /usr/bin/cmake --build /home/uadmin/learning/learn5/learn5_cpp_ws/build/learn5_cpp_client -- -j2 -l2
[2.791s] [ 50%] [32mBuilding CXX object CMakeFiles/learn5_cpp_client_node.dir/src/main.cpp.o[0m
[7.306s] [100%] [32m[1mLinking CXX executable learn5_cpp_client_node[0m
[7.482s] [100%] Built target learn5_cpp_client_node
[7.499s] Invoked command in '/home/uadmin/learning/learn5/learn5_cpp_ws/build/learn5_cpp_client' returned '0': AMENT_PREFIX_PATH=/home/uadmin/learning/learn5/learn5_cpp_ws/install/learn5_cpp_interface:${AMENT_PREFIX_PATH} CMAKE_PREFIX_PATH=/home/uadmin/learning/learn5/learn5_cpp_ws/install/learn5_cpp_interface:/opt/ros/humble LD_LIBRARY_PATH=/home/uadmin/learning/learn5/learn5_cpp_ws/install/learn5_cpp_interface/lib:${LD_LIBRARY_PATH} PYTHONPATH=/home/uadmin/learning/learn5/learn5_cpp_ws/install/learn5_cpp_interface/local/lib/python3.10/dist-packages:${PYTHONPATH} /usr/bin/cmake --build /home/uadmin/learning/learn5/learn5_cpp_ws/build/learn5_cpp_client -- -j2 -l2
[7.500s] Invoking command in '/home/uadmin/learning/learn5/learn5_cpp_ws/build/learn5_cpp_client': AMENT_PREFIX_PATH=/home/uadmin/learning/learn5/learn5_cpp_ws/install/learn5_cpp_interface:${AMENT_PREFIX_PATH} CMAKE_PREFIX_PATH=/home/uadmin/learning/learn5/learn5_cpp_ws/install/learn5_cpp_interface:/opt/ros/humble LD_LIBRARY_PATH=/home/uadmin/learning/learn5/learn5_cpp_ws/install/learn5_cpp_interface/lib:${LD_LIBRARY_PATH} PYTHONPATH=/home/uadmin/learning/learn5/learn5_cpp_ws/install/learn5_cpp_interface/local/lib/python3.10/dist-packages:${PYTHONPATH} /usr/bin/cmake --install /home/uadmin/learning/learn5/learn5_cpp_ws/build/learn5_cpp_client
[7.516s] -- Install configuration: ""
[7.516s] -- Installing: /home/uadmin/learning/learn5/learn5_cpp_ws/install/learn5_cpp_client/lib/learn5_cpp_client/learn5_cpp_client_node
[7.517s] -- Set runtime path of "/home/uadmin/learning/learn5/learn5_cpp_ws/install/learn5_cpp_client/lib/learn5_cpp_client/learn5_cpp_client_node" to ""
[7.517s] -- Installing: /home/uadmin/learning/learn5/learn5_cpp_ws/install/learn5_cpp_client/share/ament_index/resource_index/package_run_dependencies/learn5_cpp_client
[7.518s] -- Installing: /home/uadmin/learning/learn5/learn5_cpp_ws/install/learn5_cpp_client/share/ament_index/resource_index/parent_prefix_path/learn5_cpp_client
[7.519s] -- Installing: /home/uadmin/learning/learn5/learn5_cpp_ws/install/learn5_cpp_client/share/learn5_cpp_client/environment/ament_prefix_path.sh
[7.520s] -- Installing: /home/uadmin/learning/learn5/learn5_cpp_ws/install/learn5_cpp_client/share/learn5_cpp_client/environment/ament_prefix_path.dsv
[7.520s] -- Installing: /home/uadmin/learning/learn5/learn5_cpp_ws/install/learn5_cpp_client/share/learn5_cpp_client/environment/path.sh
[7.520s] -- Installing: /home/uadmin/learning/learn5/learn5_cpp_ws/install/learn5_cpp_client/share/learn5_cpp_client/environment/path.dsv
[7.520s] -- Installing: /home/uadmin/learning/learn5/learn5_cpp_ws/install/learn5_cpp_client/share/learn5_cpp_client/local_setup.bash
[7.522s] -- Installing: /home/uadmin/learning/learn5/learn5_cpp_ws/install/learn5_cpp_client/share/learn5_cpp_client/local_setup.sh
[7.524s] -- Installing: /home/uadmin/learning/learn5/learn5_cpp_ws/install/learn5_cpp_client/share/learn5_cpp_client/local_setup.zsh
[7.524s] -- Installing: /home/uadmin/learning/learn5/learn5_cpp_ws/install/learn5_cpp_client/share/learn5_cpp_client/local_setup.dsv
[7.524s] -- Installing: /home/uadmin/learning/learn5/learn5_cpp_ws/install/learn5_cpp_client/share/learn5_cpp_client/package.dsv
[7.524s] -- Installing: /home/uadmin/learning/learn5/learn5_cpp_ws/install/learn5_cpp_client/share/ament_index/resource_index/packages/learn5_cpp_client
[7.524s] -- Installing: /home/uadmin/learning/learn5/learn5_cpp_ws/install/learn5_cpp_client/share/learn5_cpp_client/cmake/learn5_cpp_clientConfig.cmake
[7.526s] -- Installing: /home/uadmin/learning/learn5/learn5_cpp_ws/install/learn5_cpp_client/share/learn5_cpp_client/cmake/learn5_cpp_clientConfig-version.cmake
[7.526s] -- Installing: /home/uadmin/learning/learn5/learn5_cpp_ws/install/learn5_cpp_client/share/learn5_cpp_client/package.xml
[7.530s] Invoked command in '/home/uadmin/learning/learn5/learn5_cpp_ws/build/learn5_cpp_client' returned '0': AMENT_PREFIX_PATH=/home/uadmin/learning/learn5/learn5_cpp_ws/install/learn5_cpp_interface:${AMENT_PREFIX_PATH} CMAKE_PREFIX_PATH=/home/uadmin/learning/learn5/learn5_cpp_ws/install/learn5_cpp_interface:/opt/ros/humble LD_LIBRARY_PATH=/home/uadmin/learning/learn5/learn5_cpp_ws/install/learn5_cpp_interface/lib:${LD_LIBRARY_PATH} PYTHONPATH=/home/uadmin/learning/learn5/learn5_cpp_ws/install/learn5_cpp_interface/local/lib/python3.10/dist-packages:${PYTHONPATH} /usr/bin/cmake --install /home/uadmin/learning/learn5/learn5_cpp_ws/build/learn5_cpp_client
