[0.469s] Invoking command in '/home/uadmin/learning/learn3/learn3_ws/src/demo_py_pkg_2': PYTHONPATH=/home/uadmin/learning/learn3/learn3_ws/build/demo_py_pkg_2/prefix_override:/usr/lib/python3/dist-packages/colcon_core/task/python/colcon_distutils_commands:/home/uadmin/learning/learn3/learn3_ws/install/demo_py_pkg_2/lib/python3.10/site-packages:${PYTHONPATH} /usr/bin/python3 -W ignore:setup.py install is deprecated -W ignore:easy_install command is deprecated setup.py egg_info --egg-base ../../build/demo_py_pkg_2 build --build-base /home/uadmin/learning/learn3/learn3_ws/build/demo_py_pkg_2/build install --record /home/uadmin/learning/learn3/learn3_ws/build/demo_py_pkg_2/install.log --single-version-externally-managed install_data
[0.664s] running egg_info
[0.665s] writing ../../build/demo_py_pkg_2/demo_py_pkg_2.egg-info/PKG-INFO
[0.665s] writing dependency_links to ../../build/demo_py_pkg_2/demo_py_pkg_2.egg-info/dependency_links.txt
[0.666s] writing entry points to ../../build/demo_py_pkg_2/demo_py_pkg_2.egg-info/entry_points.txt
[0.666s] writing requirements to ../../build/demo_py_pkg_2/demo_py_pkg_2.egg-info/requires.txt
[0.666s] writing top-level names to ../../build/demo_py_pkg_2/demo_py_pkg_2.egg-info/top_level.txt
[0.668s] reading manifest file '../../build/demo_py_pkg_2/demo_py_pkg_2.egg-info/SOURCES.txt'
[0.668s] adding license file 'LICENSE'
[0.668s] writing manifest file '../../build/demo_py_pkg_2/demo_py_pkg_2.egg-info/SOURCES.txt'
[0.669s] running build
[0.669s] running build_py
[0.670s] running install
[0.670s] running install_lib
[0.670s] running install_data
[0.670s] running install_egg_info
[0.671s] removing '/home/uadmin/learning/learn3/learn3_ws/install/demo_py_pkg_2/lib/python3.10/site-packages/demo_py_pkg_2-0.0.0-py3.10.egg-info' (and everything under it)
[0.672s] Copying ../../build/demo_py_pkg_2/demo_py_pkg_2.egg-info to /home/uadmin/learning/learn3/learn3_ws/install/demo_py_pkg_2/lib/python3.10/site-packages/demo_py_pkg_2-0.0.0-py3.10.egg-info
[0.673s] running install_scripts
[0.688s] Installing motor_node script to /home/uadmin/learning/learn3/learn3_ws/install/demo_py_pkg_2/lib/demo_py_pkg_2
[0.689s] Installing py_node_3 script to /home/uadmin/learning/learn3/learn3_ws/install/demo_py_pkg_2/lib/demo_py_pkg_2
[0.689s] writing list of installed files to '/home/uadmin/learning/learn3/learn3_ws/build/demo_py_pkg_2/install.log'
[0.705s] Invoked command in '/home/uadmin/learning/learn3/learn3_ws/src/demo_py_pkg_2' returned '0': PYTHONPATH=/home/uadmin/learning/learn3/learn3_ws/build/demo_py_pkg_2/prefix_override:/usr/lib/python3/dist-packages/colcon_core/task/python/colcon_distutils_commands:/home/uadmin/learning/learn3/learn3_ws/install/demo_py_pkg_2/lib/python3.10/site-packages:${PYTHONPATH} /usr/bin/python3 -W ignore:setup.py install is deprecated -W ignore:easy_install command is deprecated setup.py egg_info --egg-base ../../build/demo_py_pkg_2 build --build-base /home/uadmin/learning/learn3/learn3_ws/build/demo_py_pkg_2/build install --record /home/uadmin/learning/learn3/learn3_ws/build/demo_py_pkg_2/install.log --single-version-externally-managed install_data
