[0.072s] DEBUG:colcon:Command line arguments: ['/usr/bin/colcon', 'build']
[0.072s] DEBUG:colcon:Parsed command line arguments: Namespace(log_base=None, log_level=None, verb_name='build', build_base='build', install_base='install', merge_install=False, symlink_install=False, test_result_base=None, continue_on_error=False, executor='parallel', parallel_workers=2, event_handlers=None, ignore_user_meta=False, metas=['./colcon.meta'], base_paths=['.'], packages_ignore=None, packages_ignore_regex=None, paths=None, packages_up_to=None, packages_up_to_regex=None, packages_above=None, packages_above_and_dependencies=None, packages_above_depth=None, packages_select_by_dep=None, packages_skip_by_dep=None, packages_skip_up_to=None, packages_select_build_failed=False, packages_skip_build_finished=False, packages_select_test_failures=False, packages_skip_test_passed=False, packages_select=None, packages_skip=None, packages_select_regex=None, packages_skip_regex=None, packages_start=None, packages_end=None, allow_overriding=[], cmake_args=None, cmake_target=None, cmake_target_skip_unavailable=False, cmake_clean_cache=False, cmake_clean_first=False, cmake_force_configure=False, ament_cmake_args=None, catkin_cmake_args=None, catkin_skip_building_tests=False, verb_parser=<colcon_defaults.argument_parser.defaults.DefaultArgumentsDecorator object at 0x72d19672b4f0>, verb_extension=<colcon_core.verb.build.BuildVerb object at 0x72d19672af50>, main=<bound method BuildVerb.main of <colcon_core.verb.build.BuildVerb object at 0x72d19672af50>>)
[0.185s] Level 1:colcon.colcon_core.package_discovery:discover_packages(colcon_meta) check parameters
[0.185s] Level 1:colcon.colcon_core.package_discovery:discover_packages(recursive) check parameters
[0.185s] Level 1:colcon.colcon_core.package_discovery:discover_packages(ignore) check parameters
[0.185s] Level 1:colcon.colcon_core.package_discovery:discover_packages(path) check parameters
[0.185s] Level 1:colcon.colcon_core.package_discovery:discover_packages(colcon_meta) discover
[0.185s] Level 1:colcon.colcon_core.package_discovery:discover_packages(recursive) discover
[0.185s] INFO:colcon.colcon_core.package_discovery:Crawling recursively for packages in '/home/uadmin/learning/learn4/learn4_topics_ws'
[0.185s] Level 1:colcon.colcon_core.package_identification:_identify(.) by extensions ['ignore', 'ignore_ament_install']
[0.185s] Level 1:colcon.colcon_core.package_identification:_identify(.) by extension 'ignore'
[0.185s] Level 1:colcon.colcon_core.package_identification:_identify(.) by extension 'ignore_ament_install'
[0.185s] Level 1:colcon.colcon_core.package_identification:_identify(.) by extensions ['colcon_pkg']
[0.185s] Level 1:colcon.colcon_core.package_identification:_identify(.) by extension 'colcon_pkg'
[0.185s] Level 1:colcon.colcon_core.package_identification:_identify(.) by extensions ['colcon_meta']
[0.185s] Level 1:colcon.colcon_core.package_identification:_identify(.) by extension 'colcon_meta'
[0.185s] Level 1:colcon.colcon_core.package_identification:_identify(.) by extensions ['ros']
[0.185s] Level 1:colcon.colcon_core.package_identification:_identify(.) by extension 'ros'
[0.193s] Level 1:colcon.colcon_core.package_identification:_identify(.) by extensions ['cmake', 'python']
[0.193s] Level 1:colcon.colcon_core.package_identification:_identify(.) by extension 'cmake'
[0.193s] Level 1:colcon.colcon_core.package_identification:_identify(.) by extension 'python'
[0.194s] Level 1:colcon.colcon_core.package_identification:_identify(.) by extensions ['python_setup_py']
[0.194s] Level 1:colcon.colcon_core.package_identification:_identify(.) by extension 'python_setup_py'
[0.194s] Level 1:colcon.colcon_core.package_identification:_identify(build) by extensions ['ignore', 'ignore_ament_install']
[0.194s] Level 1:colcon.colcon_core.package_identification:_identify(build) by extension 'ignore'
[0.194s] Level 1:colcon.colcon_core.package_identification:_identify(build) ignored
[0.194s] Level 1:colcon.colcon_core.package_identification:_identify(install) by extensions ['ignore', 'ignore_ament_install']
[0.194s] Level 1:colcon.colcon_core.package_identification:_identify(install) by extension 'ignore'
[0.194s] Level 1:colcon.colcon_core.package_identification:_identify(install) ignored
[0.194s] Level 1:colcon.colcon_core.package_identification:_identify(log) by extensions ['ignore', 'ignore_ament_install']
[0.194s] Level 1:colcon.colcon_core.package_identification:_identify(log) by extension 'ignore'
[0.194s] Level 1:colcon.colcon_core.package_identification:_identify(log) ignored
[0.194s] Level 1:colcon.colcon_core.package_identification:_identify(src) by extensions ['ignore', 'ignore_ament_install']
[0.194s] Level 1:colcon.colcon_core.package_identification:_identify(src) by extension 'ignore'
[0.194s] Level 1:colcon.colcon_core.package_identification:_identify(src) by extension 'ignore_ament_install'
[0.194s] Level 1:colcon.colcon_core.package_identification:_identify(src) by extensions ['colcon_pkg']
[0.194s] Level 1:colcon.colcon_core.package_identification:_identify(src) by extension 'colcon_pkg'
[0.194s] Level 1:colcon.colcon_core.package_identification:_identify(src) by extensions ['colcon_meta']
[0.194s] Level 1:colcon.colcon_core.package_identification:_identify(src) by extension 'colcon_meta'
[0.194s] Level 1:colcon.colcon_core.package_identification:_identify(src) by extensions ['ros']
[0.194s] Level 1:colcon.colcon_core.package_identification:_identify(src) by extension 'ros'
[0.195s] Level 1:colcon.colcon_core.package_identification:_identify(src) by extensions ['cmake', 'python']
[0.195s] Level 1:colcon.colcon_core.package_identification:_identify(src) by extension 'cmake'
[0.195s] Level 1:colcon.colcon_core.package_identification:_identify(src) by extension 'python'
[0.195s] Level 1:colcon.colcon_core.package_identification:_identify(src) by extensions ['python_setup_py']
[0.195s] Level 1:colcon.colcon_core.package_identification:_identify(src) by extension 'python_setup_py'
[0.195s] Level 1:colcon.colcon_core.package_identification:_identify(src/status_interfaces) by extensions ['ignore', 'ignore_ament_install']
[0.195s] Level 1:colcon.colcon_core.package_identification:_identify(src/status_interfaces) by extension 'ignore'
[0.195s] Level 1:colcon.colcon_core.package_identification:_identify(src/status_interfaces) by extension 'ignore_ament_install'
[0.195s] Level 1:colcon.colcon_core.package_identification:_identify(src/status_interfaces) by extensions ['colcon_pkg']
[0.195s] Level 1:colcon.colcon_core.package_identification:_identify(src/status_interfaces) by extension 'colcon_pkg'
[0.195s] Level 1:colcon.colcon_core.package_identification:_identify(src/status_interfaces) by extensions ['colcon_meta']
[0.195s] Level 1:colcon.colcon_core.package_identification:_identify(src/status_interfaces) by extension 'colcon_meta'
[0.195s] Level 1:colcon.colcon_core.package_identification:_identify(src/status_interfaces) by extensions ['ros']
[0.195s] Level 1:colcon.colcon_core.package_identification:_identify(src/status_interfaces) by extension 'ros'
[0.197s] DEBUG:colcon.colcon_core.package_identification:Package 'src/status_interfaces' with type 'ros.ament_cmake' and name 'status_interfaces'
[0.197s] Level 1:colcon.colcon_core.package_identification:_identify(src/status_pub) by extensions ['ignore', 'ignore_ament_install']
[0.197s] Level 1:colcon.colcon_core.package_identification:_identify(src/status_pub) by extension 'ignore'
[0.197s] Level 1:colcon.colcon_core.package_identification:_identify(src/status_pub) by extension 'ignore_ament_install'
[0.197s] Level 1:colcon.colcon_core.package_identification:_identify(src/status_pub) by extensions ['colcon_pkg']
[0.197s] Level 1:colcon.colcon_core.package_identification:_identify(src/status_pub) by extension 'colcon_pkg'
[0.197s] Level 1:colcon.colcon_core.package_identification:_identify(src/status_pub) by extensions ['colcon_meta']
[0.197s] Level 1:colcon.colcon_core.package_identification:_identify(src/status_pub) by extension 'colcon_meta'
[0.197s] Level 1:colcon.colcon_core.package_identification:_identify(src/status_pub) by extensions ['ros']
[0.197s] Level 1:colcon.colcon_core.package_identification:_identify(src/status_pub) by extension 'ros'
[0.198s] DEBUG:colcon.colcon_core.package_identification:Package 'src/status_pub' with type 'ros.ament_python' and name 'status_pub'
[0.198s] Level 1:colcon.colcon_core.package_discovery:discover_packages(recursive) using defaults
[0.198s] Level 1:colcon.colcon_core.package_discovery:discover_packages(ignore) discover
[0.198s] Level 1:colcon.colcon_core.package_discovery:discover_packages(ignore) using defaults
[0.198s] Level 1:colcon.colcon_core.package_discovery:discover_packages(path) discover
[0.198s] Level 1:colcon.colcon_core.package_discovery:discover_packages(path) using defaults
[0.211s] Level 1:colcon.colcon_core.package_discovery:discover_packages(prefix_path) check parameters
[0.211s] Level 1:colcon.colcon_core.package_discovery:discover_packages(prefix_path) discover
[0.213s] DEBUG:colcon.colcon_installed_package_information.package_discovery:Found 310 installed packages in /opt/ros/humble
[0.220s] Level 1:colcon.colcon_core.package_discovery:discover_packages(prefix_path) using defaults
[0.249s] Level 5:colcon.colcon_core.verb:set package 'status_interfaces' build argument 'cmake_args' from command line to 'None'
[0.249s] Level 5:colcon.colcon_core.verb:set package 'status_interfaces' build argument 'cmake_target' from command line to 'None'
[0.249s] Level 5:colcon.colcon_core.verb:set package 'status_interfaces' build argument 'cmake_target_skip_unavailable' from command line to 'False'
[0.249s] Level 5:colcon.colcon_core.verb:set package 'status_interfaces' build argument 'cmake_clean_cache' from command line to 'False'
[0.249s] Level 5:colcon.colcon_core.verb:set package 'status_interfaces' build argument 'cmake_clean_first' from command line to 'False'
[0.249s] Level 5:colcon.colcon_core.verb:set package 'status_interfaces' build argument 'cmake_force_configure' from command line to 'False'
[0.249s] Level 5:colcon.colcon_core.verb:set package 'status_interfaces' build argument 'ament_cmake_args' from command line to 'None'
[0.249s] Level 5:colcon.colcon_core.verb:set package 'status_interfaces' build argument 'catkin_cmake_args' from command line to 'None'
[0.249s] Level 5:colcon.colcon_core.verb:set package 'status_interfaces' build argument 'catkin_skip_building_tests' from command line to 'False'
[0.249s] DEBUG:colcon.colcon_core.verb:Building package 'status_interfaces' with the following arguments: {'ament_cmake_args': None, 'build_base': '/home/uadmin/learning/learn4/learn4_topics_ws/build/status_interfaces', 'catkin_cmake_args': None, 'catkin_skip_building_tests': False, 'cmake_args': None, 'cmake_clean_cache': False, 'cmake_clean_first': False, 'cmake_force_configure': False, 'cmake_target': None, 'cmake_target_skip_unavailable': False, 'install_base': '/home/uadmin/learning/learn4/learn4_topics_ws/install/status_interfaces', 'merge_install': False, 'path': '/home/uadmin/learning/learn4/learn4_topics_ws/src/status_interfaces', 'symlink_install': False, 'test_result_base': None}
[0.250s] Level 5:colcon.colcon_core.verb:set package 'status_pub' build argument 'cmake_args' from command line to 'None'
[0.250s] Level 5:colcon.colcon_core.verb:set package 'status_pub' build argument 'cmake_target' from command line to 'None'
[0.250s] Level 5:colcon.colcon_core.verb:set package 'status_pub' build argument 'cmake_target_skip_unavailable' from command line to 'False'
[0.250s] Level 5:colcon.colcon_core.verb:set package 'status_pub' build argument 'cmake_clean_cache' from command line to 'False'
[0.250s] Level 5:colcon.colcon_core.verb:set package 'status_pub' build argument 'cmake_clean_first' from command line to 'False'
[0.250s] Level 5:colcon.colcon_core.verb:set package 'status_pub' build argument 'cmake_force_configure' from command line to 'False'
[0.250s] Level 5:colcon.colcon_core.verb:set package 'status_pub' build argument 'ament_cmake_args' from command line to 'None'
[0.250s] Level 5:colcon.colcon_core.verb:set package 'status_pub' build argument 'catkin_cmake_args' from command line to 'None'
[0.250s] Level 5:colcon.colcon_core.verb:set package 'status_pub' build argument 'catkin_skip_building_tests' from command line to 'False'
[0.250s] DEBUG:colcon.colcon_core.verb:Building package 'status_pub' with the following arguments: {'ament_cmake_args': None, 'build_base': '/home/uadmin/learning/learn4/learn4_topics_ws/build/status_pub', 'catkin_cmake_args': None, 'catkin_skip_building_tests': False, 'cmake_args': None, 'cmake_clean_cache': False, 'cmake_clean_first': False, 'cmake_force_configure': False, 'cmake_target': None, 'cmake_target_skip_unavailable': False, 'install_base': '/home/uadmin/learning/learn4/learn4_topics_ws/install/status_pub', 'merge_install': False, 'path': '/home/uadmin/learning/learn4/learn4_topics_ws/src/status_pub', 'symlink_install': False, 'test_result_base': None}
[0.250s] INFO:colcon.colcon_core.executor:Executing jobs using 'parallel' executor
[0.251s] DEBUG:colcon.colcon_parallel_executor.executor.parallel:run_until_complete
[0.251s] INFO:colcon.colcon_ros.task.ament_cmake.build:Building ROS package in '/home/uadmin/learning/learn4/learn4_topics_ws/src/status_interfaces' with build type 'ament_cmake'
[0.251s] INFO:colcon.colcon_cmake.task.cmake.build:Building CMake package in '/home/uadmin/learning/learn4/learn4_topics_ws/src/status_interfaces'
[0.253s] INFO:colcon.colcon_core.plugin_system:Skipping extension 'colcon_core.shell.bat': Not used on non-Windows systems
[0.253s] INFO:colcon.colcon_core.shell:Skip shell extension 'powershell' for command environment: Not usable outside of PowerShell
[0.253s] DEBUG:colcon.colcon_core.shell:Skip shell extension 'dsv' for command environment
[0.262s] DEBUG:colcon.colcon_core.event_handler.log_command:Invoking command in '/home/uadmin/learning/learn4/learn4_topics_ws/build/status_interfaces': CMAKE_PREFIX_PATH=/opt/ros/humble /usr/bin/cmake --build /home/uadmin/learning/learn4/learn4_topics_ws/build/status_interfaces -- -j2 -l2
[4.968s] DEBUG:colcon.colcon_core.event_handler.log_command:Invoked command in '/home/uadmin/learning/learn4/learn4_topics_ws/build/status_interfaces' returned '0': CMAKE_PREFIX_PATH=/opt/ros/humble /usr/bin/cmake --build /home/uadmin/learning/learn4/learn4_topics_ws/build/status_interfaces -- -j2 -l2
[4.974s] DEBUG:colcon.colcon_core.event_handler.log_command:Invoking command in '/home/uadmin/learning/learn4/learn4_topics_ws/build/status_interfaces': CMAKE_PREFIX_PATH=/opt/ros/humble /usr/bin/cmake --install /home/uadmin/learning/learn4/learn4_topics_ws/build/status_interfaces
[5.082s] Level 1:colcon.colcon_core.environment:create_environment_scripts_only(status_interfaces)
[5.083s] DEBUG:colcon.colcon_core.event_handler.log_command:Invoked command in '/home/uadmin/learning/learn4/learn4_topics_ws/build/status_interfaces' returned '0': CMAKE_PREFIX_PATH=/opt/ros/humble /usr/bin/cmake --install /home/uadmin/learning/learn4/learn4_topics_ws/build/status_interfaces
[5.084s] Level 1:colcon.colcon_core.environment:checking '/home/uadmin/learning/learn4/learn4_topics_ws/install/status_interfaces' for CMake module files
[5.084s] Level 1:colcon.colcon_core.environment:checking '/home/uadmin/learning/learn4/learn4_topics_ws/install/status_interfaces' for CMake config files
[5.085s] Level 1:colcon.colcon_core.shell:create_environment_hook('status_interfaces', 'cmake_prefix_path')
[5.085s] INFO:colcon.colcon_core.shell:Creating environment hook '/home/uadmin/learning/learn4/learn4_topics_ws/install/status_interfaces/share/status_interfaces/hook/cmake_prefix_path.ps1'
[5.085s] INFO:colcon.colcon_core.shell:Creating environment descriptor '/home/uadmin/learning/learn4/learn4_topics_ws/install/status_interfaces/share/status_interfaces/hook/cmake_prefix_path.dsv'
[5.086s] INFO:colcon.colcon_core.shell:Creating environment hook '/home/uadmin/learning/learn4/learn4_topics_ws/install/status_interfaces/share/status_interfaces/hook/cmake_prefix_path.sh'
[5.087s] Level 1:colcon.colcon_core.environment:checking '/home/uadmin/learning/learn4/learn4_topics_ws/install/status_interfaces/lib'
[5.087s] Level 1:colcon.colcon_core.shell:create_environment_hook('status_interfaces', 'ld_library_path_lib')
[5.087s] INFO:colcon.colcon_core.shell:Creating environment hook '/home/uadmin/learning/learn4/learn4_topics_ws/install/status_interfaces/share/status_interfaces/hook/ld_library_path_lib.ps1'
[5.087s] INFO:colcon.colcon_core.shell:Creating environment descriptor '/home/uadmin/learning/learn4/learn4_topics_ws/install/status_interfaces/share/status_interfaces/hook/ld_library_path_lib.dsv'
[5.088s] INFO:colcon.colcon_core.shell:Creating environment hook '/home/uadmin/learning/learn4/learn4_topics_ws/install/status_interfaces/share/status_interfaces/hook/ld_library_path_lib.sh'
[5.088s] Level 1:colcon.colcon_core.environment:checking '/home/uadmin/learning/learn4/learn4_topics_ws/install/status_interfaces/bin'
[5.088s] Level 1:colcon.colcon_core.environment:checking '/home/uadmin/learning/learn4/learn4_topics_ws/install/status_interfaces/lib/pkgconfig/status_interfaces.pc'
[5.088s] Level 1:colcon.colcon_core.environment:checking '/home/uadmin/learning/learn4/learn4_topics_ws/install/status_interfaces/lib/python3.10/site-packages'
[5.089s] Level 1:colcon.colcon_core.environment:checking '/home/uadmin/learning/learn4/learn4_topics_ws/install/status_interfaces/bin'
[5.089s] INFO:colcon.colcon_core.shell:Creating package script '/home/uadmin/learning/learn4/learn4_topics_ws/install/status_interfaces/share/status_interfaces/package.ps1'
[5.089s] INFO:colcon.colcon_core.shell:Creating package descriptor '/home/uadmin/learning/learn4/learn4_topics_ws/install/status_interfaces/share/status_interfaces/package.dsv'
[5.090s] INFO:colcon.colcon_core.shell:Creating package script '/home/uadmin/learning/learn4/learn4_topics_ws/install/status_interfaces/share/status_interfaces/package.sh'
[5.091s] INFO:colcon.colcon_core.shell:Creating package script '/home/uadmin/learning/learn4/learn4_topics_ws/install/status_interfaces/share/status_interfaces/package.bash'
[5.092s] INFO:colcon.colcon_core.shell:Creating package script '/home/uadmin/learning/learn4/learn4_topics_ws/install/status_interfaces/share/status_interfaces/package.zsh'
[5.092s] Level 1:colcon.colcon_core.environment:create_file_with_runtime_dependencies(/home/uadmin/learning/learn4/learn4_topics_ws/install/status_interfaces/share/colcon-core/packages/status_interfaces)
[5.093s] Level 1:colcon.colcon_core.environment:create_environment_scripts_only(status_interfaces)
[5.093s] Level 1:colcon.colcon_core.environment:checking '/home/uadmin/learning/learn4/learn4_topics_ws/install/status_interfaces' for CMake module files
[5.094s] Level 1:colcon.colcon_core.environment:checking '/home/uadmin/learning/learn4/learn4_topics_ws/install/status_interfaces' for CMake config files
[5.094s] Level 1:colcon.colcon_core.shell:create_environment_hook('status_interfaces', 'cmake_prefix_path')
[5.094s] INFO:colcon.colcon_core.shell:Creating environment hook '/home/uadmin/learning/learn4/learn4_topics_ws/install/status_interfaces/share/status_interfaces/hook/cmake_prefix_path.ps1'
[5.095s] INFO:colcon.colcon_core.shell:Creating environment descriptor '/home/uadmin/learning/learn4/learn4_topics_ws/install/status_interfaces/share/status_interfaces/hook/cmake_prefix_path.dsv'
[5.095s] INFO:colcon.colcon_core.shell:Creating environment hook '/home/uadmin/learning/learn4/learn4_topics_ws/install/status_interfaces/share/status_interfaces/hook/cmake_prefix_path.sh'
[5.096s] Level 1:colcon.colcon_core.environment:checking '/home/uadmin/learning/learn4/learn4_topics_ws/install/status_interfaces/lib'
[5.096s] Level 1:colcon.colcon_core.shell:create_environment_hook('status_interfaces', 'ld_library_path_lib')
[5.096s] INFO:colcon.colcon_core.shell:Creating environment hook '/home/uadmin/learning/learn4/learn4_topics_ws/install/status_interfaces/share/status_interfaces/hook/ld_library_path_lib.ps1'
[5.097s] INFO:colcon.colcon_core.shell:Creating environment descriptor '/home/uadmin/learning/learn4/learn4_topics_ws/install/status_interfaces/share/status_interfaces/hook/ld_library_path_lib.dsv'
[5.097s] INFO:colcon.colcon_core.shell:Creating environment hook '/home/uadmin/learning/learn4/learn4_topics_ws/install/status_interfaces/share/status_interfaces/hook/ld_library_path_lib.sh'
[5.098s] Level 1:colcon.colcon_core.environment:checking '/home/uadmin/learning/learn4/learn4_topics_ws/install/status_interfaces/bin'
[5.098s] Level 1:colcon.colcon_core.environment:checking '/home/uadmin/learning/learn4/learn4_topics_ws/install/status_interfaces/lib/pkgconfig/status_interfaces.pc'
[5.098s] Level 1:colcon.colcon_core.environment:checking '/home/uadmin/learning/learn4/learn4_topics_ws/install/status_interfaces/lib/python3.10/site-packages'
[5.099s] Level 1:colcon.colcon_core.environment:checking '/home/uadmin/learning/learn4/learn4_topics_ws/install/status_interfaces/bin'
[5.099s] INFO:colcon.colcon_core.shell:Creating package script '/home/uadmin/learning/learn4/learn4_topics_ws/install/status_interfaces/share/status_interfaces/package.ps1'
[5.099s] INFO:colcon.colcon_core.shell:Creating package descriptor '/home/uadmin/learning/learn4/learn4_topics_ws/install/status_interfaces/share/status_interfaces/package.dsv'
[5.100s] INFO:colcon.colcon_core.shell:Creating package script '/home/uadmin/learning/learn4/learn4_topics_ws/install/status_interfaces/share/status_interfaces/package.sh'
[5.100s] INFO:colcon.colcon_core.shell:Creating package script '/home/uadmin/learning/learn4/learn4_topics_ws/install/status_interfaces/share/status_interfaces/package.bash'
[5.101s] INFO:colcon.colcon_core.shell:Creating package script '/home/uadmin/learning/learn4/learn4_topics_ws/install/status_interfaces/share/status_interfaces/package.zsh'
[5.101s] Level 1:colcon.colcon_core.environment:create_file_with_runtime_dependencies(/home/uadmin/learning/learn4/learn4_topics_ws/install/status_interfaces/share/colcon-core/packages/status_interfaces)
[5.102s] INFO:colcon.colcon_ros.task.ament_python.build:Building ROS package in '/home/uadmin/learning/learn4/learn4_topics_ws/src/status_pub' with build type 'ament_python'
[5.103s] Level 1:colcon.colcon_core.shell:create_environment_hook('status_pub', 'ament_prefix_path')
[5.103s] INFO:colcon.colcon_core.shell:Creating environment hook '/home/uadmin/learning/learn4/learn4_topics_ws/install/status_pub/share/status_pub/hook/ament_prefix_path.ps1'
[5.103s] INFO:colcon.colcon_core.shell:Creating environment descriptor '/home/uadmin/learning/learn4/learn4_topics_ws/install/status_pub/share/status_pub/hook/ament_prefix_path.dsv'
[5.103s] INFO:colcon.colcon_core.shell:Creating environment hook '/home/uadmin/learning/learn4/learn4_topics_ws/install/status_pub/share/status_pub/hook/ament_prefix_path.sh'
[5.104s] INFO:colcon.colcon_core.shell:Skip shell extension 'powershell' for command environment: Not usable outside of PowerShell
[5.104s] DEBUG:colcon.colcon_core.shell:Skip shell extension 'dsv' for command environment
[5.359s] INFO:colcon.colcon_core.task.python.build:Building Python package in '/home/uadmin/learning/learn4/learn4_topics_ws/src/status_pub'
[5.360s] INFO:colcon.colcon_core.shell:Skip shell extension 'powershell' for command environment: Not usable outside of PowerShell
[5.360s] DEBUG:colcon.colcon_core.shell:Skip shell extension 'dsv' for command environment
[5.650s] DEBUG:colcon.colcon_core.event_handler.log_command:Invoking command in '/home/uadmin/learning/learn4/learn4_topics_ws/src/status_pub': AMENT_PREFIX_PATH=/home/uadmin/learning/learn4/learn4_topics_ws/install/status_interfaces:${AMENT_PREFIX_PATH} CMAKE_PREFIX_PATH=/home/uadmin/learning/learn4/learn4_topics_ws/install/status_interfaces LD_LIBRARY_PATH=/home/uadmin/learning/learn4/learn4_topics_ws/install/status_interfaces/lib:${LD_LIBRARY_PATH} PYTHONPATH=/home/uadmin/learning/learn4/learn4_topics_ws/build/status_pub/prefix_override:/usr/lib/python3/dist-packages/colcon_core/task/python/colcon_distutils_commands:/home/uadmin/learning/learn4/learn4_topics_ws/install/status_pub/lib/python3.10/site-packages:/home/uadmin/learning/learn4/learn4_topics_ws/install/status_interfaces/local/lib/python3.10/dist-packages:${PYTHONPATH} /usr/bin/python3 -W ignore:setup.py install is deprecated -W ignore:easy_install command is deprecated setup.py egg_info --egg-base ../../build/status_pub build --build-base /home/uadmin/learning/learn4/learn4_topics_ws/build/status_pub/build install --record /home/uadmin/learning/learn4/learn4_topics_ws/build/status_pub/install.log --single-version-externally-managed install_data
[5.906s] Level 1:colcon.colcon_core.environment:checking '/home/uadmin/learning/learn4/learn4_topics_ws/install/status_pub' for CMake module files
[5.908s] Level 1:colcon.colcon_core.environment:checking '/home/uadmin/learning/learn4/learn4_topics_ws/install/status_pub' for CMake config files
[5.907s] DEBUG:colcon.colcon_core.event_handler.log_command:Invoked command in '/home/uadmin/learning/learn4/learn4_topics_ws/src/status_pub' returned '0': AMENT_PREFIX_PATH=/home/uadmin/learning/learn4/learn4_topics_ws/install/status_interfaces:${AMENT_PREFIX_PATH} CMAKE_PREFIX_PATH=/home/uadmin/learning/learn4/learn4_topics_ws/install/status_interfaces LD_LIBRARY_PATH=/home/uadmin/learning/learn4/learn4_topics_ws/install/status_interfaces/lib:${LD_LIBRARY_PATH} PYTHONPATH=/home/uadmin/learning/learn4/learn4_topics_ws/build/status_pub/prefix_override:/usr/lib/python3/dist-packages/colcon_core/task/python/colcon_distutils_commands:/home/uadmin/learning/learn4/learn4_topics_ws/install/status_pub/lib/python3.10/site-packages:/home/uadmin/learning/learn4/learn4_topics_ws/install/status_interfaces/local/lib/python3.10/dist-packages:${PYTHONPATH} /usr/bin/python3 -W ignore:setup.py install is deprecated -W ignore:easy_install command is deprecated setup.py egg_info --egg-base ../../build/status_pub build --build-base /home/uadmin/learning/learn4/learn4_topics_ws/build/status_pub/build install --record /home/uadmin/learning/learn4/learn4_topics_ws/build/status_pub/install.log --single-version-externally-managed install_data
[5.908s] Level 1:colcon.colcon_core.environment:checking '/home/uadmin/learning/learn4/learn4_topics_ws/install/status_pub/lib'
[5.908s] Level 1:colcon.colcon_core.environment:checking '/home/uadmin/learning/learn4/learn4_topics_ws/install/status_pub/bin'
[5.909s] Level 1:colcon.colcon_core.environment:checking '/home/uadmin/learning/learn4/learn4_topics_ws/install/status_pub/lib/pkgconfig/status_pub.pc'
[5.909s] Level 1:colcon.colcon_core.environment:checking '/home/uadmin/learning/learn4/learn4_topics_ws/install/status_pub/lib/python3.10/site-packages'
[5.909s] Level 1:colcon.colcon_core.shell:create_environment_hook('status_pub', 'pythonpath')
[5.909s] INFO:colcon.colcon_core.shell:Creating environment hook '/home/uadmin/learning/learn4/learn4_topics_ws/install/status_pub/share/status_pub/hook/pythonpath.ps1'
[5.909s] INFO:colcon.colcon_core.shell:Creating environment descriptor '/home/uadmin/learning/learn4/learn4_topics_ws/install/status_pub/share/status_pub/hook/pythonpath.dsv'
[5.910s] INFO:colcon.colcon_core.shell:Creating environment hook '/home/uadmin/learning/learn4/learn4_topics_ws/install/status_pub/share/status_pub/hook/pythonpath.sh'
[5.911s] Level 1:colcon.colcon_core.environment:checking '/home/uadmin/learning/learn4/learn4_topics_ws/install/status_pub/bin'
[5.911s] Level 1:colcon.colcon_core.environment:create_environment_scripts_only(status_pub)
[5.911s] INFO:colcon.colcon_core.shell:Creating package script '/home/uadmin/learning/learn4/learn4_topics_ws/install/status_pub/share/status_pub/package.ps1'
[5.912s] INFO:colcon.colcon_core.shell:Creating package descriptor '/home/uadmin/learning/learn4/learn4_topics_ws/install/status_pub/share/status_pub/package.dsv'
[5.913s] INFO:colcon.colcon_core.shell:Creating package script '/home/uadmin/learning/learn4/learn4_topics_ws/install/status_pub/share/status_pub/package.sh'
[5.913s] INFO:colcon.colcon_core.shell:Creating package script '/home/uadmin/learning/learn4/learn4_topics_ws/install/status_pub/share/status_pub/package.bash'
[5.914s] INFO:colcon.colcon_core.shell:Creating package script '/home/uadmin/learning/learn4/learn4_topics_ws/install/status_pub/share/status_pub/package.zsh'
[5.914s] Level 1:colcon.colcon_core.environment:create_file_with_runtime_dependencies(/home/uadmin/learning/learn4/learn4_topics_ws/install/status_pub/share/colcon-core/packages/status_pub)
[5.916s] DEBUG:colcon.colcon_parallel_executor.executor.parallel:closing loop
[5.916s] DEBUG:colcon.colcon_parallel_executor.executor.parallel:loop closed
[5.916s] DEBUG:colcon.colcon_parallel_executor.executor.parallel:run_until_complete finished with '0'
[5.916s] DEBUG:colcon.colcon_core.event_reactor:joining thread
[5.922s] INFO:colcon.colcon_core.plugin_system:Skipping extension 'colcon_notification.desktop_notification.terminal_notifier': Not used on non-Darwin systems
[5.922s] INFO:colcon.colcon_core.plugin_system:Skipping extension 'colcon_notification.desktop_notification.win32': Not used on non-Windows systems
[5.923s] INFO:colcon.colcon_notification.desktop_notification:Sending desktop notification using 'notify2'
[5.943s] DEBUG:colcon.colcon_core.event_reactor:joined thread
[5.943s] INFO:colcon.colcon_core.shell:Creating prefix script '/home/uadmin/learning/learn4/learn4_topics_ws/install/local_setup.ps1'
[5.944s] INFO:colcon.colcon_core.shell:Creating prefix util module '/home/uadmin/learning/learn4/learn4_topics_ws/install/_local_setup_util_ps1.py'
[5.945s] INFO:colcon.colcon_core.shell:Creating prefix chain script '/home/uadmin/learning/learn4/learn4_topics_ws/install/setup.ps1'
[5.948s] INFO:colcon.colcon_core.shell:Creating prefix script '/home/uadmin/learning/learn4/learn4_topics_ws/install/local_setup.sh'
[5.948s] INFO:colcon.colcon_core.shell:Creating prefix util module '/home/uadmin/learning/learn4/learn4_topics_ws/install/_local_setup_util_sh.py'
[5.949s] INFO:colcon.colcon_core.shell:Creating prefix chain script '/home/uadmin/learning/learn4/learn4_topics_ws/install/setup.sh'
[5.951s] INFO:colcon.colcon_core.shell:Creating prefix script '/home/uadmin/learning/learn4/learn4_topics_ws/install/local_setup.bash'
[5.952s] INFO:colcon.colcon_core.shell:Creating prefix chain script '/home/uadmin/learning/learn4/learn4_topics_ws/install/setup.bash'
[5.953s] INFO:colcon.colcon_core.shell:Creating prefix script '/home/uadmin/learning/learn4/learn4_topics_ws/install/local_setup.zsh'
[5.953s] INFO:colcon.colcon_core.shell:Creating prefix chain script '/home/uadmin/learning/learn4/learn4_topics_ws/install/setup.zsh'
