running egg_info
creating ../../build/learn5_service/learn5_service.egg-info
writing ../../build/learn5_service/learn5_service.egg-info/PKG-INFO
writing dependency_links to ../../build/learn5_service/learn5_service.egg-info/dependency_links.txt
writing entry points to ../../build/learn5_service/learn5_service.egg-info/entry_points.txt
writing requirements to ../../build/learn5_service/learn5_service.egg-info/requires.txt
writing top-level names to ../../build/learn5_service/learn5_service.egg-info/top_level.txt
writing manifest file '../../build/learn5_service/learn5_service.egg-info/SOURCES.txt'
reading manifest file '../../build/learn5_service/learn5_service.egg-info/SOURCES.txt'
adding license file 'LICENSE'
writing manifest file '../../build/learn5_service/learn5_service.egg-info/SOURCES.txt'
running build
running build_py
creating /home/uadmin/learning/learn5/learn5_ws/build/learn5_service/build
creating /home/uadmin/learning/learn5/learn5_ws/build/learn5_service/build/lib
creating /home/uadmin/learning/learn5/learn5_ws/build/learn5_service/build/lib/learn5_service
copying learn5_service/__init__.py -> /home/uadmin/learning/learn5/learn5_ws/build/learn5_service/build/lib/learn5_service
running install
running install_lib
creating /home/uadmin/learning/learn5/learn5_ws/install/learn5_service/lib/python3.10/site-packages/learn5_service
copying /home/uadmin/learning/learn5/learn5_ws/build/learn5_service/build/lib/learn5_service/__init__.py -> /home/uadmin/learning/learn5/learn5_ws/install/learn5_service/lib/python3.10/site-packages/learn5_service
byte-compiling /home/uadmin/learning/learn5/learn5_ws/install/learn5_service/lib/python3.10/site-packages/learn5_service/__init__.py to __init__.cpython-310.pyc
running install_data
creating /home/uadmin/learning/learn5/learn5_ws/install/learn5_service/share/ament_index
creating /home/uadmin/learning/learn5/learn5_ws/install/learn5_service/share/ament_index/resource_index
creating /home/uadmin/learning/learn5/learn5_ws/install/learn5_service/share/ament_index/resource_index/packages
copying resource/learn5_service -> /home/uadmin/learning/learn5/learn5_ws/install/learn5_service/share/ament_index/resource_index/packages
copying package.xml -> /home/uadmin/learning/learn5/learn5_ws/install/learn5_service/share/learn5_service
running install_egg_info
Copying ../../build/learn5_service/learn5_service.egg-info to /home/uadmin/learning/learn5/learn5_ws/install/learn5_service/lib/python3.10/site-packages/learn5_service-0.0.0-py3.10.egg-info
running install_scripts
writing list of installed files to '/home/uadmin/learning/learn5/learn5_ws/build/learn5_service/install.log'
