[0.089s] DEBUG:colcon:Command line arguments: ['/usr/bin/colcon', 'build']
[0.089s] DEBUG:colcon:Parsed command line arguments: Namespace(log_base=None, log_level=None, verb_name='build', build_base='build', install_base='install', merge_install=False, symlink_install=False, test_result_base=None, continue_on_error=False, executor='parallel', parallel_workers=2, event_handlers=None, ignore_user_meta=False, metas=['./colcon.meta'], base_paths=['.'], packages_ignore=None, packages_ignore_regex=None, paths=None, packages_up_to=None, packages_up_to_regex=None, packages_above=None, packages_above_and_dependencies=None, packages_above_depth=None, packages_select_by_dep=None, packages_skip_by_dep=None, packages_skip_up_to=None, packages_select_build_failed=False, packages_skip_build_finished=False, packages_select_test_failures=False, packages_skip_test_passed=False, packages_select=None, packages_skip=None, packages_select_regex=None, packages_skip_regex=None, packages_start=None, packages_end=None, allow_overriding=[], cmake_args=None, cmake_target=None, cmake_target_skip_unavailable=False, cmake_clean_cache=False, cmake_clean_first=False, cmake_force_configure=False, ament_cmake_args=None, catkin_cmake_args=None, catkin_skip_building_tests=False, verb_parser=<colcon_defaults.argument_parser.defaults.DefaultArgumentsDecorator object at 0x7428609274c0>, verb_extension=<colcon_core.verb.build.BuildVerb object at 0x742860926f20>, main=<bound method BuildVerb.main of <colcon_core.verb.build.BuildVerb object at 0x742860926f20>>)
[0.204s] Level 1:colcon.colcon_core.package_discovery:discover_packages(colcon_meta) check parameters
[0.204s] Level 1:colcon.colcon_core.package_discovery:discover_packages(recursive) check parameters
[0.204s] Level 1:colcon.colcon_core.package_discovery:discover_packages(ignore) check parameters
[0.204s] Level 1:colcon.colcon_core.package_discovery:discover_packages(path) check parameters
[0.204s] Level 1:colcon.colcon_core.package_discovery:discover_packages(colcon_meta) discover
[0.204s] Level 1:colcon.colcon_core.package_discovery:discover_packages(recursive) discover
[0.204s] INFO:colcon.colcon_core.package_discovery:Crawling recursively for packages in '/home/uadmin/learning/learn3/learn3_ws'
[0.204s] Level 1:colcon.colcon_core.package_identification:_identify(.) by extensions ['ignore', 'ignore_ament_install']
[0.204s] Level 1:colcon.colcon_core.package_identification:_identify(.) by extension 'ignore'
[0.204s] Level 1:colcon.colcon_core.package_identification:_identify(.) by extension 'ignore_ament_install'
[0.204s] Level 1:colcon.colcon_core.package_identification:_identify(.) by extensions ['colcon_pkg']
[0.204s] Level 1:colcon.colcon_core.package_identification:_identify(.) by extension 'colcon_pkg'
[0.204s] Level 1:colcon.colcon_core.package_identification:_identify(.) by extensions ['colcon_meta']
[0.204s] Level 1:colcon.colcon_core.package_identification:_identify(.) by extension 'colcon_meta'
[0.204s] Level 1:colcon.colcon_core.package_identification:_identify(.) by extensions ['ros']
[0.204s] Level 1:colcon.colcon_core.package_identification:_identify(.) by extension 'ros'
[0.216s] Level 1:colcon.colcon_core.package_identification:_identify(.) by extensions ['cmake', 'python']
[0.216s] Level 1:colcon.colcon_core.package_identification:_identify(.) by extension 'cmake'
[0.216s] Level 1:colcon.colcon_core.package_identification:_identify(.) by extension 'python'
[0.216s] Level 1:colcon.colcon_core.package_identification:_identify(.) by extensions ['python_setup_py']
[0.216s] Level 1:colcon.colcon_core.package_identification:_identify(.) by extension 'python_setup_py'
[0.216s] Level 1:colcon.colcon_core.package_identification:_identify(build) by extensions ['ignore', 'ignore_ament_install']
[0.216s] Level 1:colcon.colcon_core.package_identification:_identify(build) by extension 'ignore'
[0.216s] Level 1:colcon.colcon_core.package_identification:_identify(build) ignored
[0.216s] Level 1:colcon.colcon_core.package_identification:_identify(install) by extensions ['ignore', 'ignore_ament_install']
[0.216s] Level 1:colcon.colcon_core.package_identification:_identify(install) by extension 'ignore'
[0.216s] Level 1:colcon.colcon_core.package_identification:_identify(install) ignored
[0.216s] Level 1:colcon.colcon_core.package_identification:_identify(log) by extensions ['ignore', 'ignore_ament_install']
[0.216s] Level 1:colcon.colcon_core.package_identification:_identify(log) by extension 'ignore'
[0.216s] Level 1:colcon.colcon_core.package_identification:_identify(log) ignored
[0.216s] Level 1:colcon.colcon_core.package_identification:_identify(src) by extensions ['ignore', 'ignore_ament_install']
[0.216s] Level 1:colcon.colcon_core.package_identification:_identify(src) by extension 'ignore'
[0.217s] Level 1:colcon.colcon_core.package_identification:_identify(src) by extension 'ignore_ament_install'
[0.217s] Level 1:colcon.colcon_core.package_identification:_identify(src) by extensions ['colcon_pkg']
[0.217s] Level 1:colcon.colcon_core.package_identification:_identify(src) by extension 'colcon_pkg'
[0.217s] Level 1:colcon.colcon_core.package_identification:_identify(src) by extensions ['colcon_meta']
[0.217s] Level 1:colcon.colcon_core.package_identification:_identify(src) by extension 'colcon_meta'
[0.217s] Level 1:colcon.colcon_core.package_identification:_identify(src) by extensions ['ros']
[0.217s] Level 1:colcon.colcon_core.package_identification:_identify(src) by extension 'ros'
[0.217s] Level 1:colcon.colcon_core.package_identification:_identify(src) by extensions ['cmake', 'python']
[0.217s] Level 1:colcon.colcon_core.package_identification:_identify(src) by extension 'cmake'
[0.217s] Level 1:colcon.colcon_core.package_identification:_identify(src) by extension 'python'
[0.217s] Level 1:colcon.colcon_core.package_identification:_identify(src) by extensions ['python_setup_py']
[0.217s] Level 1:colcon.colcon_core.package_identification:_identify(src) by extension 'python_setup_py'
[0.217s] Level 1:colcon.colcon_core.package_identification:_identify(src/demo_cpp_nodes) by extensions ['ignore', 'ignore_ament_install']
[0.217s] Level 1:colcon.colcon_core.package_identification:_identify(src/demo_cpp_nodes) by extension 'ignore'
[0.217s] Level 1:colcon.colcon_core.package_identification:_identify(src/demo_cpp_nodes) by extension 'ignore_ament_install'
[0.217s] Level 1:colcon.colcon_core.package_identification:_identify(src/demo_cpp_nodes) by extensions ['colcon_pkg']
[0.217s] Level 1:colcon.colcon_core.package_identification:_identify(src/demo_cpp_nodes) by extension 'colcon_pkg'
[0.217s] Level 1:colcon.colcon_core.package_identification:_identify(src/demo_cpp_nodes) by extensions ['colcon_meta']
[0.217s] Level 1:colcon.colcon_core.package_identification:_identify(src/demo_cpp_nodes) by extension 'colcon_meta'
[0.217s] Level 1:colcon.colcon_core.package_identification:_identify(src/demo_cpp_nodes) by extensions ['ros']
[0.217s] Level 1:colcon.colcon_core.package_identification:_identify(src/demo_cpp_nodes) by extension 'ros'
[0.220s] DEBUG:colcon.colcon_core.package_identification:Package 'src/demo_cpp_nodes' with type 'ros.ament_cmake' and name 'demo_cpp_nodes'
[0.220s] Level 1:colcon.colcon_core.package_identification:_identify(src/demo_py_pkg_2) by extensions ['ignore', 'ignore_ament_install']
[0.220s] Level 1:colcon.colcon_core.package_identification:_identify(src/demo_py_pkg_2) by extension 'ignore'
[0.220s] Level 1:colcon.colcon_core.package_identification:_identify(src/demo_py_pkg_2) by extension 'ignore_ament_install'
[0.220s] Level 1:colcon.colcon_core.package_identification:_identify(src/demo_py_pkg_2) by extensions ['colcon_pkg']
[0.220s] Level 1:colcon.colcon_core.package_identification:_identify(src/demo_py_pkg_2) by extension 'colcon_pkg'
[0.220s] Level 1:colcon.colcon_core.package_identification:_identify(src/demo_py_pkg_2) by extensions ['colcon_meta']
[0.220s] Level 1:colcon.colcon_core.package_identification:_identify(src/demo_py_pkg_2) by extension 'colcon_meta'
[0.220s] Level 1:colcon.colcon_core.package_identification:_identify(src/demo_py_pkg_2) by extensions ['ros']
[0.220s] Level 1:colcon.colcon_core.package_identification:_identify(src/demo_py_pkg_2) by extension 'ros'
[0.221s] DEBUG:colcon.colcon_core.package_identification:Package 'src/demo_py_pkg_2' with type 'ros.ament_python' and name 'demo_py_pkg_2'
[0.221s] Level 1:colcon.colcon_core.package_discovery:discover_packages(recursive) using defaults
[0.221s] Level 1:colcon.colcon_core.package_discovery:discover_packages(ignore) discover
[0.221s] Level 1:colcon.colcon_core.package_discovery:discover_packages(ignore) using defaults
[0.221s] Level 1:colcon.colcon_core.package_discovery:discover_packages(path) discover
[0.221s] Level 1:colcon.colcon_core.package_discovery:discover_packages(path) using defaults
[0.235s] Level 1:colcon.colcon_core.package_discovery:discover_packages(prefix_path) check parameters
[0.235s] Level 1:colcon.colcon_core.package_discovery:discover_packages(prefix_path) discover
[0.240s] DEBUG:colcon.colcon_installed_package_information.package_discovery:Found 310 installed packages in /opt/ros/humble
[0.247s] Level 1:colcon.colcon_core.package_discovery:discover_packages(prefix_path) using defaults
[0.280s] Level 5:colcon.colcon_core.verb:set package 'demo_cpp_nodes' build argument 'cmake_args' from command line to 'None'
[0.280s] Level 5:colcon.colcon_core.verb:set package 'demo_cpp_nodes' build argument 'cmake_target' from command line to 'None'
[0.281s] Level 5:colcon.colcon_core.verb:set package 'demo_cpp_nodes' build argument 'cmake_target_skip_unavailable' from command line to 'False'
[0.281s] Level 5:colcon.colcon_core.verb:set package 'demo_cpp_nodes' build argument 'cmake_clean_cache' from command line to 'False'
[0.281s] Level 5:colcon.colcon_core.verb:set package 'demo_cpp_nodes' build argument 'cmake_clean_first' from command line to 'False'
[0.281s] Level 5:colcon.colcon_core.verb:set package 'demo_cpp_nodes' build argument 'cmake_force_configure' from command line to 'False'
[0.281s] Level 5:colcon.colcon_core.verb:set package 'demo_cpp_nodes' build argument 'ament_cmake_args' from command line to 'None'
[0.281s] Level 5:colcon.colcon_core.verb:set package 'demo_cpp_nodes' build argument 'catkin_cmake_args' from command line to 'None'
[0.281s] Level 5:colcon.colcon_core.verb:set package 'demo_cpp_nodes' build argument 'catkin_skip_building_tests' from command line to 'False'
[0.281s] DEBUG:colcon.colcon_core.verb:Building package 'demo_cpp_nodes' with the following arguments: {'ament_cmake_args': None, 'build_base': '/home/uadmin/learning/learn3/learn3_ws/build/demo_cpp_nodes', 'catkin_cmake_args': None, 'catkin_skip_building_tests': False, 'cmake_args': None, 'cmake_clean_cache': False, 'cmake_clean_first': False, 'cmake_force_configure': False, 'cmake_target': None, 'cmake_target_skip_unavailable': False, 'install_base': '/home/uadmin/learning/learn3/learn3_ws/install/demo_cpp_nodes', 'merge_install': False, 'path': '/home/uadmin/learning/learn3/learn3_ws/src/demo_cpp_nodes', 'symlink_install': False, 'test_result_base': None}
[0.281s] Level 5:colcon.colcon_core.verb:set package 'demo_py_pkg_2' build argument 'cmake_args' from command line to 'None'
[0.281s] Level 5:colcon.colcon_core.verb:set package 'demo_py_pkg_2' build argument 'cmake_target' from command line to 'None'
[0.281s] Level 5:colcon.colcon_core.verb:set package 'demo_py_pkg_2' build argument 'cmake_target_skip_unavailable' from command line to 'False'
[0.281s] Level 5:colcon.colcon_core.verb:set package 'demo_py_pkg_2' build argument 'cmake_clean_cache' from command line to 'False'
[0.281s] Level 5:colcon.colcon_core.verb:set package 'demo_py_pkg_2' build argument 'cmake_clean_first' from command line to 'False'
[0.281s] Level 5:colcon.colcon_core.verb:set package 'demo_py_pkg_2' build argument 'cmake_force_configure' from command line to 'False'
[0.281s] Level 5:colcon.colcon_core.verb:set package 'demo_py_pkg_2' build argument 'ament_cmake_args' from command line to 'None'
[0.281s] Level 5:colcon.colcon_core.verb:set package 'demo_py_pkg_2' build argument 'catkin_cmake_args' from command line to 'None'
[0.281s] Level 5:colcon.colcon_core.verb:set package 'demo_py_pkg_2' build argument 'catkin_skip_building_tests' from command line to 'False'
[0.281s] DEBUG:colcon.colcon_core.verb:Building package 'demo_py_pkg_2' with the following arguments: {'ament_cmake_args': None, 'build_base': '/home/uadmin/learning/learn3/learn3_ws/build/demo_py_pkg_2', 'catkin_cmake_args': None, 'catkin_skip_building_tests': False, 'cmake_args': None, 'cmake_clean_cache': False, 'cmake_clean_first': False, 'cmake_force_configure': False, 'cmake_target': None, 'cmake_target_skip_unavailable': False, 'install_base': '/home/uadmin/learning/learn3/learn3_ws/install/demo_py_pkg_2', 'merge_install': False, 'path': '/home/uadmin/learning/learn3/learn3_ws/src/demo_py_pkg_2', 'symlink_install': False, 'test_result_base': None}
[0.281s] INFO:colcon.colcon_core.executor:Executing jobs using 'parallel' executor
[0.282s] DEBUG:colcon.colcon_parallel_executor.executor.parallel:run_until_complete
[0.283s] INFO:colcon.colcon_ros.task.ament_cmake.build:Building ROS package in '/home/uadmin/learning/learn3/learn3_ws/src/demo_cpp_nodes' with build type 'ament_cmake'
[0.283s] INFO:colcon.colcon_cmake.task.cmake.build:Building CMake package in '/home/uadmin/learning/learn3/learn3_ws/src/demo_cpp_nodes'
[0.288s] INFO:colcon.colcon_core.plugin_system:Skipping extension 'colcon_core.shell.bat': Not used on non-Windows systems
[0.288s] INFO:colcon.colcon_core.shell:Skip shell extension 'powershell' for command environment: Not usable outside of PowerShell
[0.288s] DEBUG:colcon.colcon_core.shell:Skip shell extension 'dsv' for command environment
[0.299s] DEBUG:colcon.colcon_core.event_handler.log_command:Invoking command in '/home/uadmin/learning/learn3/learn3_ws/build/demo_cpp_nodes': CMAKE_PREFIX_PATH=/opt/ros/humble /usr/bin/cmake --build /home/uadmin/learning/learn3/learn3_ws/build/demo_cpp_nodes -- -j2 -l2
[2.924s] DEBUG:colcon.colcon_core.event_handler.log_command:Invoked command in '/home/uadmin/learning/learn3/learn3_ws/build/demo_cpp_nodes' returned '0': CMAKE_PREFIX_PATH=/opt/ros/humble /usr/bin/cmake --build /home/uadmin/learning/learn3/learn3_ws/build/demo_cpp_nodes -- -j2 -l2
[2.935s] DEBUG:colcon.colcon_core.event_handler.log_command:Invoking command in '/home/uadmin/learning/learn3/learn3_ws/build/demo_cpp_nodes': CMAKE_PREFIX_PATH=/opt/ros/humble /usr/bin/cmake --install /home/uadmin/learning/learn3/learn3_ws/build/demo_cpp_nodes
[2.949s] Level 1:colcon.colcon_core.environment:create_environment_scripts_only(demo_cpp_nodes)
[2.950s] DEBUG:colcon.colcon_core.event_handler.log_command:Invoked command in '/home/uadmin/learning/learn3/learn3_ws/build/demo_cpp_nodes' returned '0': CMAKE_PREFIX_PATH=/opt/ros/humble /usr/bin/cmake --install /home/uadmin/learning/learn3/learn3_ws/build/demo_cpp_nodes
[2.957s] Level 1:colcon.colcon_core.environment:checking '/home/uadmin/learning/learn3/learn3_ws/install/demo_cpp_nodes' for CMake module files
[2.958s] Level 1:colcon.colcon_core.environment:checking '/home/uadmin/learning/learn3/learn3_ws/install/demo_cpp_nodes' for CMake config files
[2.958s] Level 1:colcon.colcon_core.shell:create_environment_hook('demo_cpp_nodes', 'cmake_prefix_path')
[2.958s] INFO:colcon.colcon_core.shell:Creating environment hook '/home/uadmin/learning/learn3/learn3_ws/install/demo_cpp_nodes/share/demo_cpp_nodes/hook/cmake_prefix_path.ps1'
[2.959s] INFO:colcon.colcon_core.shell:Creating environment descriptor '/home/uadmin/learning/learn3/learn3_ws/install/demo_cpp_nodes/share/demo_cpp_nodes/hook/cmake_prefix_path.dsv'
[2.960s] INFO:colcon.colcon_core.shell:Creating environment hook '/home/uadmin/learning/learn3/learn3_ws/install/demo_cpp_nodes/share/demo_cpp_nodes/hook/cmake_prefix_path.sh'
[2.961s] Level 1:colcon.colcon_core.environment:checking '/home/uadmin/learning/learn3/learn3_ws/install/demo_cpp_nodes/lib'
[2.961s] Level 1:colcon.colcon_core.environment:checking '/home/uadmin/learning/learn3/learn3_ws/install/demo_cpp_nodes/bin'
[2.961s] Level 1:colcon.colcon_core.environment:checking '/home/uadmin/learning/learn3/learn3_ws/install/demo_cpp_nodes/lib/pkgconfig/demo_cpp_nodes.pc'
[2.962s] Level 1:colcon.colcon_core.environment:checking '/home/uadmin/learning/learn3/learn3_ws/install/demo_cpp_nodes/lib/python3.10/site-packages'
[2.962s] Level 1:colcon.colcon_core.environment:checking '/home/uadmin/learning/learn3/learn3_ws/install/demo_cpp_nodes/bin'
[2.962s] INFO:colcon.colcon_core.shell:Creating package script '/home/uadmin/learning/learn3/learn3_ws/install/demo_cpp_nodes/share/demo_cpp_nodes/package.ps1'
[2.963s] INFO:colcon.colcon_core.shell:Creating package descriptor '/home/uadmin/learning/learn3/learn3_ws/install/demo_cpp_nodes/share/demo_cpp_nodes/package.dsv'
[2.963s] INFO:colcon.colcon_core.shell:Creating package script '/home/uadmin/learning/learn3/learn3_ws/install/demo_cpp_nodes/share/demo_cpp_nodes/package.sh'
[2.964s] INFO:colcon.colcon_core.shell:Creating package script '/home/uadmin/learning/learn3/learn3_ws/install/demo_cpp_nodes/share/demo_cpp_nodes/package.bash'
[2.965s] INFO:colcon.colcon_core.shell:Creating package script '/home/uadmin/learning/learn3/learn3_ws/install/demo_cpp_nodes/share/demo_cpp_nodes/package.zsh'
[2.966s] Level 1:colcon.colcon_core.environment:create_file_with_runtime_dependencies(/home/uadmin/learning/learn3/learn3_ws/install/demo_cpp_nodes/share/colcon-core/packages/demo_cpp_nodes)
[2.967s] Level 1:colcon.colcon_core.environment:create_environment_scripts_only(demo_cpp_nodes)
[2.967s] Level 1:colcon.colcon_core.environment:checking '/home/uadmin/learning/learn3/learn3_ws/install/demo_cpp_nodes' for CMake module files
[2.967s] Level 1:colcon.colcon_core.environment:checking '/home/uadmin/learning/learn3/learn3_ws/install/demo_cpp_nodes' for CMake config files
[2.967s] Level 1:colcon.colcon_core.shell:create_environment_hook('demo_cpp_nodes', 'cmake_prefix_path')
[2.968s] INFO:colcon.colcon_core.shell:Creating environment hook '/home/uadmin/learning/learn3/learn3_ws/install/demo_cpp_nodes/share/demo_cpp_nodes/hook/cmake_prefix_path.ps1'
[2.968s] INFO:colcon.colcon_core.shell:Creating environment descriptor '/home/uadmin/learning/learn3/learn3_ws/install/demo_cpp_nodes/share/demo_cpp_nodes/hook/cmake_prefix_path.dsv'
[2.968s] INFO:colcon.colcon_core.shell:Creating environment hook '/home/uadmin/learning/learn3/learn3_ws/install/demo_cpp_nodes/share/demo_cpp_nodes/hook/cmake_prefix_path.sh'
[2.969s] Level 1:colcon.colcon_core.environment:checking '/home/uadmin/learning/learn3/learn3_ws/install/demo_cpp_nodes/lib'
[2.969s] Level 1:colcon.colcon_core.environment:checking '/home/uadmin/learning/learn3/learn3_ws/install/demo_cpp_nodes/bin'
[2.969s] Level 1:colcon.colcon_core.environment:checking '/home/uadmin/learning/learn3/learn3_ws/install/demo_cpp_nodes/lib/pkgconfig/demo_cpp_nodes.pc'
[2.969s] Level 1:colcon.colcon_core.environment:checking '/home/uadmin/learning/learn3/learn3_ws/install/demo_cpp_nodes/lib/python3.10/site-packages'
[2.969s] Level 1:colcon.colcon_core.environment:checking '/home/uadmin/learning/learn3/learn3_ws/install/demo_cpp_nodes/bin'
[2.970s] INFO:colcon.colcon_core.shell:Creating package script '/home/uadmin/learning/learn3/learn3_ws/install/demo_cpp_nodes/share/demo_cpp_nodes/package.ps1'
[2.970s] INFO:colcon.colcon_core.shell:Creating package descriptor '/home/uadmin/learning/learn3/learn3_ws/install/demo_cpp_nodes/share/demo_cpp_nodes/package.dsv'
[2.971s] INFO:colcon.colcon_core.shell:Creating package script '/home/uadmin/learning/learn3/learn3_ws/install/demo_cpp_nodes/share/demo_cpp_nodes/package.sh'
[2.972s] INFO:colcon.colcon_core.shell:Creating package script '/home/uadmin/learning/learn3/learn3_ws/install/demo_cpp_nodes/share/demo_cpp_nodes/package.bash'
[2.972s] INFO:colcon.colcon_core.shell:Creating package script '/home/uadmin/learning/learn3/learn3_ws/install/demo_cpp_nodes/share/demo_cpp_nodes/package.zsh'
[2.973s] Level 1:colcon.colcon_core.environment:create_file_with_runtime_dependencies(/home/uadmin/learning/learn3/learn3_ws/install/demo_cpp_nodes/share/colcon-core/packages/demo_cpp_nodes)
[2.973s] INFO:colcon.colcon_ros.task.ament_python.build:Building ROS package in '/home/uadmin/learning/learn3/learn3_ws/src/demo_py_pkg_2' with build type 'ament_python'
[2.974s] Level 1:colcon.colcon_core.shell:create_environment_hook('demo_py_pkg_2', 'ament_prefix_path')
[2.974s] INFO:colcon.colcon_core.shell:Creating environment hook '/home/uadmin/learning/learn3/learn3_ws/install/demo_py_pkg_2/share/demo_py_pkg_2/hook/ament_prefix_path.ps1'
[2.975s] INFO:colcon.colcon_core.shell:Creating environment descriptor '/home/uadmin/learning/learn3/learn3_ws/install/demo_py_pkg_2/share/demo_py_pkg_2/hook/ament_prefix_path.dsv'
[2.976s] INFO:colcon.colcon_core.shell:Creating environment hook '/home/uadmin/learning/learn3/learn3_ws/install/demo_py_pkg_2/share/demo_py_pkg_2/hook/ament_prefix_path.sh'
[2.977s] INFO:colcon.colcon_core.shell:Skip shell extension 'powershell' for command environment: Not usable outside of PowerShell
[2.977s] DEBUG:colcon.colcon_core.shell:Skip shell extension 'dsv' for command environment
[3.204s] INFO:colcon.colcon_core.task.python.build:Building Python package in '/home/uadmin/learning/learn3/learn3_ws/src/demo_py_pkg_2'
[3.204s] INFO:colcon.colcon_core.shell:Skip shell extension 'powershell' for command environment: Not usable outside of PowerShell
[3.204s] DEBUG:colcon.colcon_core.shell:Skip shell extension 'dsv' for command environment
[3.494s] DEBUG:colcon.colcon_core.event_handler.log_command:Invoking command in '/home/uadmin/learning/learn3/learn3_ws/src/demo_py_pkg_2': AMENT_PREFIX_PATH=/home/uadmin/learning/learn3/learn3_ws/install/demo_cpp_nodes:${AMENT_PREFIX_PATH} CMAKE_PREFIX_PATH=/home/uadmin/learning/learn3/learn3_ws/install/demo_cpp_nodes PYTHONPATH=/home/uadmin/learning/learn3/learn3_ws/build/demo_py_pkg_2/prefix_override:/usr/lib/python3/dist-packages/colcon_core/task/python/colcon_distutils_commands:/home/uadmin/learning/learn3/learn3_ws/install/demo_py_pkg_2/lib/python3.10/site-packages:${PYTHONPATH} /usr/bin/python3 -W ignore:setup.py install is deprecated -W ignore:easy_install command is deprecated setup.py egg_info --egg-base ../../build/demo_py_pkg_2 build --build-base /home/uadmin/learning/learn3/learn3_ws/build/demo_py_pkg_2/build install --record /home/uadmin/learning/learn3/learn3_ws/build/demo_py_pkg_2/install.log --single-version-externally-managed install_data
[3.720s] Level 1:colcon.colcon_core.environment:checking '/home/uadmin/learning/learn3/learn3_ws/install/demo_py_pkg_2' for CMake module files
[3.721s] DEBUG:colcon.colcon_core.event_handler.log_command:Invoked command in '/home/uadmin/learning/learn3/learn3_ws/src/demo_py_pkg_2' returned '0': AMENT_PREFIX_PATH=/home/uadmin/learning/learn3/learn3_ws/install/demo_cpp_nodes:${AMENT_PREFIX_PATH} CMAKE_PREFIX_PATH=/home/uadmin/learning/learn3/learn3_ws/install/demo_cpp_nodes PYTHONPATH=/home/uadmin/learning/learn3/learn3_ws/build/demo_py_pkg_2/prefix_override:/usr/lib/python3/dist-packages/colcon_core/task/python/colcon_distutils_commands:/home/uadmin/learning/learn3/learn3_ws/install/demo_py_pkg_2/lib/python3.10/site-packages:${PYTHONPATH} /usr/bin/python3 -W ignore:setup.py install is deprecated -W ignore:easy_install command is deprecated setup.py egg_info --egg-base ../../build/demo_py_pkg_2 build --build-base /home/uadmin/learning/learn3/learn3_ws/build/demo_py_pkg_2/build install --record /home/uadmin/learning/learn3/learn3_ws/build/demo_py_pkg_2/install.log --single-version-externally-managed install_data
[3.721s] Level 1:colcon.colcon_core.environment:checking '/home/uadmin/learning/learn3/learn3_ws/install/demo_py_pkg_2' for CMake config files
[3.722s] Level 1:colcon.colcon_core.environment:checking '/home/uadmin/learning/learn3/learn3_ws/install/demo_py_pkg_2/lib'
[3.722s] Level 1:colcon.colcon_core.environment:checking '/home/uadmin/learning/learn3/learn3_ws/install/demo_py_pkg_2/bin'
[3.722s] Level 1:colcon.colcon_core.environment:checking '/home/uadmin/learning/learn3/learn3_ws/install/demo_py_pkg_2/lib/pkgconfig/demo_py_pkg_2.pc'
[3.722s] Level 1:colcon.colcon_core.environment:checking '/home/uadmin/learning/learn3/learn3_ws/install/demo_py_pkg_2/lib/python3.10/site-packages'
[3.722s] Level 1:colcon.colcon_core.shell:create_environment_hook('demo_py_pkg_2', 'pythonpath')
[3.722s] INFO:colcon.colcon_core.shell:Creating environment hook '/home/uadmin/learning/learn3/learn3_ws/install/demo_py_pkg_2/share/demo_py_pkg_2/hook/pythonpath.ps1'
[3.723s] INFO:colcon.colcon_core.shell:Creating environment descriptor '/home/uadmin/learning/learn3/learn3_ws/install/demo_py_pkg_2/share/demo_py_pkg_2/hook/pythonpath.dsv'
[3.724s] INFO:colcon.colcon_core.shell:Creating environment hook '/home/uadmin/learning/learn3/learn3_ws/install/demo_py_pkg_2/share/demo_py_pkg_2/hook/pythonpath.sh'
[3.724s] Level 1:colcon.colcon_core.environment:checking '/home/uadmin/learning/learn3/learn3_ws/install/demo_py_pkg_2/bin'
[3.724s] Level 1:colcon.colcon_core.environment:create_environment_scripts_only(demo_py_pkg_2)
[3.725s] INFO:colcon.colcon_core.shell:Creating package script '/home/uadmin/learning/learn3/learn3_ws/install/demo_py_pkg_2/share/demo_py_pkg_2/package.ps1'
[3.725s] INFO:colcon.colcon_core.shell:Creating package descriptor '/home/uadmin/learning/learn3/learn3_ws/install/demo_py_pkg_2/share/demo_py_pkg_2/package.dsv'
[3.726s] INFO:colcon.colcon_core.shell:Creating package script '/home/uadmin/learning/learn3/learn3_ws/install/demo_py_pkg_2/share/demo_py_pkg_2/package.sh'
[3.726s] INFO:colcon.colcon_core.shell:Creating package script '/home/uadmin/learning/learn3/learn3_ws/install/demo_py_pkg_2/share/demo_py_pkg_2/package.bash'
[3.727s] INFO:colcon.colcon_core.shell:Creating package script '/home/uadmin/learning/learn3/learn3_ws/install/demo_py_pkg_2/share/demo_py_pkg_2/package.zsh'
[3.727s] Level 1:colcon.colcon_core.environment:create_file_with_runtime_dependencies(/home/uadmin/learning/learn3/learn3_ws/install/demo_py_pkg_2/share/colcon-core/packages/demo_py_pkg_2)
[3.728s] DEBUG:colcon.colcon_parallel_executor.executor.parallel:closing loop
[3.728s] DEBUG:colcon.colcon_parallel_executor.executor.parallel:loop closed
[3.728s] DEBUG:colcon.colcon_parallel_executor.executor.parallel:run_until_complete finished with '0'
[3.728s] DEBUG:colcon.colcon_core.event_reactor:joining thread
[3.739s] INFO:colcon.colcon_core.plugin_system:Skipping extension 'colcon_notification.desktop_notification.terminal_notifier': Not used on non-Darwin systems
[3.739s] INFO:colcon.colcon_core.plugin_system:Skipping extension 'colcon_notification.desktop_notification.win32': Not used on non-Windows systems
[3.739s] INFO:colcon.colcon_notification.desktop_notification:Sending desktop notification using 'notify2'
[3.771s] DEBUG:colcon.colcon_core.event_reactor:joined thread
[3.772s] INFO:colcon.colcon_core.shell:Creating prefix script '/home/uadmin/learning/learn3/learn3_ws/install/local_setup.ps1'
[3.773s] INFO:colcon.colcon_core.shell:Creating prefix util module '/home/uadmin/learning/learn3/learn3_ws/install/_local_setup_util_ps1.py'
[3.775s] INFO:colcon.colcon_core.shell:Creating prefix chain script '/home/uadmin/learning/learn3/learn3_ws/install/setup.ps1'
[3.777s] INFO:colcon.colcon_core.shell:Creating prefix script '/home/uadmin/learning/learn3/learn3_ws/install/local_setup.sh'
[3.778s] INFO:colcon.colcon_core.shell:Creating prefix util module '/home/uadmin/learning/learn3/learn3_ws/install/_local_setup_util_sh.py'
[3.779s] INFO:colcon.colcon_core.shell:Creating prefix chain script '/home/uadmin/learning/learn3/learn3_ws/install/setup.sh'
[3.780s] INFO:colcon.colcon_core.shell:Creating prefix script '/home/uadmin/learning/learn3/learn3_ws/install/local_setup.bash'
[3.781s] INFO:colcon.colcon_core.shell:Creating prefix chain script '/home/uadmin/learning/learn3/learn3_ws/install/setup.bash'
[3.782s] INFO:colcon.colcon_core.shell:Creating prefix script '/home/uadmin/learning/learn3/learn3_ws/install/local_setup.zsh'
[3.784s] INFO:colcon.colcon_core.shell:Creating prefix chain script '/home/uadmin/learning/learn3/learn3_ws/install/setup.zsh'
