[0.081s] DEBUG:colcon:Command line arguments: ['/usr/bin/colcon', 'build']
[0.081s] DEBUG:colcon:Parsed command line arguments: Namespace(log_base=None, log_level=None, verb_name='build', build_base='build', install_base='install', merge_install=False, symlink_install=False, test_result_base=None, continue_on_error=False, executor='parallel', parallel_workers=2, event_handlers=None, ignore_user_meta=False, metas=['./colcon.meta'], base_paths=['.'], packages_ignore=None, packages_ignore_regex=None, paths=None, packages_up_to=None, packages_up_to_regex=None, packages_above=None, packages_above_and_dependencies=None, packages_above_depth=None, packages_select_by_dep=None, packages_skip_by_dep=None, packages_skip_up_to=None, packages_select_build_failed=False, packages_skip_build_finished=False, packages_select_test_failures=False, packages_skip_test_passed=False, packages_select=None, packages_skip=None, packages_select_regex=None, packages_skip_regex=None, packages_start=None, packages_end=None, allow_overriding=[], cmake_args=None, cmake_target=None, cmake_target_skip_unavailable=False, cmake_clean_cache=False, cmake_clean_first=False, cmake_force_configure=False, ament_cmake_args=None, catkin_cmake_args=None, catkin_skip_building_tests=False, verb_parser=<colcon_defaults.argument_parser.defaults.DefaultArgumentsDecorator object at 0x76fb04158040>, verb_extension=<colcon_core.verb.build.BuildVerb object at 0x76fb0411ba60>, main=<bound method BuildVerb.main of <colcon_core.verb.build.BuildVerb object at 0x76fb0411ba60>>)
[0.195s] Level 1:colcon.colcon_core.package_discovery:discover_packages(colcon_meta) check parameters
[0.195s] Level 1:colcon.colcon_core.package_discovery:discover_packages(recursive) check parameters
[0.195s] Level 1:colcon.colcon_core.package_discovery:discover_packages(ignore) check parameters
[0.195s] Level 1:colcon.colcon_core.package_discovery:discover_packages(path) check parameters
[0.195s] Level 1:colcon.colcon_core.package_discovery:discover_packages(colcon_meta) discover
[0.195s] Level 1:colcon.colcon_core.package_discovery:discover_packages(recursive) discover
[0.195s] INFO:colcon.colcon_core.package_discovery:Crawling recursively for packages in '/home/uadmin/learning/learn4/learn4_topics_ws'
[0.196s] Level 1:colcon.colcon_core.package_identification:_identify(.) by extensions ['ignore', 'ignore_ament_install']
[0.196s] Level 1:colcon.colcon_core.package_identification:_identify(.) by extension 'ignore'
[0.196s] Level 1:colcon.colcon_core.package_identification:_identify(.) by extension 'ignore_ament_install'
[0.196s] Level 1:colcon.colcon_core.package_identification:_identify(.) by extensions ['colcon_pkg']
[0.196s] Level 1:colcon.colcon_core.package_identification:_identify(.) by extension 'colcon_pkg'
[0.196s] Level 1:colcon.colcon_core.package_identification:_identify(.) by extensions ['colcon_meta']
[0.196s] Level 1:colcon.colcon_core.package_identification:_identify(.) by extension 'colcon_meta'
[0.196s] Level 1:colcon.colcon_core.package_identification:_identify(.) by extensions ['ros']
[0.196s] Level 1:colcon.colcon_core.package_identification:_identify(.) by extension 'ros'
[0.204s] Level 1:colcon.colcon_core.package_identification:_identify(.) by extensions ['cmake', 'python']
[0.204s] Level 1:colcon.colcon_core.package_identification:_identify(.) by extension 'cmake'
[0.204s] Level 1:colcon.colcon_core.package_identification:_identify(.) by extension 'python'
[0.204s] Level 1:colcon.colcon_core.package_identification:_identify(.) by extensions ['python_setup_py']
[0.204s] Level 1:colcon.colcon_core.package_identification:_identify(.) by extension 'python_setup_py'
[0.204s] Level 1:colcon.colcon_core.package_identification:_identify(build) by extensions ['ignore', 'ignore_ament_install']
[0.204s] Level 1:colcon.colcon_core.package_identification:_identify(build) by extension 'ignore'
[0.204s] Level 1:colcon.colcon_core.package_identification:_identify(build) ignored
[0.205s] Level 1:colcon.colcon_core.package_identification:_identify(install) by extensions ['ignore', 'ignore_ament_install']
[0.205s] Level 1:colcon.colcon_core.package_identification:_identify(install) by extension 'ignore'
[0.205s] Level 1:colcon.colcon_core.package_identification:_identify(install) ignored
[0.205s] Level 1:colcon.colcon_core.package_identification:_identify(log) by extensions ['ignore', 'ignore_ament_install']
[0.205s] Level 1:colcon.colcon_core.package_identification:_identify(log) by extension 'ignore'
[0.205s] Level 1:colcon.colcon_core.package_identification:_identify(log) ignored
[0.205s] Level 1:colcon.colcon_core.package_identification:_identify(src) by extensions ['ignore', 'ignore_ament_install']
[0.205s] Level 1:colcon.colcon_core.package_identification:_identify(src) by extension 'ignore'
[0.205s] Level 1:colcon.colcon_core.package_identification:_identify(src) by extension 'ignore_ament_install'
[0.205s] Level 1:colcon.colcon_core.package_identification:_identify(src) by extensions ['colcon_pkg']
[0.205s] Level 1:colcon.colcon_core.package_identification:_identify(src) by extension 'colcon_pkg'
[0.205s] Level 1:colcon.colcon_core.package_identification:_identify(src) by extensions ['colcon_meta']
[0.205s] Level 1:colcon.colcon_core.package_identification:_identify(src) by extension 'colcon_meta'
[0.205s] Level 1:colcon.colcon_core.package_identification:_identify(src) by extensions ['ros']
[0.205s] Level 1:colcon.colcon_core.package_identification:_identify(src) by extension 'ros'
[0.205s] Level 1:colcon.colcon_core.package_identification:_identify(src) by extensions ['cmake', 'python']
[0.205s] Level 1:colcon.colcon_core.package_identification:_identify(src) by extension 'cmake'
[0.205s] Level 1:colcon.colcon_core.package_identification:_identify(src) by extension 'python'
[0.205s] Level 1:colcon.colcon_core.package_identification:_identify(src) by extensions ['python_setup_py']
[0.205s] Level 1:colcon.colcon_core.package_identification:_identify(src) by extension 'python_setup_py'
[0.206s] Level 1:colcon.colcon_core.package_identification:_identify(src/status_interfaces) by extensions ['ignore', 'ignore_ament_install']
[0.206s] Level 1:colcon.colcon_core.package_identification:_identify(src/status_interfaces) by extension 'ignore'
[0.206s] Level 1:colcon.colcon_core.package_identification:_identify(src/status_interfaces) by extension 'ignore_ament_install'
[0.206s] Level 1:colcon.colcon_core.package_identification:_identify(src/status_interfaces) by extensions ['colcon_pkg']
[0.206s] Level 1:colcon.colcon_core.package_identification:_identify(src/status_interfaces) by extension 'colcon_pkg'
[0.206s] Level 1:colcon.colcon_core.package_identification:_identify(src/status_interfaces) by extensions ['colcon_meta']
[0.206s] Level 1:colcon.colcon_core.package_identification:_identify(src/status_interfaces) by extension 'colcon_meta'
[0.206s] Level 1:colcon.colcon_core.package_identification:_identify(src/status_interfaces) by extensions ['ros']
[0.206s] Level 1:colcon.colcon_core.package_identification:_identify(src/status_interfaces) by extension 'ros'
[0.208s] DEBUG:colcon.colcon_core.package_identification:Package 'src/status_interfaces' with type 'ros.ament_cmake' and name 'status_interfaces'
[0.208s] Level 1:colcon.colcon_core.package_identification:_identify(src/status_pub) by extensions ['ignore', 'ignore_ament_install']
[0.208s] Level 1:colcon.colcon_core.package_identification:_identify(src/status_pub) by extension 'ignore'
[0.208s] Level 1:colcon.colcon_core.package_identification:_identify(src/status_pub) by extension 'ignore_ament_install'
[0.208s] Level 1:colcon.colcon_core.package_identification:_identify(src/status_pub) by extensions ['colcon_pkg']
[0.208s] Level 1:colcon.colcon_core.package_identification:_identify(src/status_pub) by extension 'colcon_pkg'
[0.208s] Level 1:colcon.colcon_core.package_identification:_identify(src/status_pub) by extensions ['colcon_meta']
[0.208s] Level 1:colcon.colcon_core.package_identification:_identify(src/status_pub) by extension 'colcon_meta'
[0.208s] Level 1:colcon.colcon_core.package_identification:_identify(src/status_pub) by extensions ['ros']
[0.208s] Level 1:colcon.colcon_core.package_identification:_identify(src/status_pub) by extension 'ros'
[0.208s] DEBUG:colcon.colcon_core.package_identification:Package 'src/status_pub' with type 'ros.ament_python' and name 'status_pub'
[0.209s] Level 1:colcon.colcon_core.package_discovery:discover_packages(recursive) using defaults
[0.209s] Level 1:colcon.colcon_core.package_discovery:discover_packages(ignore) discover
[0.209s] Level 1:colcon.colcon_core.package_discovery:discover_packages(ignore) using defaults
[0.209s] Level 1:colcon.colcon_core.package_discovery:discover_packages(path) discover
[0.209s] Level 1:colcon.colcon_core.package_discovery:discover_packages(path) using defaults
[0.223s] Level 1:colcon.colcon_core.package_discovery:discover_packages(prefix_path) check parameters
[0.223s] Level 1:colcon.colcon_core.package_discovery:discover_packages(prefix_path) discover
[0.224s] WARNING:colcon.colcon_core.prefix_path.colcon:The path '/home/uadmin/learning/learn4/learn4_topic_ws/install' in the environment variable COLCON_PREFIX_PATH doesn't exist
[0.224s] WARNING:colcon.colcon_ros.prefix_path.ament:The path '/home/uadmin/learning/learn4/learn4_topic_ws/install/status_publisher_py' in the environment variable AMENT_PREFIX_PATH doesn't exist
[0.224s] WARNING:colcon.colcon_ros.prefix_path.ament:The path '/home/uadmin/learning/learn4/learn4_topic_ws/install/status_interfaces' in the environment variable AMENT_PREFIX_PATH doesn't exist
[0.224s] WARNING:colcon.colcon_ros.prefix_path.catkin:The path '/home/uadmin/learning/learn4/learn4_topic_ws/install/status_interfaces' in the environment variable CMAKE_PREFIX_PATH doesn't exist
[0.225s] DEBUG:colcon.colcon_installed_package_information.package_discovery:Found 2 installed packages in /home/uadmin/learning/learn4/learn4_topics_ws/install
[0.226s] DEBUG:colcon.colcon_installed_package_information.package_discovery:Found 310 installed packages in /opt/ros/humble
[0.235s] Level 1:colcon.colcon_core.package_discovery:discover_packages(prefix_path) using defaults
[0.264s] Level 5:colcon.colcon_core.verb:set package 'status_interfaces' build argument 'cmake_args' from command line to 'None'
[0.264s] Level 5:colcon.colcon_core.verb:set package 'status_interfaces' build argument 'cmake_target' from command line to 'None'
[0.264s] Level 5:colcon.colcon_core.verb:set package 'status_interfaces' build argument 'cmake_target_skip_unavailable' from command line to 'False'
[0.264s] Level 5:colcon.colcon_core.verb:set package 'status_interfaces' build argument 'cmake_clean_cache' from command line to 'False'
[0.264s] Level 5:colcon.colcon_core.verb:set package 'status_interfaces' build argument 'cmake_clean_first' from command line to 'False'
[0.264s] Level 5:colcon.colcon_core.verb:set package 'status_interfaces' build argument 'cmake_force_configure' from command line to 'False'
[0.264s] Level 5:colcon.colcon_core.verb:set package 'status_interfaces' build argument 'ament_cmake_args' from command line to 'None'
[0.264s] Level 5:colcon.colcon_core.verb:set package 'status_interfaces' build argument 'catkin_cmake_args' from command line to 'None'
[0.264s] Level 5:colcon.colcon_core.verb:set package 'status_interfaces' build argument 'catkin_skip_building_tests' from command line to 'False'
[0.264s] DEBUG:colcon.colcon_core.verb:Building package 'status_interfaces' with the following arguments: {'ament_cmake_args': None, 'build_base': '/home/uadmin/learning/learn4/learn4_topics_ws/build/status_interfaces', 'catkin_cmake_args': None, 'catkin_skip_building_tests': False, 'cmake_args': None, 'cmake_clean_cache': False, 'cmake_clean_first': False, 'cmake_force_configure': False, 'cmake_target': None, 'cmake_target_skip_unavailable': False, 'install_base': '/home/uadmin/learning/learn4/learn4_topics_ws/install/status_interfaces', 'merge_install': False, 'path': '/home/uadmin/learning/learn4/learn4_topics_ws/src/status_interfaces', 'symlink_install': False, 'test_result_base': None}
[0.264s] Level 5:colcon.colcon_core.verb:set package 'status_pub' build argument 'cmake_args' from command line to 'None'
[0.264s] Level 5:colcon.colcon_core.verb:set package 'status_pub' build argument 'cmake_target' from command line to 'None'
[0.264s] Level 5:colcon.colcon_core.verb:set package 'status_pub' build argument 'cmake_target_skip_unavailable' from command line to 'False'
[0.264s] Level 5:colcon.colcon_core.verb:set package 'status_pub' build argument 'cmake_clean_cache' from command line to 'False'
[0.265s] Level 5:colcon.colcon_core.verb:set package 'status_pub' build argument 'cmake_clean_first' from command line to 'False'
[0.265s] Level 5:colcon.colcon_core.verb:set package 'status_pub' build argument 'cmake_force_configure' from command line to 'False'
[0.265s] Level 5:colcon.colcon_core.verb:set package 'status_pub' build argument 'ament_cmake_args' from command line to 'None'
[0.265s] Level 5:colcon.colcon_core.verb:set package 'status_pub' build argument 'catkin_cmake_args' from command line to 'None'
[0.265s] Level 5:colcon.colcon_core.verb:set package 'status_pub' build argument 'catkin_skip_building_tests' from command line to 'False'
[0.265s] DEBUG:colcon.colcon_core.verb:Building package 'status_pub' with the following arguments: {'ament_cmake_args': None, 'build_base': '/home/uadmin/learning/learn4/learn4_topics_ws/build/status_pub', 'catkin_cmake_args': None, 'catkin_skip_building_tests': False, 'cmake_args': None, 'cmake_clean_cache': False, 'cmake_clean_first': False, 'cmake_force_configure': False, 'cmake_target': None, 'cmake_target_skip_unavailable': False, 'install_base': '/home/uadmin/learning/learn4/learn4_topics_ws/install/status_pub', 'merge_install': False, 'path': '/home/uadmin/learning/learn4/learn4_topics_ws/src/status_pub', 'symlink_install': False, 'test_result_base': None}
[0.265s] INFO:colcon.colcon_core.executor:Executing jobs using 'parallel' executor
[0.266s] DEBUG:colcon.colcon_parallel_executor.executor.parallel:run_until_complete
[0.266s] INFO:colcon.colcon_ros.task.ament_cmake.build:Building ROS package in '/home/uadmin/learning/learn4/learn4_topics_ws/src/status_interfaces' with build type 'ament_cmake'
[0.266s] INFO:colcon.colcon_cmake.task.cmake.build:Building CMake package in '/home/uadmin/learning/learn4/learn4_topics_ws/src/status_interfaces'
[0.268s] INFO:colcon.colcon_core.plugin_system:Skipping extension 'colcon_core.shell.bat': Not used on non-Windows systems
[0.268s] INFO:colcon.colcon_core.shell:Skip shell extension 'powershell' for command environment: Not usable outside of PowerShell
[0.268s] DEBUG:colcon.colcon_core.shell:Skip shell extension 'dsv' for command environment
[0.274s] INFO:colcon.colcon_ros.task.ament_python.build:Building ROS package in '/home/uadmin/learning/learn4/learn4_topics_ws/src/status_pub' with build type 'ament_python'
[0.274s] Level 1:colcon.colcon_core.shell:create_environment_hook('status_pub', 'ament_prefix_path')
[0.274s] INFO:colcon.colcon_core.shell:Creating environment hook '/home/uadmin/learning/learn4/learn4_topics_ws/install/status_pub/share/status_pub/hook/ament_prefix_path.ps1'
[0.275s] INFO:colcon.colcon_core.shell:Creating environment descriptor '/home/uadmin/learning/learn4/learn4_topics_ws/install/status_pub/share/status_pub/hook/ament_prefix_path.dsv'
[0.276s] INFO:colcon.colcon_core.shell:Creating environment hook '/home/uadmin/learning/learn4/learn4_topics_ws/install/status_pub/share/status_pub/hook/ament_prefix_path.sh'
[0.277s] INFO:colcon.colcon_core.shell:Skip shell extension 'powershell' for command environment: Not usable outside of PowerShell
[0.277s] DEBUG:colcon.colcon_core.shell:Skip shell extension 'dsv' for command environment
[0.285s] DEBUG:colcon.colcon_core.event_handler.log_command:Invoking command in '/home/uadmin/learning/learn4/learn4_topics_ws/build/status_interfaces': CMAKE_PREFIX_PATH=${CMAKE_PREFIX_PATH}:/home/uadmin/learning/learn4/learn4_topics_ws/install/status_pub:/home/uadmin/learning/learn4/learn4_topic_ws/install/status_publisher_py:/opt/ros/humble /usr/bin/cmake --build /home/uadmin/learning/learn4/learn4_topics_ws/build/status_interfaces -- -j2 -l2
[0.613s] INFO:colcon.colcon_core.task.python.build:Building Python package in '/home/uadmin/learning/learn4/learn4_topics_ws/src/status_pub'
[0.613s] INFO:colcon.colcon_core.shell:Skip shell extension 'powershell' for command environment: Not usable outside of PowerShell
[0.613s] DEBUG:colcon.colcon_core.shell:Skip shell extension 'dsv' for command environment
[0.908s] DEBUG:colcon.colcon_core.event_handler.log_command:Invoked command in '/home/uadmin/learning/learn4/learn4_topics_ws/build/status_interfaces' returned '0': CMAKE_PREFIX_PATH=${CMAKE_PREFIX_PATH}:/home/uadmin/learning/learn4/learn4_topics_ws/install/status_pub:/home/uadmin/learning/learn4/learn4_topic_ws/install/status_publisher_py:/opt/ros/humble /usr/bin/cmake --build /home/uadmin/learning/learn4/learn4_topics_ws/build/status_interfaces -- -j2 -l2
[0.920s] DEBUG:colcon.colcon_core.event_handler.log_command:Invoking command in '/home/uadmin/learning/learn4/learn4_topics_ws/build/status_interfaces': CMAKE_PREFIX_PATH=${CMAKE_PREFIX_PATH}:/home/uadmin/learning/learn4/learn4_topics_ws/install/status_pub:/home/uadmin/learning/learn4/learn4_topic_ws/install/status_publisher_py:/opt/ros/humble /usr/bin/cmake --install /home/uadmin/learning/learn4/learn4_topics_ws/build/status_interfaces
[1.015s] Level 1:colcon.colcon_core.environment:create_environment_scripts_only(status_interfaces)
[1.015s] DEBUG:colcon.colcon_core.event_handler.log_command:Invoked command in '/home/uadmin/learning/learn4/learn4_topics_ws/build/status_interfaces' returned '0': CMAKE_PREFIX_PATH=${CMAKE_PREFIX_PATH}:/home/uadmin/learning/learn4/learn4_topics_ws/install/status_pub:/home/uadmin/learning/learn4/learn4_topic_ws/install/status_publisher_py:/opt/ros/humble /usr/bin/cmake --install /home/uadmin/learning/learn4/learn4_topics_ws/build/status_interfaces
[1.019s] Level 1:colcon.colcon_core.environment:checking '/home/uadmin/learning/learn4/learn4_topics_ws/install/status_interfaces' for CMake module files
[1.020s] Level 1:colcon.colcon_core.environment:checking '/home/uadmin/learning/learn4/learn4_topics_ws/install/status_interfaces' for CMake config files
[1.020s] Level 1:colcon.colcon_core.shell:create_environment_hook('status_interfaces', 'cmake_prefix_path')
[1.021s] INFO:colcon.colcon_core.shell:Creating environment hook '/home/uadmin/learning/learn4/learn4_topics_ws/install/status_interfaces/share/status_interfaces/hook/cmake_prefix_path.ps1'
[1.025s] INFO:colcon.colcon_core.shell:Creating environment descriptor '/home/uadmin/learning/learn4/learn4_topics_ws/install/status_interfaces/share/status_interfaces/hook/cmake_prefix_path.dsv'
[1.025s] INFO:colcon.colcon_core.shell:Creating environment hook '/home/uadmin/learning/learn4/learn4_topics_ws/install/status_interfaces/share/status_interfaces/hook/cmake_prefix_path.sh'
[1.026s] Level 1:colcon.colcon_core.environment:checking '/home/uadmin/learning/learn4/learn4_topics_ws/install/status_interfaces/lib'
[1.026s] Level 1:colcon.colcon_core.shell:create_environment_hook('status_interfaces', 'ld_library_path_lib')
[1.027s] INFO:colcon.colcon_core.shell:Creating environment hook '/home/uadmin/learning/learn4/learn4_topics_ws/install/status_interfaces/share/status_interfaces/hook/ld_library_path_lib.ps1'
[1.028s] INFO:colcon.colcon_core.shell:Creating environment descriptor '/home/uadmin/learning/learn4/learn4_topics_ws/install/status_interfaces/share/status_interfaces/hook/ld_library_path_lib.dsv'
[1.030s] INFO:colcon.colcon_core.shell:Creating environment hook '/home/uadmin/learning/learn4/learn4_topics_ws/install/status_interfaces/share/status_interfaces/hook/ld_library_path_lib.sh'
[1.030s] Level 1:colcon.colcon_core.environment:checking '/home/uadmin/learning/learn4/learn4_topics_ws/install/status_interfaces/bin'
[1.030s] Level 1:colcon.colcon_core.environment:checking '/home/uadmin/learning/learn4/learn4_topics_ws/install/status_interfaces/lib/pkgconfig/status_interfaces.pc'
[1.030s] Level 1:colcon.colcon_core.environment:checking '/home/uadmin/learning/learn4/learn4_topics_ws/install/status_interfaces/lib/python3.10/site-packages'
[1.031s] Level 1:colcon.colcon_core.environment:checking '/home/uadmin/learning/learn4/learn4_topics_ws/install/status_interfaces/bin'
[1.032s] INFO:colcon.colcon_core.shell:Creating package script '/home/uadmin/learning/learn4/learn4_topics_ws/install/status_interfaces/share/status_interfaces/package.ps1'
[1.034s] INFO:colcon.colcon_core.shell:Creating package descriptor '/home/uadmin/learning/learn4/learn4_topics_ws/install/status_interfaces/share/status_interfaces/package.dsv'
[1.035s] INFO:colcon.colcon_core.shell:Creating package script '/home/uadmin/learning/learn4/learn4_topics_ws/install/status_interfaces/share/status_interfaces/package.sh'
[1.036s] INFO:colcon.colcon_core.shell:Creating package script '/home/uadmin/learning/learn4/learn4_topics_ws/install/status_interfaces/share/status_interfaces/package.bash'
[1.036s] INFO:colcon.colcon_core.shell:Creating package script '/home/uadmin/learning/learn4/learn4_topics_ws/install/status_interfaces/share/status_interfaces/package.zsh'
[1.037s] Level 1:colcon.colcon_core.environment:create_file_with_runtime_dependencies(/home/uadmin/learning/learn4/learn4_topics_ws/install/status_interfaces/share/colcon-core/packages/status_interfaces)
[1.038s] Level 1:colcon.colcon_core.environment:create_environment_scripts_only(status_interfaces)
[1.038s] Level 1:colcon.colcon_core.environment:checking '/home/uadmin/learning/learn4/learn4_topics_ws/install/status_interfaces' for CMake module files
[1.039s] Level 1:colcon.colcon_core.environment:checking '/home/uadmin/learning/learn4/learn4_topics_ws/install/status_interfaces' for CMake config files
[1.039s] Level 1:colcon.colcon_core.shell:create_environment_hook('status_interfaces', 'cmake_prefix_path')
[1.039s] INFO:colcon.colcon_core.shell:Creating environment hook '/home/uadmin/learning/learn4/learn4_topics_ws/install/status_interfaces/share/status_interfaces/hook/cmake_prefix_path.ps1'
[1.039s] INFO:colcon.colcon_core.shell:Creating environment descriptor '/home/uadmin/learning/learn4/learn4_topics_ws/install/status_interfaces/share/status_interfaces/hook/cmake_prefix_path.dsv'
[1.040s] INFO:colcon.colcon_core.shell:Creating environment hook '/home/uadmin/learning/learn4/learn4_topics_ws/install/status_interfaces/share/status_interfaces/hook/cmake_prefix_path.sh'
[1.040s] Level 1:colcon.colcon_core.environment:checking '/home/uadmin/learning/learn4/learn4_topics_ws/install/status_interfaces/lib'
[1.040s] Level 1:colcon.colcon_core.shell:create_environment_hook('status_interfaces', 'ld_library_path_lib')
[1.041s] INFO:colcon.colcon_core.shell:Creating environment hook '/home/uadmin/learning/learn4/learn4_topics_ws/install/status_interfaces/share/status_interfaces/hook/ld_library_path_lib.ps1'
[1.041s] INFO:colcon.colcon_core.shell:Creating environment descriptor '/home/uadmin/learning/learn4/learn4_topics_ws/install/status_interfaces/share/status_interfaces/hook/ld_library_path_lib.dsv'
[1.041s] INFO:colcon.colcon_core.shell:Creating environment hook '/home/uadmin/learning/learn4/learn4_topics_ws/install/status_interfaces/share/status_interfaces/hook/ld_library_path_lib.sh'
[1.041s] Level 1:colcon.colcon_core.environment:checking '/home/uadmin/learning/learn4/learn4_topics_ws/install/status_interfaces/bin'
[1.042s] Level 1:colcon.colcon_core.environment:checking '/home/uadmin/learning/learn4/learn4_topics_ws/install/status_interfaces/lib/pkgconfig/status_interfaces.pc'
[1.042s] Level 1:colcon.colcon_core.environment:checking '/home/uadmin/learning/learn4/learn4_topics_ws/install/status_interfaces/lib/python3.10/site-packages'
[1.042s] Level 1:colcon.colcon_core.environment:checking '/home/uadmin/learning/learn4/learn4_topics_ws/install/status_interfaces/bin'
[1.042s] INFO:colcon.colcon_core.shell:Creating package script '/home/uadmin/learning/learn4/learn4_topics_ws/install/status_interfaces/share/status_interfaces/package.ps1'
[1.043s] INFO:colcon.colcon_core.shell:Creating package descriptor '/home/uadmin/learning/learn4/learn4_topics_ws/install/status_interfaces/share/status_interfaces/package.dsv'
[1.043s] INFO:colcon.colcon_core.shell:Creating package script '/home/uadmin/learning/learn4/learn4_topics_ws/install/status_interfaces/share/status_interfaces/package.sh'
[1.043s] INFO:colcon.colcon_core.shell:Creating package script '/home/uadmin/learning/learn4/learn4_topics_ws/install/status_interfaces/share/status_interfaces/package.bash'
[1.044s] INFO:colcon.colcon_core.shell:Creating package script '/home/uadmin/learning/learn4/learn4_topics_ws/install/status_interfaces/share/status_interfaces/package.zsh'
[1.044s] Level 1:colcon.colcon_core.environment:create_file_with_runtime_dependencies(/home/uadmin/learning/learn4/learn4_topics_ws/install/status_interfaces/share/colcon-core/packages/status_interfaces)
[1.047s] DEBUG:colcon.colcon_core.event_handler.log_command:Invoking command in '/home/uadmin/learning/learn4/learn4_topics_ws/src/status_pub': PYTHONPATH=/home/uadmin/learning/learn4/learn4_topics_ws/build/status_pub/prefix_override:/usr/lib/python3/dist-packages/colcon_core/task/python/colcon_distutils_commands:/home/uadmin/learning/learn4/learn4_topics_ws/install/status_pub/lib/python3.10/site-packages:${PYTHONPATH} /usr/bin/python3 -W ignore:setup.py install is deprecated -W ignore:easy_install command is deprecated setup.py egg_info --egg-base ../../build/status_pub build --build-base /home/uadmin/learning/learn4/learn4_topics_ws/build/status_pub/build install --record /home/uadmin/learning/learn4/learn4_topics_ws/build/status_pub/install.log --single-version-externally-managed install_data
[1.300s] Level 1:colcon.colcon_core.environment:checking '/home/uadmin/learning/learn4/learn4_topics_ws/install/status_pub' for CMake module files
[1.300s] DEBUG:colcon.colcon_core.event_handler.log_command:Invoked command in '/home/uadmin/learning/learn4/learn4_topics_ws/src/status_pub' returned '0': PYTHONPATH=/home/uadmin/learning/learn4/learn4_topics_ws/build/status_pub/prefix_override:/usr/lib/python3/dist-packages/colcon_core/task/python/colcon_distutils_commands:/home/uadmin/learning/learn4/learn4_topics_ws/install/status_pub/lib/python3.10/site-packages:${PYTHONPATH} /usr/bin/python3 -W ignore:setup.py install is deprecated -W ignore:easy_install command is deprecated setup.py egg_info --egg-base ../../build/status_pub build --build-base /home/uadmin/learning/learn4/learn4_topics_ws/build/status_pub/build install --record /home/uadmin/learning/learn4/learn4_topics_ws/build/status_pub/install.log --single-version-externally-managed install_data
[1.300s] Level 1:colcon.colcon_core.environment:checking '/home/uadmin/learning/learn4/learn4_topics_ws/install/status_pub' for CMake config files
[1.301s] Level 1:colcon.colcon_core.environment:checking '/home/uadmin/learning/learn4/learn4_topics_ws/install/status_pub/lib'
[1.301s] Level 1:colcon.colcon_core.environment:checking '/home/uadmin/learning/learn4/learn4_topics_ws/install/status_pub/bin'
[1.301s] Level 1:colcon.colcon_core.environment:checking '/home/uadmin/learning/learn4/learn4_topics_ws/install/status_pub/lib/pkgconfig/status_pub.pc'
[1.301s] Level 1:colcon.colcon_core.environment:checking '/home/uadmin/learning/learn4/learn4_topics_ws/install/status_pub/lib/python3.10/site-packages'
[1.301s] Level 1:colcon.colcon_core.shell:create_environment_hook('status_pub', 'pythonpath')
[1.301s] INFO:colcon.colcon_core.shell:Creating environment hook '/home/uadmin/learning/learn4/learn4_topics_ws/install/status_pub/share/status_pub/hook/pythonpath.ps1'
[1.303s] INFO:colcon.colcon_core.shell:Creating environment descriptor '/home/uadmin/learning/learn4/learn4_topics_ws/install/status_pub/share/status_pub/hook/pythonpath.dsv'
[1.303s] INFO:colcon.colcon_core.shell:Creating environment hook '/home/uadmin/learning/learn4/learn4_topics_ws/install/status_pub/share/status_pub/hook/pythonpath.sh'
[1.304s] Level 1:colcon.colcon_core.environment:checking '/home/uadmin/learning/learn4/learn4_topics_ws/install/status_pub/bin'
[1.304s] Level 1:colcon.colcon_core.environment:create_environment_scripts_only(status_pub)
[1.304s] INFO:colcon.colcon_core.shell:Creating package script '/home/uadmin/learning/learn4/learn4_topics_ws/install/status_pub/share/status_pub/package.ps1'
[1.305s] INFO:colcon.colcon_core.shell:Creating package descriptor '/home/uadmin/learning/learn4/learn4_topics_ws/install/status_pub/share/status_pub/package.dsv'
[1.305s] INFO:colcon.colcon_core.shell:Creating package script '/home/uadmin/learning/learn4/learn4_topics_ws/install/status_pub/share/status_pub/package.sh'
[1.306s] INFO:colcon.colcon_core.shell:Creating package script '/home/uadmin/learning/learn4/learn4_topics_ws/install/status_pub/share/status_pub/package.bash'
[1.307s] INFO:colcon.colcon_core.shell:Creating package script '/home/uadmin/learning/learn4/learn4_topics_ws/install/status_pub/share/status_pub/package.zsh'
[1.307s] Level 1:colcon.colcon_core.environment:create_file_with_runtime_dependencies(/home/uadmin/learning/learn4/learn4_topics_ws/install/status_pub/share/colcon-core/packages/status_pub)
[1.307s] DEBUG:colcon.colcon_parallel_executor.executor.parallel:closing loop
[1.308s] DEBUG:colcon.colcon_parallel_executor.executor.parallel:loop closed
[1.308s] DEBUG:colcon.colcon_parallel_executor.executor.parallel:run_until_complete finished with '0'
[1.308s] DEBUG:colcon.colcon_core.event_reactor:joining thread
[1.313s] INFO:colcon.colcon_core.plugin_system:Skipping extension 'colcon_notification.desktop_notification.terminal_notifier': Not used on non-Darwin systems
[1.313s] INFO:colcon.colcon_core.plugin_system:Skipping extension 'colcon_notification.desktop_notification.win32': Not used on non-Windows systems
[1.313s] INFO:colcon.colcon_notification.desktop_notification:Sending desktop notification using 'notify2'
[1.327s] DEBUG:colcon.colcon_core.event_reactor:joined thread
[1.327s] INFO:colcon.colcon_core.shell:Creating prefix script '/home/uadmin/learning/learn4/learn4_topics_ws/install/local_setup.ps1'
[1.328s] INFO:colcon.colcon_core.shell:Creating prefix util module '/home/uadmin/learning/learn4/learn4_topics_ws/install/_local_setup_util_ps1.py'
[1.329s] INFO:colcon.colcon_core.shell:Creating prefix chain script '/home/uadmin/learning/learn4/learn4_topics_ws/install/setup.ps1'
[1.330s] INFO:colcon.colcon_core.shell:Creating prefix script '/home/uadmin/learning/learn4/learn4_topics_ws/install/local_setup.sh'
[1.331s] INFO:colcon.colcon_core.shell:Creating prefix util module '/home/uadmin/learning/learn4/learn4_topics_ws/install/_local_setup_util_sh.py'
[1.331s] INFO:colcon.colcon_core.shell:Creating prefix chain script '/home/uadmin/learning/learn4/learn4_topics_ws/install/setup.sh'
[1.332s] INFO:colcon.colcon_core.shell:Creating prefix script '/home/uadmin/learning/learn4/learn4_topics_ws/install/local_setup.bash'
[1.335s] INFO:colcon.colcon_core.shell:Creating prefix chain script '/home/uadmin/learning/learn4/learn4_topics_ws/install/setup.bash'
[1.336s] INFO:colcon.colcon_core.shell:Creating prefix script '/home/uadmin/learning/learn4/learn4_topics_ws/install/local_setup.zsh'
[1.336s] INFO:colcon.colcon_core.shell:Creating prefix chain script '/home/uadmin/learning/learn4/learn4_topics_ws/install/setup.zsh'
